
PLAY [do the final incremental backup on hrmaxpd2006.emea.hays.loc] ************

PLAY [do the  metadata export on hrmaxpd2006.emea.hays.loc] ********************

PLAY [do the  grants export on hrmaxpd2006.emea.hays.loc] **********************

PLAY [transfer the final incremental backups to the /mnt/foaexaukl1pdfss01/xtts_backup/version1/IEOAPD_xtts_scratch] ***

PLAY [transfer the full meta dumps to the /mnt/foaexaukl1pdfss01/xtts_backup/version1/IEOAPD_dump] ***

PLAY [do the final incremental restore on foaukl1pddb-4kxck1.otchukl1pdexcl.otchukl1pdvcn01.oraclevcn.com] ***

PLAY [find the datafiles on ASM on foaukl1pddb-4kxck1.otchukl1pdexcl.otchukl1pdvcn01.oraclevcn.com] ***

PLAY [do the metadata import on foaukl1pddb-4kxck1.otchukl1pdexcl.otchukl1pdvcn01.oraclevcn.com] ***

PLAY [do the grants import on foaukl1pddb-4kxck1.otchukl1pdexcl.otchukl1pdvcn01.oraclevcn.com] ***

PLAY [do the post migration check on foaukl1pddb-4kxck1.otchukl1pdexcl.otchukl1pdvcn01.oraclevcn.com] ***

TASK [post_mig_check : Execute DBMS_STATS.gather_database_stats with SKEWONLY _raw_params=. /home/oracle/{{ target_db }}.env
echo -e "SET TIME ON TIMING ON\n EXEC DBMS_STATS.gather_database_stats( method_opt => 'FOR ALL COLUMNS SIZE SKEWONLY',estimate_percent => DBMS_STATS.AUTO_SAMPLE_SIZE,cascade=>TRUE,degree => 8);" | {{ target_oracle_home }}/bin/sqlplus -s {{ target_conn_str }} as sysdba
] ***
changed: [10.100.36.15]

TASK [post_mig_check : Wait for DBMS_STATS.gather_database_stats with SKEWONLY to finish jid={{ gather_skewonly_stats_job.ansible_job_id }}] ***
FAILED - RETRYING: Wait for DBMS_STATS.gather_database_stats with SKEWONLY to finish (20160 retries left).
FAILED - RETRYING: Wait for DBMS_STATS.gather_database_stats with SKEWONLY to finish (20159 retries left).
FAILED - RETRYING: Wait for DBMS_STATS.gather_database_stats with SKEWONLY to finish (20158 retries left).
FAILED - RETRYING: Wait for DBMS_STATS.gather_database_stats with SKEWONLY to finish (20157 retries left).
FAILED - RETRYING: Wait for DBMS_STATS.gather_database_stats with SKEWONLY to finish (20156 retries left).
FAILED - RETRYING: Wait for DBMS_STATS.gather_database_stats with SKEWONLY to finish (20155 retries left).
FAILED - RETRYING: Wait for DBMS_STATS.gather_database_stats with SKEWONLY to finish (20154 retries left).
FAILED - RETRYING: Wait for DBMS_STATS.gather_database_stats with SKEWONLY to finish (20153 retries left).
FAILED - RETRYING: Wait for DBMS_STATS.gather_database_stats with SKEWONLY to finish (20152 retries left).
FAILED - RETRYING: Wait for DBMS_STATS.gather_database_stats with SKEWONLY to finish (20151 retries left).
FAILED - RETRYING: Wait for DBMS_STATS.gather_database_stats with SKEWONLY to finish (20150 retries left).
FAILED - RETRYING: Wait for DBMS_STATS.gather_database_stats with SKEWONLY to finish (20149 retries left).
changed: [10.100.36.15]

TASK [post_mig_check : Display gather_database_stats with SKEWONLY result msg={{ gather_skewonly_stats_result.stdout_lines }}] ***
ok: [10.100.36.15] => {
    "msg": [
        "",
        "PL/SQL procedure successfully completed.",
        "",
        "Elapsed: 00:05:45.61"
    ]
}

TASK [post_mig_check : Execute DBMS_STATS.gather_dictionary_stats _raw_params=. /home/oracle/{{ target_db }}.env
echo -e "SET TIME ON TIMING ON\n EXEC DBMS_STATS.gather_dictionary_stats;" | {{ target_oracle_home }}/bin/sqlplus -s {{ target_conn_str }} as sysdba
] ***
changed: [10.100.36.15]

TASK [post_mig_check : Wait for DBMS_STATS.gather_dictionary_stats to finish jid={{ gather_dictionary_stats_job.ansible_job_id }}] ***
FAILED - RETRYING: Wait for DBMS_STATS.gather_dictionary_stats to finish (20160 retries left).
changed: [10.100.36.15]

TASK [post_mig_check : Display gather_dictionary_stats result msg={{ gather_dictionary_stats_result.stdout_lines }}] ***
ok: [10.100.36.15] => {
    "msg": [
        "",
        "PL/SQL procedure successfully completed.",
        "",
        "Elapsed: 00:00:12.42"
    ]
}

TASK [post_mig_check : Execute DBMS_STATS.gather_system_stats _raw_params=. /home/oracle/{{ target_db }}.env
echo -e "SET TIME ON TIMING ON\n EXEC DBMS_STATS.gather_system_stats;" | {{ target_oracle_home }}/bin/sqlplus -s {{ target_conn_str }} as sysdba
] ***
changed: [10.100.36.15]

TASK [post_mig_check : Wait for DBMS_STATS.gather_system_stats to finish jid={{ gather_system_stats_job.ansible_job_id }}] ***
FAILED - RETRYING: Wait for DBMS_STATS.gather_system_stats to finish (20160 retries left).
FAILED - RETRYING: Wait for DBMS_STATS.gather_system_stats to finish (20159 retries left).
changed: [10.100.36.15]

TASK [post_mig_check : Display gather_system_stats result msg={{ gather_system_stats_result.stdout_lines }}] ***
ok: [10.100.36.15] => {
    "msg": [
        "",
        "PL/SQL procedure successfully completed.",
        "",
        "Elapsed: 00:00:43.05"
    ]
}

TASK [post_mig_check : Execute DBMS_STATS.gather_fixed_objects_stats _raw_params=. /home/oracle/{{ target_db }}.env
echo -e "SET TIME ON TIMING ON\n EXEC DBMS_STATS.gather_fixed_objects_stats;" | {{ target_oracle_home }}/bin/sqlplus -s {{ target_conn_str }} as sysdba
] ***
changed: [10.100.36.15]

TASK [post_mig_check : Wait for DBMS_STATS.gather_fixed_objects_stats to finish jid={{ gather_fixed_objects_stats_job.ansible_job_id }}] ***
FAILED - RETRYING: Wait for DBMS_STATS.gather_fixed_objects_stats to finish (20160 retries left).
FAILED - RETRYING: Wait for DBMS_STATS.gather_fixed_objects_stats to finish (20159 retries left).
FAILED - RETRYING: Wait for DBMS_STATS.gather_fixed_objects_stats to finish (20158 retries left).
FAILED - RETRYING: Wait for DBMS_STATS.gather_fixed_objects_stats to finish (20157 retries left).
changed: [10.100.36.15]

TASK [post_mig_check : Display gather_fixed_objects_stats result msg={{ gather_fixed_objects_stats_result.stdout_lines }}] ***
ok: [10.100.36.15] => {
    "msg": [
        "",
        "PL/SQL procedure successfully completed.",
        "",
        "Elapsed: 00:01:56.87"
    ]
}

TASK [post_mig_check : Execute DBMS_STATS.gather_database_stats with AUTO _raw_params=. /home/oracle/{{ target_db }}.env
echo -e "SET TIME ON TIMING ON\n EXEC DBMS_STATS.gather_database_stats( method_opt => 'FOR ALL COLUMNS SIZE AUTO',estimate_percent => DBMS_STATS.AUTO_SAMPLE_SIZE,cascade=>TRUE,degree => 8);" | {{ target_oracle_home }}/bin/sqlplus -s {{ target_conn_str }} as sysdba
] ***
changed: [10.100.36.15]

TASK [post_mig_check : Wait for DBMS_STATS.gather_database_stats with AUTO to finish jid={{ gather_auto_stats_job.ansible_job_id }}] ***
FAILED - RETRYING: Wait for DBMS_STATS.gather_database_stats with AUTO to finish (20160 retries left).
FAILED - RETRYING: Wait for DBMS_STATS.gather_database_stats with AUTO to finish (20159 retries left).
FAILED - RETRYING: Wait for DBMS_STATS.gather_database_stats with AUTO to finish (20158 retries left).
FAILED - RETRYING: Wait for DBMS_STATS.gather_database_stats with AUTO to finish (20157 retries left).
FAILED - RETRYING: Wait for DBMS_STATS.gather_database_stats with AUTO to finish (20156 retries left).
FAILED - RETRYING: Wait for DBMS_STATS.gather_database_stats with AUTO to finish (20155 retries left).
FAILED - RETRYING: Wait for DBMS_STATS.gather_database_stats with AUTO to finish (20154 retries left).
FAILED - RETRYING: Wait for DBMS_STATS.gather_database_stats with AUTO to finish (20153 retries left).
changed: [10.100.36.15]

TASK [post_mig_check : Display gather_database_stats with AUTO result msg={{ gather_auto_stats_result.stdout_lines }}] ***
ok: [10.100.36.15] => {
    "msg": [
        "",
        "PL/SQL procedure successfully completed.",
        "",
        "Elapsed: 00:03:53.67"
    ]
}

PLAY RECAP *********************************************************************
10.100.36.15               : ok=15   changed=10   unreachable=0    failed=0    skipped=0    rescued=0    ignored=0   

Playbook run took 0 days, 0 hours, 14 minutes, 17 seconds
