nohup: ignoring input

PLAY [do the final incremental backup on hrraxdv2028.emea.hays.loc] ************

PLAY [do the  metadata export on hrraxdv2028.emea.hays.loc] ********************

PLAY [do the  grants export on hrraxdv2028.emea.hays.loc] **********************

PLAY [transfer the final incremental backups to the /mnt/otchukl1npfss01/xtts_backup/version1/USPP_xtts_scratch] ***

PLAY [transfer the full meta dumps to the /mnt/otchukl1npfss01/xtts_backup/version1/USPP_dump] ***

TASK [Gathering Facts gather_subset=['all'], gather_timeout=10] ****************
Friday 06 December 2024  11:12:01 +0000 (0:00:00.081)       0:00:00.081 ******* 
[WARNING]: Using world-readable permissions for temporary files Ansible needs
to create when becoming an unprivileged user. This may be insecure. For
information on securing this, see
https://docs.ansible.com/ansible/become.html#becoming-an-unprivileged-user
[WARNING]: Platform aix on host 10.53.64.8 is using the discovered Python
interpreter at /usr/bin/python, but future installation of another Python
interpreter could change this. See https://docs.ansible.com/ansible/2.9/referen
ce_appendices/interpreter_discovery.html for more information.
ok: [10.53.64.8]

TASK [dump_transfer : Rsync source_datapump directory to the target datapump_directory _raw_params=rsync -rvzh --partial --progress --append {{ source_dp_dir }}/ {{ dest_user }}@{{ target_ip_address }}:{{ target_dp_dir }}/] ***
Friday 06 December 2024  11:12:21 +0000 (0:00:20.122)       0:00:20.203 ******* 
[WARNING]: Using world-readable permissions for temporary files Ansible needs
to create when becoming an unprivileged user. This may be insecure. For
information on securing this, see
https://docs.ansible.com/ansible/become.html#becoming-an-unprivileged-user
changed: [10.53.64.8]

TASK [dump_transfer : Wait for the rsync job to finish jid={{ rsync_async_job.ansible_job_id }}] ***
Friday 06 December 2024  11:12:26 +0000 (0:00:04.733)       0:00:24.937 ******* 
[WARNING]: Using world-readable permissions for temporary files Ansible needs
to create when becoming an unprivileged user. This may be insecure. For
information on securing this, see
https://docs.ansible.com/ansible/become.html#becoming-an-unprivileged-user
FAILED - RETRYING: Wait for the rsync job to finish (20160 retries left).
FAILED - RETRYING: Wait for the rsync job to finish (20159 retries left).
FAILED - RETRYING: Wait for the rsync job to finish (20158 retries left).
changed: [10.53.64.8]

TASK [dump_transfer : Validate if the dumps have been transferred successfully to the target /mnt/otchukl1npfss01/xtts_backup/version1/USPP_dump directory msg={{ transfer_out.stdout_lines }}] ***
Friday 06 December 2024  11:14:20 +0000 (0:01:54.403)       0:02:19.340 ******* 
ok: [10.53.64.8] => {
    "msg": [
        "sending incremental file list",
        "adaptdomain1_sys_grants.sql",
        "",
        "            324 100%    0.00kB/s    0:00:00  ",
        "            324 100%    0.00kB/s    0:00:00 (xfr#1, to-chk=13/15)",
        "grants.dmp",
        "",
        "         32.77K   4%   15.63MB/s    0:00:00  ",
        "        761.86K 100%   15.14MB/s    0:00:00 (xfr#2, to-chk=12/15)",
        "grants_exp.log",
        "",
        "          1.72K 100%   35.07kB/s    0:00:00  ",
        "          1.72K 100%   35.07kB/s    0:00:00 (xfr#3, to-chk=11/15)",
        "grants_export.par",
        "",
        "            106 100%    2.16kB/s    0:00:00  ",
        "            106 100%    2.16kB/s    0:00:00 (xfr#4, to-chk=10/15)",
        "meta_exp.log",
        "",
        "         32.29K 100%  643.51kB/s    0:00:00  ",
        "         32.29K 100%  643.51kB/s    0:00:00 (xfr#5, to-chk=9/15)",
        "meta_exp_01.dmp",
        "",
        "         12.29K 100%  244.90kB/s    0:00:00  ",
        "         12.29K 100%  244.90kB/s    0:00:00 (xfr#6, to-chk=8/15)",
        "meta_exp_02.dmp",
        "",
        "         32.77K   0%  640.00kB/s    0:07:57  ",
        "         14.94M   4%   14.25MB/s    0:00:19  ",
        "         34.50M  11%   16.45MB/s    0:00:16  ",
        "         52.76M  17%   16.78MB/s    0:00:14  ",
        "         66.19M  21%   15.79MB/s    0:00:14  ",
        "         89.16M  29%   17.70MB/s    0:00:11  ",
        "        113.08M  37%   18.74MB/s    0:00:10  ",
        "        138.51M  45%   20.45MB/s    0:00:07  ",
        "        163.41M  53%   23.18MB/s    0:00:05  ",
        "        184.55M  60%   22.74MB/s    0:00:05  ",
        "        208.24M  68%   22.69MB/s    0:00:04  ",
        "        230.23M  75%   21.87MB/s    0:00:03  ",
        "        243.01M  79%   18.98MB/s    0:00:03  ",
        "        256.48M  83%   17.15MB/s    0:00:02  ",
        "        274.04M  89%   15.69MB/s    0:00:01  ",
        "        293.37M  96%   15.05MB/s    0:00:00  ",
        "        305.36M 100%   18.49MB/s    0:00:15 (xfr#7, to-chk=7/15)",
        "meta_exp_03.dmp",
        "",
        "         32.77K   0%   42.44kB/s    1:59:50  ",
        "          4.52M   1%    4.31MB/s    0:01:08  ",
        "         20.15M   6%    9.61MB/s    0:00:28  ",
        "         30.38M   9%    9.66MB/s    0:00:27  ",
        "         55.02M  18%   13.12MB/s    0:00:18  ",
        "         80.22M  26%   18.05MB/s    0:00:12  ",
        "        105.51M  34%   20.35MB/s    0:00:09  ",
        "        129.63M  42%   23.67MB/s    0:00:07  ",
        "        155.16M  50%   23.88MB/s    0:00:06  ",
        "        178.13M  58%   23.34MB/s    0:00:05  ",
        "        200.05M  65%   22.54MB/s    0:00:04  ",
        "        223.71M  73%   22.43MB/s    0:00:03  ",
        "        247.79M  81%   22.09MB/s    0:00:02  ",
        "        272.60M  89%   22.52MB/s    0:00:01  ",
        "        296.88M  97%   23.09MB/s    0:00:00  ",
        "        305.19M 100%   20.35MB/s    0:00:14 (xfr#8, to-chk=6/15)",
        "meta_exp_04.dmp",
        "",
        "         32.77K   0%  105.61kB/s    0:50:32  ",
        "         15.34M   4%   14.63MB/s    0:00:20  ",
        "         33.91M  10%   16.17MB/s    0:00:17  ",
        "         55.61M  17%   17.68MB/s    0:00:14  ",
        "         74.32M  23%   17.72MB/s    0:00:13  ",
        "         86.44M  26%   16.95MB/s    0:00:13  ",
        "         96.47M  30%   14.91MB/s    0:00:14  ",
        "        112.62M  35%   13.59MB/s    0:00:14  ",
        "        124.94M  39%   12.07MB/s    0:00:15  ",
        "        144.51M  45%   13.84MB/s    0:00:12  ",
        "        167.25M  52%   16.88MB/s    0:00:08  ",
        "        187.17M  58%   17.73MB/s    0:00:07  ",
        "        210.86M  65%   20.43MB/s    0:00:05  ",
        "        231.37M  72%   20.65MB/s    0:00:04  ",
        "        253.89M  79%   20.60MB/s    0:00:03  ",
        "        271.29M  84%   20.05MB/s    0:00:02  ",
        "        282.17M  88%   17.00MB/s    0:00:02  ",
        "        297.83M  92%   15.84MB/s    0:00:01  ",
        "        306.45M  95%   12.53MB/s    0:00:01  ",
        "        314.47M  98%   10.30MB/s    0:00:00  ",
        "        319.68M  99%    8.95MB/s    0:00:00  ",
        "        320.30M 100%   15.19MB/s    0:00:20 (xfr#9, to-chk=5/15)",
        "meta_exp_05.dmp",
        "",
        "         32.77K   0%  293.58kB/s    0:21:40  ",
        "         16.35M   4%   15.59MB/s    0:00:22  ",
        "         41.29M  10%   19.69MB/s    0:00:16  ",
        "         64.13M  16%   20.39MB/s    0:00:15  ",
        "         89.06M  23%   21.23MB/s    0:00:13  ",
        "        112.92M  29%   23.02MB/s    0:00:11  ",
        "        135.50M  35%   22.46MB/s    0:00:10  ",
        "        160.07M  41%   22.88MB/s    0:00:09  ",
        "        180.88M  47%   21.89MB/s    0:00:08  ",
        "        206.18M  54%   22.23MB/s    0:00:07  ",
        "        232.59M  60%   23.15MB/s    0:00:06  ",
        "        255.82M  67%   22.83MB/s    0:00:05  ",
        "        282.49M  74%   24.23MB/s    0:00:04  ",
        "        301.43M  78%   22.71MB/s    0:00:03  ",
        "        314.51M  82%   19.53MB/s    0:00:03  ",
        "        340.10M  89%   20.09MB/s    0:00:02  ",
        "        364.35M  95%   19.52MB/s    0:00:00  ",
        "        381.74M 100%   21.73MB/s    0:00:16 (xfr#10, to-chk=4/15)",
        "meta_exp_06.dmp",
        "",
        "         32.77K   0%   42.16kB/s    2:00:38  ",
        "          6.09M   1%    5.81MB/s    0:00:50  ",
        "         34.47M  11%   16.44MB/s    0:00:16  ",
        "         58.39M  19%   18.56MB/s    0:00:12  ",
        "         79.92M  26%   19.05MB/s    0:00:11  ",
        "        105.38M  34%   23.67MB/s    0:00:08  ",
        "        128.02M  41%   22.30MB/s    0:00:07  ",
        "        142.21M  46%   19.98MB/s    0:00:07  ",
        "        155.03M  50%   17.91MB/s    0:00:08  ",
        "        170.49M  55%   15.52MB/s    0:00:08  ",
        "        183.76M  60%   13.29MB/s    0:00:08  ",
        "        198.41M  65%   13.40MB/s    0:00:07  ",
        "        219.71M  71%   15.42MB/s    0:00:05  ",
        "        244.58M  80%   17.66MB/s    0:00:03  ",
        "        264.80M  86%   19.32MB/s    0:00:02  ",
        "        277.58M  90%   18.88MB/s    0:00:01  ",
        "        298.06M  97%   18.68MB/s    0:00:00  ",
        "        305.20M 100%   17.81MB/s    0:00:16 (xfr#11, to-chk=3/15)",
        "meta_exp_07.dmp",
        "",
        "         32.77K   0%   93.29kB/s    0:54:30  ",
        "         14.97M   4%   14.28MB/s    0:00:19  ",
        "         38.93M  12%   18.56MB/s    0:00:14  ",
        "         65.60M  21%   20.85MB/s    0:00:11  ",
        "         87.26M  28%   20.80MB/s    0:00:10  ",
        "        109.28M  35%   22.48MB/s    0:00:08  ",
        "        131.76M  43%   22.13MB/s    0:00:07  ",
        "        156.53M  51%   21.68MB/s    0:00:06  ",
        "        179.31M  58%   21.95MB/s    0:00:05  ",
        "        204.64M  67%   22.73MB/s    0:00:04  ",
        "        225.44M  73%   22.34MB/s    0:00:03  ",
        "        247.23M  81%   21.63MB/s    0:00:02  ",
        "        264.31M  86%   20.21MB/s    0:00:01  ",
        "        275.02M  90%   16.71MB/s    0:00:01  ",
        "        286.49M  93%   14.49MB/s    0:00:01  ",
        "        298.81M  97%   12.24MB/s    0:00:00  ",
        "        305.12M 100%   18.88MB/s    0:00:15 (xfr#12, to-chk=2/15)",
        "meta_exp_08.dmp",
        "",
        "         32.77K   0%   82.05kB/s    1:02:24  ",
        "         10.78M   3%   10.28MB/s    0:00:28  ",
        "         34.96M  11%   16.67MB/s    0:00:15  ",
        "         53.87M  17%   17.13MB/s    0:00:14  ",
        "         79.20M  25%   18.88MB/s    0:00:11  ",
        "        103.78M  33%   22.17MB/s    0:00:08  ",
        "        128.61M  41%   22.33MB/s    0:00:07  ",
        "        152.27M  49%   23.47MB/s    0:00:06  ",
        "        177.31M  57%   23.40MB/s    0:00:05  ",
        "        202.15M  65%   23.46MB/s    0:00:04  ",
        "        225.41M  73%   23.07MB/s    0:00:03  ",
        "        240.39M  78%   21.00MB/s    0:00:03  ",
        "        256.57M  83%   18.86MB/s    0:00:02  ",
        "        266.83M  86%   15.39MB/s    0:00:02  ",
        "        278.27M  90%   12.58MB/s    0:00:02  ",
        "        294.13M  95%   12.79MB/s    0:00:01  ",
        "        307.31M 100%   18.55MB/s    0:00:15 (xfr#13, to-chk=1/15)",
        "meta_export.par",
        "",
        "            654 100%    0.81kB/s    0:00:00  ",
        "            654 100%    0.81kB/s    0:00:00 (xfr#14, to-chk=0/15)",
        "",
        "sent 219.49M bytes  received 282 bytes  1.93M bytes/sec",
        "total size is 2.23G  speedup is 10.16"
    ]
}

TASK [dump_transfer : Fail if rsync transfer did not complete successfully msg=Rsync transfer failed. Check the output above for errors.] ***
Friday 06 December 2024  11:14:20 +0000 (0:00:00.057)       0:02:19.397 ******* 
skipping: [10.53.64.8]

PLAY [do the final incremental restore on foaukl1npdb-swdo81.otchukl1npexcl.otchukl1npvcn01.oraclevcn.com] ***

PLAY [find the datafiles on ASM on foaukl1npdb-swdo81.otchukl1npexcl.otchukl1npvcn01.oraclevcn.com] ***

PLAY [do the metadata import on foaukl1npdb-swdo81.otchukl1npexcl.otchukl1npvcn01.oraclevcn.com] ***

PLAY [do the grants import on foaukl1npdb-swdo81.otchukl1npexcl.otchukl1npvcn01.oraclevcn.com] ***

PLAY [do the post migration check on foaukl1npdb-swdo81.otchukl1npexcl.otchukl1npvcn01.oraclevcn.com] ***

PLAY RECAP *********************************************************************
10.53.64.8                 : ok=4    changed=2    unreachable=0    failed=0    skipped=1    rescued=0    ignored=0   

Friday 06 December 2024  11:14:20 +0000 (0:00:00.079)       0:02:19.476 ******* 
=============================================================================== 
dump_transfer : Wait for the rsync job to finish ---------------------- 114.40s
Gathering Facts -------------------------------------------------------- 20.12s
dump_transfer : Rsync source_datapump directory to the target datapump_directory --- 4.73s
dump_transfer : Fail if rsync transfer did not complete successfully ---- 0.08s
dump_transfer : Validate if the dumps have been transferred successfully to the target /mnt/otchukl1npfss01/xtts_backup/version1/USPP_dump directory --- 0.06s
