nohup: ignoring input

PLAY [do the final incremental backup on hrraxdv2028.emea.hays.loc] ************

PLAY [do the  metadata export on hrraxdv2028.emea.hays.loc] ********************

PLAY [do the  grants export on hrraxdv2028.emea.hays.loc] **********************

PLAY [transfer the final incremental backups to the /mnt/otchukl1npfss01/xtts_backup/version1/USPP_xtts_scratch] ***

TASK [Gathering Facts gather_subset=['all'], gather_timeout=10] ****************
Friday 06 December 2024  09:06:54 +0000 (0:00:00.077)       0:00:00.077 ******* 
[WARNING]: Using world-readable permissions for temporary files Ansible needs
to create when becoming an unprivileged user. This may be insecure. For
information on securing this, see
https://docs.ansible.com/ansible/become.html#becoming-an-unprivileged-user
[WARNING]: Platform aix on host 10.53.64.8 is using the discovered Python
interpreter at /usr/bin/python, but future installation of another Python
interpreter could change this. See https://docs.ansible.com/ansible/2.9/referen
ce_appendices/interpreter_discovery.html for more information.
ok: [10.53.64.8]

TASK [backup_transfer : Execute the rsync_backup transfer script _raw_params={{ source_xtts_scripts_dir }}/rsync_parallel_backup_transfer_v4.sh > {{ source_xtts_scripts_dir  }}/rsync_parallel_backup_transfer_v4.log] ***
Friday 06 December 2024  09:07:17 +0000 (0:00:22.845)       0:00:22.922 ******* 
[WARNING]: Using world-readable permissions for temporary files Ansible needs
to create when becoming an unprivileged user. This may be insecure. For
information on securing this, see
https://docs.ansible.com/ansible/become.html#becoming-an-unprivileged-user
changed: [10.53.64.8]

TASK [backup_transfer : Wait for rsync_backup task to complete jid={{ rsync_task.ansible_job_id }}] ***
Friday 06 December 2024  09:07:23 +0000 (0:00:05.874)       0:00:28.796 ******* 
[WARNING]: Using world-readable permissions for temporary files Ansible needs
to create when becoming an unprivileged user. This may be insecure. For
information on securing this, see
https://docs.ansible.com/ansible/become.html#becoming-an-unprivileged-user
FAILED - RETRYING: Wait for rsync_backup task to complete (20160 retries left).
changed: [10.53.64.8]

TASK [backup_transfer : display the rsync status var=rsync_task] ***************
Friday 06 December 2024  09:08:05 +0000 (0:00:42.394)       0:01:11.191 ******* 
ok: [10.53.64.8] => {
    "rsync_task": {
        "ansible_job_id": "795044275518.14288806",
        "changed": true,
        "failed": false,
        "finished": 0,
        "results_file": "/home/oracle/.ansible_async/795044275518.14288806",
        "started": 1
    }
}

TASK [check rsync_parallel_backup_transfer_v4.log _raw_params=grep "encountered an error" {{ source_xtts_scripts_dir }}/rsync_parallel_backup_transfer_v4.log] ***
Friday 06 December 2024  09:08:05 +0000 (0:00:00.025)       0:01:11.216 ******* 
[WARNING]: Using world-readable permissions for temporary files Ansible needs
to create when becoming an unprivileged user. This may be insecure. For
information on securing this, see
https://docs.ansible.com/ansible/become.html#becoming-an-unprivileged-user
fatal: [10.53.64.8]: FAILED! => {"changed": true, "cmd": "grep \"encountered an error\" /home/oracle/version1/US2SUP_xtts/rsync_parallel_backup_transfer_v4.log", "delta": "0:00:00.047630", "end": "2024-12-06 09:08:09.569193", "msg": "non-zero return code", "rc": 1, "start": "2024-12-06 09:08:09.521563", "stderr": "", "stderr_lines": [], "stdout": "", "stdout_lines": []}
...ignoring

TASK [backup_transfer : display the rsync errors msg={{rsync_error_out.stdout_lines}}] ***
Friday 06 December 2024  09:08:10 +0000 (0:00:04.272)       0:01:15.489 ******* 
skipping: [10.53.64.8]

TASK [backup_transfer : fail msg=errors while transferring the backups] ********
Friday 06 December 2024  09:08:10 +0000 (0:00:00.079)       0:01:15.569 ******* 
skipping: [10.53.64.8]

TASK [read the rsync_parallel_backup_transfer_v4.log src={{ source_xtts_scripts_dir }}/rsync_parallel_backup_transfer_v4.log] ***
Friday 06 December 2024  09:08:10 +0000 (0:00:00.049)       0:01:15.618 ******* 
[WARNING]: Using world-readable permissions for temporary files Ansible needs
to create when becoming an unprivileged user. This may be insecure. For
information on securing this, see
https://docs.ansible.com/ansible/become.html#becoming-an-unprivileged-user
ok: [10.53.64.8]

TASK [backup_transfer : Decode the log file content log_content_decoded={{ log_content.content | b64decode }}] ***
Friday 06 December 2024  09:08:15 +0000 (0:00:05.285)       0:01:20.903 ******* 
ok: [10.53.64.8]

TASK [backup_transfer : Display the log file content msg={{ log_content_decoded }}] ***
Friday 06 December 2024  09:08:15 +0000 (0:00:00.024)       0:01:20.928 ******* 
ok: [10.53.64.8] => {
    "msg": "Start time: 06-12-2024_09:07:23\nStart time in seconds: 1733476043\n06-12-2024_09:07:24:  Rsync for /xtts/backup/version1/US2SUP_xtts_scratch/v33c07ih_29667_1_1 transfer started.\n06-12-2024_09:07:24:  Rsync for /xtts/backup/version1/US2SUP_xtts_scratch/033c07ka_29699_1_1 transfer started.\n06-12-2024_09:07:24:  Rsync for /xtts/backup/version1/US2SUP_xtts_scratch/vj3c07jg_29683_1_1 transfer started.\n06-12-2024_09:07:24:  Rsync for /xtts/backup/version1/US2SUP_xtts_scratch/v83c07ii_29672_1_1 transfer started.\n06-12-2024_09:07:24:  Rsync for /xtts/backup/version1/US2SUP_xtts_scratch/v93c07ij_29673_1_1 transfer started.\n06-12-2024_09:07:24:  Rsync for /xtts/backup/version1/US2SUP_xtts_scratch/vd3c07it_29677_1_1 transfer started.\n06-12-2024_09:07:24:  Rsync for /xtts/backup/version1/US2SUP_xtts_scratch/v53c07ii_29669_1_1 transfer started.\n06-12-2024_09:07:24:  Rsync for /xtts/backup/version1/US2SUP_xtts_scratch/vk3c07jg_29684_1_1 transfer started.\n06-12-2024_09:07:24:  Rsync for /xtts/backup/version1/US2SUP_xtts_scratch/vp3c07jg_29689_1_1 transfer started.\n06-12-2024_09:07:24:  Rsync for /xtts/backup/version1/US2SUP_xtts_scratch/va3c07ij_29674_1_1 transfer started.\nvd3c07it_29677_1_1\nv33c07ih_29667_1_1\nvj3c07jg_29683_1_1\n\r         32.77K   2%    0.00kB/s    0:00:00  \r         32.77K  44%    0.00kB/s    0:00:00  vp3c07jg_29689_1_1\n\r         73.73K 100%   39.06MB/s    0:00:00 (xfr#1, to-chk=0/1)\n033c07ka_29699_1_1\n\r         32.77K  36%    0.00kB/s    0:00:00  vk3c07jg_29684_1_1\n\r         32.77K  44%    0.00kB/s    0:00:00  \r         90.11K 100%   54.69MB/s    0:00:00 (xfr#1, to-chk=0/1)\n\r         32.77K  44%    0.00kB/s    0:00:00  v53c07ii_29669_1_1\n\r         73.73K 100%   39.06MB/s    0:00:00 (xfr#1, to-chk=0/1)\n\r         73.73K 100%   39.06MB/s    0:00:00 (xfr#1, to-chk=0/1)\nv83c07ii_29672_1_1\n\r         32.77K   1%    0.00kB/s    0:00:00  va3c07ij_29674_1_1\nv93c07ij_29673_1_1\n\r         32.77K   0%    0.00kB/s    0:00:00  \r         32.77K   0%    0.00kB/s    0:00:00  \r         32.77K   0%    0.00kB/s    0:00:00  \nsent 900 bytes  received 35 bytes  1.87K bytes/sec\ntotal size is 73.73K  speedup is 78.85\n\nsent 906 bytes  received 35 bytes  1.88K bytes/sec\ntotal size is 73.73K  speedup is 78.35\n\nsent 1.04K bytes  received 35 bytes  2.15K bytes/sec\ntotal size is 90.11K  speedup is 83.75\n06-12-2024_09:07:24:  Rsync for /xtts/backup/version1/US2SUP_xtts_scratch/vj3c07jg_29683_1_1 completed successfully.\n06-12-2024_09:07:24:  Rsync for /xtts/backup/version1/US2SUP_xtts_scratch/vp3c07jg_29689_1_1 completed successfully.\n\nsent 909 bytes  received 35 bytes  1.89K bytes/sec\ntotal size is 73.73K  speedup is 78.10\n06-12-2024_09:07:24:  Rsync for /xtts/backup/version1/US2SUP_xtts_scratch/033c07ka_29699_1_1 completed successfully.\n06-12-2024_09:07:24:  Rsync for /xtts/backup/version1/US2SUP_xtts_scratch/vk3c07jg_29684_1_1 completed successfully.\n\r          1.24M 100%    4.12MB/s    0:00:00 (xfr#1, to-chk=0/1)\n\r          1.54M 100%    4.67MB/s    0:00:00 (xfr#1, to-chk=0/1)\n\r          1.88M 100%    5.51MB/s    0:00:00 (xfr#1, to-chk=0/1)\n\nsent 347.10K bytes  received 35 bytes  694.26K bytes/sec\ntotal size is 1.24M  speedup is 3.56\n06-12-2024_09:07:25:  Rsync for /xtts/backup/version1/US2SUP_xtts_scratch/vd3c07it_29677_1_1 completed successfully.\n\nsent 321.33K bytes  received 35 bytes  642.74K bytes/sec\ntotal size is 1.54M  speedup is 4.79\n\nsent 358.86K bytes  received 35 bytes  239.26K bytes/sec\ntotal size is 1.88M  speedup is 5.23\n06-12-2024_09:07:25:  Rsync for /xtts/backup/version1/US2SUP_xtts_scratch/v33c07ih_29667_1_1 completed successfully.\n06-12-2024_09:07:25:  Rsync for /xtts/backup/version1/US2SUP_xtts_scratch/v53c07ii_29669_1_1 completed successfully.\n06-12-2024_09:07:25:  Rsync for /xtts/backup/version1/US2SUP_xtts_scratch/vf3c07j4_29679_1_1 transfer started.\n06-12-2024_09:07:25:  Rsync for /xtts/backup/version1/US2SUP_xtts_scratch/vs3c07js_29692_1_1 transfer started.\n06-12-2024_09:07:25:  Rsync for /xtts/backup/version1/US2SUP_xtts_scratch/073c07ka_29703_1_1 transfer started.\n06-12-2024_09:07:25:  Rsync for /xtts/backup/version1/US2SUP_xtts_scratch/053c07ka_29701_1_1 transfer started.\n06-12-2024_09:07:25:  Rsync for /xtts/backup/version1/US2SUP_xtts_scratch/v43c07ih_29668_1_1 transfer started.\n06-12-2024_09:07:25:  Rsync for /xtts/backup/version1/US2SUP_xtts_scratch/003c07ka_29696_1_1 transfer started.\n06-12-2024_09:07:25:  Rsync for /xtts/backup/version1/US2SUP_xtts_scratch/vq3c07jo_29690_1_1 transfer started.\n\r          3.83M 100%    4.11MB/s    0:00:00 (xfr#1, to-chk=0/1)\n\nsent 894.82K bytes  received 35 bytes  596.57K bytes/sec\ntotal size is 3.83M  speedup is 4.28\n06-12-2024_09:07:25:  Rsync for /xtts/backup/version1/US2SUP_xtts_scratch/v83c07ii_29672_1_1 completed successfully.\n\r          4.42M  95%    4.19MB/s    0:00:00  \r          4.88M  99%    4.63MB/s    0:00:00  \r          4.91M 100%    4.61MB/s    0:00:01 (xfr#1, to-chk=0/1)\n\r          4.63M 100%    4.26MB/s    0:00:01 (xfr#1, to-chk=0/1)\nvs3c07js_29692_1_1\nvf3c07j4_29679_1_1\n\r         32.77K  57%    0.00kB/s    0:00:00  \r         32.77K  36%    0.00kB/s    0:00:00  \r         32.77K   4%    0.00kB/s    0:00:00  \r         57.34K 100%   23.44MB/s    0:00:00 (xfr#1, to-chk=0/1)\n\r         90.11K 100%   54.69MB/s    0:00:00 (xfr#1, to-chk=0/1)\n003c07ka_29696_1_1\n\nsent 1.18M bytes  received 35 bytes  784.18K bytes/sec\ntotal size is 4.91M  speedup is 4.17\n\r         32.77K  36%    0.00kB/s    0:00:00  \r         90.11K 100%   54.69MB/s    0:00:00 (xfr#1, to-chk=0/1)\n06-12-2024_09:07:25:  Rsync for /xtts/backup/version1/US2SUP_xtts_scratch/v93c07ij_29673_1_1 completed successfully.\n\nsent 1.13M bytes  received 35 bytes  750.71K bytes/sec\ntotal size is 4.63M  speedup is 4.11\n\r        761.86K 100%   17.38MB/s    0:00:00 (xfr#1, to-chk=0/1)\n06-12-2024_09:07:25:  Rsync for /xtts/backup/version1/US2SUP_xtts_scratch/va3c07ij_29674_1_1 completed successfully.\n\nsent 1.01K bytes  received 35 bytes  2.10K bytes/sec\ntotal size is 90.11K  speedup is 85.98\n06-12-2024_09:07:25:  Rsync for /xtts/backup/version1/US2SUP_xtts_scratch/003c07ka_29696_1_1 completed successfully.\n\nsent 747 bytes  received 35 bytes  1.56K bytes/sec\ntotal size is 57.34K  speedup is 73.33\n06-12-2024_09:07:25:  Rsync for /xtts/backup/version1/US2SUP_xtts_scratch/vf3c07j4_29679_1_1 completed successfully.\n\nsent 1.04K bytes  received 35 bytes  2.16K bytes/sec\ntotal size is 90.11K  speedup is 83.44\n06-12-2024_09:07:25:  Rsync for /xtts/backup/version1/US2SUP_xtts_scratch/073c07ka_29703_1_1 completed successfully.\n\nsent 52.14K bytes  received 35 bytes  104.34K bytes/sec\ntotal size is 761.86K  speedup is 14.60\n06-12-2024_09:07:25:  Rsync for /xtts/backup/version1/US2SUP_xtts_scratch/vs3c07js_29692_1_1 completed successfully.\nv43c07ih_29668_1_1\n053c07ka_29701_1_1\n\r         32.77K  36%    0.00kB/s    0:00:00  \r         32.77K   1%    0.00kB/s    0:00:00  \r         90.11K 100%   54.69MB/s    0:00:00 (xfr#1, to-chk=0/1)\nvq3c07jo_29690_1_1\n\r         32.77K  50%    0.00kB/s    0:00:00  \r         65.54K 100%   31.25MB/s    0:00:00 (xfr#1, to-chk=0/1)\n\nsent 3.08K bytes  received 35 bytes  2.08K bytes/sec\ntotal size is 65.54K  speedup is 21.01\n06-12-2024_09:07:26:  Rsync for /xtts/backup/version1/US2SUP_xtts_scratch/vq3c07jo_29690_1_1 completed successfully.\n\nsent 1.04K bytes  received 35 bytes  2.15K bytes/sec\ntotal size is 90.11K  speedup is 83.75\n06-12-2024_09:07:26:  Rsync for /xtts/backup/version1/US2SUP_xtts_scratch/053c07ka_29701_1_1 completed successfully.\n\r          2.06M 100%    7.37MB/s    0:00:00 (xfr#1, to-chk=0/1)\n06-12-2024_09:07:26:  Rsync for /xtts/backup/version1/US2SUP_xtts_scratch/vu3c07ka_29694_1_1 transfer started.\n06-12-2024_09:07:26:  Rsync for /xtts/backup/version1/US2SUP_xtts_scratch/vn3c07jg_29687_1_1 transfer started.\n\nsent 417.56K bytes  received 35 bytes  278.39K bytes/sec\ntotal size is 2.06M  speedup is 4.94\n06-12-2024_09:07:26:  Rsync for /xtts/backup/version1/US2SUP_xtts_scratch/v43c07ih_29668_1_1 completed successfully.\n06-12-2024_09:07:26:  Rsync for /xtts/backup/version1/US2SUP_xtts_scratch/093c07kk_29705_1_1 transfer started.\n06-12-2024_09:07:26:  Rsync for /xtts/backup/version1/US2SUP_xtts_scratch/vt3c07k2_29693_1_1 transfer started.\n06-12-2024_09:07:26:  Rsync for /xtts/backup/version1/US2SUP_xtts_scratch/vg3c07jf_29680_1_1 transfer started.\n06-12-2024_09:07:26:  Rsync for /xtts/backup/version1/US2SUP_xtts_scratch/vh3c07jg_29681_1_1 transfer started.\n06-12-2024_09:07:26:  Rsync for /xtts/backup/version1/US2SUP_xtts_scratch/083c07kg_29704_1_1 transfer started.\n06-12-2024_09:07:26:  Rsync for /xtts/backup/version1/US2SUP_xtts_scratch/vv3c07ka_29695_1_1 transfer started.\n06-12-2024_09:07:26:  Rsync for /xtts/backup/version1/US2SUP_xtts_scratch/vb3c07ij_29675_1_1 transfer started.\n06-12-2024_09:07:26:  Rsync for /xtts/backup/version1/US2SUP_xtts_scratch/vr3c07jp_29691_1_1 transfer started.\n093c07kk_29705_1_1\n\r         32.77K  57%    0.00kB/s    0:00:00  \r         57.34K 100%   23.44MB/s    0:00:00 (xfr#1, to-chk=0/1)\n\r         90.11K 100%   54.69MB/s    0:00:00 (xfr#1, to-chk=0/1)\n\nsent 749 bytes  received 35 bytes  1.57K bytes/sec\ntotal size is 57.34K  speedup is 73.14\n\nsent 1.04K bytes  received 35 bytes  2.15K bytes/sec\ntotal size is 90.11K  speedup is 83.83\n06-12-2024_09:07:26:  Rsync for /xtts/backup/version1/US2SUP_xtts_scratch/vu3c07ka_29694_1_1 completed successfully.\n06-12-2024_09:07:26:  Rsync for /xtts/backup/version1/US2SUP_xtts_scratch/093c07kk_29705_1_1 completed successfully.\nvv3c07ka_29695_1_1\nvb3c07ij_29675_1_1\nvg3c07jf_29680_1_1\nvn3c07jg_29687_1_1\nvt3c07k2_29693_1_1\n\r         32.77K  36%    0.00kB/s    0:00:00  \r         32.77K  44%    0.00kB/s    0:00:00  \r         32.77K  44%    0.00kB/s    0:00:00  \r         32.77K  50%    0.00kB/s    0:00:00  \r         32.77K   1%    0.00kB/s    0:00:00  \r         73.73K 100%   39.06MB/s    0:00:00 (xfr#1, to-chk=0/1)\n\r         73.73K 100%   39.06MB/s    0:00:00 (xfr#1, to-chk=0/1)\n\r         90.11K 100%   54.69MB/s    0:00:00 (xfr#1, to-chk=0/1)\n\r         65.54K 100%   31.25MB/s    0:00:00 (xfr#1, to-chk=0/1)\nvh3c07jg_29681_1_1\n083c07kg_29704_1_1\n\r         32.77K  44%    0.00kB/s    0:00:00  \r         32.77K  44%    0.00kB/s    0:00:00  \r         32.77K  30%    0.00kB/s    0:00:00  \r         73.73K 100%   39.06MB/s    0:00:00 (xfr#1, to-chk=0/1)\n\r         73.73K 100%    4.88MB/s    0:00:00 (xfr#1, to-chk=0/1)\n\r        106.50K 100%    3.91MB/s    0:00:00 (xfr#1, to-chk=0/1)\n\nsent 892 bytes  received 35 bytes  618.00 bytes/sec\ntotal size is 73.73K  speedup is 79.53\n\nsent 3.43K bytes  received 35 bytes  2.31K bytes/sec\ntotal size is 65.54K  speedup is 18.92\n06-12-2024_09:07:27:  Rsync for /xtts/backup/version1/US2SUP_xtts_scratch/vg3c07jf_29680_1_1 completed successfully.\n\nsent 4.15K bytes  received 35 bytes  2.79K bytes/sec\ntotal size is 73.73K  speedup is 79.71\n06-12-2024_09:07:27:  Rsync for /xtts/backup/version1/US2SUP_xtts_scratch/vt3c07k2_29693_1_1 completed successfully.\n06-12-2024_09:07:27:  Rsync for /xtts/backup/version1/US2SUP_xtts_scratch/vh3c07jg_29681_1_1 completed successfully.\n06-12-2024_09:07:27:  Rsync for /xtts/backup/version1/US2SUP_xtts_scratch/vr3c07jp_29691_1_1 completed successfully.\n\nsent 15.71K bytes  received 35 bytes  10.49K bytes/sec\ntotal size is 106.50K  speedup is 6.77\n\nsent 890 bytes  received 35 bytes  616.67 bytes/sec\ntotal size is 73.73K  speedup is 79.71\n06-12-2024_09:07:27:  Rsync for /xtts/backup/version1/US2SUP_xtts_scratch/083c07kg_29704_1_1 completed successfully.\n\nsent 1.02K bytes  received 35 bytes  706.00 bytes/sec\ntotal size is 90.11K  speedup is 85.09\n06-12-2024_09:07:27:  Rsync for /xtts/backup/version1/US2SUP_xtts_scratch/vn3c07jg_29687_1_1 completed successfully.\n06-12-2024_09:07:27:  Rsync for /xtts/backup/version1/US2SUP_xtts_scratch/vv3c07ka_29695_1_1 completed successfully.\n\r          1.72M 100%    5.38MB/s    0:00:00 (xfr#1, to-chk=0/1)\n\nsent 407.31K bytes  received 35 bytes  271.56K bytes/sec\ntotal size is 1.72M  speedup is 4.22\n06-12-2024_09:07:27:  Rsync for /xtts/backup/version1/US2SUP_xtts_scratch/vb3c07ij_29675_1_1 completed successfully.\n06-12-2024_09:07:27:  Rsync for /xtts/backup/version1/US2SUP_xtts_scratch/vi3c07jg_29682_1_1 transfer started.\n06-12-2024_09:07:27:  Rsync for /xtts/backup/version1/US2SUP_xtts_scratch/vc3c07ij_29676_1_1 transfer started.\n06-12-2024_09:07:27:  Rsync for /xtts/backup/version1/US2SUP_xtts_scratch/vl3c07jg_29685_1_1 transfer started.\n06-12-2024_09:07:27:  Rsync for /xtts/backup/version1/US2SUP_xtts_scratch/vm3c07jg_29686_1_1 transfer started.\n06-12-2024_09:07:27:  Rsync for /xtts/backup/version1/US2SUP_xtts_scratch/063c07ka_29702_1_1 transfer started.\n06-12-2024_09:07:27:  Rsync for /xtts/backup/version1/US2SUP_xtts_scratch/043c07ka_29700_1_1 transfer started.\n06-12-2024_09:07:27:  Rsync for /xtts/backup/version1/US2SUP_xtts_scratch/v63c07ii_29670_1_1 transfer started.\n06-12-2024_09:07:27:  Rsync for /xtts/backup/version1/US2SUP_xtts_scratch/vo3c07jg_29688_1_1 transfer started.\n06-12-2024_09:07:27:  Rsync for /xtts/backup/version1/US2SUP_xtts_scratch/023c07ka_29698_1_1 transfer started.\n06-12-2024_09:07:27:  Rsync for /xtts/backup/version1/US2SUP_xtts_scratch/ve3c07it_29678_1_1 transfer started.\nvi3c07jg_29682_1_1\n\r         32.77K  44%    0.00kB/s    0:00:00  \r         73.73K 100%   39.06MB/s    0:00:00 (xfr#1, to-chk=0/1)\n063c07ka_29702_1_1\nvm3c07jg_29686_1_1\nvc3c07ij_29676_1_1\n\r         32.77K  36%    0.00kB/s    0:00:00  \r         32.77K  44%    0.00kB/s    0:00:00  \r         32.77K   2%    0.00kB/s    0:00:00  \r         73.73K 100%   39.06MB/s    0:00:00 (xfr#1, to-chk=0/1)\nvl3c07jg_29685_1_1\n\r         90.11K 100%    6.08MB/s    0:00:00 (xfr#1, to-chk=0/1)\n\r         32.77K  44%    0.00kB/s    0:00:00  \r         73.73K 100%   39.06MB/s    0:00:00 (xfr#1, to-chk=0/1)\n043c07ka_29700_1_1\n\r         32.77K  36%    0.00kB/s    0:00:00  \r         90.11K 100%    9.11MB/s    0:00:00 (xfr#1, to-chk=0/1)\n\nsent 885 bytes  received 35 bytes  613.33 bytes/sec\ntotal size is 73.73K  speedup is 80.14\n06-12-2024_09:07:28:  Rsync for /xtts/backup/version1/US2SUP_xtts_scratch/vi3c07jg_29682_1_1 completed successfully.\n\nsent 902 bytes  received 35 bytes  624.67 bytes/sec\ntotal size is 73.73K  speedup is 78.69\n06-12-2024_09:07:28:  Rsync for /xtts/backup/version1/US2SUP_xtts_scratch/vm3c07jg_29686_1_1 completed successfully.\n\nsent 1.05K bytes  received 35 bytes  722.00 bytes/sec\ntotal size is 90.11K  speedup is 83.21\n\nsent 901 bytes  received 35 bytes  624.00 bytes/sec\ntotal size is 73.73K  speedup is 78.77\n\nsent 1.04K bytes  received 35 bytes  716.67 bytes/sec\ntotal size is 90.11K  speedup is 83.83\n06-12-2024_09:07:28:  Rsync for /xtts/backup/version1/US2SUP_xtts_scratch/063c07ka_29702_1_1 completed successfully.\n06-12-2024_09:07:28:  Rsync for /xtts/backup/version1/US2SUP_xtts_scratch/043c07ka_29700_1_1 completed successfully.\n06-12-2024_09:07:28:  Rsync for /xtts/backup/version1/US2SUP_xtts_scratch/vl3c07jg_29685_1_1 completed successfully.\nvo3c07jg_29688_1_1\nve3c07it_29678_1_1\n023c07ka_29698_1_1\n\r         32.77K  44%    0.00kB/s    0:00:00  \r         32.77K  44%    0.00kB/s    0:00:00  \r         32.77K  57%    0.00kB/s    0:00:00  \r         57.34K 100%   23.44MB/s    0:00:00 (xfr#1, to-chk=0/1)\n\r         73.73K 100%   39.06MB/s    0:00:00 (xfr#1, to-chk=0/1)\n\r         73.73K 100%   39.06MB/s    0:00:00 (xfr#1, to-chk=0/1)\nv63c07ii_29670_1_1\n\r         32.77K   0%    0.00kB/s    0:00:00  \r          1.39M 100%    6.83MB/s    0:00:00 (xfr#1, to-chk=0/1)\n\nsent 895 bytes  received 35 bytes  620.00 bytes/sec\ntotal size is 73.73K  speedup is 79.28\n\nsent 906 bytes  received 35 bytes  627.33 bytes/sec\ntotal size is 73.73K  speedup is 78.35\n\nsent 750 bytes  received 35 bytes  523.33 bytes/sec\ntotal size is 57.34K  speedup is 73.05\n06-12-2024_09:07:28:  Rsync for /xtts/backup/version1/US2SUP_xtts_scratch/ve3c07it_29678_1_1 completed successfully.\n06-12-2024_09:07:28:  Rsync for /xtts/backup/version1/US2SUP_xtts_scratch/023c07ka_29698_1_1 completed successfully.\n\nsent 285.42K bytes  received 35 bytes  190.31K bytes/sec\ntotal size is 1.39M  speedup is 4.88\n06-12-2024_09:07:28:  Rsync for /xtts/backup/version1/US2SUP_xtts_scratch/vc3c07ij_29676_1_1 completed successfully.\n06-12-2024_09:07:28:  Rsync for /xtts/backup/version1/US2SUP_xtts_scratch/013c07ka_29697_1_1 transfer started.\n06-12-2024_09:07:28:  Rsync for /xtts/backup/version1/US2SUP_xtts_scratch/v73c07ii_29671_1_1 transfer started.\n\r          4.46M 100%    5.86MB/s    0:00:00 (xfr#1, to-chk=0/1)\n\nsent 1.03M bytes  received 35 bytes  413.99K bytes/sec\ntotal size is 4.46M  speedup is 4.31\n06-12-2024_09:07:29:  Rsync for /xtts/backup/version1/US2SUP_xtts_scratch/v63c07ii_29670_1_1 completed successfully.\nv73c07ii_29671_1_1\n\r         32.77K  36%    0.00kB/s    0:00:00  \r         32.77K   0%    0.00kB/s    0:00:00  \r         90.11K 100%   54.69MB/s    0:00:00 (xfr#1, to-chk=0/1)\n\nsent 1.04K bytes  received 35 bytes  714.67 bytes/sec\ntotal size is 90.11K  speedup is 84.06\n06-12-2024_09:07:29:  Rsync for /xtts/backup/version1/US2SUP_xtts_scratch/013c07ka_29697_1_1 completed successfully.\n\r          3.96M 100%    6.78MB/s    0:00:00 (xfr#1, to-chk=0/1)\n\nsent 932.92K bytes  received 35 bytes  621.97K bytes/sec\ntotal size is 3.96M  speedup is 4.25\n06-12-2024_09:07:29:  Rsync for /xtts/backup/version1/US2SUP_xtts_scratch/v73c07ii_29671_1_1 completed successfully.\nEnd time: 06-12-2024_09:07:29\nEnd time in seconds: 1733476049\nTotal transfer time: 6 seconds\n"
}

TASK [backup_transfer : Get current timestamp _raw_params=date +%Y%m%d%H%M%S] ***
Friday 06 December 2024  09:08:15 +0000 (0:00:00.023)       0:01:20.952 ******* 
[WARNING]: Using world-readable permissions for temporary files Ansible needs
to create when becoming an unprivileged user. This may be insecure. For
information on securing this, see
https://docs.ansible.com/ansible/become.html#becoming-an-unprivileged-user
changed: [10.53.64.8]

TASK [rename rsync_parallel_backup_transfer_v4.log with the current timestamp _raw_params=mv "{{ source_xtts_scripts_dir }}/rsync_parallel_backup_transfer_v4.log" "{{ source_xtts_scripts_dir }}/rsync_parallel_backup_transfer_v4_{{timestamp.stdout}}.log"] ***
Friday 06 December 2024  09:08:20 +0000 (0:00:04.883)       0:01:25.835 ******* 
[WARNING]: Using world-readable permissions for temporary files Ansible needs
to create when becoming an unprivileged user. This may be insecure. For
information on securing this, see
https://docs.ansible.com/ansible/become.html#becoming-an-unprivileged-user
changed: [10.53.64.8]

TASK [backup_transfer : Additionally transfer the incrbackups.txt to the /home/oracle/version1/USPP_xtts directory for the validation. _raw_params=rsync -vzh {{source_xtts_scripts_dir}}/incrbackups.txt {{dest_user}}@{{target_ip_address}}:{{target_xtts_scripts_dir}}] ***
Friday 06 December 2024  09:08:25 +0000 (0:00:04.660)       0:01:30.495 ******* 
[WARNING]: Using world-readable permissions for temporary files Ansible needs
to create when becoming an unprivileged user. This may be insecure. For
information on securing this, see
https://docs.ansible.com/ansible/become.html#becoming-an-unprivileged-user
changed: [10.53.64.8]

TASK [backup_transfer : fail msg=errors while transferring the incrbackups.txt file] ***
Friday 06 December 2024  09:08:31 +0000 (0:00:06.580)       0:01:37.076 ******* 
skipping: [10.53.64.8]

TASK [backup_transfer : display incrbackups_transfer_out msg={{ incrbackups_transfer_out.stdout_lines }}] ***
Friday 06 December 2024  09:08:31 +0000 (0:00:00.022)       0:01:37.099 ******* 
ok: [10.53.64.8] => {
    "msg": [
        "incrbackups.txt",
        "",
        "sent 382 bytes  received 59 bytes  882.00 bytes/sec",
        "total size is 2.38K  speedup is 5.39"
    ]
}

TASK [backup_transfer : finally copy the res.txt file to the /home/oracle/version1/USPP_xtts _raw_params=rsync -vzh --partial --progress --append {{source_xtts_scripts_dir}}/res.txt {{dest_user}}@{{target_ip_address}}:{{target_xtts_scripts_dir}}] ***
Friday 06 December 2024  09:08:31 +0000 (0:00:00.028)       0:01:37.127 ******* 
[WARNING]: Using world-readable permissions for temporary files Ansible needs
to create when becoming an unprivileged user. This may be insecure. For
information on securing this, see
https://docs.ansible.com/ansible/become.html#becoming-an-unprivileged-user
changed: [10.53.64.8]

TASK [backup_transfer : fail msg=errors while transferring the res.txt file] ***
Friday 06 December 2024  09:08:36 +0000 (0:00:04.877)       0:01:42.004 ******* 
skipping: [10.53.64.8]

TASK [backup_transfer : display res file transfer status msg={{ res_transfer_out.stdout_lines }}] ***
Friday 06 December 2024  09:08:36 +0000 (0:00:00.022)       0:01:42.027 ******* 
ok: [10.53.64.8] => {
    "msg": [
        "res.txt",
        "",
        "         29.90K 100%    0.00kB/s    0:00:00  ",
        "         29.90K 100%    0.00kB/s    0:00:00 (xfr#1, to-chk=0/1)",
        "",
        "sent 1.46K bytes  received 35 bytes  994.67 bytes/sec",
        "total size is 29.90K  speedup is 20.04"
    ]
}

PLAY [transfer the full meta dumps to the /mnt/otchukl1npfss01/xtts_backup/version1/USPP_dump] ***

PLAY [do the final incremental restore on foaukl1npdb-swdo81.otchukl1npexcl.otchukl1npvcn01.oraclevcn.com] ***

PLAY [find the datafiles on ASM on foaukl1npdb-swdo81.otchukl1npexcl.otchukl1npvcn01.oraclevcn.com] ***

PLAY [do the metadata import on foaukl1npdb-swdo81.otchukl1npexcl.otchukl1npvcn01.oraclevcn.com] ***

PLAY [do the grants import on foaukl1npdb-swdo81.otchukl1npexcl.otchukl1npvcn01.oraclevcn.com] ***

PLAY [do the post migration check on foaukl1npdb-swdo81.otchukl1npexcl.otchukl1npvcn01.oraclevcn.com] ***

PLAY RECAP *********************************************************************
10.53.64.8                 : ok=14   changed=7    unreachable=0    failed=0    skipped=4    rescued=0    ignored=1   

Friday 06 December 2024  09:08:36 +0000 (0:00:00.058)       0:01:42.085 ******* 
=============================================================================== 
backup_transfer : Wait for rsync_backup task to complete --------------- 42.39s
Gathering Facts -------------------------------------------------------- 22.85s
backup_transfer : Additionally transfer the incrbackups.txt to the /home/oracle/version1/USPP_xtts directory for the validation. --- 6.58s
backup_transfer : Execute the rsync_backup transfer script -------------- 5.87s
read the rsync_parallel_backup_transfer_v4.log -------------------------- 5.28s
backup_transfer : Get current timestamp --------------------------------- 4.88s
backup_transfer : finally copy the res.txt file to the /home/oracle/version1/USPP_xtts --- 4.88s
rename rsync_parallel_backup_transfer_v4.log with the current timestamp --- 4.66s
check rsync_parallel_backup_transfer_v4.log ----------------------------- 4.27s
backup_transfer : display the rsync errors ------------------------------ 0.08s
backup_transfer : display res file transfer status ---------------------- 0.06s
backup_transfer : fail -------------------------------------------------- 0.05s
backup_transfer : display incrbackups_transfer_out ---------------------- 0.03s
backup_transfer : display the rsync status ------------------------------ 0.03s
backup_transfer : Decode the log file content --------------------------- 0.02s
backup_transfer : Display the log file content -------------------------- 0.02s
backup_transfer : fail -------------------------------------------------- 0.02s
backup_transfer : fail -------------------------------------------------- 0.02s
