nohup: ignoring input

PLAY [do the final incremental backup on hrraxdv2028.emea.hays.loc] ************

TASK [Gathering Facts gather_subset=['all'], gather_timeout=10] ****************
Friday 06 December 2024  08:58:39 +0000 (0:00:00.060)       0:00:00.060 ******* 
[WARNING]: Using world-readable permissions for temporary files Ansible needs
to create when becoming an unprivileged user. This may be insecure. For
information on securing this, see
https://docs.ansible.com/ansible/become.html#becoming-an-unprivileged-user
[WARNING]: Platform aix on host 10.53.64.8 is using the discovered Python
interpreter at /usr/bin/python, but future installation of another Python
interpreter could change this. See https://docs.ansible.com/ansible/2.9/referen
ce_appendices/interpreter_discovery.html for more information.
ok: [10.53.64.8]

TASK [final_backup : purge the recyclebin _raw_params=export ORACLE_SID={{source_oracle_sid}}
export ORACLE_HOME={{source_oracle_home}}
printf "SET PAGESIZE 0 VERIFY OFF HEADING OFF ECHO OFF\n purge dba_recyclebin;" | {{ source_oracle_home }}/bin/sqlplus -s {{source_conn_str}} as sysdba
] ***
Friday 06 December 2024  08:59:07 +0000 (0:00:27.968)       0:00:28.028 ******* 
[WARNING]: Using world-readable permissions for temporary files Ansible needs
to create when becoming an unprivileged user. This may be insecure. For
information on securing this, see
https://docs.ansible.com/ansible/become.html#becoming-an-unprivileged-user
changed: [10.53.64.8]

TASK [final_backup : display recyclebin_out msg={{recyclebin_out.stdout_lines}}] ***
Friday 06 December 2024  08:59:14 +0000 (0:00:06.286)       0:00:34.314 ******* 
ok: [10.53.64.8] => {
    "msg": [
        "",
        "DBA Recyclebin purged."
    ]
}

TASK [final_backup : list tablespaces msg=['{{tablespaces}}']] *****************
Friday 06 December 2024  08:59:14 +0000 (0:00:00.025)       0:00:34.339 ******* 
ok: [10.53.64.8] => {
    "msg": [
        "ADAPT_DATA,ADAPT_USERS,BOISJMSDB,DHC_ROLLBACK_TRANSIENT,FUZZY_SEARCH,OT_SCHD_DATA,SPMSGBRK_DATA,VEREDUS_DATA,WEBINT_DATA,ADAPTINTOUCH"
    ]
}

TASK [final_backup : alter the provided user tablspaces to read only _raw_params=export ORACLE_SID={{source_oracle_sid}}
export ORACLE_HOME={{source_oracle_home}}
printf "SET PAGESIZE 0 VERIFY OFF HEADING OFF ECHO OFF\n alter tablespace {{item}} read only;" | {{ source_oracle_home }}/bin/sqlplus -s {{source_conn_str}} as sysdba  
] ***
Friday 06 December 2024  08:59:14 +0000 (0:00:00.025)       0:00:34.365 ******* 
[WARNING]: Using world-readable permissions for temporary files Ansible needs
to create when becoming an unprivileged user. This may be insecure. For
information on securing this, see
https://docs.ansible.com/ansible/become.html#becoming-an-unprivileged-user
changed: [10.53.64.8] => (item=ADAPT_DATA)
changed: [10.53.64.8] => (item=ADAPT_USERS)
changed: [10.53.64.8] => (item=BOISJMSDB)
changed: [10.53.64.8] => (item=DHC_ROLLBACK_TRANSIENT)
changed: [10.53.64.8] => (item=FUZZY_SEARCH)
changed: [10.53.64.8] => (item=OT_SCHD_DATA)
changed: [10.53.64.8] => (item=SPMSGBRK_DATA)
changed: [10.53.64.8] => (item=VEREDUS_DATA)
changed: [10.53.64.8] => (item=WEBINT_DATA)
changed: [10.53.64.8] => (item=ADAPTINTOUCH)

TASK [final_backup : display tbs_out msg={{item.stdout_lines}}] ****************
Friday 06 December 2024  09:00:47 +0000 (0:01:33.729)       0:02:08.094 ******* 
ok: [10.53.64.8] => (item={'cmd': 'export ORACLE_SID=US2SUP\nexport ORACLE_HOME=/u01/app/oracle/product/19c/database\nprintf "SET PAGESIZE 0 VERIFY OFF HEADING OFF ECHO OFF\\n alter tablespace ADAPT_DATA read only;" | /u01/app/oracle/product/19c/database/bin/sqlplus -s oci_mig/version1_Oc1_M1g@US2SUP as sysdba  \n', 'stdout': '\nTablespace altered.', 'stderr': '', 'rc': 0, 'start': '2024-12-06 08:59:19.229338', 'end': '2024-12-06 08:59:20.318373', 'delta': '0:00:01.089035', 'changed': True, 'invocation': {'module_args': {'_raw_params': 'export ORACLE_SID=US2SUP\nexport ORACLE_HOME=/u01/app/oracle/product/19c/database\nprintf "SET PAGESIZE 0 VERIFY OFF HEADING OFF ECHO OFF\\n alter tablespace ADAPT_DATA read only;" | /u01/app/oracle/product/19c/database/bin/sqlplus -s oci_mig/version1_Oc1_M1g@US2SUP as sysdba  \n', '_uses_shell': True, 'warn': True, 'stdin_add_newline': True, 'strip_empty_ends': True, 'argv': None, 'chdir': None, 'executable': None, 'creates': None, 'removes': None, 'stdin': None}}, 'stdout_lines': ['', 'Tablespace altered.'], 'stderr_lines': [], 'failed': False, 'item': 'ADAPT_DATA', 'ansible_loop_var': 'item'}) => {
    "msg": [
        "",
        "Tablespace altered."
    ]
}
ok: [10.53.64.8] => (item={'cmd': 'export ORACLE_SID=US2SUP\nexport ORACLE_HOME=/u01/app/oracle/product/19c/database\nprintf "SET PAGESIZE 0 VERIFY OFF HEADING OFF ECHO OFF\\n alter tablespace ADAPT_USERS read only;" | /u01/app/oracle/product/19c/database/bin/sqlplus -s oci_mig/version1_Oc1_M1g@US2SUP as sysdba  \n', 'stdout': '\nTablespace altered.', 'stderr': '', 'rc': 0, 'start': '2024-12-06 08:59:26.399213', 'end': '2024-12-06 08:59:27.161251', 'delta': '0:00:00.762038', 'changed': True, 'invocation': {'module_args': {'_raw_params': 'export ORACLE_SID=US2SUP\nexport ORACLE_HOME=/u01/app/oracle/product/19c/database\nprintf "SET PAGESIZE 0 VERIFY OFF HEADING OFF ECHO OFF\\n alter tablespace ADAPT_USERS read only;" | /u01/app/oracle/product/19c/database/bin/sqlplus -s oci_mig/version1_Oc1_M1g@US2SUP as sysdba  \n', '_uses_shell': True, 'warn': True, 'stdin_add_newline': True, 'strip_empty_ends': True, 'argv': None, 'chdir': None, 'executable': None, 'creates': None, 'removes': None, 'stdin': None}}, 'stdout_lines': ['', 'Tablespace altered.'], 'stderr_lines': [], 'failed': False, 'item': 'ADAPT_USERS', 'ansible_loop_var': 'item'}) => {
    "msg": [
        "",
        "Tablespace altered."
    ]
}
ok: [10.53.64.8] => (item={'cmd': 'export ORACLE_SID=US2SUP\nexport ORACLE_HOME=/u01/app/oracle/product/19c/database\nprintf "SET PAGESIZE 0 VERIFY OFF HEADING OFF ECHO OFF\\n alter tablespace BOISJMSDB read only;" | /u01/app/oracle/product/19c/database/bin/sqlplus -s oci_mig/version1_Oc1_M1g@US2SUP as sysdba  \n', 'stdout': '\nTablespace altered.', 'stderr': '', 'rc': 0, 'start': '2024-12-06 08:59:32.311604', 'end': '2024-12-06 08:59:32.959146', 'delta': '0:00:00.647542', 'changed': True, 'invocation': {'module_args': {'_raw_params': 'export ORACLE_SID=US2SUP\nexport ORACLE_HOME=/u01/app/oracle/product/19c/database\nprintf "SET PAGESIZE 0 VERIFY OFF HEADING OFF ECHO OFF\\n alter tablespace BOISJMSDB read only;" | /u01/app/oracle/product/19c/database/bin/sqlplus -s oci_mig/version1_Oc1_M1g@US2SUP as sysdba  \n', '_uses_shell': True, 'warn': True, 'stdin_add_newline': True, 'strip_empty_ends': True, 'argv': None, 'chdir': None, 'executable': None, 'creates': None, 'removes': None, 'stdin': None}}, 'stdout_lines': ['', 'Tablespace altered.'], 'stderr_lines': [], 'failed': False, 'item': 'BOISJMSDB', 'ansible_loop_var': 'item'}) => {
    "msg": [
        "",
        "Tablespace altered."
    ]
}
ok: [10.53.64.8] => (item={'cmd': 'export ORACLE_SID=US2SUP\nexport ORACLE_HOME=/u01/app/oracle/product/19c/database\nprintf "SET PAGESIZE 0 VERIFY OFF HEADING OFF ECHO OFF\\n alter tablespace DHC_ROLLBACK_TRANSIENT read only;" | /u01/app/oracle/product/19c/database/bin/sqlplus -s oci_mig/version1_Oc1_M1g@US2SUP as sysdba  \n', 'stdout': '\nTablespace altered.', 'stderr': '', 'rc': 0, 'start': '2024-12-06 08:59:39.637326', 'end': '2024-12-06 08:59:41.777870', 'delta': '0:00:02.140544', 'changed': True, 'invocation': {'module_args': {'_raw_params': 'export ORACLE_SID=US2SUP\nexport ORACLE_HOME=/u01/app/oracle/product/19c/database\nprintf "SET PAGESIZE 0 VERIFY OFF HEADING OFF ECHO OFF\\n alter tablespace DHC_ROLLBACK_TRANSIENT read only;" | /u01/app/oracle/product/19c/database/bin/sqlplus -s oci_mig/version1_Oc1_M1g@US2SUP as sysdba  \n', '_uses_shell': True, 'warn': True, 'stdin_add_newline': True, 'strip_empty_ends': True, 'argv': None, 'chdir': None, 'executable': None, 'creates': None, 'removes': None, 'stdin': None}}, 'stdout_lines': ['', 'Tablespace altered.'], 'stderr_lines': [], 'failed': False, 'item': 'DHC_ROLLBACK_TRANSIENT', 'ansible_loop_var': 'item'}) => {
    "msg": [
        "",
        "Tablespace altered."
    ]
}
ok: [10.53.64.8] => (item={'cmd': 'export ORACLE_SID=US2SUP\nexport ORACLE_HOME=/u01/app/oracle/product/19c/database\nprintf "SET PAGESIZE 0 VERIFY OFF HEADING OFF ECHO OFF\\n alter tablespace FUZZY_SEARCH read only;" | /u01/app/oracle/product/19c/database/bin/sqlplus -s oci_mig/version1_Oc1_M1g@US2SUP as sysdba  \n', 'stdout': '\nTablespace altered.', 'stderr': '', 'rc': 0, 'start': '2024-12-06 08:59:47.721792', 'end': '2024-12-06 08:59:48.389535', 'delta': '0:00:00.667743', 'changed': True, 'invocation': {'module_args': {'_raw_params': 'export ORACLE_SID=US2SUP\nexport ORACLE_HOME=/u01/app/oracle/product/19c/database\nprintf "SET PAGESIZE 0 VERIFY OFF HEADING OFF ECHO OFF\\n alter tablespace FUZZY_SEARCH read only;" | /u01/app/oracle/product/19c/database/bin/sqlplus -s oci_mig/version1_Oc1_M1g@US2SUP as sysdba  \n', '_uses_shell': True, 'warn': True, 'stdin_add_newline': True, 'strip_empty_ends': True, 'argv': None, 'chdir': None, 'executable': None, 'creates': None, 'removes': None, 'stdin': None}}, 'stdout_lines': ['', 'Tablespace altered.'], 'stderr_lines': [], 'failed': False, 'item': 'FUZZY_SEARCH', 'ansible_loop_var': 'item'}) => {
    "msg": [
        "",
        "Tablespace altered."
    ]
}
ok: [10.53.64.8] => (item={'cmd': 'export ORACLE_SID=US2SUP\nexport ORACLE_HOME=/u01/app/oracle/product/19c/database\nprintf "SET PAGESIZE 0 VERIFY OFF HEADING OFF ECHO OFF\\n alter tablespace OT_SCHD_DATA read only;" | /u01/app/oracle/product/19c/database/bin/sqlplus -s oci_mig/version1_Oc1_M1g@US2SUP as sysdba  \n', 'stdout': '\nTablespace altered.', 'stderr': '', 'rc': 0, 'start': '2024-12-06 08:59:53.652690', 'end': '2024-12-06 08:59:54.201106', 'delta': '0:00:00.548416', 'changed': True, 'invocation': {'module_args': {'_raw_params': 'export ORACLE_SID=US2SUP\nexport ORACLE_HOME=/u01/app/oracle/product/19c/database\nprintf "SET PAGESIZE 0 VERIFY OFF HEADING OFF ECHO OFF\\n alter tablespace OT_SCHD_DATA read only;" | /u01/app/oracle/product/19c/database/bin/sqlplus -s oci_mig/version1_Oc1_M1g@US2SUP as sysdba  \n', '_uses_shell': True, 'warn': True, 'stdin_add_newline': True, 'strip_empty_ends': True, 'argv': None, 'chdir': None, 'executable': None, 'creates': None, 'removes': None, 'stdin': None}}, 'stdout_lines': ['', 'Tablespace altered.'], 'stderr_lines': [], 'failed': False, 'item': 'OT_SCHD_DATA', 'ansible_loop_var': 'item'}) => {
    "msg": [
        "",
        "Tablespace altered."
    ]
}
ok: [10.53.64.8] => (item={'cmd': 'export ORACLE_SID=US2SUP\nexport ORACLE_HOME=/u01/app/oracle/product/19c/database\nprintf "SET PAGESIZE 0 VERIFY OFF HEADING OFF ECHO OFF\\n alter tablespace SPMSGBRK_DATA read only;" | /u01/app/oracle/product/19c/database/bin/sqlplus -s oci_mig/version1_Oc1_M1g@US2SUP as sysdba  \n', 'stdout': '\nTablespace altered.', 'stderr': '', 'rc': 0, 'start': '2024-12-06 08:59:59.691405', 'end': '2024-12-06 09:00:19.316659', 'delta': '0:00:19.625254', 'changed': True, 'invocation': {'module_args': {'_raw_params': 'export ORACLE_SID=US2SUP\nexport ORACLE_HOME=/u01/app/oracle/product/19c/database\nprintf "SET PAGESIZE 0 VERIFY OFF HEADING OFF ECHO OFF\\n alter tablespace SPMSGBRK_DATA read only;" | /u01/app/oracle/product/19c/database/bin/sqlplus -s oci_mig/version1_Oc1_M1g@US2SUP as sysdba  \n', '_uses_shell': True, 'warn': True, 'stdin_add_newline': True, 'strip_empty_ends': True, 'argv': None, 'chdir': None, 'executable': None, 'creates': None, 'removes': None, 'stdin': None}}, 'stdout_lines': ['', 'Tablespace altered.'], 'stderr_lines': [], 'failed': False, 'item': 'SPMSGBRK_DATA', 'ansible_loop_var': 'item'}) => {
    "msg": [
        "",
        "Tablespace altered."
    ]
}
ok: [10.53.64.8] => (item={'cmd': 'export ORACLE_SID=US2SUP\nexport ORACLE_HOME=/u01/app/oracle/product/19c/database\nprintf "SET PAGESIZE 0 VERIFY OFF HEADING OFF ECHO OFF\\n alter tablespace VEREDUS_DATA read only;" | /u01/app/oracle/product/19c/database/bin/sqlplus -s oci_mig/version1_Oc1_M1g@US2SUP as sysdba  \n', 'stdout': '\nTablespace altered.', 'stderr': '', 'rc': 0, 'start': '2024-12-06 09:00:26.575510', 'end': '2024-12-06 09:00:29.966513', 'delta': '0:00:03.391003', 'changed': True, 'invocation': {'module_args': {'_raw_params': 'export ORACLE_SID=US2SUP\nexport ORACLE_HOME=/u01/app/oracle/product/19c/database\nprintf "SET PAGESIZE 0 VERIFY OFF HEADING OFF ECHO OFF\\n alter tablespace VEREDUS_DATA read only;" | /u01/app/oracle/product/19c/database/bin/sqlplus -s oci_mig/version1_Oc1_M1g@US2SUP as sysdba  \n', '_uses_shell': True, 'warn': True, 'stdin_add_newline': True, 'strip_empty_ends': True, 'argv': None, 'chdir': None, 'executable': None, 'creates': None, 'removes': None, 'stdin': None}}, 'stdout_lines': ['', 'Tablespace altered.'], 'stderr_lines': [], 'failed': False, 'item': 'VEREDUS_DATA', 'ansible_loop_var': 'item'}) => {
    "msg": [
        "",
        "Tablespace altered."
    ]
}
ok: [10.53.64.8] => (item={'cmd': 'export ORACLE_SID=US2SUP\nexport ORACLE_HOME=/u01/app/oracle/product/19c/database\nprintf "SET PAGESIZE 0 VERIFY OFF HEADING OFF ECHO OFF\\n alter tablespace WEBINT_DATA read only;" | /u01/app/oracle/product/19c/database/bin/sqlplus -s oci_mig/version1_Oc1_M1g@US2SUP as sysdba  \n', 'stdout': '\nTablespace altered.', 'stderr': '', 'rc': 0, 'start': '2024-12-06 09:00:36.674904', 'end': '2024-12-06 09:00:38.168637', 'delta': '0:00:01.493733', 'changed': True, 'invocation': {'module_args': {'_raw_params': 'export ORACLE_SID=US2SUP\nexport ORACLE_HOME=/u01/app/oracle/product/19c/database\nprintf "SET PAGESIZE 0 VERIFY OFF HEADING OFF ECHO OFF\\n alter tablespace WEBINT_DATA read only;" | /u01/app/oracle/product/19c/database/bin/sqlplus -s oci_mig/version1_Oc1_M1g@US2SUP as sysdba  \n', '_uses_shell': True, 'warn': True, 'stdin_add_newline': True, 'strip_empty_ends': True, 'argv': None, 'chdir': None, 'executable': None, 'creates': None, 'removes': None, 'stdin': None}}, 'stdout_lines': ['', 'Tablespace altered.'], 'stderr_lines': [], 'failed': False, 'item': 'WEBINT_DATA', 'ansible_loop_var': 'item'}) => {
    "msg": [
        "",
        "Tablespace altered."
    ]
}
ok: [10.53.64.8] => (item={'cmd': 'export ORACLE_SID=US2SUP\nexport ORACLE_HOME=/u01/app/oracle/product/19c/database\nprintf "SET PAGESIZE 0 VERIFY OFF HEADING OFF ECHO OFF\\n alter tablespace ADAPTINTOUCH read only;" | /u01/app/oracle/product/19c/database/bin/sqlplus -s oci_mig/version1_Oc1_M1g@US2SUP as sysdba  \n', 'stdout': '\nTablespace altered.', 'stderr': '', 'rc': 0, 'start': '2024-12-06 09:00:45.896879', 'end': '2024-12-06 09:00:47.215776', 'delta': '0:00:01.318897', 'changed': True, 'invocation': {'module_args': {'_raw_params': 'export ORACLE_SID=US2SUP\nexport ORACLE_HOME=/u01/app/oracle/product/19c/database\nprintf "SET PAGESIZE 0 VERIFY OFF HEADING OFF ECHO OFF\\n alter tablespace ADAPTINTOUCH read only;" | /u01/app/oracle/product/19c/database/bin/sqlplus -s oci_mig/version1_Oc1_M1g@US2SUP as sysdba  \n', '_uses_shell': True, 'warn': True, 'stdin_add_newline': True, 'strip_empty_ends': True, 'argv': None, 'chdir': None, 'executable': None, 'creates': None, 'removes': None, 'stdin': None}}, 'stdout_lines': ['', 'Tablespace altered.'], 'stderr_lines': [], 'failed': False, 'item': 'ADAPTINTOUCH', 'ansible_loop_var': 'item'}) => {
    "msg": [
        "",
        "Tablespace altered."
    ]
}

TASK [final_backup : run the verification scripts capture the source db objects details _raw_params=export ORACLE_SID={{source_oracle_sid}}
export ORACLE_HOME={{source_oracle_home}}
cd {{source_verification_dir}}
printf '@{{ item }}' | {{ source_oracle_home }}/bin/sqlplus -s {{source_conn_str}} as sysdba
] ***
Friday 06 December 2024  09:00:47 +0000 (0:00:00.093)       0:02:08.188 ******* 
[WARNING]: Using world-readable permissions for temporary files Ansible needs
to create when becoming an unprivileged user. This may be insecure. For
information on securing this, see
https://docs.ansible.com/ansible/become.html#becoming-an-unprivileged-user
changed: [10.53.64.8] => (item=/home/oracle/version1/US2SUP_verification/Application_Objects_In_System_Sysaux.sql)
changed: [10.53.64.8] => (item=/home/oracle/version1/US2SUP_verification/DB_Links_Details.sql)
changed: [10.53.64.8] => (item=/home/oracle/version1/US2SUP_verification/Granted_Roles.sql)
changed: [10.53.64.8] => (item=/home/oracle/version1/US2SUP_verification/Invalid_Objects.sql)
changed: [10.53.64.8] => (item=/home/oracle/version1/US2SUP_verification/List_Schemas_And_Default_TBS.sql)
changed: [10.53.64.8] => (item=/home/oracle/version1/US2SUP_verification/Object_Count_Per_Schema.sql)
changed: [10.53.64.8] => (item=/home/oracle/version1/US2SUP_verification/Schedules_jobs.sql)

TASK [final_backup : display sql_out msg={{item.stdout_lines}}] ****************
Friday 06 December 2024  09:01:47 +0000 (0:00:59.523)       0:03:07.711 ******* 
ok: [10.53.64.8] => (item={'cmd': "export ORACLE_SID=US2SUP\nexport ORACLE_HOME=/u01/app/oracle/product/19c/database\ncd /home/oracle/version1/US2SUP_verification\nprintf '@/home/oracle/version1/US2SUP_verification/Application_Objects_In_System_Sysaux.sql' | /u01/app/oracle/product/19c/database/bin/sqlplus -s oci_mig/version1_Oc1_M1g@US2SUP as sysdba\n", 'stdout': '', 'stderr': '', 'rc': 0, 'start': '2024-12-06 09:00:54.424782', 'end': '2024-12-06 09:00:56.795817', 'delta': '0:00:02.371035', 'changed': True, 'invocation': {'module_args': {'_raw_params': "export ORACLE_SID=US2SUP\nexport ORACLE_HOME=/u01/app/oracle/product/19c/database\ncd /home/oracle/version1/US2SUP_verification\nprintf '@/home/oracle/version1/US2SUP_verification/Application_Objects_In_System_Sysaux.sql' | /u01/app/oracle/product/19c/database/bin/sqlplus -s oci_mig/version1_Oc1_M1g@US2SUP as sysdba\n", '_uses_shell': True, 'warn': True, 'stdin_add_newline': True, 'strip_empty_ends': True, 'argv': None, 'chdir': None, 'executable': None, 'creates': None, 'removes': None, 'stdin': None}}, 'stdout_lines': [], 'stderr_lines': [], 'failed': False, 'item': '/home/oracle/version1/US2SUP_verification/Application_Objects_In_System_Sysaux.sql', 'ansible_loop_var': 'item'}) => {
    "msg": []
}
ok: [10.53.64.8] => (item={'cmd': "export ORACLE_SID=US2SUP\nexport ORACLE_HOME=/u01/app/oracle/product/19c/database\ncd /home/oracle/version1/US2SUP_verification\nprintf '@/home/oracle/version1/US2SUP_verification/DB_Links_Details.sql' | /u01/app/oracle/product/19c/database/bin/sqlplus -s oci_mig/version1_Oc1_M1g@US2SUP as sysdba\n", 'stdout': '', 'stderr': '', 'rc': 0, 'start': '2024-12-06 09:01:04.724647', 'end': '2024-12-06 09:01:05.984031', 'delta': '0:00:01.259384', 'changed': True, 'invocation': {'module_args': {'_raw_params': "export ORACLE_SID=US2SUP\nexport ORACLE_HOME=/u01/app/oracle/product/19c/database\ncd /home/oracle/version1/US2SUP_verification\nprintf '@/home/oracle/version1/US2SUP_verification/DB_Links_Details.sql' | /u01/app/oracle/product/19c/database/bin/sqlplus -s oci_mig/version1_Oc1_M1g@US2SUP as sysdba\n", '_uses_shell': True, 'warn': True, 'stdin_add_newline': True, 'strip_empty_ends': True, 'argv': None, 'chdir': None, 'executable': None, 'creates': None, 'removes': None, 'stdin': None}}, 'stdout_lines': [], 'stderr_lines': [], 'failed': False, 'item': '/home/oracle/version1/US2SUP_verification/DB_Links_Details.sql', 'ansible_loop_var': 'item'}) => {
    "msg": []
}
ok: [10.53.64.8] => (item={'cmd': "export ORACLE_SID=US2SUP\nexport ORACLE_HOME=/u01/app/oracle/product/19c/database\ncd /home/oracle/version1/US2SUP_verification\nprintf '@/home/oracle/version1/US2SUP_verification/Granted_Roles.sql' | /u01/app/oracle/product/19c/database/bin/sqlplus -s oci_mig/version1_Oc1_M1g@US2SUP as sysdba\n", 'stdout': '', 'stderr': '', 'rc': 0, 'start': '2024-12-06 09:01:12.423536', 'end': '2024-12-06 09:01:14.224015', 'delta': '0:00:01.800479', 'changed': True, 'invocation': {'module_args': {'_raw_params': "export ORACLE_SID=US2SUP\nexport ORACLE_HOME=/u01/app/oracle/product/19c/database\ncd /home/oracle/version1/US2SUP_verification\nprintf '@/home/oracle/version1/US2SUP_verification/Granted_Roles.sql' | /u01/app/oracle/product/19c/database/bin/sqlplus -s oci_mig/version1_Oc1_M1g@US2SUP as sysdba\n", '_uses_shell': True, 'warn': True, 'stdin_add_newline': True, 'strip_empty_ends': True, 'argv': None, 'chdir': None, 'executable': None, 'creates': None, 'removes': None, 'stdin': None}}, 'stdout_lines': [], 'stderr_lines': [], 'failed': False, 'item': '/home/oracle/version1/US2SUP_verification/Granted_Roles.sql', 'ansible_loop_var': 'item'}) => {
    "msg": []
}
ok: [10.53.64.8] => (item={'cmd': "export ORACLE_SID=US2SUP\nexport ORACLE_HOME=/u01/app/oracle/product/19c/database\ncd /home/oracle/version1/US2SUP_verification\nprintf '@/home/oracle/version1/US2SUP_verification/Invalid_Objects.sql' | /u01/app/oracle/product/19c/database/bin/sqlplus -s oci_mig/version1_Oc1_M1g@US2SUP as sysdba\n", 'stdout': '', 'stderr': '', 'rc': 0, 'start': '2024-12-06 09:01:20.465869', 'end': '2024-12-06 09:01:21.594940', 'delta': '0:00:01.129071', 'changed': True, 'invocation': {'module_args': {'_raw_params': "export ORACLE_SID=US2SUP\nexport ORACLE_HOME=/u01/app/oracle/product/19c/database\ncd /home/oracle/version1/US2SUP_verification\nprintf '@/home/oracle/version1/US2SUP_verification/Invalid_Objects.sql' | /u01/app/oracle/product/19c/database/bin/sqlplus -s oci_mig/version1_Oc1_M1g@US2SUP as sysdba\n", '_uses_shell': True, 'warn': True, 'stdin_add_newline': True, 'strip_empty_ends': True, 'argv': None, 'chdir': None, 'executable': None, 'creates': None, 'removes': None, 'stdin': None}}, 'stdout_lines': [], 'stderr_lines': [], 'failed': False, 'item': '/home/oracle/version1/US2SUP_verification/Invalid_Objects.sql', 'ansible_loop_var': 'item'}) => {
    "msg": []
}
ok: [10.53.64.8] => (item={'cmd': "export ORACLE_SID=US2SUP\nexport ORACLE_HOME=/u01/app/oracle/product/19c/database\ncd /home/oracle/version1/US2SUP_verification\nprintf '@/home/oracle/version1/US2SUP_verification/List_Schemas_And_Default_TBS.sql' | /u01/app/oracle/product/19c/database/bin/sqlplus -s oci_mig/version1_Oc1_M1g@US2SUP as sysdba\n", 'stdout': '', 'stderr': '', 'rc': 0, 'start': '2024-12-06 09:01:27.765522', 'end': '2024-12-06 09:01:29.214732', 'delta': '0:00:01.449210', 'changed': True, 'invocation': {'module_args': {'_raw_params': "export ORACLE_SID=US2SUP\nexport ORACLE_HOME=/u01/app/oracle/product/19c/database\ncd /home/oracle/version1/US2SUP_verification\nprintf '@/home/oracle/version1/US2SUP_verification/List_Schemas_And_Default_TBS.sql' | /u01/app/oracle/product/19c/database/bin/sqlplus -s oci_mig/version1_Oc1_M1g@US2SUP as sysdba\n", '_uses_shell': True, 'warn': True, 'stdin_add_newline': True, 'strip_empty_ends': True, 'argv': None, 'chdir': None, 'executable': None, 'creates': None, 'removes': None, 'stdin': None}}, 'stdout_lines': [], 'stderr_lines': [], 'failed': False, 'item': '/home/oracle/version1/US2SUP_verification/List_Schemas_And_Default_TBS.sql', 'ansible_loop_var': 'item'}) => {
    "msg": []
}
ok: [10.53.64.8] => (item={'cmd': "export ORACLE_SID=US2SUP\nexport ORACLE_HOME=/u01/app/oracle/product/19c/database\ncd /home/oracle/version1/US2SUP_verification\nprintf '@/home/oracle/version1/US2SUP_verification/Object_Count_Per_Schema.sql' | /u01/app/oracle/product/19c/database/bin/sqlplus -s oci_mig/version1_Oc1_M1g@US2SUP as sysdba\n", 'stdout': '', 'stderr': '', 'rc': 0, 'start': '2024-12-06 09:01:35.402700', 'end': '2024-12-06 09:01:37.104642', 'delta': '0:00:01.701942', 'changed': True, 'invocation': {'module_args': {'_raw_params': "export ORACLE_SID=US2SUP\nexport ORACLE_HOME=/u01/app/oracle/product/19c/database\ncd /home/oracle/version1/US2SUP_verification\nprintf '@/home/oracle/version1/US2SUP_verification/Object_Count_Per_Schema.sql' | /u01/app/oracle/product/19c/database/bin/sqlplus -s oci_mig/version1_Oc1_M1g@US2SUP as sysdba\n", '_uses_shell': True, 'warn': True, 'stdin_add_newline': True, 'strip_empty_ends': True, 'argv': None, 'chdir': None, 'executable': None, 'creates': None, 'removes': None, 'stdin': None}}, 'stdout_lines': [], 'stderr_lines': [], 'failed': False, 'item': '/home/oracle/version1/US2SUP_verification/Object_Count_Per_Schema.sql', 'ansible_loop_var': 'item'}) => {
    "msg": []
}
ok: [10.53.64.8] => (item={'cmd': "export ORACLE_SID=US2SUP\nexport ORACLE_HOME=/u01/app/oracle/product/19c/database\ncd /home/oracle/version1/US2SUP_verification\nprintf '@/home/oracle/version1/US2SUP_verification/Schedules_jobs.sql' | /u01/app/oracle/product/19c/database/bin/sqlplus -s oci_mig/version1_Oc1_M1g@US2SUP as sysdba\n", 'stdout': '', 'stderr': '', 'rc': 0, 'start': '2024-12-06 09:01:44.504788', 'end': '2024-12-06 09:01:46.773606', 'delta': '0:00:02.268818', 'changed': True, 'invocation': {'module_args': {'_raw_params': "export ORACLE_SID=US2SUP\nexport ORACLE_HOME=/u01/app/oracle/product/19c/database\ncd /home/oracle/version1/US2SUP_verification\nprintf '@/home/oracle/version1/US2SUP_verification/Schedules_jobs.sql' | /u01/app/oracle/product/19c/database/bin/sqlplus -s oci_mig/version1_Oc1_M1g@US2SUP as sysdba\n", '_uses_shell': True, 'warn': True, 'stdin_add_newline': True, 'strip_empty_ends': True, 'argv': None, 'chdir': None, 'executable': None, 'creates': None, 'removes': None, 'stdin': None}}, 'stdout_lines': [], 'stderr_lines': [], 'failed': False, 'item': '/home/oracle/version1/US2SUP_verification/Schedules_jobs.sql', 'ansible_loop_var': 'item'}) => {
    "msg": []
}

TASK [final_backup : create a directory on Ansible controller node to store the db verification log files path=/home/ansibleadmin/db_reconciliation/{{ source_db }}, state=directory] ***
Friday 06 December 2024  09:01:47 +0000 (0:00:00.083)       0:03:07.795 ******* 
changed: [10.53.64.8 -> localhost]

TASK [final_backup : find the.log files from "/home/oracle/version1/US2SUP_verification" directory paths={{source_verification_dir}}/, patterns=*.log] ***
Friday 06 December 2024  09:01:47 +0000 (0:00:00.302)       0:03:08.098 ******* 
[WARNING]: Using world-readable permissions for temporary files Ansible needs
to create when becoming an unprivileged user. This may be insecure. For
information on securing this, see
https://docs.ansible.com/ansible/become.html#becoming-an-unprivileged-user
ok: [10.53.64.8]

TASK [final_backup : copy the verification log files from the source db to Ansible-controller for reconciliation src={{ item.path }}, dest=/home/ansibleadmin/db_reconciliation/{{ source_db }}/, flat=True] ***
Friday 06 December 2024  09:01:54 +0000 (0:00:06.207)       0:03:14.305 ******* 
[WARNING]: Using world-readable permissions for temporary files Ansible needs
to create when becoming an unprivileged user. This may be insecure. For
information on securing this, see
https://docs.ansible.com/ansible/become.html#becoming-an-unprivileged-user
changed: [10.53.64.8] => (item={'path': '/home/oracle/version1/US2SUP_verification/Application_Objects_US2SUP_hrraxdv2028.log', 'mode': '0644', 'isdir': False, 'ischr': False, 'isblk': False, 'isreg': True, 'isfifo': False, 'islnk': False, 'issock': False, 'uid': 1100, 'gid': 1000, 'size': 2011, 'inode': 49224, 'dev': -9223371993905102840, 'nlink': 1, 'atime': 1733475655.3963084, 'mtime': 1733475656.7850683, 'ctime': 1733475656.7850683, 'gr_name': 'oinstall', 'pw_name': 'oracle', 'wusr': True, 'rusr': True, 'xusr': False, 'wgrp': False, 'rgrp': True, 'xgrp': False, 'woth': False, 'roth': True, 'xoth': False, 'isuid': False, 'isgid': False})
changed: [10.53.64.8] => (item={'path': '/home/oracle/version1/US2SUP_verification/DB_Links_US2SUP_hrraxdv2028.log', 'mode': '0644', 'isdir': False, 'ischr': False, 'isblk': False, 'isreg': True, 'isfifo': False, 'islnk': False, 'issock': False, 'uid': 1100, 'gid': 1000, 'size': 15016, 'inode': 49225, 'dev': -9223371993905102840, 'nlink': 1, 'atime': 1733475665.9251695, 'mtime': 1733475665.9634974, 'ctime': 1733475665.9634974, 'gr_name': 'oinstall', 'pw_name': 'oracle', 'wusr': True, 'rusr': True, 'xusr': False, 'wgrp': False, 'rgrp': True, 'xgrp': False, 'woth': False, 'roth': True, 'xoth': False, 'isuid': False, 'isgid': False})
changed: [10.53.64.8] => (item={'path': '/home/oracle/version1/US2SUP_verification/Scheduled_Jobs_US2SUP_hrraxdv2028.log', 'mode': '0644', 'isdir': False, 'ischr': False, 'isblk': False, 'isreg': True, 'isfifo': False, 'islnk': False, 'issock': False, 'uid': 1100, 'gid': 1000, 'size': 15063, 'inode': 49230, 'dev': -9223371993905102840, 'nlink': 1, 'atime': 1733475705.9324942, 'mtime': 1733475706.7620962, 'ctime': 1733475706.7620962, 'gr_name': 'oinstall', 'pw_name': 'oracle', 'wusr': True, 'rusr': True, 'xusr': False, 'wgrp': False, 'rgrp': True, 'xgrp': False, 'woth': False, 'roth': True, 'xoth': False, 'isuid': False, 'isgid': False})
changed: [10.53.64.8] => (item={'path': '/home/oracle/version1/US2SUP_verification/Schemas_and_def_tablespace_US2SUP_hrraxdv2028.log', 'mode': '0644', 'isdir': False, 'ischr': False, 'isblk': False, 'isreg': True, 'isfifo': False, 'islnk': False, 'issock': False, 'uid': 1100, 'gid': 1000, 'size': 34069, 'inode': 49228, 'dev': -9223371993905102840, 'nlink': 1, 'atime': 1733475689.1044893, 'mtime': 1733475689.1943524, 'ctime': 1733475689.1943524, 'gr_name': 'oinstall', 'pw_name': 'oracle', 'wusr': True, 'rusr': True, 'xusr': False, 'wgrp': False, 'rgrp': True, 'xgrp': False, 'woth': False, 'roth': True, 'xoth': False, 'isuid': False, 'isgid': False})
changed: [10.53.64.8] => (item={'path': '/home/oracle/version1/US2SUP_verification/granted_roles_US2SUP_hrraxdv2028.log', 'mode': '0644', 'isdir': False, 'ischr': False, 'isblk': False, 'isreg': True, 'isfifo': False, 'islnk': False, 'issock': False, 'uid': 1100, 'gid': 1000, 'size': 19783, 'inode': 49226, 'dev': -9223371993905102840, 'nlink': 1, 'atime': 1733475674.0844047, 'mtime': 1733475674.2036395, 'ctime': 1733475674.2036395, 'gr_name': 'oinstall', 'pw_name': 'oracle', 'wusr': True, 'rusr': True, 'xusr': False, 'wgrp': False, 'rgrp': True, 'xgrp': False, 'woth': False, 'roth': True, 'xoth': False, 'isuid': False, 'isgid': False})
changed: [10.53.64.8] => (item={'path': '/home/oracle/version1/US2SUP_verification/invalid_objects_US2SUP_hrraxdv2028.log', 'mode': '0644', 'isdir': False, 'ischr': False, 'isblk': False, 'isreg': True, 'isfifo': False, 'islnk': False, 'issock': False, 'uid': 1100, 'gid': 1000, 'size': 112274, 'inode': 49227, 'dev': -9223371993905102840, 'nlink': 1, 'atime': 1733475681.292502, 'mtime': 1733475681.58251, 'ctime': 1733475681.58251, 'gr_name': 'oinstall', 'pw_name': 'oracle', 'wusr': True, 'rusr': True, 'xusr': False, 'wgrp': False, 'rgrp': True, 'xgrp': False, 'woth': False, 'roth': True, 'xoth': False, 'isuid': False, 'isgid': False})
changed: [10.53.64.8] => (item={'path': '/home/oracle/version1/US2SUP_verification/object_countsByType_US2SUP_hrraxdv2028.log', 'mode': '0644', 'isdir': False, 'ischr': False, 'isblk': False, 'isreg': True, 'isfifo': False, 'islnk': False, 'issock': False, 'uid': 1100, 'gid': 1000, 'size': 112893, 'inode': 49229, 'dev': -9223371993905102840, 'nlink': 1, 'atime': 1733475696.0257697, 'mtime': 1733475697.092501, 'ctime': 1733475697.092501, 'gr_name': 'oinstall', 'pw_name': 'oracle', 'wusr': True, 'rusr': True, 'xusr': False, 'wgrp': False, 'rgrp': True, 'xgrp': False, 'woth': False, 'roth': True, 'xoth': False, 'isuid': False, 'isgid': False})

TASK [final_backup : Do the final incremental backup on hrraxdv2028.emea.hays.loc _raw_params=export TMPDIR={{ source_xtts_scripts_dir }}
export ORACLE_SID={{ source_oracle_sid }}
export ORACLE_HOME={{ source_oracle_home }}
export NLS_LANG={{ nls_lang }}
cd {{ source_xtts_scripts_dir }}
{{ source_oracle_home }}/perl/bin/perl xttdriver.pl --backup
] ***
Friday 06 December 2024  09:02:38 +0000 (0:00:44.870)       0:03:59.176 ******* 
[WARNING]: Using world-readable permissions for temporary files Ansible needs
to create when becoming an unprivileged user. This may be insecure. For
information on securing this, see
https://docs.ansible.com/ansible/become.html#becoming-an-unprivileged-user
changed: [10.53.64.8]

TASK [final_backup : Wait for the final incremental backup job to finish jid={{ backup_async_job.ansible_job_id }}] ***
Friday 06 December 2024  09:02:44 +0000 (0:00:05.805)       0:04:04.981 ******* 
[WARNING]: Using world-readable permissions for temporary files Ansible needs
to create when becoming an unprivileged user. This may be insecure. For
information on securing this, see
https://docs.ansible.com/ansible/become.html#becoming-an-unprivileged-user
FAILED - RETRYING: Wait for the final incremental backup job to finish (20160 retries left).
FAILED - RETRYING: Wait for the final incremental backup job to finish (20159 retries left).
FAILED - RETRYING: Wait for the final incremental backup job to finish (20158 retries left).
changed: [10.53.64.8]

TASK [final_backup : Validate if the final incremental backup has been completed successfully msg=['Final incremental backup has now been completed', '{{ backup_out.stdout_lines }}']] ***
Friday 06 December 2024  09:04:36 +0000 (0:01:52.036)       0:05:57.018 ******* 
ok: [10.53.64.8] => {
    "msg": [
        "Final incremental backup has now been completed",
        [
            "============================================================",
            "trace file is /home/oracle/version1/US2SUP_xtts/backup_Dec6_Fri_09_02_45_578//Dec6_Fri_09_02_45_578_.log",
            "=============================================================",
            "",
            "--------------------------------------------------------------------",
            "Parsing properties",
            "--------------------------------------------------------------------",
            "",
            "",
            "--------------------------------------------------------------------",
            "Done parsing properties",
            "--------------------------------------------------------------------",
            "",
            "",
            "--------------------------------------------------------------------",
            "Checking properties",
            "--------------------------------------------------------------------",
            "",
            "",
            "--------------------------------------------------------------------",
            "Maximum 8 files will be fetched in parallel",
            "--------------------------------------------------------------------",
            "",
            "",
            "--------------------------------------------------------------------",
            "Done checking properties",
            "--------------------------------------------------------------------",
            "",
            "",
            "--------------------------------------------------------------------",
            "Backup incremental",
            "--------------------------------------------------------------------",
            "",
            "scalar(or10",
            "XXX: adding here for 2, 0, ADAPT_DATA,ADAPT_USERS,BOISJMSDB,DHC_ROLLBACK_TRANSIENT,FUZZY_SEARCH,OT_SCHD_DATA,SPMSGBRK_DATA,VEREDUS_DATA,WEBINT_DATA,ADAPTINTOUCH",
            "Prepare newscn for Tablespaces: 'ADAPT_DATA'",
            "Prepare newscn for Tablespaces: 'ADAPT_USERS'",
            "Prepare newscn for Tablespaces: 'BOISJMSDB'",
            "Prepare newscn for Tablespaces: 'DHC_ROLLBACK_TRANSIENT'",
            "Prepare newscn for Tablespaces: 'FUZZY_SEARCH'",
            "Prepare newscn for Tablespaces: 'OT_SCHD_DATA'",
            "Prepare newscn for Tablespaces: 'SPMSGBRK_DATA'",
            "Prepare newscn for Tablespaces: 'VEREDUS_DATA'",
            "Prepare newscn for Tablespaces: 'WEBINT_DATA'",
            "Prepare newscn for Tablespaces: 'ADAPTINTOUCH'",
            "",
            "--------------------------------------------------------------------",
            "Starting incremental backup",
            "--------------------------------------------------------------------",
            "",
            "",
            "--------------------------------------------------------------------",
            "Done backing up incrementals",
            "--------------------------------------------------------------------",
            "",
            "Prepare newscn for Tablespaces: 'ADAPT_DATA'",
            "DECLARE*",
            "ERROR at line 1:",
            "ORA-20001: TABLESPACE(S) IS READONLY OR,",
            "OFFLINE JUST CONVERT, COPY",
            "ORA-06512: at line 284",
            "",
            "####################################################################",
            "Warning:",
            "------",
            "Warnings found in executing /home/oracle/version1/US2SUP_xtts/backup_Dec6_Fri_09_02_45_578//xttpreparenextiter.sql",
            "####################################################################",
            "Prepare newscn for Tablespaces: 'ADAPT_USERS'",
            "DECLARE*",
            "ERROR at line 1:",
            "ORA-20001: TABLESPACE(S) IS READONLY OR,",
            "OFFLINE JUST CONVERT, COPY",
            "ORA-06512: at line 284",
            "",
            "####################################################################",
            "Warning:",
            "------",
            "Warnings found in executing /home/oracle/version1/US2SUP_xtts/backup_Dec6_Fri_09_02_45_578//xttpreparenextiter.sql",
            "####################################################################",
            "Prepare newscn for Tablespaces: 'BOISJMSDB'",
            "DECLARE*",
            "ERROR at line 1:",
            "ORA-20001: TABLESPACE(S) IS READONLY OR,",
            "OFFLINE JUST CONVERT, COPY",
            "ORA-06512: at line 284",
            "",
            "####################################################################",
            "Warning:",
            "------",
            "Warnings found in executing /home/oracle/version1/US2SUP_xtts/backup_Dec6_Fri_09_02_45_578//xttpreparenextiter.sql",
            "####################################################################",
            "Prepare newscn for Tablespaces: 'DHC_ROLLBACK_TRANSIENT'",
            "DECLARE*",
            "ERROR at line 1:",
            "ORA-20001: TABLESPACE(S) IS READONLY OR,",
            "OFFLINE JUST CONVERT, COPY",
            "ORA-06512: at line 284",
            "",
            "####################################################################",
            "Warning:",
            "------",
            "Warnings found in executing /home/oracle/version1/US2SUP_xtts/backup_Dec6_Fri_09_02_45_578//xttpreparenextiter.sql",
            "####################################################################",
            "Prepare newscn for Tablespaces: 'FUZZY_SEARCH'",
            "DECLARE*",
            "ERROR at line 1:",
            "ORA-20001: TABLESPACE(S) IS READONLY OR,",
            "OFFLINE JUST CONVERT, COPY",
            "ORA-06512: at line 284",
            "",
            "####################################################################",
            "Warning:",
            "------",
            "Warnings found in executing /home/oracle/version1/US2SUP_xtts/backup_Dec6_Fri_09_02_45_578//xttpreparenextiter.sql",
            "####################################################################",
            "Prepare newscn for Tablespaces: 'OT_SCHD_DATA'",
            "DECLARE*",
            "ERROR at line 1:",
            "ORA-20001: TABLESPACE(S) IS READONLY OR,",
            "OFFLINE JUST CONVERT, COPY",
            "ORA-06512: at line 284",
            "",
            "####################################################################",
            "Warning:",
            "------",
            "Warnings found in executing /home/oracle/version1/US2SUP_xtts/backup_Dec6_Fri_09_02_45_578//xttpreparenextiter.sql",
            "####################################################################",
            "Prepare newscn for Tablespaces: 'SPMSGBRK_DATA'",
            "DECLARE*",
            "ERROR at line 1:",
            "ORA-20001: TABLESPACE(S) IS READONLY OR,",
            "OFFLINE JUST CONVERT, COPY",
            "ORA-06512: at line 284",
            "",
            "####################################################################",
            "Warning:",
            "------",
            "Warnings found in executing /home/oracle/version1/US2SUP_xtts/backup_Dec6_Fri_09_02_45_578//xttpreparenextiter.sql",
            "####################################################################",
            "Prepare newscn for Tablespaces: 'VEREDUS_DATA'",
            "DECLARE*",
            "ERROR at line 1:",
            "ORA-20001: TABLESPACE(S) IS READONLY OR,",
            "OFFLINE JUST CONVERT, COPY",
            "ORA-06512: at line 284",
            "",
            "####################################################################",
            "Warning:",
            "------",
            "Warnings found in executing /home/oracle/version1/US2SUP_xtts/backup_Dec6_Fri_09_02_45_578//xttpreparenextiter.sql",
            "####################################################################",
            "Prepare newscn for Tablespaces: 'WEBINT_DATA'",
            "DECLARE*",
            "ERROR at line 1:",
            "ORA-20001: TABLESPACE(S) IS READONLY OR,",
            "OFFLINE JUST CONVERT, COPY",
            "ORA-06512: at line 284",
            "",
            "####################################################################",
            "Warning:",
            "------",
            "Warnings found in executing /home/oracle/version1/US2SUP_xtts/backup_Dec6_Fri_09_02_45_578//xttpreparenextiter.sql",
            "####################################################################",
            "Prepare newscn for Tablespaces: 'ADAPTINTOUCH'",
            "DECLARE*",
            "ERROR at line 1:",
            "ORA-20001: TABLESPACE(S) IS READONLY OR,",
            "OFFLINE JUST CONVERT, COPY",
            "ORA-06512: at line 284",
            "",
            "####################################################################",
            "Warning:",
            "------",
            "Warnings found in executing /home/oracle/version1/US2SUP_xtts/backup_Dec6_Fri_09_02_45_578//xttpreparenextiter.sql",
            "####################################################################",
            "New /home/oracle/version1/US2SUP_xtts/xttplan.txt with FROM SCN's generated"
        ]
    ]
}

PLAY [do the  metadata export on hrraxdv2028.emea.hays.loc] ********************

PLAY [do the  grants export on hrraxdv2028.emea.hays.loc] **********************

PLAY [transfer the final incremental backups to the /mnt/otchukl1npfss01/xtts_backup/version1/USPP_xtts_scratch] ***

PLAY [transfer the full meta dumps to the /mnt/otchukl1npfss01/xtts_backup/version1/USPP_dump] ***

PLAY [do the final incremental restore on foaukl1npdb-swdo81.otchukl1npexcl.otchukl1npvcn01.oraclevcn.com] ***

PLAY [find the datafiles on ASM on foaukl1npdb-swdo81.otchukl1npexcl.otchukl1npvcn01.oraclevcn.com] ***

PLAY [do the metadata import on foaukl1npdb-swdo81.otchukl1npexcl.otchukl1npvcn01.oraclevcn.com] ***

PLAY [do the grants import on foaukl1npdb-swdo81.otchukl1npexcl.otchukl1npvcn01.oraclevcn.com] ***

PLAY [do the post migration check on foaukl1npdb-swdo81.otchukl1npexcl.otchukl1npvcn01.oraclevcn.com] ***

PLAY RECAP *********************************************************************
10.53.64.8                 : ok=14   changed=7    unreachable=0    failed=0    skipped=0    rescued=0    ignored=0   

Friday 06 December 2024  09:04:36 +0000 (0:00:00.076)       0:05:57.094 ******* 
=============================================================================== 
final_backup : Wait for the final incremental backup job to finish ---- 112.04s
final_backup : alter the provided user tablspaces to read only --------- 93.73s
final_backup : run the verification scripts capture the source db objects details -- 59.52s
final_backup : copy the verification log files from the source db to Ansible-controller for reconciliation -- 44.87s
Gathering Facts -------------------------------------------------------- 27.97s
final_backup : purge the recyclebin ------------------------------------- 6.29s
final_backup : find the.log files from "/home/oracle/version1/US2SUP_verification" directory --- 6.21s
final_backup : Do the final incremental backup on hrraxdv2028.emea.hays.loc --- 5.81s
final_backup : create a directory on Ansible controller node to store the db verification log files --- 0.30s
final_backup : display tbs_out ------------------------------------------ 0.09s
final_backup : display sql_out ------------------------------------------ 0.08s
final_backup : Validate if the final incremental backup has been completed successfully --- 0.08s
final_backup : list tablespaces ----------------------------------------- 0.03s
final_backup : display recyclebin_out ----------------------------------- 0.03s
