nohup: ignoring input

PLAY [do level 1 backup on hrraxdv2028.emea.hays.loc] **************************

TASK [Gathering Facts gather_subset=['all'], gather_timeout=10] ****************
Thursday 05 December 2024  19:42:44 +0000 (0:00:00.047)       0:00:00.047 ***** 
[WARNING]: Using world-readable permissions for temporary files Ansible needs
to create when becoming an unprivileged user. This may be insecure. For
information on securing this, see
https://docs.ansible.com/ansible/become.html#becoming-an-unprivileged-user
[WARNING]: Platform aix on host 10.53.64.8 is using the discovered Python
interpreter at /usr/bin/python, but future installation of another Python
interpreter could change this. See https://docs.ansible.com/ansible/2.9/referen
ce_appendices/interpreter_discovery.html for more information.
ok: [10.53.64.8]

TASK [level_1_backup : first check if res.txt exists on /home/oracle/version1/US2SUP_xtts path={{source_xtts_scripts_dir}}/res.txt] ***
Thursday 05 December 2024  19:43:07 +0000 (0:00:23.158)       0:00:23.205 ***** 
[WARNING]: Using world-readable permissions for temporary files Ansible needs
to create when becoming an unprivileged user. This may be insecure. For
information on securing this, see
https://docs.ansible.com/ansible/become.html#becoming-an-unprivileged-user
ok: [10.53.64.8]

TASK [level_1_backup : fail msg=res.txt file not found. Investigate if level 0 backup has been taken successfully before] ***
Thursday 05 December 2024  19:43:12 +0000 (0:00:05.048)       0:00:28.253 ***** 
skipping: [10.53.64.8]

TASK [level_1_backup : fail msg=res.txt file is empty. Investigate if level 0 backup has been taken successfully before] ***
Thursday 05 December 2024  19:43:12 +0000 (0:00:00.022)       0:00:28.276 ***** 
skipping: [10.53.64.8]

TASK [level_1_backup : shell _raw_params=cat {{source_xtts_scripts_dir}}/res.txt] ***
Thursday 05 December 2024  19:43:13 +0000 (0:00:00.022)       0:00:28.298 ***** 
[WARNING]: Using world-readable permissions for temporary files Ansible needs
to create when becoming an unprivileged user. This may be insecure. For
information on securing this, see
https://docs.ansible.com/ansible/become.html#becoming-an-unprivileged-user
changed: [10.53.64.8]

TASK [level_1_backup : debug msg={{cat_out.stdout_lines}}] *********************
Thursday 05 December 2024  19:43:17 +0000 (0:00:04.549)       0:00:32.847 ***** 
ok: [10.53.64.8] => {
    "msg": [
        "#0:::7,6,ADAPT_DATA_72_sm3bu6gi_29590_1_1.bkp,0,15624644535479,0,0,0,ADAPT_DATA,ADAPT_DATA_7.dbf",
        "#0:::8,6,ADAPT_DATA_73_sn3bu6gi_29591_1_1.bkp,0,15624644535479,0,0,0,ADAPT_DATA,ADAPT_DATA_8.dbf",
        "#0:::9,6,ADAPT_DATA_74_so3bu6gi_29592_1_1.bkp,0,15624644535479,0,0,0,ADAPT_DATA,ADAPT_DATA_9.dbf",
        "#0:::48,6,ADAPT_DATA_75_sp3bu6gi_29593_1_1.bkp,0,15624644535479,0,0,0,ADAPT_DATA,ADAPT_DATA_48.dbf",
        "#0:::49,6,ADAPT_DATA_76_sq3bu6gi_29594_1_1.bkp,0,15624644535479,0,0,0,ADAPT_DATA,ADAPT_DATA_49.dbf",
        "#0:::50,6,ADAPT_DATA_77_sr3bu6gj_29595_1_1.bkp,0,15624644535479,0,0,0,ADAPT_DATA,ADAPT_DATA_50.dbf",
        "#0:::51,6,ADAPT_DATA_78_ss3bu6gj_29596_1_1.bkp,0,15624644535479,0,0,0,ADAPT_DATA,ADAPT_DATA_51.dbf",
        "#0:::52,6,ADAPT_DATA_79_st3bu6gj_29597_1_1.bkp,0,15624644535479,0,0,0,ADAPT_DATA,ADAPT_DATA_52.dbf",
        "#0:::53,6,ADAPT_DATA_80_su3bu6gj_29598_1_1.bkp,0,15624644535479,0,0,0,ADAPT_DATA,ADAPT_DATA_53.dbf",
        "#0:::54,6,ADAPT_DATA_72_sm3bu6gi_29590_1_1.bkp,0,15624644535479,0,0,0,ADAPT_DATA,ADAPT_DATA_54.dbf",
        "#0:::55,6,ADAPT_DATA_73_sn3bu6gi_29591_1_1.bkp,0,15624644535479,0,0,0,ADAPT_DATA,ADAPT_DATA_55.dbf",
        "#0:::56,6,ADAPT_DATA_74_so3bu6gi_29592_1_1.bkp,0,15624644535479,0,0,0,ADAPT_DATA,ADAPT_DATA_56.dbf",
        "#0:::57,6,ADAPT_DATA_75_sp3bu6gi_29593_1_1.bkp,0,15624644535479,0,0,0,ADAPT_DATA,ADAPT_DATA_57.dbf",
        "#0:::58,6,ADAPT_DATA_76_sq3bu6gi_29594_1_1.bkp,0,15624644535479,0,0,0,ADAPT_DATA,ADAPT_DATA_58.dbf",
        "#0:::59,6,ADAPT_DATA_77_sr3bu6gj_29595_1_1.bkp,0,15624644535479,0,0,0,ADAPT_DATA,ADAPT_DATA_59.dbf",
        "#0:::60,6,ADAPT_DATA_78_ss3bu6gj_29596_1_1.bkp,0,15624644535479,0,0,0,ADAPT_DATA,ADAPT_DATA_60.dbf",
        "#0:::61,6,ADAPT_DATA_79_st3bu6gj_29597_1_1.bkp,0,15624644535479,0,0,0,ADAPT_DATA,ADAPT_DATA_61.dbf",
        "#0:::62,6,ADAPT_DATA_80_su3bu6gj_29598_1_1.bkp,0,15624644535479,0,0,0,ADAPT_DATA,ADAPT_DATA_62.dbf",
        "#0:::63,6,ADAPT_DATA_72_sm3bu6gi_29590_1_1.bkp,0,15624644535479,0,0,0,ADAPT_DATA,ADAPT_DATA_63.dbf",
        "#0:::64,6,ADAPT_DATA_73_sn3bu6gi_29591_1_1.bkp,0,15624644535479,0,0,0,ADAPT_DATA,ADAPT_DATA_64.dbf",
        "#0:::65,6,ADAPT_DATA_74_so3bu6gi_29592_1_1.bkp,0,15624644535479,0,0,0,ADAPT_DATA,ADAPT_DATA_65.dbf",
        "#0:::66,6,ADAPT_DATA_75_sp3bu6gi_29593_1_1.bkp,0,15624644535479,0,0,0,ADAPT_DATA,ADAPT_DATA_66.dbf",
        "#0:::67,6,ADAPT_DATA_76_sq3bu6gi_29594_1_1.bkp,0,15624644535479,0,0,0,ADAPT_DATA,ADAPT_DATA_67.dbf",
        "#0:::68,6,ADAPT_DATA_77_sr3bu6gj_29595_1_1.bkp,0,15624644535479,0,0,0,ADAPT_DATA,ADAPT_DATA_68.dbf",
        "#0:::69,6,ADAPT_DATA_78_ss3bu6gj_29596_1_1.bkp,0,15624644535479,0,0,0,ADAPT_DATA,ADAPT_DATA_69.dbf",
        "#0:::70,6,ADAPT_DATA_79_st3bu6gj_29597_1_1.bkp,0,15624644535479,0,0,0,ADAPT_DATA,ADAPT_DATA_70.dbf",
        "#0:::71,6,ADAPT_DATA_80_su3bu6gj_29598_1_1.bkp,0,15624644535479,0,0,0,ADAPT_DATA,ADAPT_DATA_71.dbf",
        "#0:::72,6,ADAPT_DATA_72_sm3bu6gi_29590_1_1.bkp,0,15624644535479,0,0,0,ADAPT_DATA,ADAPT_DATA_72.dbf",
        "#0:::73,6,ADAPT_DATA_73_sn3bu6gi_29591_1_1.bkp,0,15624644535479,0,0,0,ADAPT_DATA,ADAPT_DATA_73.dbf",
        "#0:::74,6,ADAPT_DATA_74_so3bu6gi_29592_1_1.bkp,0,15624644535479,0,0,0,ADAPT_DATA,ADAPT_DATA_74.dbf",
        "#0:::75,6,ADAPT_DATA_75_sp3bu6gi_29593_1_1.bkp,0,15624644535479,0,0,0,ADAPT_DATA,ADAPT_DATA_75.dbf",
        "#0:::76,6,ADAPT_DATA_76_sq3bu6gi_29594_1_1.bkp,0,15624644535479,0,0,0,ADAPT_DATA,ADAPT_DATA_76.dbf",
        "#0:::77,6,ADAPT_DATA_77_sr3bu6gj_29595_1_1.bkp,0,15624644535479,0,0,0,ADAPT_DATA,ADAPT_DATA_77.dbf",
        "#0:::78,6,ADAPT_DATA_78_ss3bu6gj_29596_1_1.bkp,0,15624644535479,0,0,0,ADAPT_DATA,ADAPT_DATA_78.dbf",
        "#0:::79,6,ADAPT_DATA_79_st3bu6gj_29597_1_1.bkp,0,15624644535479,0,0,0,ADAPT_DATA,ADAPT_DATA_79.dbf",
        "#0:::80,6,ADAPT_DATA_80_su3bu6gj_29598_1_1.bkp,0,15624644535479,0,0,0,ADAPT_DATA,ADAPT_DATA_80.dbf",
        "#0:::86,6,ADAPT_DATA_87_sl3bu6gi_29589_1_1.bkp,0,15624644535479,0,0,0,ADAPT_DATA,ADAPT_DATA_86.dbf",
        "#0:::87,6,ADAPT_DATA_87_sl3bu6gi_29589_1_1.bkp,0,15624644535479,0,0,0,ADAPT_DATA,ADAPT_DATA_87.dbf",
        "#0:::12,6,ADAPT_USERS_12_sv3bu7bb_29599_1_1.bkp,0,15624644535479,0,0,0,ADAPT_USERS,ADAPT_USERS_12.dbf",
        "#0:::22,6,ADAPT_USERS_22_t03bu7bb_29600_1_1.bkp,0,15624644535479,0,0,0,ADAPT_USERS,ADAPT_USERS_22.dbf",
        "#0:::21,6,BOISJMSDB_21_t13bu7bq_29601_1_1.bkp,0,15624644535479,0,0,0,BOISJMSDB,BOISJMSDB_21.dbf",
        "#0:::11,6,DHC_ROLLBACK_TRANSIENT_88_t43bu7cg_29604_1_1.bkp,0,15624644535479,0,0,0,DHC_ROLLBACK_TRANSIENT,DHC_ROLLBACK_TRANSIENT_11.dbf",
        "#0:::88,6,DHC_ROLLBACK_TRANSIENT_88_t43bu7cg_29604_1_1.bkp,0,15624644535479,0,0,0,DHC_ROLLBACK_TRANSIENT,DHC_ROLLBACK_TRANSIENT_88.dbf",
        "#0:::89,6,DHC_ROLLBACK_TRANSIENT_89_t53bu7cg_29605_1_1.bkp,0,15624644535479,0,0,0,DHC_ROLLBACK_TRANSIENT,DHC_ROLLBACK_TRANSIENT_89.dbf",
        "#0:::90,6,DHC_ROLLBACK_TRANSIENT_90_t63bu7ch_29606_1_1.bkp,0,15624644535479,0,0,0,DHC_ROLLBACK_TRANSIENT,DHC_ROLLBACK_TRANSIENT_90.dbf",
        "#0:::91,6,DHC_ROLLBACK_TRANSIENT_91_t73bu7ch_29607_1_1.bkp,0,15624644535479,0,0,0,DHC_ROLLBACK_TRANSIENT,DHC_ROLLBACK_TRANSIENT_91.dbf",
        "#0:::92,6,DHC_ROLLBACK_TRANSIENT_92_t83bu7ch_29608_1_1.bkp,0,15624644535479,0,0,0,DHC_ROLLBACK_TRANSIENT,DHC_ROLLBACK_TRANSIENT_92.dbf",
        "#0:::93,6,DHC_ROLLBACK_TRANSIENT_93_t93bu7ch_29609_1_1.bkp,0,15624644535479,0,0,0,DHC_ROLLBACK_TRANSIENT,DHC_ROLLBACK_TRANSIENT_93.dbf",
        "#0:::94,6,DHC_ROLLBACK_TRANSIENT_94_t23bu7cg_29602_1_1.bkp,0,15624644535479,0,0,0,DHC_ROLLBACK_TRANSIENT,DHC_ROLLBACK_TRANSIENT_94.dbf",
        "#0:::95,6,DHC_ROLLBACK_TRANSIENT_95_ta3bu7ci_29610_1_1.bkp,0,15624644535479,0,0,0,DHC_ROLLBACK_TRANSIENT,DHC_ROLLBACK_TRANSIENT_95.dbf",
        "#0:::96,6,DHC_ROLLBACK_TRANSIENT_96_tb3bu7ci_29611_1_1.bkp,0,15624644535479,0,0,0,DHC_ROLLBACK_TRANSIENT,DHC_ROLLBACK_TRANSIENT_96.dbf",
        "#0:::97,6,DHC_ROLLBACK_TRANSIENT_89_t53bu7cg_29605_1_1.bkp,0,15624644535479,0,0,0,DHC_ROLLBACK_TRANSIENT,DHC_ROLLBACK_TRANSIENT_97.dbf",
        "#0:::98,6,DHC_ROLLBACK_TRANSIENT_98_t33bu7cg_29603_1_1.bkp,0,15624644535479,0,0,0,DHC_ROLLBACK_TRANSIENT,DHC_ROLLBACK_TRANSIENT_98.dbf",
        "#0:::99,6,DHC_ROLLBACK_TRANSIENT_90_t63bu7ch_29606_1_1.bkp,0,15624644535479,0,0,0,DHC_ROLLBACK_TRANSIENT,DHC_ROLLBACK_TRANSIENT_99.dbf",
        "#0:::100,6,DHC_ROLLBACK_TRANSIENT_95_ta3bu7ci_29610_1_1.bkp,0,15624644535479,0,0,0,DHC_ROLLBACK_TRANSIENT,DHC_ROLLBACK_TRANSIENT_100.dbf",
        "#0:::101,6,DHC_ROLLBACK_TRANSIENT_96_tb3bu7ci_29611_1_1.bkp,0,15624644535479,0,0,0,DHC_ROLLBACK_TRANSIENT,DHC_ROLLBACK_TRANSIENT_101.dbf",
        "#0:::102,6,DHC_ROLLBACK_TRANSIENT_94_t23bu7cg_29602_1_1.bkp,0,15624644535479,0,0,0,DHC_ROLLBACK_TRANSIENT,DHC_ROLLBACK_TRANSIENT_102.dbf",
        "#0:::103,6,DHC_ROLLBACK_TRANSIENT_91_t73bu7ch_29607_1_1.bkp,0,15624644535479,0,0,0,DHC_ROLLBACK_TRANSIENT,DHC_ROLLBACK_TRANSIENT_103.dbf",
        "#0:::104,6,DHC_ROLLBACK_TRANSIENT_92_t83bu7ch_29608_1_1.bkp,0,15624644535479,0,0,0,DHC_ROLLBACK_TRANSIENT,DHC_ROLLBACK_TRANSIENT_104.dbf",
        "#0:::105,6,DHC_ROLLBACK_TRANSIENT_98_t33bu7cg_29603_1_1.bkp,0,15624644535479,0,0,0,DHC_ROLLBACK_TRANSIENT,DHC_ROLLBACK_TRANSIENT_105.dbf",
        "#0:::106,6,DHC_ROLLBACK_TRANSIENT_93_t93bu7ch_29609_1_1.bkp,0,15624644535479,0,0,0,DHC_ROLLBACK_TRANSIENT,DHC_ROLLBACK_TRANSIENT_106.dbf",
        "#0:::13,6,FUZZY_SEARCH_13_tc3bu7di_29612_1_1.bkp,0,15624644535479,0,0,0,FUZZY_SEARCH,FUZZY_SEARCH_13.dbf",
        "#0:::23,6,FUZZY_SEARCH_23_td3bu7di_29613_1_1.bkp,0,15624644535479,0,0,0,FUZZY_SEARCH,FUZZY_SEARCH_23.dbf",
        "#0:::15,6,OT_SCHD_DATA_15_te3bu7eb_29614_1_1.bkp,0,15624644535479,0,0,0,OT_SCHD_DATA,OT_SCHD_DATA_15.dbf",
        "#0:::17,6,SPMSGBRK_DATA_17_tf3bu7f2_29615_1_1.bkp,0,15624644535479,0,0,0,SPMSGBRK_DATA,SPMSGBRK_DATA_17.dbf",
        "#0:::24,6,VEREDUS_DATA_38_th3bu7fi_29617_1_1.bkp,0,15624644535479,0,0,0,VEREDUS_DATA,VEREDUS_DATA_24.dbf",
        "#0:::25,6,VEREDUS_DATA_45_ti3bu7fi_29618_1_1.bkp,0,15624644535479,0,0,0,VEREDUS_DATA,VEREDUS_DATA_25.dbf",
        "#0:::26,6,VEREDUS_DATA_81_to3bu7fj_29624_1_1.bkp,0,15624644535479,0,0,0,VEREDUS_DATA,VEREDUS_DATA_26.dbf",
        "#0:::27,6,VEREDUS_DATA_82_tp3bu7fk_29625_1_1.bkp,0,15624644535479,0,0,0,VEREDUS_DATA,VEREDUS_DATA_27.dbf",
        "#0:::28,6,VEREDUS_DATA_81_to3bu7fj_29624_1_1.bkp,0,15624644535479,0,0,0,VEREDUS_DATA,VEREDUS_DATA_28.dbf",
        "#0:::29,6,VEREDUS_DATA_83_tl3bu7fj_29621_1_1.bkp,0,15624644535479,0,0,0,VEREDUS_DATA,VEREDUS_DATA_29.dbf",
        "#0:::30,6,VEREDUS_DATA_82_tp3bu7fk_29625_1_1.bkp,0,15624644535479,0,0,0,VEREDUS_DATA,VEREDUS_DATA_30.dbf",
        "#0:::31,6,VEREDUS_DATA_83_tl3bu7fj_29621_1_1.bkp,0,15624644535479,0,0,0,VEREDUS_DATA,VEREDUS_DATA_31.dbf",
        "#0:::32,6,VEREDUS_DATA_84_tm3bu7fj_29622_1_1.bkp,0,15624644535479,0,0,0,VEREDUS_DATA,VEREDUS_DATA_32.dbf",
        "#0:::33,6,VEREDUS_DATA_85_tn3bu7fj_29623_1_1.bkp,0,15624644535479,0,0,0,VEREDUS_DATA,VEREDUS_DATA_33.dbf",
        "#0:::34,6,VEREDUS_DATA_47_tj3bu7fj_29619_1_1.bkp,0,15624644535479,0,0,0,VEREDUS_DATA,VEREDUS_DATA_34.dbf",
        "#0:::35,6,VEREDUS_DATA_46_tg3bu7fi_29616_1_1.bkp,0,15624644535479,0,0,0,VEREDUS_DATA,VEREDUS_DATA_35.dbf",
        "#0:::36,6,VEREDUS_DATA_38_th3bu7fi_29617_1_1.bkp,0,15624644535479,0,0,0,VEREDUS_DATA,VEREDUS_DATA_36.dbf",
        "#0:::37,6,VEREDUS_DATA_45_ti3bu7fi_29618_1_1.bkp,0,15624644535479,0,0,0,VEREDUS_DATA,VEREDUS_DATA_37.dbf",
        "#0:::38,6,VEREDUS_DATA_38_th3bu7fi_29617_1_1.bkp,0,15624644535479,0,0,0,VEREDUS_DATA,VEREDUS_DATA_38.dbf",
        "#0:::39,6,VEREDUS_DATA_39_tk3bu7fj_29620_1_1.bkp,0,15624644535479,0,0,0,VEREDUS_DATA,VEREDUS_DATA_39.dbf",
        "#0:::40,6,VEREDUS_DATA_47_tj3bu7fj_29619_1_1.bkp,0,15624644535479,0,0,0,VEREDUS_DATA,VEREDUS_DATA_40.dbf",
        "#0:::41,6,VEREDUS_DATA_46_tg3bu7fi_29616_1_1.bkp,0,15624644535479,0,0,0,VEREDUS_DATA,VEREDUS_DATA_41.dbf",
        "#0:::42,6,VEREDUS_DATA_84_tm3bu7fj_29622_1_1.bkp,0,15624644535479,0,0,0,VEREDUS_DATA,VEREDUS_DATA_42.dbf",
        "#0:::43,6,VEREDUS_DATA_39_tk3bu7fj_29620_1_1.bkp,0,15624644535479,0,0,0,VEREDUS_DATA,VEREDUS_DATA_43.dbf",
        "#0:::44,6,VEREDUS_DATA_85_tn3bu7fj_29623_1_1.bkp,0,15624644535479,0,0,0,VEREDUS_DATA,VEREDUS_DATA_44.dbf",
        "#0:::45,6,VEREDUS_DATA_45_ti3bu7fi_29618_1_1.bkp,0,15624644535479,0,0,0,VEREDUS_DATA,VEREDUS_DATA_45.dbf",
        "#0:::46,6,VEREDUS_DATA_46_tg3bu7fi_29616_1_1.bkp,0,15624644535479,0,0,0,VEREDUS_DATA,VEREDUS_DATA_46.dbf",
        "#0:::47,6,VEREDUS_DATA_47_tj3bu7fj_29619_1_1.bkp,0,15624644535479,0,0,0,VEREDUS_DATA,VEREDUS_DATA_47.dbf",
        "#0:::81,6,VEREDUS_DATA_81_to3bu7fj_29624_1_1.bkp,0,15624644535479,0,0,0,VEREDUS_DATA,VEREDUS_DATA_81.dbf",
        "#0:::82,6,VEREDUS_DATA_82_tp3bu7fk_29625_1_1.bkp,0,15624644535479,0,0,0,VEREDUS_DATA,VEREDUS_DATA_82.dbf",
        "#0:::83,6,VEREDUS_DATA_83_tl3bu7fj_29621_1_1.bkp,0,15624644535479,0,0,0,VEREDUS_DATA,VEREDUS_DATA_83.dbf",
        "#0:::84,6,VEREDUS_DATA_84_tm3bu7fj_29622_1_1.bkp,0,15624644535479,0,0,0,VEREDUS_DATA,VEREDUS_DATA_84.dbf",
        "#0:::85,6,VEREDUS_DATA_85_tn3bu7fj_29623_1_1.bkp,0,15624644535479,0,0,0,VEREDUS_DATA,VEREDUS_DATA_85.dbf",
        "#0:::14,6,WEBINT_DATA_14_tq3bu7tc_29626_1_1.bkp,0,15624644535479,0,0,0,WEBINT_DATA,WEBINT_DATA_14.dbf",
        "#0:::18,6,ADAPTINTOUCH_18_tr3bu7u0_29627_1_1.bkp,0,15624644535479,0,0,0,ADAPTINTOUCH,ADAPTINTOUCH_18.dbf"
    ]
}

TASK [level_1_backup : Do a level 1 backup on hrraxdv2028.emea.hays.loc _raw_params=export TMPDIR={{ source_xtts_scripts_dir }}
export ORACLE_SID={{ source_oracle_sid }}
export ORACLE_HOME={{ source_oracle_home }}
export NLS_LANG={{ nls_lang }}
cd {{ source_xtts_scripts_dir }}
{{ source_oracle_home }}/perl/bin/perl xttdriver.pl --backup
] ***
Thursday 05 December 2024  19:43:17 +0000 (0:00:00.029)       0:00:32.876 ***** 
[WARNING]: Using world-readable permissions for temporary files Ansible needs
to create when becoming an unprivileged user. This may be insecure. For
information on securing this, see
https://docs.ansible.com/ansible/become.html#becoming-an-unprivileged-user
changed: [10.53.64.8]

TASK [level_1_backup : Wait for the level 1 backup job to finish jid={{ backup_async_job.ansible_job_id }}] ***
Thursday 05 December 2024  19:43:22 +0000 (0:00:05.023)       0:00:37.900 ***** 
[WARNING]: Using world-readable permissions for temporary files Ansible needs
to create when becoming an unprivileged user. This may be insecure. For
information on securing this, see
https://docs.ansible.com/ansible/become.html#becoming-an-unprivileged-user
FAILED - RETRYING: Wait for the level 1 backup job to finish (20160 retries left).
FAILED - RETRYING: Wait for the level 1 backup job to finish (20159 retries left).
FAILED - RETRYING: Wait for the level 1 backup job to finish (20158 retries left).
changed: [10.53.64.8]

TASK [level_1_backup : Validate if the level 1 backup has been completed successfully msg={{ backup_out.stdout_lines }}] ***
Thursday 05 December 2024  19:45:16 +0000 (0:01:53.498)       0:02:31.398 ***** 
ok: [10.53.64.8] => {
    "msg": [
        "============================================================",
        "trace file is /home/oracle/version1/US2SUP_xtts/backup_Dec5_Thu_19_43_23_827//Dec5_Thu_19_43_23_827_.log",
        "=============================================================",
        "",
        "--------------------------------------------------------------------",
        "Parsing properties",
        "--------------------------------------------------------------------",
        "",
        "",
        "--------------------------------------------------------------------",
        "Done parsing properties",
        "--------------------------------------------------------------------",
        "",
        "",
        "--------------------------------------------------------------------",
        "Checking properties",
        "--------------------------------------------------------------------",
        "",
        "",
        "--------------------------------------------------------------------",
        "Maximum 8 files will be fetched in parallel",
        "--------------------------------------------------------------------",
        "",
        "",
        "--------------------------------------------------------------------",
        "Done checking properties",
        "--------------------------------------------------------------------",
        "",
        "",
        "--------------------------------------------------------------------",
        "Backup incremental",
        "--------------------------------------------------------------------",
        "",
        "scalar(or10",
        "XXX: adding here for 2, 0, ADAPT_DATA,ADAPT_USERS,BOISJMSDB,DHC_ROLLBACK_TRANSIENT,FUZZY_SEARCH,OT_SCHD_DATA,SPMSGBRK_DATA,VEREDUS_DATA,WEBINT_DATA,ADAPTINTOUCH",
        "Prepare newscn for Tablespaces: 'ADAPT_DATA'",
        "Prepare newscn for Tablespaces: 'ADAPT_USERS'",
        "Prepare newscn for Tablespaces: 'BOISJMSDB'",
        "Prepare newscn for Tablespaces: 'DHC_ROLLBACK_TRANSIENT'",
        "Prepare newscn for Tablespaces: 'FUZZY_SEARCH'",
        "Prepare newscn for Tablespaces: 'OT_SCHD_DATA'",
        "Prepare newscn for Tablespaces: 'SPMSGBRK_DATA'",
        "Prepare newscn for Tablespaces: 'VEREDUS_DATA'",
        "Prepare newscn for Tablespaces: 'WEBINT_DATA'",
        "Prepare newscn for Tablespaces: 'ADAPTINTOUCH'",
        "",
        "--------------------------------------------------------------------",
        "Starting incremental backup",
        "--------------------------------------------------------------------",
        "",
        "",
        "--------------------------------------------------------------------",
        "Done backing up incrementals",
        "--------------------------------------------------------------------",
        "",
        "Prepare newscn for Tablespaces: 'ADAPT_DATA'",
        "Prepare newscn for Tablespaces: 'ADAPT_USERS'",
        "Prepare newscn for Tablespaces: 'BOISJMSDB'",
        "Prepare newscn for Tablespaces: 'DHC_ROLLBACK_TRANSIENT'",
        "Prepare newscn for Tablespaces: 'FUZZY_SEARCH'",
        "Prepare newscn for Tablespaces: 'OT_SCHD_DATA'",
        "Prepare newscn for Tablespaces: 'SPMSGBRK_DATA'",
        "Prepare newscn for Tablespaces: 'VEREDUS_DATA'",
        "Prepare newscn for Tablespaces: 'WEBINT_DATA'",
        "Prepare newscn for Tablespaces: 'ADAPTINTOUCH'",
        "New /home/oracle/version1/US2SUP_xtts/xttplan.txt with FROM SCN's generated"
    ]
}

PLAY [transfer the level_1 backups to the /mnt/otchukl1npfss01/xtts_backup/version1/USPP_xtts_scratch] ***

PLAY [do level 1 restore on foaukl1npdb-swdo81.otchukl1npexcl.otchukl1npvcn01.oraclevcn.com] ***

PLAY RECAP *********************************************************************
10.53.64.8                 : ok=7    changed=3    unreachable=0    failed=0    skipped=2    rescued=0    ignored=0   

Thursday 05 December 2024  19:45:16 +0000 (0:00:00.031)       0:02:31.430 ***** 
=============================================================================== 
level_1_backup : Wait for the level 1 backup job to finish ------------ 113.50s
Gathering Facts -------------------------------------------------------- 23.16s
level_1_backup : first check if res.txt exists on /home/oracle/version1/US2SUP_xtts --- 5.05s
level_1_backup : Do a level 1 backup on hrraxdv2028.emea.hays.loc ------- 5.02s
level_1_backup : shell -------------------------------------------------- 4.55s
level_1_backup : Validate if the level 1 backup has been completed successfully --- 0.03s
level_1_backup : debug -------------------------------------------------- 0.03s
level_1_backup : fail --------------------------------------------------- 0.02s
level_1_backup : fail --------------------------------------------------- 0.02s
