nohup: ignoring input

PLAY [do level 1 backup on hrraxdv2028.emea.hays.loc] **************************

PLAY [transfer the level_1 backups to the /mnt/otchukl1npfss01/xtts_backup/version1/USPP_xtts_scratch] ***

TASK [Gathering Facts gather_subset=['all'], gather_timeout=10] ****************
Thursday 05 December 2024  19:47:17 +0000 (0:00:00.064)       0:00:00.064 ***** 
[WARNING]: Using world-readable permissions for temporary files Ansible needs
to create when becoming an unprivileged user. This may be insecure. For
information on securing this, see
https://docs.ansible.com/ansible/become.html#becoming-an-unprivileged-user
[WARNING]: Platform aix on host 10.53.64.8 is using the discovered Python
interpreter at /usr/bin/python, but future installation of another Python
interpreter could change this. See https://docs.ansible.com/ansible/2.9/referen
ce_appendices/interpreter_discovery.html for more information.
ok: [10.53.64.8]

TASK [backup_transfer : Execute the rsync_backup transfer script _raw_params={{ source_xtts_scripts_dir }}/rsync_parallel_backup_transfer_v4.sh > {{ source_xtts_scripts_dir  }}/rsync_parallel_backup_transfer_v4.log] ***
Thursday 05 December 2024  19:47:36 +0000 (0:00:19.442)       0:00:19.506 ***** 
[WARNING]: Using world-readable permissions for temporary files Ansible needs
to create when becoming an unprivileged user. This may be insecure. For
information on securing this, see
https://docs.ansible.com/ansible/become.html#becoming-an-unprivileged-user
changed: [10.53.64.8]

TASK [backup_transfer : Wait for rsync_backup task to complete jid={{ rsync_task.ansible_job_id }}] ***
Thursday 05 December 2024  19:47:42 +0000 (0:00:05.772)       0:00:25.279 ***** 
[WARNING]: Using world-readable permissions for temporary files Ansible needs
to create when becoming an unprivileged user. This may be insecure. For
information on securing this, see
https://docs.ansible.com/ansible/become.html#becoming-an-unprivileged-user
FAILED - RETRYING: Wait for rsync_backup task to complete (20160 retries left).
changed: [10.53.64.8]

TASK [backup_transfer : display the rsync status var=rsync_task] ***************
Thursday 05 December 2024  19:48:22 +0000 (0:00:40.282)       0:01:05.561 ***** 
ok: [10.53.64.8] => {
    "rsync_task": {
        "ansible_job_id": "618587839628.28968910",
        "changed": true,
        "failed": false,
        "finished": 0,
        "results_file": "/home/oracle/.ansible_async/618587839628.28968910",
        "started": 1
    }
}

TASK [check rsync_parallel_backup_transfer_v4.log _raw_params=grep "encountered an error" {{ source_xtts_scripts_dir }}/rsync_parallel_backup_transfer_v4.log] ***
Thursday 05 December 2024  19:48:22 +0000 (0:00:00.025)       0:01:05.586 ***** 
[WARNING]: Using world-readable permissions for temporary files Ansible needs
to create when becoming an unprivileged user. This may be insecure. For
information on securing this, see
https://docs.ansible.com/ansible/become.html#becoming-an-unprivileged-user
fatal: [10.53.64.8]: FAILED! => {"changed": true, "cmd": "grep \"encountered an error\" /home/oracle/version1/US2SUP_xtts/rsync_parallel_backup_transfer_v4.log", "delta": "0:00:00.089255", "end": "2024-12-05 19:48:26.787433", "msg": "non-zero return code", "rc": 1, "start": "2024-12-05 19:48:26.698178", "stderr": "", "stderr_lines": [], "stdout": "", "stdout_lines": []}
...ignoring

TASK [backup_transfer : display the rsync errors msg={{rsync_error_out.stdout_lines}}] ***
Thursday 05 December 2024  19:48:27 +0000 (0:00:04.413)       0:01:10.000 ***** 
skipping: [10.53.64.8]

TASK [backup_transfer : fail msg=errors while transferring the backups] ********
Thursday 05 December 2024  19:48:27 +0000 (0:00:00.022)       0:01:10.022 ***** 
skipping: [10.53.64.8]

TASK [read the rsync_parallel_backup_transfer_v4.log src={{ source_xtts_scripts_dir }}/rsync_parallel_backup_transfer_v4.log] ***
Thursday 05 December 2024  19:48:27 +0000 (0:00:00.021)       0:01:10.044 ***** 
[WARNING]: Using world-readable permissions for temporary files Ansible needs
to create when becoming an unprivileged user. This may be insecure. For
information on securing this, see
https://docs.ansible.com/ansible/become.html#becoming-an-unprivileged-user
ok: [10.53.64.8]

TASK [backup_transfer : Decode the log file content log_content_decoded={{ log_content.content | b64decode }}] ***
Thursday 05 December 2024  19:48:32 +0000 (0:00:05.392)       0:01:15.436 ***** 
ok: [10.53.64.8]

TASK [backup_transfer : Display the log file content msg={{ log_content_decoded }}] ***
Thursday 05 December 2024  19:48:32 +0000 (0:00:00.024)       0:01:15.461 ***** 
ok: [10.53.64.8] => {
    "msg": "Start time: 05-12-2024_19:47:43\nStart time in seconds: 1733428063\n05-12-2024_19:47:43:  Rsync for /xtts/backup/version1/US2SUP_xtts_scratch/tu3buonj_29630_1_1 transfer started.\n05-12-2024_19:47:43:  Rsync for /xtts/backup/version1/US2SUP_xtts_scratch/uj3buooi_29651_1_1 transfer started.\n05-12-2024_19:47:43:  Rsync for /xtts/backup/version1/US2SUP_xtts_scratch/un3buop4_29655_1_1 transfer started.\n05-12-2024_19:47:43:  Rsync for /xtts/backup/version1/US2SUP_xtts_scratch/v03buop5_29664_1_1 transfer started.\n05-12-2024_19:47:43:  Rsync for /xtts/backup/version1/US2SUP_xtts_scratch/u43buonk_29636_1_1 transfer started.\n05-12-2024_19:47:43:  Rsync for /xtts/backup/version1/US2SUP_xtts_scratch/u33buonk_29635_1_1 transfer started.\n05-12-2024_19:47:43:  Rsync for /xtts/backup/version1/US2SUP_xtts_scratch/uo3buop4_29656_1_1 transfer started.\n05-12-2024_19:47:43:  Rsync for /xtts/backup/version1/US2SUP_xtts_scratch/u83buoo2_29640_1_1 transfer started.\n05-12-2024_19:47:43:  Rsync for /xtts/backup/version1/US2SUP_xtts_scratch/us3buop4_29660_1_1 transfer started.\n05-12-2024_19:47:43:  Rsync for /xtts/backup/version1/US2SUP_xtts_scratch/uu3buop4_29662_1_1 transfer started.\nun3buop4_29655_1_1\nuj3buooi_29651_1_1\n\r         32.77K  36%    0.00kB/s    0:00:00  \r         32.77K  28%    0.00kB/s    0:00:00  \r         32.77K  12%    0.00kB/s    0:00:00  \r         90.11K 100%   54.69MB/s    0:00:00 (xfr#1, to-chk=0/1)\n\r        114.69K 100%    4.11MB/s    0:00:00 (xfr#1, to-chk=0/1)\n\r        253.95K 100%    5.27MB/s    0:00:00 (xfr#1, to-chk=0/1)\nv03buop5_29664_1_1\n\r         32.77K  36%    0.00kB/s    0:00:00  \r         90.11K 100%   54.69MB/s    0:00:00 (xfr#1, to-chk=0/1)\nu33buonk_29635_1_1\n\r         32.77K   7%    0.00kB/s    0:00:00  uo3buop4_29656_1_1\n\r         32.77K  36%    0.00kB/s    0:00:00  \r         90.11K 100%   54.69MB/s    0:00:00 (xfr#1, to-chk=0/1)\nu83buoo2_29640_1_1\n\r         32.77K  57%    0.00kB/s    0:00:00  \r         57.34K 100%   23.44MB/s    0:00:00 (xfr#1, to-chk=0/1)\nuu3buop4_29662_1_1\n\r         32.77K  36%    0.00kB/s    0:00:00  \r         90.11K 100%   54.69MB/s    0:00:00 (xfr#1, to-chk=0/1)\nus3buop4_29660_1_1\n\r         32.77K  36%    0.00kB/s    0:00:00  \r         90.11K 100%   54.69MB/s    0:00:00 (xfr#1, to-chk=0/1)\nu43buonk_29636_1_1\n\r         32.77K   8%    0.00kB/s    0:00:00  \r        434.18K 100%   11.60MB/s    0:00:00 (xfr#1, to-chk=0/1)\n\nsent 1.02K bytes  received 35 bytes  234.89 bytes/sec\ntotal size is 90.11K  speedup is 85.25\n\nsent 18.36K bytes  received 35 bytes  4.09K bytes/sec\ntotal size is 114.69K  speedup is 6.23\n\nsent 50.43K bytes  received 35 bytes  11.21K bytes/sec\ntotal size is 253.95K  speedup is 5.03\n05-12-2024_19:47:47:  Rsync for /xtts/backup/version1/US2SUP_xtts_scratch/uj3buooi_29651_1_1 completed successfully.\n05-12-2024_19:47:47:  Rsync for /xtts/backup/version1/US2SUP_xtts_scratch/v03buop5_29664_1_1 completed successfully.\n\r        393.22K 100%   22.92MB/s    0:00:00 (xfr#1, to-chk=0/1)\n\nsent 1.03K bytes  received 35 bytes  237.56 bytes/sec\ntotal size is 90.11K  speedup is 84.30\n05-12-2024_19:47:47:  Rsync for /xtts/backup/version1/US2SUP_xtts_scratch/tu3buonj_29630_1_1 completed successfully.\n05-12-2024_19:47:47:  Rsync for /xtts/backup/version1/US2SUP_xtts_scratch/un3buop4_29655_1_1 completed successfully.\n\nsent 1.02K bytes  received 35 bytes  235.33 bytes/sec\ntotal size is 90.11K  speedup is 85.09\n05-12-2024_19:47:47:  Rsync for /xtts/backup/version1/US2SUP_xtts_scratch/uu3buop4_29662_1_1 completed successfully.\n\nsent 1.02K bytes  received 35 bytes  234.44 bytes/sec\ntotal size is 90.11K  speedup is 85.41\n05-12-2024_19:47:47:  Rsync for /xtts/backup/version1/US2SUP_xtts_scratch/uo3buop4_29656_1_1 completed successfully.\n\nsent 1.03K bytes  received 35 bytes  237.78 bytes/sec\ntotal size is 90.11K  speedup is 84.22\n05-12-2024_19:47:47:  Rsync for /xtts/backup/version1/US2SUP_xtts_scratch/us3buop4_29660_1_1 completed successfully.\n\nsent 746 bytes  received 35 bytes  173.56 bytes/sec\ntotal size is 57.34K  speedup is 73.42\n05-12-2024_19:47:47:  Rsync for /xtts/backup/version1/US2SUP_xtts_scratch/u83buoo2_29640_1_1 completed successfully.\n\nsent 99.80K bytes  received 35 bytes  22.18K bytes/sec\ntotal size is 434.18K  speedup is 4.35\n05-12-2024_19:47:47:  Rsync for /xtts/backup/version1/US2SUP_xtts_scratch/u33buonk_29635_1_1 completed successfully.\n\nsent 76.05K bytes  received 35 bytes  16.91K bytes/sec\ntotal size is 393.22K  speedup is 5.17\n05-12-2024_19:47:47:  Rsync for /xtts/backup/version1/US2SUP_xtts_scratch/u43buonk_29636_1_1 completed successfully.\n05-12-2024_19:47:47:  Rsync for /xtts/backup/version1/US2SUP_xtts_scratch/u13buonj_29633_1_1 transfer started.\n05-12-2024_19:47:47:  Rsync for /xtts/backup/version1/US2SUP_xtts_scratch/ua3buooc_29642_1_1 transfer started.\n05-12-2024_19:47:47:  Rsync for /xtts/backup/version1/US2SUP_xtts_scratch/uk3buooi_29652_1_1 transfer started.\n05-12-2024_19:47:47:  Rsync for /xtts/backup/version1/US2SUP_xtts_scratch/uh3buooc_29649_1_1 transfer started.\n05-12-2024_19:47:47:  Rsync for /xtts/backup/version1/US2SUP_xtts_scratch/u03buonj_29632_1_1 transfer started.\n05-12-2024_19:47:47:  Rsync for /xtts/backup/version1/US2SUP_xtts_scratch/up3buop4_29657_1_1 transfer started.\n05-12-2024_19:47:47:  Rsync for /xtts/backup/version1/US2SUP_xtts_scratch/uv3buop5_29663_1_1 transfer started.\n05-12-2024_19:47:47:  Rsync for /xtts/backup/version1/US2SUP_xtts_scratch/u73buons_29639_1_1 transfer started.\n05-12-2024_19:47:47:  Rsync for /xtts/backup/version1/US2SUP_xtts_scratch/u23buonk_29634_1_1 transfer started.\n05-12-2024_19:47:47:  Rsync for /xtts/backup/version1/US2SUP_xtts_scratch/ub3buooc_29643_1_1 transfer started.\nup3buop4_29657_1_1\n\r         32.77K  36%    0.00kB/s    0:00:00  ua3buooc_29642_1_1\n\r         90.11K 100%   54.69MB/s    0:00:00 (xfr#1, to-chk=0/1)\n\r         32.77K  44%    0.00kB/s    0:00:00  \r         73.73K 100%   39.06MB/s    0:00:00 (xfr#1, to-chk=0/1)\nuv3buop5_29663_1_1\n\r         32.77K  36%    0.00kB/s    0:00:00  \r         90.11K 100%   54.69MB/s    0:00:00 (xfr#1, to-chk=0/1)\nuh3buooc_29649_1_1\n\r         32.77K  44%    0.00kB/s    0:00:00  u03buonj_29632_1_1\n\r         73.73K 100%   39.06MB/s    0:00:00 (xfr#1, to-chk=0/1)\nu13buonj_29633_1_1\n\r         32.77K   5%    0.00kB/s    0:00:00  \r         32.77K   7%    0.00kB/s    0:00:00  \r        425.98K 100%   22.06MB/s    0:00:00 (xfr#1, to-chk=0/1)\n\r        655.36K 100%   22.84MB/s    0:00:00 (xfr#1, to-chk=0/1)\n\nsent 1.02K bytes  received 35 bytes  2.11K bytes/sec\ntotal size is 90.11K  speedup is 85.33\n05-12-2024_19:47:47:  Rsync for /xtts/backup/version1/US2SUP_xtts_scratch/uv3buop5_29663_1_1 completed successfully.\n\nsent 1.00K bytes  received 35 bytes  2.08K bytes/sec\ntotal size is 90.11K  speedup is 86.73\n05-12-2024_19:47:47:  Rsync for /xtts/backup/version1/US2SUP_xtts_scratch/up3buop4_29657_1_1 completed successfully.\n\nsent 905 bytes  received 35 bytes  1.88K bytes/sec\ntotal size is 73.73K  speedup is 78.43\n05-12-2024_19:47:47:  Rsync for /xtts/backup/version1/US2SUP_xtts_scratch/ua3buooc_29642_1_1 completed successfully.\n\nsent 905 bytes  received 35 bytes  1.88K bytes/sec\ntotal size is 73.73K  speedup is 78.43\n05-12-2024_19:47:47:  Rsync for /xtts/backup/version1/US2SUP_xtts_scratch/uh3buooc_29649_1_1 completed successfully.\n\nsent 134.96K bytes  received 35 bytes  269.98K bytes/sec\ntotal size is 655.36K  speedup is 4.85\n05-12-2024_19:47:47:  Rsync for /xtts/backup/version1/US2SUP_xtts_scratch/u03buonj_29632_1_1 completed successfully.\n\nsent 91.42K bytes  received 35 bytes  182.90K bytes/sec\ntotal size is 425.98K  speedup is 4.66\n05-12-2024_19:47:47:  Rsync for /xtts/backup/version1/US2SUP_xtts_scratch/u13buonj_29633_1_1 completed successfully.\nuk3buooi_29652_1_1\n\r         32.77K  40%    0.00kB/s    0:00:00  \r         81.92K 100%   46.88MB/s    0:00:00 (xfr#1, to-chk=0/1)\nu23buonk_29634_1_1\n\r         32.77K   8%    0.00kB/s    0:00:00  \r        393.22K 100%   22.92MB/s    0:00:00 (xfr#1, to-chk=0/1)\nub3buooc_29643_1_1\n\r         32.77K  44%    0.00kB/s    0:00:00  \r         73.73K 100%   39.06MB/s    0:00:00 (xfr#1, to-chk=0/1)\nu73buons_29639_1_1\n\r         32.77K  57%    0.00kB/s    0:00:00  \r         57.34K 100%   23.44MB/s    0:00:00 (xfr#1, to-chk=0/1)\n\nsent 901 bytes  received 35 bytes  624.00 bytes/sec\ntotal size is 73.73K  speedup is 78.77\n05-12-2024_19:47:48:  Rsync for /xtts/backup/version1/US2SUP_xtts_scratch/ub3buooc_29643_1_1 completed successfully.\n\nsent 750 bytes  received 35 bytes  523.33 bytes/sec\ntotal size is 57.34K  speedup is 73.05\n05-12-2024_19:47:48:  Rsync for /xtts/backup/version1/US2SUP_xtts_scratch/u73buons_29639_1_1 completed successfully.\n\nsent 10.30K bytes  received 35 bytes  6.89K bytes/sec\ntotal size is 81.92K  speedup is 7.93\n05-12-2024_19:47:48:  Rsync for /xtts/backup/version1/US2SUP_xtts_scratch/uk3buooi_29652_1_1 completed successfully.\n\nsent 74.60K bytes  received 35 bytes  49.75K bytes/sec\ntotal size is 393.22K  speedup is 5.27\n05-12-2024_19:47:48:  Rsync for /xtts/backup/version1/US2SUP_xtts_scratch/u23buonk_29634_1_1 completed successfully.\n05-12-2024_19:47:48:  Rsync for /xtts/backup/version1/US2SUP_xtts_scratch/ui3buooc_29650_1_1 transfer started.\n05-12-2024_19:47:48:  Rsync for /xtts/backup/version1/US2SUP_xtts_scratch/uf3buooc_29647_1_1 transfer started.\n05-12-2024_19:47:48:  Rsync for /xtts/backup/version1/US2SUP_xtts_scratch/u53buonk_29637_1_1 transfer started.\n05-12-2024_19:47:48:  Rsync for /xtts/backup/version1/US2SUP_xtts_scratch/ue3buooc_29646_1_1 transfer started.\n05-12-2024_19:47:48:  Rsync for /xtts/backup/version1/US2SUP_xtts_scratch/ut3buop4_29661_1_1 transfer started.\n05-12-2024_19:47:48:  Rsync for /xtts/backup/version1/US2SUP_xtts_scratch/ug3buooc_29648_1_1 transfer started.\n05-12-2024_19:47:48:  Rsync for /xtts/backup/version1/US2SUP_xtts_scratch/uq3buop4_29658_1_1 transfer started.\n05-12-2024_19:47:48:  Rsync for /xtts/backup/version1/US2SUP_xtts_scratch/ud3buooc_29645_1_1 transfer started.\n05-12-2024_19:47:48:  Rsync for /xtts/backup/version1/US2SUP_xtts_scratch/um3buoou_29654_1_1 transfer started.\n05-12-2024_19:47:48:  Rsync for /xtts/backup/version1/US2SUP_xtts_scratch/uc3buooc_29644_1_1 transfer started.\nu53buonk_29637_1_1\n\r         32.77K   9%    0.00kB/s    0:00:00  uq3buop4_29658_1_1\n\r         32.77K  36%    0.00kB/s    0:00:00  \r         90.11K 100%   54.69MB/s    0:00:00 (xfr#1, to-chk=0/1)\nui3buooc_29650_1_1\n\r         32.77K  44%    0.00kB/s    0:00:00  \r         73.73K 100%   39.06MB/s    0:00:00 (xfr#1, to-chk=0/1)\n\r        344.06K 100%   29.69MB/s    0:00:00 (xfr#1, to-chk=0/1)\num3buoou_29654_1_1\nue3buooc_29646_1_1\n\r         32.77K  50%    0.00kB/s    0:00:00  \r         32.77K  44%    0.00kB/s    0:00:00  uf3buooc_29647_1_1\nut3buop4_29661_1_1\n\r         65.54K 100%   31.25MB/s    0:00:00 (xfr#1, to-chk=0/1)\n\r         73.73K 100%   39.06MB/s    0:00:00 (xfr#1, to-chk=0/1)\n\r         32.77K  44%    0.00kB/s    0:00:00  \r         32.77K  36%    0.00kB/s    0:00:00  \r         73.73K 100%   39.06MB/s    0:00:00 (xfr#1, to-chk=0/1)\n\r         90.11K 100%   54.69MB/s    0:00:00 (xfr#1, to-chk=0/1)\n\nsent 1.03K bytes  received 35 bytes  708.67 bytes/sec\ntotal size is 90.11K  speedup is 84.77\n05-12-2024_19:47:49:  Rsync for /xtts/backup/version1/US2SUP_xtts_scratch/uq3buop4_29658_1_1 completed successfully.\n\nsent 892 bytes  received 35 bytes  618.00 bytes/sec\ntotal size is 73.73K  speedup is 79.53\n05-12-2024_19:47:49:  Rsync for /xtts/backup/version1/US2SUP_xtts_scratch/ui3buooc_29650_1_1 completed successfully.\n\nsent 877 bytes  received 35 bytes  608.00 bytes/sec\ntotal size is 73.73K  speedup is 80.84\n05-12-2024_19:47:49:  Rsync for /xtts/backup/version1/US2SUP_xtts_scratch/ue3buooc_29646_1_1 completed successfully.\n\nsent 3.43K bytes  received 35 bytes  2.31K bytes/sec\ntotal size is 65.54K  speedup is 18.94\n\nsent 57.52K bytes  received 35 bytes  38.37K bytes/sec\ntotal size is 344.06K  speedup is 5.98\n05-12-2024_19:47:49:  Rsync for /xtts/backup/version1/US2SUP_xtts_scratch/um3buoou_29654_1_1 completed successfully.\n\nsent 901 bytes  received 35 bytes  624.00 bytes/sec\ntotal size is 73.73K  speedup is 78.77\n\nsent 1.03K bytes  received 35 bytes  712.00 bytes/sec\ntotal size is 90.11K  speedup is 84.37\n05-12-2024_19:47:49:  Rsync for /xtts/backup/version1/US2SUP_xtts_scratch/u53buonk_29637_1_1 completed successfully.\n05-12-2024_19:47:49:  Rsync for /xtts/backup/version1/US2SUP_xtts_scratch/uf3buooc_29647_1_1 completed successfully.\n05-12-2024_19:47:49:  Rsync for /xtts/backup/version1/US2SUP_xtts_scratch/ut3buop4_29661_1_1 completed successfully.\nuc3buooc_29644_1_1\n\r         32.77K  44%    0.00kB/s    0:00:00  \r         73.73K 100%   39.06MB/s    0:00:00 (xfr#1, to-chk=0/1)\nud3buooc_29645_1_1\n\r         32.77K  44%    0.00kB/s    0:00:00  \r         32.77K  44%    0.00kB/s    0:00:00  \r         73.73K 100%   39.06MB/s    0:00:00 (xfr#1, to-chk=0/1)\n\r         73.73K 100%   39.06MB/s    0:00:00 (xfr#1, to-chk=0/1)\n\nsent 907 bytes  received 35 bytes  628.00 bytes/sec\ntotal size is 73.73K  speedup is 78.27\n05-12-2024_19:47:49:  Rsync for /xtts/backup/version1/US2SUP_xtts_scratch/ud3buooc_29645_1_1 completed successfully.\n\nsent 901 bytes  received 35 bytes  624.00 bytes/sec\ntotal size is 73.73K  speedup is 78.77\n05-12-2024_19:47:49:  Rsync for /xtts/backup/version1/US2SUP_xtts_scratch/ug3buooc_29648_1_1 completed successfully.\n\nsent 902 bytes  received 35 bytes  624.67 bytes/sec\ntotal size is 73.73K  speedup is 78.69\n05-12-2024_19:47:49:  Rsync for /xtts/backup/version1/US2SUP_xtts_scratch/uc3buooc_29644_1_1 completed successfully.\n05-12-2024_19:47:49:  Rsync for /xtts/backup/version1/US2SUP_xtts_scratch/tv3buonj_29631_1_1 transfer started.\n05-12-2024_19:47:49:  Rsync for /xtts/backup/version1/US2SUP_xtts_scratch/v13buopc_29665_1_1 transfer started.\n05-12-2024_19:47:49:  Rsync for /xtts/backup/version1/US2SUP_xtts_scratch/ts3buoni_29628_1_1 transfer started.\n05-12-2024_19:47:49:  Rsync for /xtts/backup/version1/US2SUP_xtts_scratch/u93buooc_29641_1_1 transfer started.\n05-12-2024_19:47:49:  Rsync for /xtts/backup/version1/US2SUP_xtts_scratch/ul3buoop_29653_1_1 transfer started.\n05-12-2024_19:47:49:  Rsync for /xtts/backup/version1/US2SUP_xtts_scratch/u63buons_29638_1_1 transfer started.\n05-12-2024_19:47:49:  Rsync for /xtts/backup/version1/US2SUP_xtts_scratch/tt3buonj_29629_1_1 transfer started.\n05-12-2024_19:47:49:  Rsync for /xtts/backup/version1/US2SUP_xtts_scratch/v23buopi_29666_1_1 transfer started.\n05-12-2024_19:47:49:  Rsync for /xtts/backup/version1/US2SUP_xtts_scratch/ur3buop4_29659_1_1 transfer started.\nv13buopc_29665_1_1\n\r         32.77K  50%    0.00kB/s    0:00:00  \r         65.54K 100%   31.25MB/s    0:00:00 (xfr#1, to-chk=0/1)\ntv3buonj_29631_1_1\n\r         32.77K   7%    0.00kB/s    0:00:00  \r        434.18K 100%   22.52MB/s    0:00:00 (xfr#1, to-chk=0/1)\n\nsent 4.03K bytes  received 35 bytes  2.71K bytes/sec\ntotal size is 65.54K  speedup is 16.13\n05-12-2024_19:47:50:  Rsync for /xtts/backup/version1/US2SUP_xtts_scratch/v13buopc_29665_1_1 completed successfully.\n\nsent 88.10K bytes  received 35 bytes  58.76K bytes/sec\ntotal size is 434.18K  speedup is 4.93\n05-12-2024_19:47:50:  Rsync for /xtts/backup/version1/US2SUP_xtts_scratch/tv3buonj_29631_1_1 completed successfully.\nv23buopi_29666_1_1\n\r         32.77K  57%    0.00kB/s    0:00:00  \r         57.34K 100%   23.44MB/s    0:00:00 (xfr#1, to-chk=0/1)\nu63buons_29638_1_1\n\r         32.77K  23%    0.00kB/s    0:00:00  \r        139.26K 100%   50.78MB/s    0:00:00 (xfr#1, to-chk=0/1)\nts3buoni_29628_1_1\n\r         32.77K   6%    0.00kB/s    0:00:00  ul3buoop_29653_1_1\n\r         32.77K   8%    0.00kB/s    0:00:00  \r        368.64K 100%   22.88MB/s    0:00:00 (xfr#1, to-chk=0/1)\nu93buooc_29641_1_1\n\r         32.77K  44%    0.00kB/s    0:00:00  \r         73.73K 100%   39.06MB/s    0:00:00 (xfr#1, to-chk=0/1)\ntt3buonj_29629_1_1\n\r         32.77K  20%    0.00kB/s    0:00:00  ur3buop4_29659_1_1\n\r         32.77K  44%    0.00kB/s    0:00:00  \r         73.73K 100%    7.81MB/s    0:00:00 (xfr#1, to-chk=0/1)\n\r        163.84K 100%   13.89MB/s    0:00:00 (xfr#1, to-chk=0/1)\n\r        540.67K 100%   10.76MB/s    0:00:00 (xfr#1, to-chk=0/1)\n\nsent 750 bytes  received 35 bytes  523.33 bytes/sec\ntotal size is 57.34K  speedup is 73.05\n05-12-2024_19:47:50:  Rsync for /xtts/backup/version1/US2SUP_xtts_scratch/v23buopi_29666_1_1 completed successfully.\n\nsent 15.74K bytes  received 35 bytes  10.52K bytes/sec\ntotal size is 139.26K  speedup is 8.83\n05-12-2024_19:47:50:  Rsync for /xtts/backup/version1/US2SUP_xtts_scratch/u63buons_29638_1_1 completed successfully.\n\nsent 896 bytes  received 35 bytes  620.67 bytes/sec\ntotal size is 73.73K  speedup is 79.19\n05-12-2024_19:47:50:  Rsync for /xtts/backup/version1/US2SUP_xtts_scratch/ur3buop4_29659_1_1 completed successfully.\n\nsent 15.54K bytes  received 35 bytes  10.38K bytes/sec\ntotal size is 368.64K  speedup is 23.67\n\nsent 904 bytes  received 35 bytes  626.00 bytes/sec\ntotal size is 73.73K  speedup is 78.52\n\nsent 23.52K bytes  received 35 bytes  15.71K bytes/sec\ntotal size is 163.84K  speedup is 6.95\n05-12-2024_19:47:50:  Rsync for /xtts/backup/version1/US2SUP_xtts_scratch/ul3buoop_29653_1_1 completed successfully.\n05-12-2024_19:47:50:  Rsync for /xtts/backup/version1/US2SUP_xtts_scratch/u93buooc_29641_1_1 completed successfully.\n05-12-2024_19:47:50:  Rsync for /xtts/backup/version1/US2SUP_xtts_scratch/tt3buonj_29629_1_1 completed successfully.\n\nsent 130.72K bytes  received 35 bytes  87.17K bytes/sec\ntotal size is 540.67K  speedup is 4.13\n05-12-2024_19:47:50:  Rsync for /xtts/backup/version1/US2SUP_xtts_scratch/ts3buoni_29628_1_1 completed successfully.\nEnd time: 05-12-2024_19:47:50\nEnd time in seconds: 1733428070\nTotal transfer time: 7 seconds\n"
}

TASK [backup_transfer : Get current timestamp _raw_params=date +%Y%m%d%H%M%S] ***
Thursday 05 December 2024  19:48:32 +0000 (0:00:00.023)       0:01:15.485 ***** 
[WARNING]: Using world-readable permissions for temporary files Ansible needs
to create when becoming an unprivileged user. This may be insecure. For
information on securing this, see
https://docs.ansible.com/ansible/become.html#becoming-an-unprivileged-user
changed: [10.53.64.8]

TASK [rename rsync_parallel_backup_transfer_v4.log with the current timestamp _raw_params=mv "{{ source_xtts_scripts_dir }}/rsync_parallel_backup_transfer_v4.log" "{{ source_xtts_scripts_dir }}/rsync_parallel_backup_transfer_v4_{{timestamp.stdout}}.log"] ***
Thursday 05 December 2024  19:48:38 +0000 (0:00:05.321)       0:01:20.807 ***** 
[WARNING]: Using world-readable permissions for temporary files Ansible needs
to create when becoming an unprivileged user. This may be insecure. For
information on securing this, see
https://docs.ansible.com/ansible/become.html#becoming-an-unprivileged-user
changed: [10.53.64.8]

TASK [backup_transfer : Additionally transfer the incrbackups.txt to the /home/oracle/version1/USPP_xtts directory for the validation. _raw_params=rsync -vzh {{source_xtts_scripts_dir}}/incrbackups.txt {{dest_user}}@{{target_ip_address}}:{{target_xtts_scripts_dir}}] ***
Thursday 05 December 2024  19:48:44 +0000 (0:00:05.951)       0:01:26.759 ***** 
[WARNING]: Using world-readable permissions for temporary files Ansible needs
to create when becoming an unprivileged user. This may be insecure. For
information on securing this, see
https://docs.ansible.com/ansible/become.html#becoming-an-unprivileged-user
changed: [10.53.64.8]

TASK [backup_transfer : fail msg=errors while transferring the incrbackups.txt file] ***
Thursday 05 December 2024  19:48:49 +0000 (0:00:05.049)       0:01:31.808 ***** 
skipping: [10.53.64.8]

TASK [backup_transfer : display incrbackups_transfer_out msg={{ incrbackups_transfer_out.stdout_lines }}] ***
Thursday 05 December 2024  19:48:49 +0000 (0:00:00.022)       0:01:31.830 ***** 
ok: [10.53.64.8] => {
    "msg": [
        "incrbackups.txt",
        "",
        "sent 377 bytes  received 65 bytes  884.00 bytes/sec",
        "total size is 2.38K  speedup is 5.38"
    ]
}

TASK [backup_transfer : finally copy the res.txt file to the /home/oracle/version1/USPP_xtts _raw_params=rsync -vzh --partial --progress --append {{source_xtts_scripts_dir}}/res.txt {{dest_user}}@{{target_ip_address}}:{{target_xtts_scripts_dir}}] ***
Thursday 05 December 2024  19:48:49 +0000 (0:00:00.027)       0:01:31.857 ***** 
[WARNING]: Using world-readable permissions for temporary files Ansible needs
to create when becoming an unprivileged user. This may be insecure. For
information on securing this, see
https://docs.ansible.com/ansible/become.html#becoming-an-unprivileged-user
changed: [10.53.64.8]

TASK [backup_transfer : fail msg=errors while transferring the res.txt file] ***
Thursday 05 December 2024  19:48:53 +0000 (0:00:04.743)       0:01:36.601 ***** 
skipping: [10.53.64.8]

TASK [backup_transfer : display res file transfer status msg={{ res_transfer_out.stdout_lines }}] ***
Thursday 05 December 2024  19:48:53 +0000 (0:00:00.022)       0:01:36.624 ***** 
ok: [10.53.64.8] => {
    "msg": [
        "res.txt",
        "",
        "         20.77K 100%    0.00kB/s    0:00:00  ",
        "         20.77K 100%    0.00kB/s    0:00:00 (xfr#1, to-chk=0/1)",
        "",
        "sent 1.41K bytes  received 35 bytes  963.33 bytes/sec",
        "total size is 20.77K  speedup is 14.38"
    ]
}

PLAY [do level 1 restore on foaukl1npdb-swdo81.otchukl1npexcl.otchukl1npvcn01.oraclevcn.com] ***

PLAY RECAP *********************************************************************
10.53.64.8                 : ok=14   changed=7    unreachable=0    failed=0    skipped=4    rescued=0    ignored=1   

Thursday 05 December 2024  19:48:53 +0000 (0:00:00.022)       0:01:36.647 ***** 
=============================================================================== 
backup_transfer : Wait for rsync_backup task to complete --------------- 40.28s
Gathering Facts -------------------------------------------------------- 19.44s
rename rsync_parallel_backup_transfer_v4.log with the current timestamp --- 5.95s
backup_transfer : Execute the rsync_backup transfer script -------------- 5.77s
read the rsync_parallel_backup_transfer_v4.log -------------------------- 5.39s
backup_transfer : Get current timestamp --------------------------------- 5.32s
backup_transfer : Additionally transfer the incrbackups.txt to the /home/oracle/version1/USPP_xtts directory for the validation. --- 5.05s
backup_transfer : finally copy the res.txt file to the /home/oracle/version1/USPP_xtts --- 4.74s
check rsync_parallel_backup_transfer_v4.log ----------------------------- 4.41s
backup_transfer : display incrbackups_transfer_out ---------------------- 0.03s
backup_transfer : display the rsync status ------------------------------ 0.03s
backup_transfer : Decode the log file content --------------------------- 0.02s
backup_transfer : Display the log file content -------------------------- 0.02s
backup_transfer : display res file transfer status ---------------------- 0.02s
backup_transfer : display the rsync errors ------------------------------ 0.02s
backup_transfer : fail -------------------------------------------------- 0.02s
backup_transfer : fail -------------------------------------------------- 0.02s
backup_transfer : fail -------------------------------------------------- 0.02s
