nohup: ignoring input

PLAY [check the privilege escalation on hrraxdv2028.emea.hays.loc] *************

PLAY [do the pre migration checks on hrraxdv2028.emea.hays.loc] ****************

PLAY [check the database characterset and national character on the US2SUP] ****

PLAY [check the database characterset and national character on the OTCHPPUS] ***

PLAY [compare the character set output] ****************************************

PLAY [Configure Migration prerequisites on the source vm] **********************

PLAY [Configure Migration prerequisites on the target vm] **********************

PLAY [do level 0 backup on hrraxdv2028.emea.hays.loc] **************************

TASK [Gathering Facts gather_subset=['all'], gather_timeout=10] ****************
Thursday 05 December 2024  14:32:07 +0000 (0:00:00.095)       0:00:00.095 ***** 
[WARNING]: Using world-readable permissions for temporary files Ansible needs
to create when becoming an unprivileged user. This may be insecure. For
information on securing this, see
https://docs.ansible.com/ansible/become.html#becoming-an-unprivileged-user
[WARNING]: Platform aix on host 10.53.64.8 is using the discovered Python
interpreter at /usr/bin/python, but future installation of another Python
interpreter could change this. See https://docs.ansible.com/ansible/2.9/referen
ce_appendices/interpreter_discovery.html for more information.
ok: [10.53.64.8]

TASK [level_0_backup : Do a level 0 backup on hrraxdv2028.emea.hays.loc _raw_params=export ORACLE_SID={{ source_oracle_sid }}
export ORACLE_HOME={{ source_oracle_home }} 
export NLS_LANG={{ nls_lang }}
export TMPDIR={{ source_xtts_scripts_dir }} 
cd {{ source_xtts_scripts_dir }}
{{ source_oracle_home }}/perl/bin/perl xttdriver.pl --backup
] ***
Thursday 05 December 2024  14:32:28 +0000 (0:00:20.922)       0:00:21.017 ***** 
[WARNING]: Using world-readable permissions for temporary files Ansible needs
to create when becoming an unprivileged user. This may be insecure. For
information on securing this, see
https://docs.ansible.com/ansible/become.html#becoming-an-unprivileged-user
changed: [10.53.64.8]

TASK [level_0_backup : Wait for the backup job to finish jid={{ backup_async_job.ansible_job_id }}] ***
Thursday 05 December 2024  14:32:33 +0000 (0:00:05.061)       0:00:26.079 ***** 
[WARNING]: Using world-readable permissions for temporary files Ansible needs
to create when becoming an unprivileged user. This may be insecure. For
information on securing this, see
https://docs.ansible.com/ansible/become.html#becoming-an-unprivileged-user
FAILED - RETRYING: Wait for the backup job to finish (20160 retries left).
FAILED - RETRYING: Wait for the backup job to finish (20159 retries left).
FAILED - RETRYING: Wait for the backup job to finish (20158 retries left).
FAILED - RETRYING: Wait for the backup job to finish (20157 retries left).
FAILED - RETRYING: Wait for the backup job to finish (20156 retries left).
FAILED - RETRYING: Wait for the backup job to finish (20155 retries left).
FAILED - RETRYING: Wait for the backup job to finish (20154 retries left).
FAILED - RETRYING: Wait for the backup job to finish (20153 retries left).
FAILED - RETRYING: Wait for the backup job to finish (20152 retries left).
FAILED - RETRYING: Wait for the backup job to finish (20151 retries left).
FAILED - RETRYING: Wait for the backup job to finish (20150 retries left).
FAILED - RETRYING: Wait for the backup job to finish (20149 retries left).
FAILED - RETRYING: Wait for the backup job to finish (20148 retries left).
FAILED - RETRYING: Wait for the backup job to finish (20147 retries left).
FAILED - RETRYING: Wait for the backup job to finish (20146 retries left).
FAILED - RETRYING: Wait for the backup job to finish (20145 retries left).
FAILED - RETRYING: Wait for the backup job to finish (20144 retries left).
FAILED - RETRYING: Wait for the backup job to finish (20143 retries left).
FAILED - RETRYING: Wait for the backup job to finish (20142 retries left).
FAILED - RETRYING: Wait for the backup job to finish (20141 retries left).
FAILED - RETRYING: Wait for the backup job to finish (20140 retries left).
FAILED - RETRYING: Wait for the backup job to finish (20139 retries left).
FAILED - RETRYING: Wait for the backup job to finish (20138 retries left).
FAILED - RETRYING: Wait for the backup job to finish (20137 retries left).
FAILED - RETRYING: Wait for the backup job to finish (20136 retries left).
FAILED - RETRYING: Wait for the backup job to finish (20135 retries left).
FAILED - RETRYING: Wait for the backup job to finish (20134 retries left).
FAILED - RETRYING: Wait for the backup job to finish (20133 retries left).
FAILED - RETRYING: Wait for the backup job to finish (20132 retries left).
FAILED - RETRYING: Wait for the backup job to finish (20131 retries left).
FAILED - RETRYING: Wait for the backup job to finish (20130 retries left).
FAILED - RETRYING: Wait for the backup job to finish (20129 retries left).
FAILED - RETRYING: Wait for the backup job to finish (20128 retries left).
FAILED - RETRYING: Wait for the backup job to finish (20127 retries left).
FAILED - RETRYING: Wait for the backup job to finish (20126 retries left).
FAILED - RETRYING: Wait for the backup job to finish (20125 retries left).
changed: [10.53.64.8]

TASK [level_0_backup : Validate if the backup has been completed successfully msg={{ backup_out.stdout_lines }}] ***
Thursday 05 December 2024  14:57:22 +0000 (0:24:49.245)       0:25:15.324 ***** 
ok: [10.53.64.8] => {
    "msg": [
        "============================================================",
        "trace file is /home/oracle/version1/US2SUP_xtts/backup_Dec5_Thu_14_32_33_151//Dec5_Thu_14_32_33_151_.log",
        "=============================================================",
        "",
        "--------------------------------------------------------------------",
        "Parsing properties",
        "--------------------------------------------------------------------",
        "",
        "",
        "--------------------------------------------------------------------",
        "Done parsing properties",
        "--------------------------------------------------------------------",
        "",
        "",
        "--------------------------------------------------------------------",
        "Checking properties",
        "--------------------------------------------------------------------",
        "",
        "",
        "--------------------------------------------------------------------",
        "Maximum 8 files will be fetched in parallel",
        "--------------------------------------------------------------------",
        "",
        "",
        "--------------------------------------------------------------------",
        "Done checking properties",
        "--------------------------------------------------------------------",
        "",
        "",
        "--------------------------------------------------------------------",
        "Starting backup phase",
        "--------------------------------------------------------------------",
        "",
        "Prepare source for Tablespaces:",
        "                  'ADAPT_DATA'  /mnt/otchukl1npfss01/xtts_backup/version1/USPP_xtts_scratch",
        "xttpreparesrc.sql for 'ADAPT_DATA' started at Thu Dec  5 14:32:34 2024",
        "xttpreparesrc.sql for  ended at Thu Dec  5 14:32:35 2024",
        "Prepare source for Tablespaces:",
        "                  'ADAPT_USERS'  /mnt/otchukl1npfss01/xtts_backup/version1/USPP_xtts_scratch",
        "xttpreparesrc.sql for 'ADAPT_USERS' started at Thu Dec  5 14:45:12 2024",
        "xttpreparesrc.sql for  ended at Thu Dec  5 14:46:20 2024",
        "Prepare source for Tablespaces:",
        "                  'BOISJMSDB'  /mnt/otchukl1npfss01/xtts_backup/version1/USPP_xtts_scratch",
        "xttpreparesrc.sql for 'BOISJMSDB' started at Thu Dec  5 14:47:12 2024",
        "xttpreparesrc.sql for  ended at Thu Dec  5 14:47:12 2024",
        "Prepare source for Tablespaces:",
        "                  'DHC_ROLLBACK_TRANSIENT'  /mnt/otchukl1npfss01/xtts_backup/version1/USPP_xtts_scratch",
        "xttpreparesrc.sql for 'DHC_ROLLBACK_TRANSIENT' started at Thu Dec  5 14:47:25 2024",
        "xttpreparesrc.sql for  ended at Thu Dec  5 14:47:26 2024",
        "Prepare source for Tablespaces:",
        "                  'FUZZY_SEARCH'  /mnt/otchukl1npfss01/xtts_backup/version1/USPP_xtts_scratch",
        "xttpreparesrc.sql for 'FUZZY_SEARCH' started at Thu Dec  5 14:48:07 2024",
        "xttpreparesrc.sql for  ended at Thu Dec  5 14:48:07 2024",
        "Prepare source for Tablespaces:",
        "                  'OT_SCHD_DATA'  /mnt/otchukl1npfss01/xtts_backup/version1/USPP_xtts_scratch",
        "xttpreparesrc.sql for 'OT_SCHD_DATA' started at Thu Dec  5 14:48:27 2024",
        "xttpreparesrc.sql for  ended at Thu Dec  5 14:48:28 2024",
        "Prepare source for Tablespaces:",
        "                  'SPMSGBRK_DATA'  /mnt/otchukl1npfss01/xtts_backup/version1/USPP_xtts_scratch",
        "xttpreparesrc.sql for 'SPMSGBRK_DATA' started at Thu Dec  5 14:48:53 2024",
        "xttpreparesrc.sql for  ended at Thu Dec  5 14:48:54 2024",
        "Prepare source for Tablespaces:",
        "                  'VEREDUS_DATA'  /mnt/otchukl1npfss01/xtts_backup/version1/USPP_xtts_scratch",
        "xttpreparesrc.sql for 'VEREDUS_DATA' started at Thu Dec  5 14:49:09 2024",
        "xttpreparesrc.sql for  ended at Thu Dec  5 14:49:09 2024",
        "Prepare source for Tablespaces:",
        "                  'WEBINT_DATA'  /mnt/otchukl1npfss01/xtts_backup/version1/USPP_xtts_scratch",
        "xttpreparesrc.sql for 'WEBINT_DATA' started at Thu Dec  5 14:55:59 2024",
        "xttpreparesrc.sql for  ended at Thu Dec  5 14:56:25 2024",
        "Prepare source for Tablespaces:",
        "                  'ADAPTINTOUCH'  /mnt/otchukl1npfss01/xtts_backup/version1/USPP_xtts_scratch",
        "xttpreparesrc.sql for 'ADAPTINTOUCH' started at Thu Dec  5 14:56:53 2024",
        "xttpreparesrc.sql for  ended at Thu Dec  5 14:56:53 2024",
        "",
        "--------------------------------------------------------------------",
        "Done with backup phase",
        "--------------------------------------------------------------------",
        "",
        "Prepare newscn for Tablespaces: 'ADAPT_DATA'",
        "Prepare newscn for Tablespaces: 'ADAPT_USERS'",
        "Prepare newscn for Tablespaces: 'BOISJMSDB'",
        "Prepare newscn for Tablespaces: 'DHC_ROLLBACK_TRANSIENT'",
        "Prepare newscn for Tablespaces: 'FUZZY_SEARCH'",
        "Prepare newscn for Tablespaces: 'OT_SCHD_DATA'",
        "Prepare newscn for Tablespaces: 'SPMSGBRK_DATA'",
        "Prepare newscn for Tablespaces: 'VEREDUS_DATA'",
        "Prepare newscn for Tablespaces: 'WEBINT_DATA'",
        "Prepare newscn for Tablespaces: 'ADAPTINTOUCH'",
        "New /home/oracle/version1/US2SUP_xtts/xttplan.txt with FROM SCN's generated",
        "scalar(or10",
        "XXX: adding here for 2, 0, ADAPT_DATA,ADAPT_USERS,BOISJMSDB,DHC_ROLLBACK_TRANSIENT,FUZZY_SEARCH,OT_SCHD_DATA,SPMSGBRK_DATA,VEREDUS_DATA,WEBINT_DATA,ADAPTINTOUCH"
    ]
}

PLAY [transfer the level_0 backups to the /mnt/otchukl1npfss01/xtts_backup/version1/USPP_xtts_scratch] ***

PLAY [do level 0 restore on foaukl1npdb-swdo81.otchukl1npexcl.otchukl1npvcn01.oraclevcn.com] ***

PLAY RECAP *********************************************************************
10.53.64.8                 : ok=4    changed=2    unreachable=0    failed=0    skipped=0    rescued=0    ignored=0   

Thursday 05 December 2024  14:57:22 +0000 (0:00:00.033)       0:25:15.358 ***** 
=============================================================================== 
level_0_backup : Wait for the backup job to finish ------------------- 1489.25s
Gathering Facts -------------------------------------------------------- 20.92s
level_0_backup : Do a level 0 backup on hrraxdv2028.emea.hays.loc ------- 5.06s
level_0_backup : Validate if the backup has been completed successfully --- 0.03s
