nohup: ignoring input

PLAY [do the final incremental backup on hrraxdv2028.emea.hays.loc] ************

PLAY [do the  metadata export on hrraxdv2028.emea.hays.loc] ********************

PLAY [do the  grants export on hrraxdv2028.emea.hays.loc] **********************

PLAY [transfer the final incremental backups to the /mnt/otchukl1npfss01/xtts_backup/version1/USPP_xtts_scratch] ***

PLAY [transfer the full meta dumps to the /mnt/otchukl1npfss01/xtts_backup/version1/USPP_dump] ***

PLAY [do the final incremental restore on foaukl1npdb-swdo81.otchukl1npexcl.otchukl1npvcn01.oraclevcn.com] ***

PLAY [find the datafiles on ASM on foaukl1npdb-swdo81.otchukl1npexcl.otchukl1npvcn01.oraclevcn.com] ***

PLAY [do the metadata import on foaukl1npdb-swdo81.otchukl1npexcl.otchukl1npvcn01.oraclevcn.com] ***

TASK [Gathering Facts gather_subset=['all'], gather_timeout=10] ****************
Friday 06 December 2024  11:20:28 +0000 (0:00:00.098)       0:00:00.098 ******* 
[WARNING]: Platform linux on host 10.100.72.47 is using the discovered Python
interpreter at /usr/bin/python, but future installation of another Python
interpreter could change this. See https://docs.ansible.com/ansible/2.9/referen
ce_appendices/interpreter_discovery.html for more information.
ok: [10.100.72.47]

TASK [meta_import : create data pump directory XTTS_DUMP and grant permission to system user on XTTS_DUMP _raw_params=. /home/oracle/{{target_db}}.env
echo -e "SET PAGESIZE 0 VERIFY OFF HEADING OFF ECHO OFF\n CREATE OR REPLACE DIRECTORY {{dump_dir}} as '{{target_dp_dir}}';" | {{ target_oracle_home }}/bin/sqlplus -s {{target_conn_str}} as sysdba  
echo -e "SET PAGESIZE 0 VERIFY OFF HEADING OFF ECHO OFF\n grant read, write on directory {{dump_dir}} to {{ target_system_user }};" | {{ target_oracle_home }}/bin/sqlplus -s {{target_conn_str}} as sysdba  
] ***
Friday 06 December 2024  11:20:31 +0000 (0:00:02.948)       0:00:03.047 ******* 
changed: [10.100.72.47]

TASK [meta_import : debug msg={{dir_out.stdout_lines}}] ************************
Friday 06 December 2024  11:20:36 +0000 (0:00:04.740)       0:00:07.787 ******* 
ok: [10.100.72.47] => {
    "msg": [
        "",
        "Directory created.",
        "",
        "",
        "Grant succeeded."
    ]
}

TASK [meta_import : Do metadata import on USPP _raw_params=. /home/oracle/{{ target_db }}.env
cd {{ target_dp_dir }}
{{ target_oracle_home }}/bin/impdp {{ target_system_user }}/{{ target_system_passwd }}@{{ target_srv }} parfile={{ imp_par_file }}
] ***
Friday 06 December 2024  11:20:36 +0000 (0:00:00.037)       0:00:07.825 ******* 
changed: [10.100.72.47]

TASK [meta_import : Wait for the metadata import job to finish jid={{ imp_async_job.ansible_job_id }}] ***
Friday 06 December 2024  11:20:38 +0000 (0:00:01.603)       0:00:09.428 ******* 
FAILED - RETRYING: Wait for the metadata import job to finish (20160 retries left).
FAILED - RETRYING: Wait for the metadata import job to finish (20159 retries left).
FAILED - RETRYING: Wait for the metadata import job to finish (20158 retries left).
FAILED - RETRYING: Wait for the metadata import job to finish (20157 retries left).
FAILED - RETRYING: Wait for the metadata import job to finish (20156 retries left).
FAILED - RETRYING: Wait for the metadata import job to finish (20155 retries left).
FAILED - RETRYING: Wait for the metadata import job to finish (20154 retries left).
FAILED - RETRYING: Wait for the metadata import job to finish (20153 retries left).
FAILED - RETRYING: Wait for the metadata import job to finish (20152 retries left).
FAILED - RETRYING: Wait for the metadata import job to finish (20151 retries left).
FAILED - RETRYING: Wait for the metadata import job to finish (20150 retries left).
FAILED - RETRYING: Wait for the metadata import job to finish (20149 retries left).
FAILED - RETRYING: Wait for the metadata import job to finish (20148 retries left).
FAILED - RETRYING: Wait for the metadata import job to finish (20147 retries left).
FAILED - RETRYING: Wait for the metadata import job to finish (20146 retries left).
FAILED - RETRYING: Wait for the metadata import job to finish (20145 retries left).
FAILED - RETRYING: Wait for the metadata import job to finish (20144 retries left).
FAILED - RETRYING: Wait for the metadata import job to finish (20143 retries left).
FAILED - RETRYING: Wait for the metadata import job to finish (20142 retries left).
FAILED - RETRYING: Wait for the metadata import job to finish (20141 retries left).
FAILED - RETRYING: Wait for the metadata import job to finish (20140 retries left).
FAILED - RETRYING: Wait for the metadata import job to finish (20139 retries left).
FAILED - RETRYING: Wait for the metadata import job to finish (20138 retries left).
FAILED - RETRYING: Wait for the metadata import job to finish (20137 retries left).
FAILED - RETRYING: Wait for the metadata import job to finish (20136 retries left).
FAILED - RETRYING: Wait for the metadata import job to finish (20135 retries left).
FAILED - RETRYING: Wait for the metadata import job to finish (20134 retries left).
FAILED - RETRYING: Wait for the metadata import job to finish (20133 retries left).
FAILED - RETRYING: Wait for the metadata import job to finish (20132 retries left).
FAILED - RETRYING: Wait for the metadata import job to finish (20131 retries left).
FAILED - RETRYING: Wait for the metadata import job to finish (20130 retries left).
FAILED - RETRYING: Wait for the metadata import job to finish (20129 retries left).
FAILED - RETRYING: Wait for the metadata import job to finish (20128 retries left).
FAILED - RETRYING: Wait for the metadata import job to finish (20127 retries left).
FAILED - RETRYING: Wait for the metadata import job to finish (20126 retries left).
FAILED - RETRYING: Wait for the metadata import job to finish (20125 retries left).
changed: [10.100.72.47]

TASK [meta_import : Validate if the metadata import has been successfully completed _raw_params=grep "completed" {{ target_dp_dir }}/{{ imp_logfile }}] ***
Friday 06 December 2024  11:39:23 +0000 (0:18:44.826)       0:18:54.255 ******* 
changed: [10.100.72.47]

TASK [meta_import : Fail if the metadata import was not successful msg=Errors on import. Fix the issue and re-run the import.] ***
Friday 06 December 2024  11:39:24 +0000 (0:00:01.032)       0:18:55.288 ******* 
skipping: [10.100.72.47]

TASK [meta_import : Display metadata import results msg=['Please view {{ imp_logfile }} for the import errors.', '{{ imp_validation.stdout_lines }}']] ***
Friday 06 December 2024  11:39:24 +0000 (0:00:00.033)       0:18:55.321 ******* 
ok: [10.100.72.47] => {
    "msg": [
        "Please view meta_imp.log for the import errors.",
        [
            "06-DEC-24 11:38:52.254: Job \"SYSTEM\".\"SYS_IMPORT_FULL_01\" completed with 99 error(s) at Fri Dec 6 11:38:52 2024 elapsed 0 00:18:04"
        ]
    ]
}

PLAY [do the grants import on foaukl1npdb-swdo81.otchukl1npexcl.otchukl1npvcn01.oraclevcn.com] ***

PLAY [do the post migration check on foaukl1npdb-swdo81.otchukl1npexcl.otchukl1npvcn01.oraclevcn.com] ***

PLAY RECAP *********************************************************************
10.100.72.47               : ok=7    changed=4    unreachable=0    failed=0    skipped=1    rescued=0    ignored=0   

Friday 06 December 2024  11:39:24 +0000 (0:00:00.033)       0:18:55.355 ******* 
=============================================================================== 
meta_import : Wait for the metadata import job to finish ------------- 1124.83s
meta_import : create data pump directory XTTS_DUMP and grant permission to system user on XTTS_DUMP --- 4.74s
Gathering Facts --------------------------------------------------------- 2.95s
meta_import : Do metadata import on USPP -------------------------------- 1.60s
meta_import : Validate if the metadata import has been successfully completed --- 1.03s
meta_import : debug ----------------------------------------------------- 0.04s
meta_import : Display metadata import results --------------------------- 0.03s
meta_import : Fail if the metadata import was not successful ------------ 0.03s
