
PLAY [do the final incremental backup on hrraxdv2028.emea.hays.loc] ************

PLAY [do the  metadata export on hrraxdv2028.emea.hays.loc] ********************

PLAY [do the  grants export on hrraxdv2028.emea.hays.loc] **********************

PLAY [transfer the final incremental backups to the /mnt/otchukl1npfss01/xtts_backup/version1/USPP_xtts_scratch] ***

PLAY [transfer the full meta dumps to the /mnt/otchukl1npfss01/xtts_backup/version1/USPP_dump] ***

PLAY [do the final incremental restore on foaukl1npdb-swdo81.otchukl1npexcl.otchukl1npvcn01.oraclevcn.com] ***

PLAY [find the datafiles on ASM on foaukl1npdb-swdo81.otchukl1npexcl.otchukl1npvcn01.oraclevcn.com] ***

PLAY [do the metadata import on foaukl1npdb-swdo81.otchukl1npexcl.otchukl1npvcn01.oraclevcn.com] ***

PLAY [do the grants import on foaukl1npdb-swdo81.otchukl1npexcl.otchukl1npvcn01.oraclevcn.com] ***

PLAY [do the post migration check on foaukl1npdb-swdo81.otchukl1npexcl.otchukl1npvcn01.oraclevcn.com] ***

TASK [post_mig_check : Execute DBMS_STATS.gather_database_stats with SKEWONLY _raw_params=. /home/oracle/{{ target_db }}.env
echo -e "SET TIME ON TIMING ON\n EXEC DBMS_STATS.gather_database_stats( method_opt => 'FOR ALL COLUMNS SIZE SKEWONLY',estimate_percent => DBMS_STATS.AUTO_SAMPLE_SIZE,cascade=>TRUE,degree => 8);" | {{ target_oracle_home }}/bin/sqlplus -s {{ target_conn_str }} as sysdba
] ***
Friday 06 December 2024  12:51:18 +0000 (0:00:00.116)       0:00:00.116 ******* 
changed: [10.100.72.47]

TASK [post_mig_check : Wait for DBMS_STATS.gather_database_stats with SKEWONLY to finish jid={{ gather_skewonly_stats_job.ansible_job_id }}] ***
Friday 06 December 2024  12:51:20 +0000 (0:00:01.988)       0:00:02.104 ******* 
FAILED - RETRYING: Wait for DBMS_STATS.gather_database_stats with SKEWONLY to finish (20160 retries left).
FAILED - RETRYING: Wait for DBMS_STATS.gather_database_stats with SKEWONLY to finish (20159 retries left).
FAILED - RETRYING: Wait for DBMS_STATS.gather_database_stats with SKEWONLY to finish (20158 retries left).
FAILED - RETRYING: Wait for DBMS_STATS.gather_database_stats with SKEWONLY to finish (20157 retries left).
FAILED - RETRYING: Wait for DBMS_STATS.gather_database_stats with SKEWONLY to finish (20156 retries left).
FAILED - RETRYING: Wait for DBMS_STATS.gather_database_stats with SKEWONLY to finish (20155 retries left).
FAILED - RETRYING: Wait for DBMS_STATS.gather_database_stats with SKEWONLY to finish (20154 retries left).
FAILED - RETRYING: Wait for DBMS_STATS.gather_database_stats with SKEWONLY to finish (20153 retries left).
FAILED - RETRYING: Wait for DBMS_STATS.gather_database_stats with SKEWONLY to finish (20152 retries left).
FAILED - RETRYING: Wait for DBMS_STATS.gather_database_stats with SKEWONLY to finish (20151 retries left).
FAILED - RETRYING: Wait for DBMS_STATS.gather_database_stats with SKEWONLY to finish (20150 retries left).
FAILED - RETRYING: Wait for DBMS_STATS.gather_database_stats with SKEWONLY to finish (20149 retries left).
FAILED - RETRYING: Wait for DBMS_STATS.gather_database_stats with SKEWONLY to finish (20148 retries left).
FAILED - RETRYING: Wait for DBMS_STATS.gather_database_stats with SKEWONLY to finish (20147 retries left).
FAILED - RETRYING: Wait for DBMS_STATS.gather_database_stats with SKEWONLY to finish (20146 retries left).
FAILED - RETRYING: Wait for DBMS_STATS.gather_database_stats with SKEWONLY to finish (20145 retries left).
FAILED - RETRYING: Wait for DBMS_STATS.gather_database_stats with SKEWONLY to finish (20144 retries left).
FAILED - RETRYING: Wait for DBMS_STATS.gather_database_stats with SKEWONLY to finish (20143 retries left).
FAILED - RETRYING: Wait for DBMS_STATS.gather_database_stats with SKEWONLY to finish (20142 retries left).
FAILED - RETRYING: Wait for DBMS_STATS.gather_database_stats with SKEWONLY to finish (20141 retries left).
FAILED - RETRYING: Wait for DBMS_STATS.gather_database_stats with SKEWONLY to finish (20140 retries left).
FAILED - RETRYING: Wait for DBMS_STATS.gather_database_stats with SKEWONLY to finish (20139 retries left).
FAILED - RETRYING: Wait for DBMS_STATS.gather_database_stats with SKEWONLY to finish (20138 retries left).
FAILED - RETRYING: Wait for DBMS_STATS.gather_database_stats with SKEWONLY to finish (20137 retries left).
FAILED - RETRYING: Wait for DBMS_STATS.gather_database_stats with SKEWONLY to finish (20136 retries left).
FAILED - RETRYING: Wait for DBMS_STATS.gather_database_stats with SKEWONLY to finish (20135 retries left).
FAILED - RETRYING: Wait for DBMS_STATS.gather_database_stats with SKEWONLY to finish (20134 retries left).
FAILED - RETRYING: Wait for DBMS_STATS.gather_database_stats with SKEWONLY to finish (20133 retries left).
FAILED - RETRYING: Wait for DBMS_STATS.gather_database_stats with SKEWONLY to finish (20132 retries left).
FAILED - RETRYING: Wait for DBMS_STATS.gather_database_stats with SKEWONLY to finish (20131 retries left).
FAILED - RETRYING: Wait for DBMS_STATS.gather_database_stats with SKEWONLY to finish (20130 retries left).
FAILED - RETRYING: Wait for DBMS_STATS.gather_database_stats with SKEWONLY to finish (20129 retries left).
FAILED - RETRYING: Wait for DBMS_STATS.gather_database_stats with SKEWONLY to finish (20128 retries left).
FAILED - RETRYING: Wait for DBMS_STATS.gather_database_stats with SKEWONLY to finish (20127 retries left).
FAILED - RETRYING: Wait for DBMS_STATS.gather_database_stats with SKEWONLY to finish (20126 retries left).
FAILED - RETRYING: Wait for DBMS_STATS.gather_database_stats with SKEWONLY to finish (20125 retries left).
FAILED - RETRYING: Wait for DBMS_STATS.gather_database_stats with SKEWONLY to finish (20124 retries left).
FAILED - RETRYING: Wait for DBMS_STATS.gather_database_stats with SKEWONLY to finish (20123 retries left).
FAILED - RETRYING: Wait for DBMS_STATS.gather_database_stats with SKEWONLY to finish (20122 retries left).
FAILED - RETRYING: Wait for DBMS_STATS.gather_database_stats with SKEWONLY to finish (20121 retries left).
FAILED - RETRYING: Wait for DBMS_STATS.gather_database_stats with SKEWONLY to finish (20120 retries left).
FAILED - RETRYING: Wait for DBMS_STATS.gather_database_stats with SKEWONLY to finish (20119 retries left).
FAILED - RETRYING: Wait for DBMS_STATS.gather_database_stats with SKEWONLY to finish (20118 retries left).
FAILED - RETRYING: Wait for DBMS_STATS.gather_database_stats with SKEWONLY to finish (20117 retries left).
FAILED - RETRYING: Wait for DBMS_STATS.gather_database_stats with SKEWONLY to finish (20116 retries left).
FAILED - RETRYING: Wait for DBMS_STATS.gather_database_stats with SKEWONLY to finish (20115 retries left).
FAILED - RETRYING: Wait for DBMS_STATS.gather_database_stats with SKEWONLY to finish (20114 retries left).
FAILED - RETRYING: Wait for DBMS_STATS.gather_database_stats with SKEWONLY to finish (20113 retries left).
FAILED - RETRYING: Wait for DBMS_STATS.gather_database_stats with SKEWONLY to finish (20112 retries left).
FAILED - RETRYING: Wait for DBMS_STATS.gather_database_stats with SKEWONLY to finish (20111 retries left).
FAILED - RETRYING: Wait for DBMS_STATS.gather_database_stats with SKEWONLY to finish (20110 retries left).
FAILED - RETRYING: Wait for DBMS_STATS.gather_database_stats with SKEWONLY to finish (20109 retries left).
FAILED - RETRYING: Wait for DBMS_STATS.gather_database_stats with SKEWONLY to finish (20108 retries left).
FAILED - RETRYING: Wait for DBMS_STATS.gather_database_stats with SKEWONLY to finish (20107 retries left).
changed: [10.100.72.47]

TASK [post_mig_check : Display gather_database_stats with SKEWONLY result msg={{ gather_skewonly_stats_result.stdout_lines }}] ***
Friday 06 December 2024  13:19:54 +0000 (0:28:33.967)       0:28:36.072 ******* 
ok: [10.100.72.47] => {
    "msg": [
        "",
        "PL/SQL procedure successfully completed.",
        "",
        "Elapsed: 00:28:11.17"
    ]
}

TASK [post_mig_check : Execute DBMS_STATS.gather_dictionary_stats _raw_params=. /home/oracle/{{ target_db }}.env
echo -e "SET TIME ON TIMING ON\n EXEC DBMS_STATS.gather_dictionary_stats;" | {{ target_oracle_home }}/bin/sqlplus -s {{ target_conn_str }} as sysdba
] ***
Friday 06 December 2024  13:19:54 +0000 (0:00:00.015)       0:28:36.088 ******* 
changed: [10.100.72.47]

TASK [post_mig_check : Wait for DBMS_STATS.gather_dictionary_stats to finish jid={{ gather_dictionary_stats_job.ansible_job_id }}] ***
Friday 06 December 2024  13:19:55 +0000 (0:00:01.093)       0:28:37.182 ******* 
FAILED - RETRYING: Wait for DBMS_STATS.gather_dictionary_stats to finish (20160 retries left).
changed: [10.100.72.47]

TASK [post_mig_check : Display gather_dictionary_stats result msg={{ gather_dictionary_stats_result.stdout_lines }}] ***
Friday 06 December 2024  13:20:27 +0000 (0:00:32.114)       0:29:09.296 ******* 
ok: [10.100.72.47] => {
    "msg": [
        "",
        "PL/SQL procedure successfully completed.",
        "",
        "Elapsed: 00:00:15.88"
    ]
}

TASK [post_mig_check : Execute DBMS_STATS.gather_system_stats _raw_params=. /home/oracle/{{ target_db }}.env
echo -e "SET TIME ON TIMING ON\n EXEC DBMS_STATS.gather_system_stats;" | {{ target_oracle_home }}/bin/sqlplus -s {{ target_conn_str }} as sysdba
] ***
Friday 06 December 2024  13:20:27 +0000 (0:00:00.018)       0:29:09.314 ******* 
changed: [10.100.72.47]

TASK [post_mig_check : Wait for DBMS_STATS.gather_system_stats to finish jid={{ gather_system_stats_job.ansible_job_id }}] ***
Friday 06 December 2024  13:20:29 +0000 (0:00:01.082)       0:29:10.397 ******* 
FAILED - RETRYING: Wait for DBMS_STATS.gather_system_stats to finish (20160 retries left).
FAILED - RETRYING: Wait for DBMS_STATS.gather_system_stats to finish (20159 retries left).
FAILED - RETRYING: Wait for DBMS_STATS.gather_system_stats to finish (20158 retries left).
changed: [10.100.72.47]

TASK [post_mig_check : Display gather_system_stats result msg={{ gather_system_stats_result.stdout_lines }}] ***
Friday 06 December 2024  13:22:03 +0000 (0:01:34.533)       0:30:44.930 ******* 
ok: [10.100.72.47] => {
    "msg": [
        "",
        "PL/SQL procedure successfully completed.",
        "",
        "Elapsed: 00:01:32.91"
    ]
}

TASK [post_mig_check : Execute DBMS_STATS.gather_fixed_objects_stats _raw_params=. /home/oracle/{{ target_db }}.env
echo -e "SET TIME ON TIMING ON\n EXEC DBMS_STATS.gather_fixed_objects_stats;" | {{ target_oracle_home }}/bin/sqlplus -s {{ target_conn_str }} as sysdba
] ***
Friday 06 December 2024  13:22:03 +0000 (0:00:00.016)       0:30:44.946 ******* 
changed: [10.100.72.47]

TASK [post_mig_check : Wait for DBMS_STATS.gather_fixed_objects_stats to finish jid={{ gather_fixed_objects_stats_job.ansible_job_id }}] ***
Friday 06 December 2024  13:22:04 +0000 (0:00:01.191)       0:30:46.138 ******* 
FAILED - RETRYING: Wait for DBMS_STATS.gather_fixed_objects_stats to finish (20160 retries left).
FAILED - RETRYING: Wait for DBMS_STATS.gather_fixed_objects_stats to finish (20159 retries left).
FAILED - RETRYING: Wait for DBMS_STATS.gather_fixed_objects_stats to finish (20158 retries left).
changed: [10.100.72.47]

TASK [post_mig_check : Display gather_fixed_objects_stats result msg={{ gather_fixed_objects_stats_result.stdout_lines }}] ***
Friday 06 December 2024  13:23:39 +0000 (0:01:34.307)       0:32:20.445 ******* 
ok: [10.100.72.47] => {
    "msg": [
        "",
        "PL/SQL procedure successfully completed.",
        "",
        "Elapsed: 00:01:28.29"
    ]
}

TASK [post_mig_check : Execute DBMS_STATS.gather_database_stats with AUTO _raw_params=. /home/oracle/{{ target_db }}.env
echo -e "SET TIME ON TIMING ON\n EXEC DBMS_STATS.gather_database_stats( method_opt => 'FOR ALL COLUMNS SIZE AUTO',estimate_percent => DBMS_STATS.AUTO_SAMPLE_SIZE,cascade=>TRUE,degree => 8);" | {{ target_oracle_home }}/bin/sqlplus -s {{ target_conn_str }} as sysdba
] ***
Friday 06 December 2024  13:23:39 +0000 (0:00:00.015)       0:32:20.460 ******* 
changed: [10.100.72.47]

TASK [post_mig_check : Wait for DBMS_STATS.gather_database_stats with AUTO to finish jid={{ gather_auto_stats_job.ansible_job_id }}] ***
Friday 06 December 2024  13:23:40 +0000 (0:00:01.011)       0:32:21.472 ******* 
FAILED - RETRYING: Wait for DBMS_STATS.gather_database_stats with AUTO to finish (20160 retries left).
FAILED - RETRYING: Wait for DBMS_STATS.gather_database_stats with AUTO to finish (20159 retries left).
FAILED - RETRYING: Wait for DBMS_STATS.gather_database_stats with AUTO to finish (20158 retries left).
FAILED - RETRYING: Wait for DBMS_STATS.gather_database_stats with AUTO to finish (20157 retries left).
FAILED - RETRYING: Wait for DBMS_STATS.gather_database_stats with AUTO to finish (20156 retries left).
FAILED - RETRYING: Wait for DBMS_STATS.gather_database_stats with AUTO to finish (20155 retries left).
FAILED - RETRYING: Wait for DBMS_STATS.gather_database_stats with AUTO to finish (20154 retries left).
FAILED - RETRYING: Wait for DBMS_STATS.gather_database_stats with AUTO to finish (20153 retries left).
FAILED - RETRYING: Wait for DBMS_STATS.gather_database_stats with AUTO to finish (20152 retries left).
FAILED - RETRYING: Wait for DBMS_STATS.gather_database_stats with AUTO to finish (20151 retries left).
FAILED - RETRYING: Wait for DBMS_STATS.gather_database_stats with AUTO to finish (20150 retries left).
FAILED - RETRYING: Wait for DBMS_STATS.gather_database_stats with AUTO to finish (20149 retries left).
FAILED - RETRYING: Wait for DBMS_STATS.gather_database_stats with AUTO to finish (20148 retries left).
FAILED - RETRYING: Wait for DBMS_STATS.gather_database_stats with AUTO to finish (20147 retries left).
FAILED - RETRYING: Wait for DBMS_STATS.gather_database_stats with AUTO to finish (20146 retries left).
FAILED - RETRYING: Wait for DBMS_STATS.gather_database_stats with AUTO to finish (20145 retries left).
FAILED - RETRYING: Wait for DBMS_STATS.gather_database_stats with AUTO to finish (20144 retries left).
FAILED - RETRYING: Wait for DBMS_STATS.gather_database_stats with AUTO to finish (20143 retries left).
FAILED - RETRYING: Wait for DBMS_STATS.gather_database_stats with AUTO to finish (20142 retries left).
FAILED - RETRYING: Wait for DBMS_STATS.gather_database_stats with AUTO to finish (20141 retries left).
FAILED - RETRYING: Wait for DBMS_STATS.gather_database_stats with AUTO to finish (20140 retries left).
FAILED - RETRYING: Wait for DBMS_STATS.gather_database_stats with AUTO to finish (20139 retries left).
FAILED - RETRYING: Wait for DBMS_STATS.gather_database_stats with AUTO to finish (20138 retries left).
FAILED - RETRYING: Wait for DBMS_STATS.gather_database_stats with AUTO to finish (20137 retries left).
FAILED - RETRYING: Wait for DBMS_STATS.gather_database_stats with AUTO to finish (20136 retries left).
FAILED - RETRYING: Wait for DBMS_STATS.gather_database_stats with AUTO to finish (20135 retries left).
FAILED - RETRYING: Wait for DBMS_STATS.gather_database_stats with AUTO to finish (20134 retries left).
FAILED - RETRYING: Wait for DBMS_STATS.gather_database_stats with AUTO to finish (20133 retries left).
FAILED - RETRYING: Wait for DBMS_STATS.gather_database_stats with AUTO to finish (20132 retries left).
FAILED - RETRYING: Wait for DBMS_STATS.gather_database_stats with AUTO to finish (20131 retries left).
FAILED - RETRYING: Wait for DBMS_STATS.gather_database_stats with AUTO to finish (20130 retries left).
FAILED - RETRYING: Wait for DBMS_STATS.gather_database_stats with AUTO to finish (20129 retries left).
FAILED - RETRYING: Wait for DBMS_STATS.gather_database_stats with AUTO to finish (20128 retries left).
FAILED - RETRYING: Wait for DBMS_STATS.gather_database_stats with AUTO to finish (20127 retries left).
FAILED - RETRYING: Wait for DBMS_STATS.gather_database_stats with AUTO to finish (20126 retries left).
FAILED - RETRYING: Wait for DBMS_STATS.gather_database_stats with AUTO to finish (20125 retries left).
FAILED - RETRYING: Wait for DBMS_STATS.gather_database_stats with AUTO to finish (20124 retries left).
changed: [10.100.72.47]

TASK [post_mig_check : Display gather_database_stats with AUTO result msg={{ gather_auto_stats_result.stdout_lines }}] ***
Friday 06 December 2024  13:43:16 +0000 (0:19:36.857)       0:51:58.329 ******* 
ok: [10.100.72.47] => {
    "msg": [
        "",
        "PL/SQL procedure successfully completed.",
        "",
        "Elapsed: 00:19:29.84"
    ]
}

PLAY RECAP *********************************************************************
10.100.72.47               : ok=15   changed=10   unreachable=0    failed=0    skipped=0    rescued=0    ignored=0   

Friday 06 December 2024  13:43:17 +0000 (0:00:00.014)       0:51:58.344 ******* 
=============================================================================== 
post_mig_check : Wait for DBMS_STATS.gather_database_stats with SKEWONLY to finish  1713.97s
post_mig_check : Wait for DBMS_STATS.gather_database_stats with AUTO to finish  1176.86s
post_mig_check : Wait for DBMS_STATS.gather_system_stats to finish ----- 94.53s
post_mig_check : Wait for DBMS_STATS.gather_fixed_objects_stats to finish -- 94.31s
post_mig_check : Wait for DBMS_STATS.gather_dictionary_stats to finish -- 32.11s
post_mig_check : Execute DBMS_STATS.gather_database_stats with SKEWONLY --- 1.99s
post_mig_check : Execute DBMS_STATS.gather_fixed_objects_stats ---------- 1.19s
post_mig_check : Execute DBMS_STATS.gather_dictionary_stats ------------- 1.09s
post_mig_check : Execute DBMS_STATS.gather_system_stats ----------------- 1.08s
post_mig_check : Execute DBMS_STATS.gather_database_stats with AUTO ----- 1.01s
post_mig_check : Display gather_dictionary_stats result ----------------- 0.02s
post_mig_check : Display gather_system_stats result --------------------- 0.02s
post_mig_check : Display gather_database_stats with SKEWONLY result ----- 0.02s
post_mig_check : Display gather_fixed_objects_stats result -------------- 0.02s
post_mig_check : Display gather_database_stats with AUTO result --------- 0.02s
