nohup: ignoring input

PLAY [check the privilege escalation on hrraxdv2028.emea.hays.loc] *************

TASK [Gathering Facts gather_subset=['all'], gather_timeout=10] ****************
Thursday 05 December 2024  09:14:05 +0000 (0:00:00.062)       0:00:00.062 ***** 
[WARNING]: Using world-readable permissions for temporary files Ansible needs
to create when becoming an unprivileged user. This may be insecure. For
information on securing this, see
https://docs.ansible.com/ansible/become.html#becoming-an-unprivileged-user
[WARNING]: Platform linux on host 10.100.72.47 is using the discovered Python
interpreter at /usr/bin/python, but future installation of another Python
interpreter could change this. See https://docs.ansible.com/ansible/2.9/referen
ce_appendices/interpreter_discovery.html for more information.
ok: [10.100.72.47]
[WARNING]: Platform aix on host 10.53.64.8 is using the discovered Python
interpreter at /usr/bin/python, but future installation of another Python
interpreter could change this. See https://docs.ansible.com/ansible/2.9/referen
ce_appendices/interpreter_discovery.html for more information.
ok: [10.53.64.8]

TASK [shell _raw_params=hostname
whoami
date
python --version
] ****************
Thursday 05 December 2024  09:14:27 +0000 (0:00:22.038)       0:00:22.101 ***** 
changed: [10.100.72.47]
[WARNING]: Using world-readable permissions for temporary files Ansible needs
to create when becoming an unprivileged user. This may be insecure. For
information on securing this, see
https://docs.ansible.com/ansible/become.html#becoming-an-unprivileged-user
changed: [10.53.64.8]

TASK [debug var=output.stdout_lines] *******************************************
Thursday 05 December 2024  09:14:31 +0000 (0:00:04.378)       0:00:26.479 ***** 
ok: [10.53.64.8] => {
    "output.stdout_lines": [
        "hrraxdv2028.emea.hays.loc",
        "oracle",
        "Thu  5 Dec 09:14:30 2024",
        "Python 3.7.15"
    ]
}
ok: [10.100.72.47] => {
    "output.stdout_lines": [
        "foaukl1npdb-swdo81",
        "oracle",
        "Thu Dec  5 09:14:28 GMT 2024",
        "Python 3.6.8"
    ]
}

PLAY [do the pre migration checks on hrraxdv2028.emea.hays.loc] ****************

TASK [Gathering Facts gather_subset=['all'], gather_timeout=10] ****************
Thursday 05 December 2024  09:14:31 +0000 (0:00:00.064)       0:00:26.544 ***** 
[WARNING]: Using world-readable permissions for temporary files Ansible needs
to create when becoming an unprivileged user. This may be insecure. For
information on securing this, see
https://docs.ansible.com/ansible/become.html#becoming-an-unprivileged-user
ok: [10.53.64.8]

TASK [pre_mig_check : crosscheck the tablespaces and users to be migrated, and identify any users whose default tablespace is not included in the tabelsapce list _raw_params=export ORACLE_SID={{source_oracle_sid}}
export ORACLE_HOME={{source_oracle_home}}
printf "SET PAGESIZE 0 VERIFY OFF HEADING OFF ECHO OFF SERVEROUTPUT on FEEDBACK OFF\n 
DECLARE
        CURSOR invalid_tablespaces_cursor IS
            SELECT username, default_tablespace
            FROM dba_users
            WHERE oracle_maintained = 'N'
              AND username IN ({{ db_users | replace(',', "', '") | regex_replace('^', "'") | regex_replace('$', "'") }})
              AND default_tablespace NOT IN ({{ tablespaces | replace(',', "', '") | regex_replace('^', "'") | regex_replace('$', "'") }})
            ORDER BY username;
    BEGIN
        FOR rec IN invalid_tablespaces_cursor LOOP
            DBMS_OUTPUT.PUT_LINE('User: ' || rec.username || ', Default Tablespace: ' || rec.default_tablespace);
        END LOOP;
    END;
    /
    EXIT;" | {{ source_oracle_home }}/bin/sqlplus -s {{source_conn_str}} as sysdba  
] ***
Thursday 05 December 2024  09:14:49 +0000 (0:00:18.023)       0:00:44.567 ***** 
[WARNING]: Using world-readable permissions for temporary files Ansible needs
to create when becoming an unprivileged user. This may be insecure. For
information on securing this, see
https://docs.ansible.com/ansible/become.html#becoming-an-unprivileged-user
ok: [10.53.64.8]

TASK [pre_mig_check : Check if any rows were returned msg=All users default tabelsapces are included in the tablespace list; continuing playbook execution.] ***
Thursday 05 December 2024  09:14:55 +0000 (0:00:05.922)       0:00:50.489 ***** 
skipping: [10.53.64.8]

TASK [pre_mig_check : Fail if returned rows contain tablespaces other than USERS or SYSTEM msg=['Some users have a default tablespace that is not included in the tablespace list, nor is it USERS or SYSTEM.', '{{sql_output.stdout_lines}}']] ***
Thursday 05 December 2024  09:14:55 +0000 (0:00:00.024)       0:00:50.513 ***** 
skipping: [10.53.64.8]

TASK [pre_mig_check : Continue if all returned tablespaces are in USERS or SYSTEM msg=['All tablespaces returned that are not part of the tablespace list are either USERS or SYSTEM. Hence proceeding with the playbook.', '{{sql_output.stdout_lines}}']] ***
Thursday 05 December 2024  09:14:55 +0000 (0:00:00.023)       0:00:50.537 ***** 
ok: [10.53.64.8] => {
    "msg": [
        "All tablespaces returned that are not part of the tablespace list are either USERS or SYSTEM. Hence proceeding with the playbook.",
        [
            "User: GLOBAL_BI, Default Tablespace: USERS"
        ]
    ]
}

TASK [pre_mig_check : check  if all the tablespaces are self contained _raw_params=export ORACLE_SID={{source_oracle_sid}}
export ORACLE_HOME={{source_oracle_home}}
printf "SET PAGESIZE 0 VERIFY OFF HEADING OFF ECHO OFF\n EXECUTE DBMS_TTS.TRANSPORT_SET_CHECK('{{tablespaces}}', TRUE);" | {{ source_oracle_home }}/bin/sqlplus -s {{source_conn_str}} as sysdba  
] ***
Thursday 05 December 2024  09:14:55 +0000 (0:00:00.027)       0:00:50.564 ***** 
[WARNING]: Using world-readable permissions for temporary files Ansible needs
to create when becoming an unprivileged user. This may be insecure. For
information on securing this, see
https://docs.ansible.com/ansible/become.html#becoming-an-unprivileged-user
changed: [10.53.64.8]

TASK [pre_mig_check : display transport check out msg={{out.stdout_lines}}] ****
Thursday 05 December 2024  09:16:05 +0000 (0:01:09.659)       0:02:00.224 ***** 
ok: [10.53.64.8] => {
    "msg": [
        "",
        "PL/SQL procedure successfully completed."
    ]
}

TASK [pre_mig_check : check if any violations are reported _raw_params=export ORACLE_SID={{source_oracle_sid}}
export ORACLE_HOME={{source_oracle_home}}
printf "SET PAGESIZE 0 FEEDBACK OFF VERIFY OFF HEADING OFF ECHO OFF\n SELECT * FROM TRANSPORT_SET_VIOLATIONS;" | {{ source_oracle_home }}/bin/sqlplus -s {{source_conn_str}} as sysdba  
] ***
Thursday 05 December 2024  09:16:05 +0000 (0:00:00.024)       0:02:00.249 ***** 
[WARNING]: Using world-readable permissions for temporary files Ansible needs
to create when becoming an unprivileged user. This may be insecure. For
information on securing this, see
https://docs.ansible.com/ansible/become.html#becoming-an-unprivileged-user
changed: [10.53.64.8]

TASK [pre_mig_check : display transport   violations out msg={{violations_out.stdout_lines}}] ***
Thursday 05 December 2024  09:16:11 +0000 (0:00:06.520)       0:02:06.769 ***** 
ok: [10.53.64.8] => {
    "msg": []
}

TASK [pre_mig_check : fail msg=One or more tablespaces are not self contained. Violations have been reported] ***
Thursday 05 December 2024  09:16:11 +0000 (0:00:00.025)       0:02:06.795 ***** 
skipping: [10.53.64.8]

TASK [pre_mig_check : check if the source database has already been set archivelog mode _raw_params=export ORACLE_SID={{source_oracle_sid}}
export ORACLE_HOME={{source_oracle_home}}
printf "SET PAGESIZE 0 FEEDBACK OFF VERIFY OFF HEADING OFF ECHO OFF\n select log_mode from v\$database;" | {{ source_oracle_home }}/bin/sqlplus -s {{source_conn_str}} as sysdba  
] ***
Thursday 05 December 2024  09:16:11 +0000 (0:00:00.023)       0:02:06.818 ***** 
[WARNING]: Using world-readable permissions for temporary files Ansible needs
to create when becoming an unprivileged user. This may be insecure. For
information on securing this, see
https://docs.ansible.com/ansible/become.html#becoming-an-unprivileged-user
changed: [10.53.64.8]

TASK [pre_mig_check : display the archivelog mode msg={{archive_mode.stdout_lines}}] ***
Thursday 05 December 2024  09:16:16 +0000 (0:00:04.705)       0:02:11.523 ***** 
ok: [10.53.64.8] => {
    "msg": [
        "ARCHIVELOG"
    ]
}

TASK [pre_mig_check : fail msg=Source Database is on NOARCHIVELOG mode. It must be on ARCHIVELOG mode] ***
Thursday 05 December 2024  09:16:16 +0000 (0:00:00.024)       0:02:11.548 ***** 
skipping: [10.53.64.8]

TASK [pre_mig_check : check if the block change tracking has been enabled on source database _raw_params=export ORACLE_SID={{source_oracle_sid}}
export ORACLE_HOME={{source_oracle_home}}
printf "SET PAGESIZE 0 FEEDBACK OFF VERIFY OFF HEADING OFF ECHO OFF\n select status from v\$block_change_tracking;" | {{ source_oracle_home }}/bin/sqlplus -s {{source_conn_str}} as sysdba  
] ***
Thursday 05 December 2024  09:16:16 +0000 (0:00:00.021)       0:02:11.569 ***** 
[WARNING]: Using world-readable permissions for temporary files Ansible needs
to create when becoming an unprivileged user. This may be insecure. For
information on securing this, see
https://docs.ansible.com/ansible/become.html#becoming-an-unprivileged-user
changed: [10.53.64.8]

TASK [pre_mig_check : display the block_change_tracking msg={{block_change_tracking.stdout_lines}}] ***
Thursday 05 December 2024  09:16:21 +0000 (0:00:05.376)       0:02:16.945 ***** 
ok: [10.53.64.8] => {
    "msg": [
        "ENABLED"
    ]
}

TASK [pre_mig_check : fail msg=Block change tracking is not enabled on the source database] ***
Thursday 05 December 2024  09:16:21 +0000 (0:00:00.042)       0:02:16.988 ***** 
skipping: [10.53.64.8]

TASK [pre_mig_check : check RMAN default device type _raw_params=export ORACLE_SID={{source_oracle_sid}}
export ORACLE_HOME={{source_oracle_home}}
printf "SHOW DEFAULT DEVICE TYPE;" | {{ source_oracle_home }}/bin/rman target /
] ***
Thursday 05 December 2024  09:16:21 +0000 (0:00:00.044)       0:02:17.032 ***** 
[WARNING]: Using world-readable permissions for temporary files Ansible needs
to create when becoming an unprivileged user. This may be insecure. For
information on securing this, see
https://docs.ansible.com/ansible/become.html#becoming-an-unprivileged-user
changed: [10.53.64.8]

TASK [pre_mig_check : display RMAN default device type configuration msg={{ default_device_out.stdout_lines }}] ***
Thursday 05 December 2024  09:16:31 +0000 (0:00:09.413)       0:02:26.445 ***** 
ok: [10.53.64.8] => {
    "msg": [
        "",
        "Recovery Manager: Release 19.0.0.0.0 - Production on Thu Dec 5 09:16:26 2024",
        "Version 19.11.0.0.0",
        "",
        "Copyright (c) 1982, 2019, Oracle and/or its affiliates.  All rights reserved.",
        "",
        "connected to target database: US2SUP (DBID=1331891994)",
        "",
        "RMAN> ",
        "using target database control file instead of recovery catalog",
        "RMAN configuration parameters for database with db_unique_name US2SUP are:",
        "CONFIGURE DEFAULT DEVICE TYPE TO DISK; # default",
        "",
        "RMAN> ",
        "",
        "Recovery Manager complete."
    ]
}

TASK [pre_mig_check : fail msg=RMAN configuration default device type not set to  disk] ***
Thursday 05 December 2024  09:16:31 +0000 (0:00:00.024)       0:02:26.469 ***** 
skipping: [10.53.64.8]

TASK [pre_mig_check : check RMAN backupset configuration _raw_params=export ORACLE_SID={{source_oracle_sid}}
export ORACLE_HOME={{source_oracle_home}}
printf "SHOW DEVICE TYPE;" | {{ source_oracle_home }}/bin/rman target /
] ***
Thursday 05 December 2024  09:16:31 +0000 (0:00:00.021)       0:02:26.491 ***** 
[WARNING]: Using world-readable permissions for temporary files Ansible needs
to create when becoming an unprivileged user. This may be insecure. For
information on securing this, see
https://docs.ansible.com/ansible/become.html#becoming-an-unprivileged-user
changed: [10.53.64.8]

TASK [pre_mig_check : display RMAN backupset configuration msg={{ backupset_out.stdout_lines }}] ***
Thursday 05 December 2024  09:16:38 +0000 (0:00:07.367)       0:02:33.859 ***** 
ok: [10.53.64.8] => {
    "msg": [
        "",
        "Recovery Manager: Release 19.0.0.0.0 - Production on Thu Dec 5 09:16:35 2024",
        "Version 19.11.0.0.0",
        "",
        "Copyright (c) 1982, 2019, Oracle and/or its affiliates.  All rights reserved.",
        "",
        "connected to target database: US2SUP (DBID=1331891994)",
        "",
        "RMAN> ",
        "using target database control file instead of recovery catalog",
        "RMAN configuration parameters for database with db_unique_name US2SUP are:",
        "CONFIGURE DEVICE TYPE DISK BACKUP TYPE TO BACKUPSET PARALLELISM 10;",
        "",
        "RMAN> ",
        "",
        "Recovery Manager complete."
    ]
}

TASK [pre_mig_check : fail msg=RMAN configuration contains COMPRESSED BACKUPSET, which is not allowed.] ***
Thursday 05 December 2024  09:16:38 +0000 (0:00:00.026)       0:02:33.886 ***** 
skipping: [10.53.64.8]

TASK [pre_mig_check : Ensure there is no unusable indexes in the source database _raw_params=export ORACLE_SID={{source_oracle_sid}}
export ORACLE_HOME={{source_oracle_home}}
printf "SET PAGESIZE 0 FEEDBACK OFF VERIFY OFF HEADING OFF ECHO OFF\n select table_owner,table_name,owner,index_name,status,tablespace_name from dba_indexes where status='UNUSABLE' and tablespace_name in ({{ "'" + tablespaces | regex_replace(',', "','") + "'" }});" | {{ source_oracle_home }}/bin/sqlplus -s {{source_conn_str}} as sysdba  
] ***
Thursday 05 December 2024  09:16:38 +0000 (0:00:00.027)       0:02:33.914 ***** 
[WARNING]: Using world-readable permissions for temporary files Ansible needs
to create when becoming an unprivileged user. This may be insecure. For
information on securing this, see
https://docs.ansible.com/ansible/become.html#becoming-an-unprivileged-user
changed: [10.53.64.8]

TASK [pre_mig_check : display the unusable indexes msg={{unusable_out.stdout_lines}}] ***
Thursday 05 December 2024  09:16:43 +0000 (0:00:04.830)       0:02:38.744 ***** 
ok: [10.53.64.8] => {
    "msg": []
}

TASK [pre_mig_check : fail msg=One or more indexes are unusable] ***************
Thursday 05 December 2024  09:16:43 +0000 (0:00:00.024)       0:02:38.768 ***** 
skipping: [10.53.64.8]

TASK [pre_mig_check : Check if CTXSYS user exists _raw_params=export ORACLE_SID={{source_oracle_sid}}
export ORACLE_HOME={{source_oracle_home}}
printf "SET PAGESIZE 0 FEEDBACK OFF VERIFY OFF HEADING OFF ECHO OFF\n select username from dba_users where username='CTXSYS';" | {{ source_oracle_home }}/bin/sqlplus -s {{source_conn_str}} as sysdba
] ***
Thursday 05 December 2024  09:16:43 +0000 (0:00:00.021)       0:02:38.790 ***** 
[WARNING]: Using world-readable permissions for temporary files Ansible needs
to create when becoming an unprivileged user. This may be insecure. For
information on securing this, see
https://docs.ansible.com/ansible/become.html#becoming-an-unprivileged-user
changed: [10.53.64.8]

TASK [pre_mig_check : Ensure there are no indexes with pending rows in DR$PENDING _raw_params=export ORACLE_SID={{source_oracle_sid}}
export ORACLE_HOME={{source_oracle_home}}
printf "SET PAGESIZE 0 FEEDBACK OFF VERIFY OFF HEADING OFF ECHO OFF\n select u.username, i.idx_name from ctxsys.dr\$index i, dba_users u where u.user_id=i.idx_owner# and idx_id in (select pnd_cid from ctxsys.dr\$pending);" | {{ source_oracle_home }}/bin/sqlplus -s {{source_conn_str}} as sysdba
] ***
Thursday 05 December 2024  09:16:48 +0000 (0:00:04.743)       0:02:43.533 ***** 
[WARNING]: Using world-readable permissions for temporary files Ansible needs
to create when becoming an unprivileged user. This may be insecure. For
information on securing this, see
https://docs.ansible.com/ansible/become.html#becoming-an-unprivileged-user
changed: [10.53.64.8]

TASK [pre_mig_check : Display pending indexes output msg={{pending_indexes_out.stdout_lines}}] ***
Thursday 05 December 2024  09:16:53 +0000 (0:00:04.798)       0:02:48.332 ***** 
ok: [10.53.64.8] => {
    "msg": []
}

TASK [pre_mig_check : fail msg=One or more indexes have pending rows in DR$PENDING. Synchronize them using the following command format: exec ctx_ddl.sync_index('USERNAME.INDEX');] ***
Thursday 05 December 2024  09:16:53 +0000 (0:00:00.026)       0:02:48.358 ***** 
skipping: [10.53.64.8]

TASK [pre_mig_check : Ensure there are no APPLICATION='Y' objects in the database _raw_params=export ORACLE_SID={{source_oracle_sid}}
export ORACLE_HOME={{source_oracle_home}}
printf "SET PAGESIZE 0 FEEDBACK OFF VERIFY OFF HEADING OFF ECHO OFF\n select a.object_name from dba_objects a inner join dba_users b on a.owner=b.username where b.oracle_maintained='N' and SHARING='NONE' and application='Y' order by 1;" | {{ source_oracle_home }}/bin/sqlplus -s {{source_conn_str}} as sysdba  
] ***
Thursday 05 December 2024  09:16:53 +0000 (0:00:00.023)       0:02:48.381 ***** 
[WARNING]: Using world-readable permissions for temporary files Ansible needs
to create when becoming an unprivileged user. This may be insecure. For
information on securing this, see
https://docs.ansible.com/ansible/become.html#becoming-an-unprivileged-user
changed: [10.53.64.8]

TASK [pre_mig_check : display the objects with APPLICATION='Y' msg={{application_out.stdout_lines}}] ***
Thursday 05 December 2024  09:16:59 +0000 (0:00:06.425)       0:02:54.806 ***** 
ok: [10.53.64.8] => {
    "msg": []
}

TASK [pre_mig_check : fail msg=One or more APPLICATION='Y' objects found ] *****
Thursday 05 December 2024  09:16:59 +0000 (0:00:00.024)       0:02:54.831 ***** 
skipping: [10.53.64.8]

PLAY [check the database characterset and national character on the US2SUP] ****

TASK [Gathering Facts gather_subset=['all'], gather_timeout=10] ****************
Thursday 05 December 2024  09:16:59 +0000 (0:00:00.027)       0:02:54.858 ***** 
[WARNING]: Using world-readable permissions for temporary files Ansible needs
to create when becoming an unprivileged user. This may be insecure. For
information on securing this, see
https://docs.ansible.com/ansible/become.html#becoming-an-unprivileged-user
ok: [10.53.64.8]

TASK [source_pre_character_set_check : check database character set and national character set on the US2SUP _raw_params=export ORACLE_SID={{source_oracle_sid}}
export ORACLE_HOME={{source_oracle_home}}
printf "SET PAGESIZE 0 FEEDBACK OFF VERIFY OFF HEADING OFF ECHO OFF\n select property_name, property_value from database_properties where property_name in ('NLS_CHARACTERSET', 'NLS_NCHAR_CHARACTERSET');" | {{ source_oracle_home }}/bin/sqlplus -s {{source_conn_str}} as sysdba
] ***
Thursday 05 December 2024  09:17:19 +0000 (0:00:19.729)       0:03:14.587 ***** 
[WARNING]: Using world-readable permissions for temporary files Ansible needs
to create when becoming an unprivileged user. This may be insecure. For
information on securing this, see
https://docs.ansible.com/ansible/become.html#becoming-an-unprivileged-user
changed: [10.53.64.8]

TASK [source_pre_character_set_check : display the character set output msg={{source_cha_out.stdout_lines}}] ***
Thursday 05 December 2024  09:17:24 +0000 (0:00:05.135)       0:03:19.723 ***** 
ok: [10.53.64.8] => {
    "msg": [
        "NLS_NCHAR_CHARACTERSET",
        "UTF8",
        "",
        "NLS_CHARACTERSET",
        "AL32UTF8"
    ]
}

TASK [source_pre_character_set_check : store the source characterset value in a local file content={{source_cha_out.stdout_lines}}, dest={{source_db}}_source_cha_set.txt] ***
Thursday 05 December 2024  09:17:24 +0000 (0:00:00.026)       0:03:19.750 ***** 
changed: [10.53.64.8 -> localhost]

PLAY [check the database characterset and national character on the OTCHPPUS] ***

TASK [Gathering Facts gather_subset=['all'], gather_timeout=10] ****************
Thursday 05 December 2024  09:17:25 +0000 (0:00:00.539)       0:03:20.290 ***** 
ok: [10.100.72.47]

TASK [target_pre_character_set_check : check database character set and national character set on the OTCHPPUS_USPP _raw_params=export ORACLE_SID={{target_oracle_sid}}
export ORACLE_HOME={{target_oracle_home}}
export TNS_ADMIN={{target_tns_admin}}
echo -e "SET PAGESIZE 0 FEEDBACK OFF VERIFY OFF HEADING OFF ECHO OFF\n select property_name, property_value from database_properties where property_name in ('NLS_CHARACTERSET', 'NLS_NCHAR_CHARACTERSET');" | {{ target_oracle_home }}/bin/sqlplus -s {{target_conn_str}} as sysdba
] ***
Thursday 05 December 2024  09:17:29 +0000 (0:00:04.157)       0:03:24.447 ***** 
changed: [10.100.72.47]

TASK [target_pre_character_set_check : display the target character set output msg=['{{target_cha_out.stdout_lines}}']] ***
Thursday 05 December 2024  09:17:32 +0000 (0:00:02.777)       0:03:27.224 ***** 
ok: [10.100.72.47] => {
    "msg": [
        [
            "NLS_NCHAR_CHARACTERSET",
            "AL16UTF16",
            "",
            "NLS_CHARACTERSET",
            "AL32UTF8"
        ]
    ]
}

TASK [target_pre_character_set_check : store the target characterset value in a local file content={{target_cha_out.stdout_lines}}, dest={{target_pdb}}_target_cha_set.txt] ***
Thursday 05 December 2024  09:17:32 +0000 (0:00:00.036)       0:03:27.261 ***** 
changed: [10.100.72.47 -> localhost]

PLAY [compare the character set output] ****************************************

TASK [Gathering Facts gather_subset=['all'], gather_timeout=10] ****************
Thursday 05 December 2024  09:17:32 +0000 (0:00:00.334)       0:03:27.596 ***** 
ok: [localhost]

TASK [generate diff _raw_params=diff {{source_db}}_source_cha_set.txt {{target_pdb}}_target_cha_set.txt] ***
Thursday 05 December 2024  09:17:33 +0000 (0:00:00.462)       0:03:28.059 ***** 
fatal: [localhost]: FAILED! => {"changed": true, "cmd": ["diff", "US2SUP_source_cha_set.txt", "USPP_target_cha_set.txt"], "delta": "0:00:00.002493", "end": "2024-12-05 09:17:33.165096", "msg": "non-zero return code", "rc": 1, "start": "2024-12-05 09:17:33.162603", "stderr": "", "stderr_lines": [], "stdout": "1c1\n< [\"NLS_NCHAR_CHARACTERSET\", \"UTF8\", \"\", \"NLS_CHARACTERSET\", \"AL32UTF8\"]\n\\ No newline at end of file\n---\n> [\"NLS_NCHAR_CHARACTERSET\", \"AL16UTF16\", \"\", \"NLS_CHARACTERSET\", \"AL32UTF8\"]\n\\ No newline at end of file", "stdout_lines": ["1c1", "< [\"NLS_NCHAR_CHARACTERSET\", \"UTF8\", \"\", \"NLS_CHARACTERSET\", \"AL32UTF8\"]", "\\ No newline at end of file", "---", "> [\"NLS_NCHAR_CHARACTERSET\", \"AL16UTF16\", \"\", \"NLS_CHARACTERSET\", \"AL32UTF8\"]", "\\ No newline at end of file"]}

PLAY RECAP *********************************************************************
10.100.72.47               : ok=7    changed=3    unreachable=0    failed=0    skipped=0    rescued=0    ignored=0   
10.53.64.8                 : ok=29   changed=13   unreachable=0    failed=0    skipped=10   rescued=0    ignored=0   
localhost                  : ok=1    changed=0    unreachable=0    failed=1    skipped=0    rescued=0    ignored=0   

Thursday 05 December 2024  09:17:33 +0000 (0:00:00.171)       0:03:28.230 ***** 
=============================================================================== 
pre_mig_check : check  if all the tablespaces are self contained ------- 69.66s
Gathering Facts -------------------------------------------------------- 22.04s
Gathering Facts -------------------------------------------------------- 19.73s
Gathering Facts -------------------------------------------------------- 18.02s
pre_mig_check : check RMAN default device type -------------------------- 9.41s
pre_mig_check : check RMAN backupset configuration ---------------------- 7.37s
pre_mig_check : check if any violations are reported -------------------- 6.52s
pre_mig_check : Ensure there are no APPLICATION='Y' objects in the database --- 6.43s
pre_mig_check : crosscheck the tablespaces and users to be migrated, and identify any users whose default tablespace is not included in the tabelsapce list --- 5.92s
pre_mig_check : check if the block change tracking has been enabled on source database --- 5.38s
source_pre_character_set_check : check database character set and national character set on the US2SUP --- 5.14s
pre_mig_check : Ensure there is no unusable indexes in the source database --- 4.83s
pre_mig_check : Ensure there are no indexes with pending rows in DR$PENDING --- 4.80s
pre_mig_check : Check if CTXSYS user exists ----------------------------- 4.74s
pre_mig_check : check if the source database has already been set archivelog mode --- 4.71s
shell ------------------------------------------------------------------- 4.38s
Gathering Facts --------------------------------------------------------- 4.16s
target_pre_character_set_check : check database character set and national character set on the OTCHPPUS_USPP --- 2.78s
source_pre_character_set_check : store the source characterset value in a local file --- 0.54s
Gathering Facts --------------------------------------------------------- 0.46s
