nohup: ignoring input

PLAY [check the privilege escalation on hrraxdv2028.emea.hays.loc] *************

PLAY [do the pre migration checks on hrraxdv2028.emea.hays.loc] ****************

PLAY [check the database characterset and national character on the US2SUP] ****

PLAY [check the database characterset and national character on the OTCHPPUS] ***

PLAY [compare the character set output] ****************************************

PLAY [Configure Migration prerequisites on the source vm] **********************

PLAY [Configure Migration prerequisites on the target vm] **********************

TASK [Gathering Facts gather_subset=['all'], gather_timeout=10] ****************
Tuesday 26 November 2024  17:03:18 +0000 (0:00:00.089)       0:00:00.089 ****** 
[WARNING]: Platform linux on host 10.100.72.47 is using the discovered Python
interpreter at /usr/bin/python, but future installation of another Python
interpreter could change this. See https://docs.ansible.com/ansible/2.9/referen
ce_appendices/interpreter_discovery.html for more information.
ok: [10.100.72.47]

TASK [target_mig_prereqs : Check if the directories already exist on foaukl1npdb-swdo81.otchukl1npexcl.otchukl1npvcn01.oraclevcn.com path={{ item }}] ***
Tuesday 26 November 2024  17:03:21 +0000 (0:00:02.614)       0:00:02.703 ****** 
ok: [10.100.72.47] => (item=/home/oracle/version1/USPP_xtts_stage)
ok: [10.100.72.47] => (item=/home/oracle/version1/USPP_xtts)
ok: [10.100.72.47] => (item=/mnt/otchukl1npfss01/xtts_backup/version1/USPP_xtts_scratch)
ok: [10.100.72.47] => (item=/mnt/otchukl1npfss01/xtts_backup/version1/USPP_dump)
ok: [10.100.72.47] => (item=/home/oracle/version1/USPP_verification)

TASK [target_mig_prereqs : display dir_result variable var=dir_result] *********
Tuesday 26 November 2024  17:03:26 +0000 (0:00:05.222)       0:00:07.925 ****** 
ok: [10.100.72.47] => {
    "dir_result": {
        "changed": false,
        "msg": "All items completed",
        "results": [
            {
                "ansible_loop_var": "item",
                "changed": false,
                "failed": false,
                "invocation": {
                    "module_args": {
                        "checksum_algorithm": "sha1",
                        "follow": false,
                        "get_attributes": true,
                        "get_checksum": true,
                        "get_md5": false,
                        "get_mime": true,
                        "path": "/home/oracle/version1/USPP_xtts_stage"
                    }
                },
                "item": "/home/oracle/version1/USPP_xtts_stage",
                "stat": {
                    "exists": false
                }
            },
            {
                "ansible_loop_var": "item",
                "changed": false,
                "failed": false,
                "invocation": {
                    "module_args": {
                        "checksum_algorithm": "sha1",
                        "follow": false,
                        "get_attributes": true,
                        "get_checksum": true,
                        "get_md5": false,
                        "get_mime": true,
                        "path": "/home/oracle/version1/USPP_xtts"
                    }
                },
                "item": "/home/oracle/version1/USPP_xtts",
                "stat": {
                    "exists": false
                }
            },
            {
                "ansible_loop_var": "item",
                "changed": false,
                "failed": false,
                "invocation": {
                    "module_args": {
                        "checksum_algorithm": "sha1",
                        "follow": false,
                        "get_attributes": true,
                        "get_checksum": true,
                        "get_md5": false,
                        "get_mime": true,
                        "path": "/mnt/otchukl1npfss01/xtts_backup/version1/USPP_xtts_scratch"
                    }
                },
                "item": "/mnt/otchukl1npfss01/xtts_backup/version1/USPP_xtts_scratch",
                "stat": {
                    "exists": false
                }
            },
            {
                "ansible_loop_var": "item",
                "changed": false,
                "failed": false,
                "invocation": {
                    "module_args": {
                        "checksum_algorithm": "sha1",
                        "follow": false,
                        "get_attributes": true,
                        "get_checksum": true,
                        "get_md5": false,
                        "get_mime": true,
                        "path": "/mnt/otchukl1npfss01/xtts_backup/version1/USPP_dump"
                    }
                },
                "item": "/mnt/otchukl1npfss01/xtts_backup/version1/USPP_dump",
                "stat": {
                    "exists": false
                }
            },
            {
                "ansible_loop_var": "item",
                "changed": false,
                "failed": false,
                "invocation": {
                    "module_args": {
                        "checksum_algorithm": "sha1",
                        "follow": false,
                        "get_attributes": true,
                        "get_checksum": true,
                        "get_md5": false,
                        "get_mime": true,
                        "path": "/home/oracle/version1/USPP_verification"
                    }
                },
                "item": "/home/oracle/version1/USPP_verification",
                "stat": {
                    "exists": false
                }
            }
        ]
    }
}

TASK [target_mig_prereqs : display a message if the directories exist on foaukl1npdb-swdo81.otchukl1npexcl.otchukl1npvcn01.oraclevcn.com msg=directory {{ item.item }} exists] ***
Tuesday 26 November 2024  17:03:26 +0000 (0:00:00.039)       0:00:07.965 ****** 
skipping: [10.100.72.47] => (item={'changed': False, 'stat': {'exists': False}, 'invocation': {'module_args': {'path': '/home/oracle/version1/USPP_xtts_stage', 'follow': False, 'get_md5': False, 'get_checksum': True, 'get_mime': True, 'get_attributes': True, 'checksum_algorithm': 'sha1'}}, 'failed': False, 'item': '/home/oracle/version1/USPP_xtts_stage', 'ansible_loop_var': 'item'}) 
skipping: [10.100.72.47] => (item={'changed': False, 'stat': {'exists': False}, 'invocation': {'module_args': {'path': '/home/oracle/version1/USPP_xtts', 'follow': False, 'get_md5': False, 'get_checksum': True, 'get_mime': True, 'get_attributes': True, 'checksum_algorithm': 'sha1'}}, 'failed': False, 'item': '/home/oracle/version1/USPP_xtts', 'ansible_loop_var': 'item'}) 
skipping: [10.100.72.47] => (item={'changed': False, 'stat': {'exists': False}, 'invocation': {'module_args': {'path': '/mnt/otchukl1npfss01/xtts_backup/version1/USPP_xtts_scratch', 'follow': False, 'get_md5': False, 'get_checksum': True, 'get_mime': True, 'get_attributes': True, 'checksum_algorithm': 'sha1'}}, 'failed': False, 'item': '/mnt/otchukl1npfss01/xtts_backup/version1/USPP_xtts_scratch', 'ansible_loop_var': 'item'}) 
skipping: [10.100.72.47] => (item={'changed': False, 'stat': {'exists': False}, 'invocation': {'module_args': {'path': '/mnt/otchukl1npfss01/xtts_backup/version1/USPP_dump', 'follow': False, 'get_md5': False, 'get_checksum': True, 'get_mime': True, 'get_attributes': True, 'checksum_algorithm': 'sha1'}}, 'failed': False, 'item': '/mnt/otchukl1npfss01/xtts_backup/version1/USPP_dump', 'ansible_loop_var': 'item'}) 
skipping: [10.100.72.47] => (item={'changed': False, 'stat': {'exists': False}, 'invocation': {'module_args': {'path': '/home/oracle/version1/USPP_verification', 'follow': False, 'get_md5': False, 'get_checksum': True, 'get_mime': True, 'get_attributes': True, 'checksum_algorithm': 'sha1'}}, 'failed': False, 'item': '/home/oracle/version1/USPP_verification', 'ansible_loop_var': 'item'}) 
skipping: [10.100.72.47]

TASK [target_mig_prereqs : create directories on foaukl1npdb-swdo81.otchukl1npexcl.otchukl1npvcn01.oraclevcn.com path={{ item.item }}, state=directory, owner=oracle, group=oinstall, recurse=True, mode=0775] ***
Tuesday 26 November 2024  17:03:26 +0000 (0:00:00.059)       0:00:08.024 ****** 
changed: [10.100.72.47] => (item={'changed': False, 'stat': {'exists': False}, 'invocation': {'module_args': {'path': '/home/oracle/version1/USPP_xtts_stage', 'follow': False, 'get_md5': False, 'get_checksum': True, 'get_mime': True, 'get_attributes': True, 'checksum_algorithm': 'sha1'}}, 'failed': False, 'item': '/home/oracle/version1/USPP_xtts_stage', 'ansible_loop_var': 'item'})
changed: [10.100.72.47] => (item={'changed': False, 'stat': {'exists': False}, 'invocation': {'module_args': {'path': '/home/oracle/version1/USPP_xtts', 'follow': False, 'get_md5': False, 'get_checksum': True, 'get_mime': True, 'get_attributes': True, 'checksum_algorithm': 'sha1'}}, 'failed': False, 'item': '/home/oracle/version1/USPP_xtts', 'ansible_loop_var': 'item'})
changed: [10.100.72.47] => (item={'changed': False, 'stat': {'exists': False}, 'invocation': {'module_args': {'path': '/mnt/otchukl1npfss01/xtts_backup/version1/USPP_xtts_scratch', 'follow': False, 'get_md5': False, 'get_checksum': True, 'get_mime': True, 'get_attributes': True, 'checksum_algorithm': 'sha1'}}, 'failed': False, 'item': '/mnt/otchukl1npfss01/xtts_backup/version1/USPP_xtts_scratch', 'ansible_loop_var': 'item'})
changed: [10.100.72.47] => (item={'changed': False, 'stat': {'exists': False}, 'invocation': {'module_args': {'path': '/mnt/otchukl1npfss01/xtts_backup/version1/USPP_dump', 'follow': False, 'get_md5': False, 'get_checksum': True, 'get_mime': True, 'get_attributes': True, 'checksum_algorithm': 'sha1'}}, 'failed': False, 'item': '/mnt/otchukl1npfss01/xtts_backup/version1/USPP_dump', 'ansible_loop_var': 'item'})
changed: [10.100.72.47] => (item={'changed': False, 'stat': {'exists': False}, 'invocation': {'module_args': {'path': '/home/oracle/version1/USPP_verification', 'follow': False, 'get_md5': False, 'get_checksum': True, 'get_mime': True, 'get_attributes': True, 'checksum_algorithm': 'sha1'}}, 'failed': False, 'item': '/home/oracle/version1/USPP_verification', 'ansible_loop_var': 'item'})

TASK [target_mig_prereqs : check if verification scripts are already present in the /home/oracle/version1/USPP_verification path={{target_verification_dir}}/{{item}}] ***
Tuesday 26 November 2024  17:03:31 +0000 (0:00:05.347)       0:00:13.371 ****** 
ok: [10.100.72.47] => (item=Application_Objects_In_System_Sysaux.sql)
ok: [10.100.72.47] => (item=DB_Links_Details.sql)
ok: [10.100.72.47] => (item=Granted_Roles.sql)
ok: [10.100.72.47] => (item=Invalid_Objects.sql)
ok: [10.100.72.47] => (item=List_Schemas_And_Default_TBS.sql)
ok: [10.100.72.47] => (item=Object_Count_Per_Schema.sql)
ok: [10.100.72.47] => (item=Schedules_jobs.sql)

TASK [target_mig_prereqs : copy the verification *.sql files to /home/oracle/version1/USPP_verification src={{item.item}}, dest={{target_verification_dir}}/, owner=oracle, group=oinstall] ***
Tuesday 26 November 2024  17:03:38 +0000 (0:00:06.954)       0:00:20.326 ****** 
changed: [10.100.72.47] => (item={'changed': False, 'stat': {'exists': False}, 'invocation': {'module_args': {'path': '/home/oracle/version1/USPP_verification/Application_Objects_In_System_Sysaux.sql', 'follow': False, 'get_md5': False, 'get_checksum': True, 'get_mime': True, 'get_attributes': True, 'checksum_algorithm': 'sha1'}}, 'failed': False, 'item': 'Application_Objects_In_System_Sysaux.sql', 'ansible_loop_var': 'item'})
changed: [10.100.72.47] => (item={'changed': False, 'stat': {'exists': False}, 'invocation': {'module_args': {'path': '/home/oracle/version1/USPP_verification/DB_Links_Details.sql', 'follow': False, 'get_md5': False, 'get_checksum': True, 'get_mime': True, 'get_attributes': True, 'checksum_algorithm': 'sha1'}}, 'failed': False, 'item': 'DB_Links_Details.sql', 'ansible_loop_var': 'item'})
changed: [10.100.72.47] => (item={'changed': False, 'stat': {'exists': False}, 'invocation': {'module_args': {'path': '/home/oracle/version1/USPP_verification/Granted_Roles.sql', 'follow': False, 'get_md5': False, 'get_checksum': True, 'get_mime': True, 'get_attributes': True, 'checksum_algorithm': 'sha1'}}, 'failed': False, 'item': 'Granted_Roles.sql', 'ansible_loop_var': 'item'})
changed: [10.100.72.47] => (item={'changed': False, 'stat': {'exists': False}, 'invocation': {'module_args': {'path': '/home/oracle/version1/USPP_verification/Invalid_Objects.sql', 'follow': False, 'get_md5': False, 'get_checksum': True, 'get_mime': True, 'get_attributes': True, 'checksum_algorithm': 'sha1'}}, 'failed': False, 'item': 'Invalid_Objects.sql', 'ansible_loop_var': 'item'})
changed: [10.100.72.47] => (item={'changed': False, 'stat': {'exists': False}, 'invocation': {'module_args': {'path': '/home/oracle/version1/USPP_verification/List_Schemas_And_Default_TBS.sql', 'follow': False, 'get_md5': False, 'get_checksum': True, 'get_mime': True, 'get_attributes': True, 'checksum_algorithm': 'sha1'}}, 'failed': False, 'item': 'List_Schemas_And_Default_TBS.sql', 'ansible_loop_var': 'item'})
changed: [10.100.72.47] => (item={'changed': False, 'stat': {'exists': False}, 'invocation': {'module_args': {'path': '/home/oracle/version1/USPP_verification/Object_Count_Per_Schema.sql', 'follow': False, 'get_md5': False, 'get_checksum': True, 'get_mime': True, 'get_attributes': True, 'checksum_algorithm': 'sha1'}}, 'failed': False, 'item': 'Object_Count_Per_Schema.sql', 'ansible_loop_var': 'item'})
changed: [10.100.72.47] => (item={'changed': False, 'stat': {'exists': False}, 'invocation': {'module_args': {'path': '/home/oracle/version1/USPP_verification/Schedules_jobs.sql', 'follow': False, 'get_md5': False, 'get_checksum': True, 'get_mime': True, 'get_attributes': True, 'checksum_algorithm': 'sha1'}}, 'failed': False, 'item': 'Schedules_jobs.sql', 'ansible_loop_var': 'item'})

TASK [target_mig_prereqs : check if rman_xttconvert_VER4.3.zip already exists on foaukl1npdb-swdo81.otchukl1npexcl.otchukl1npvcn01.oraclevcn.com path={{ target_xtts_stage_dir }}/{{ rman_xttconvert }}] ***
Tuesday 26 November 2024  17:03:52 +0000 (0:00:13.468)       0:00:33.795 ****** 
ok: [10.100.72.47]

TASK [target_mig_prereqs : Copy rman_xttconvert_VER4.3.zip to /home/oracle/version1/USPP_xtts_stage on foaukl1npdb-swdo81.otchukl1npexcl.otchukl1npvcn01.oraclevcn.com src={{ rman_xttconvert }}, dest={{ target_xtts_stage_dir }}/, owner=oracle, group=oinstall] ***
Tuesday 26 November 2024  17:03:53 +0000 (0:00:01.227)       0:00:35.022 ****** 
changed: [10.100.72.47]

TASK [target_mig_prereqs : check if rman_xttconvert_VER4.3.zip has already been unzipped into the  /home/oracle/version1/USPP_xtts on foaukl1npdb-swdo81.otchukl1npexcl.otchukl1npvcn01.oraclevcn.com paths={{ target_xtts_scripts_dir }}, file_type=any] ***
Tuesday 26 November 2024  17:03:55 +0000 (0:00:02.073)       0:00:37.096 ****** 
ok: [10.100.72.47]

TASK [target_mig_prereqs : unzip rman_xttconvert_VER4.3.zip into the  /home/oracle/version1/USPP_xtts on foaukl1npdb-swdo81.otchukl1npexcl.otchukl1npvcn01.oraclevcn.com src={{target_xtts_stage_dir}}/{{rman_xttconvert}}, dest={{ target_xtts_scripts_dir }}, mode=0775, owner=oracle, group=oinstall, remote_src=true] ***
Tuesday 26 November 2024  17:03:56 +0000 (0:00:01.211)       0:00:38.308 ****** 
changed: [10.100.72.47]

TASK [target_mig_prereqs : generate xtt.properties file for foaukl1npdb-swdo81.otchukl1npexcl.otchukl1npvcn01.oraclevcn.com src={{ item.src }}, dest={{ item.dest }}, owner=oracle, group=oinstall, mode=u=rwx,g=rwx,o=rx] ***
Tuesday 26 November 2024  17:03:58 +0000 (0:00:02.063)       0:00:40.371 ****** 
changed: [10.100.72.47] => (item={'src': 'xtt.properties.j2', 'dest': '/home/oracle/version1/USPP_xtts/xtt.properties'})

TASK [target_mig_prereqs : generate meta data import par file src={{ item.src }}, dest={{ item.dest }}, owner=oracle, group=oinstall, mode=u=rwx,g=rwx,o=r] ***
Tuesday 26 November 2024  17:04:01 +0000 (0:00:02.249)       0:00:42.621 ****** 
changed: [10.100.72.47] => (item={'src': 'meta_import.par.j2', 'dest': '/mnt/otchukl1npfss01/xtts_backup/version1/USPP_dump/meta_import.par'})

TASK [target_mig_prereqs : generate grants import par file src={{ item.src }}, dest={{ item.dest }}, owner=oracle, group=oinstall, mode=u=rwx,g=rwx,o=r] ***
Tuesday 26 November 2024  17:04:03 +0000 (0:00:02.164)       0:00:44.785 ****** 
changed: [10.100.72.47] => (item={'src': 'grants_import.par.j2', 'dest': '/mnt/otchukl1npfss01/xtts_backup/version1/USPP_dump/grants_import.par'})

PLAY [do level 0 backup on hrraxdv2028.emea.hays.loc] **************************

PLAY [transfer the level_0 backups to the /mnt/otchukl1npfss01/xtts_backup/version1/USPP_xtts_scratch] ***

PLAY [do level 0 restore on foaukl1npdb-swdo81.otchukl1npexcl.otchukl1npvcn01.oraclevcn.com] ***

PLAY RECAP *********************************************************************
10.100.72.47               : ok=13   changed=7    unreachable=0    failed=0    skipped=1    rescued=0    ignored=0   

Tuesday 26 November 2024  17:04:05 +0000 (0:00:02.047)       0:00:46.833 ****** 
=============================================================================== 
target_mig_prereqs : copy the verification *.sql files to /home/oracle/version1/USPP_verification -- 13.47s
target_mig_prereqs : check if verification scripts are already present in the /home/oracle/version1/USPP_verification --- 6.95s
target_mig_prereqs : create directories on foaukl1npdb-swdo81.otchukl1npexcl.otchukl1npvcn01.oraclevcn.com --- 5.35s
target_mig_prereqs : Check if the directories already exist on foaukl1npdb-swdo81.otchukl1npexcl.otchukl1npvcn01.oraclevcn.com --- 5.22s
Gathering Facts --------------------------------------------------------- 2.61s
target_mig_prereqs : generate xtt.properties file for foaukl1npdb-swdo81.otchukl1npexcl.otchukl1npvcn01.oraclevcn.com --- 2.25s
target_mig_prereqs : generate meta data import par file ----------------- 2.16s
target_mig_prereqs : Copy rman_xttconvert_VER4.3.zip to /home/oracle/version1/USPP_xtts_stage on foaukl1npdb-swdo81.otchukl1npexcl.otchukl1npvcn01.oraclevcn.com --- 2.07s
target_mig_prereqs : unzip rman_xttconvert_VER4.3.zip into the  /home/oracle/version1/USPP_xtts on foaukl1npdb-swdo81.otchukl1npexcl.otchukl1npvcn01.oraclevcn.com --- 2.06s
target_mig_prereqs : generate grants import par file -------------------- 2.05s
target_mig_prereqs : check if rman_xttconvert_VER4.3.zip already exists on foaukl1npdb-swdo81.otchukl1npexcl.otchukl1npvcn01.oraclevcn.com --- 1.23s
target_mig_prereqs : check if rman_xttconvert_VER4.3.zip has already been unzipped into the  /home/oracle/version1/USPP_xtts on foaukl1npdb-swdo81.otchukl1npexcl.otchukl1npvcn01.oraclevcn.com --- 1.21s
target_mig_prereqs : display a message if the directories exist on foaukl1npdb-swdo81.otchukl1npexcl.otchukl1npvcn01.oraclevcn.com --- 0.06s
target_mig_prereqs : display dir_result variable ------------------------ 0.04s
