nohup: ignoring input

PLAY [do the final incremental backup on hrmaxpd2033.emea.hays.loc] ************

PLAY [do the  metadata export on hrmaxpd2033.emea.hays.loc] ********************

PLAY [do the  grants export on hrmaxpd2033.emea.hays.loc] **********************

PLAY [transfer the final incremental backups to the /mnt/foaexaukl1pdfss01/xtts_backup/version1/UKPD_xtts_scratch] ***

PLAY [transfer the full meta dumps to the /mnt/foaexaukl1pdfss01/xtts_backup/version1/UKPD_dump] ***

TASK [Gathering Facts gather_subset=['all'], gather_timeout=10] ****************
[WARNING]: Using world-readable permissions for temporary files Ansible needs
to create when becoming an unprivileged user. This may be insecure. For
information on securing this, see
https://docs.ansible.com/ansible/become.html#becoming-an-unprivileged-user
[WARNING]: Platform aix on host 10.190.17.163 is using the discovered Python
interpreter at /usr/bin/python, but future installation of another Python
interpreter could change this. See https://docs.ansible.com/ansible/2.9/referen
ce_appendices/interpreter_discovery.html for more information.
ok: [10.190.17.163]

TASK [dump_transfer : Rsync source_datapump directory to the target datapump_directory _raw_params=rsync -rvzh --partial --progress --append {{ source_dp_dir }}/ {{ dest_user }}@{{ target_ip_address }}:{{ target_dp_dir }}/] ***
[WARNING]: Using world-readable permissions for temporary files Ansible needs
to create when becoming an unprivileged user. This may be insecure. For
information on securing this, see
https://docs.ansible.com/ansible/become.html#becoming-an-unprivileged-user
changed: [10.190.17.163]

TASK [dump_transfer : Wait for the rsync job to finish jid={{ rsync_async_job.ansible_job_id }}] ***
[WARNING]: Using world-readable permissions for temporary files Ansible needs
to create when becoming an unprivileged user. This may be insecure. For
information on securing this, see
https://docs.ansible.com/ansible/become.html#becoming-an-unprivileged-user
FAILED - RETRYING: Wait for the rsync job to finish (20160 retries left).
FAILED - RETRYING: Wait for the rsync job to finish (20159 retries left).
FAILED - RETRYING: Wait for the rsync job to finish (20158 retries left).
changed: [10.190.17.163]

TASK [dump_transfer : Validate if the dumps have been transferred successfully to the target /mnt/foaexaukl1pdfss01/xtts_backup/version1/UKPD_dump directory msg={{ transfer_out.stdout_lines }}] ***
ok: [10.190.17.163] => {
    "msg": [
        "sending incremental file list",
        "adaptdomain1_sys_grants.sql",
        "",
        "          2.51K 100%    0.00kB/s    0:00:00  ",
        "          2.51K 100%    0.00kB/s    0:00:00 (xfr#1, to-chk=14/16)",
        "grants.dmp",
        "",
        "         32.77K   0%   10.42MB/s    0:00:01  ",
        "         15.52M 100%   32.38MB/s    0:00:00 (xfr#2, to-chk=13/16)",
        "grants_exp.log",
        "",
        "          1.73K 100%    3.70kB/s    0:00:00  ",
        "          1.73K 100%    3.70kB/s    0:00:00 (xfr#3, to-chk=12/16)",
        "grants_export.par",
        "",
        "            106 100%    0.23kB/s    0:00:00  ",
        "            106 100%    0.23kB/s    0:00:00 (xfr#4, to-chk=11/16)",
        "meta_exp.log",
        "",
        "         32.77K  29%   69.87kB/s    0:00:01  ",
        "        111.02K 100%  235.69kB/s    0:00:00 (xfr#5, to-chk=10/16)",
        "meta_exp_01.dmp",
        "",
        "         16.38K 100%   34.78kB/s    0:00:00  ",
        "         16.38K 100%   34.78kB/s    0:00:00 (xfr#6, to-chk=9/16)",
        "meta_exp_02.dmp",
        "",
        "         32.77K  30%   69.41kB/s    0:00:01  ",
        "        106.50K 100%  225.11kB/s    0:00:00 (xfr#7, to-chk=8/16)",
        "meta_exp_03.dmp",
        "",
        "         32.77K  26%   69.26kB/s    0:00:01  ",
        "        122.88K 100%  258.62kB/s    0:00:00 (xfr#8, to-chk=7/16)",
        "meta_exp_04.dmp",
        "",
        "         32.77K   0%   68.97kB/s    1:21:06  ",
        "         17.92M   5%   17.09MB/s    0:00:18  ",
        "         55.44M  16%   26.45MB/s    0:00:10  ",
        "         94.34M  28%   30.00MB/s    0:00:07  ",
        "        131.33M  39%   31.32MB/s    0:00:06  ",
        "        167.08M  49%   35.57MB/s    0:00:04  ",
        "        204.01M  60%   35.44MB/s    0:00:03  ",
        "        241.40M  71%   35.08MB/s    0:00:02  ",
        "        282.23M  84%   35.99MB/s    0:00:01  ",
        "        321.22M  95%   36.77MB/s    0:00:00  ",
        "        335.64M 100%   33.85MB/s    0:00:09 (xfr#9, to-chk=6/16)",
        "meta_exp_05.dmp",
        "",
        "         32.77K   0%   68.97kB/s    1:31:28  ",
        "         17.83M   4%   17.00MB/s    0:00:20  ",
        "         53.64M  14%   25.58MB/s    0:00:12  ",
        "         88.57M  23%   28.17MB/s    0:00:10  ",
        "        121.41M  32%   28.95MB/s    0:00:08  ",
        "        153.19M  40%   32.27MB/s    0:00:06  ",
        "        185.89M  49%   31.53MB/s    0:00:05  ",
        "        219.68M  58%   31.27MB/s    0:00:04  ",
        "        256.38M  67%   32.19MB/s    0:00:03  ",
        "        292.55M  77%   33.24MB/s    0:00:02  ",
        "        326.80M  86%   33.61MB/s    0:00:01  ",
        "        355.43M  93%   32.38MB/s    0:00:00  ",
        "        378.27M  99%   29.07MB/s    0:00:00  ",
        "        378.56M 100%   30.07MB/s    0:00:12 (xfr#10, to-chk=5/16)",
        "meta_exp_06.dmp",
        "",
        "         32.77K   0%    2.40MB/s    0:09:17  ",
        "         33.36M   2%   31.81MB/s    0:00:41  ",
        "         65.63M   4%   31.30MB/s    0:00:40  ",
        "        101.52M   7%   32.27MB/s    0:00:38  ",
        "        137.46M  10%   32.78MB/s    0:00:36  ",
        "        172.00M  12%   33.06MB/s    0:00:35  ",
        "        205.42M  14%   33.34MB/s    0:00:34  ",
        "        237.70M  17%   32.48MB/s    0:00:34  ",
        "        273.35M  19%   32.41MB/s    0:00:33  ",
        "        309.36M  22%   32.77MB/s    0:00:31  ",
        "        347.41M  25%   33.87MB/s    0:00:29  ",
        "        399.41M  29%   38.57MB/s    0:00:24  ",
        "        450.00M  32%   42.14MB/s    0:00:21  ",
        "        496.27M  36%   44.58MB/s    0:00:19  ",
        "        545.69M  39%   47.31MB/s    0:00:17  ",
        "        596.28M  43%   46.97MB/s    0:00:16  ",
        "        645.50M  47%   46.64MB/s    0:00:15  ",
        "        698.16M  50%   48.17MB/s    0:00:13  ",
        "        749.17M  54%   48.55MB/s    0:00:12  ",
        "        799.18M  58%   48.41MB/s    0:00:11  ",
        "        850.43M  61%   48.88MB/s    0:00:10  ",
        "        900.01M  65%   48.15MB/s    0:00:09  ",
        "        951.29M  69%   48.21MB/s    0:00:08  ",
        "          1.00G  73%   48.55MB/s    0:00:07  ",
        "          1.05G  76%   47.89MB/s    0:00:06  ",
        "          1.10G  80%   48.09MB/s    0:00:05  ",
        "          1.15G  84%   48.08MB/s    0:00:04  ",
        "          1.20G  87%   48.13MB/s    0:00:03  ",
        "          1.26G  91%   48.87MB/s    0:00:02  ",
        "          1.31G  95%   49.11MB/s    0:00:01  ",
        "          1.36G  98%   48.27MB/s    0:00:00  ",
        "          1.37G 100%   43.00MB/s    0:00:30 (xfr#11, to-chk=4/16)",
        "meta_exp_07.dmp",
        "",
        "         32.77K   0%   69.57kB/s    1:21:11  ",
        "         17.24M   5%    7.39MB/s    0:00:42  ",
        "         47.28M  13%   13.98MB/s    0:00:20  ",
        "         76.87M  22%   17.36MB/s    0:00:14  ",
        "        112.69M  33%   20.58MB/s    0:00:10  ",
        "        148.01M  43%   31.19MB/s    0:00:05  ",
        "        180.68M  53%   31.82MB/s    0:00:04  ",
        "        215.88M  63%   33.16MB/s    0:00:03  ",
        "        251.92M  74%   33.20MB/s    0:00:02  ",
        "        284.56M  83%   32.56MB/s    0:00:01  ",
        "        321.85M  94%   33.66MB/s    0:00:00  ",
        "        338.92M 100%   27.59MB/s    0:00:11 (xfr#12, to-chk=3/16)",
        "meta_exp_08.dmp",
        "",
        "         32.77K   0%   65.04kB/s    1:27:03  ",
        "         17.47M   5%   16.66MB/s    0:00:18  ",
        "         49.91M  14%   23.81MB/s    0:00:11  ",
        "         83.26M  24%   26.49MB/s    0:00:09  ",
        "        117.05M  34%   27.92MB/s    0:00:07  ",
        "        151.22M  44%   31.91MB/s    0:00:05  ",
        "        189.50M  55%   33.30MB/s    0:00:04  ",
        "        224.95M  66%   33.79MB/s    0:00:03  ",
        "        258.70M  76%   33.78MB/s    0:00:02  ",
        "        297.37M  87%   34.85MB/s    0:00:01  ",
        "        329.25M  96%   33.33MB/s    0:00:00  ",
        "        339.80M 100%   31.27MB/s    0:00:10 (xfr#13, to-chk=2/16)",
        "meta_exp_09.dmp",
        "",
        "         32.77K   0%   86.96kB/s    1:05:35  ",
        "         21.10M   6%   20.12MB/s    0:00:15  ",
        "         56.26M  16%   26.84MB/s    0:00:10  ",
        "         91.88M  26%   29.22MB/s    0:00:08  ",
        "        130.42M  38%   31.11MB/s    0:00:06  ",
        "        167.94M  49%   35.03MB/s    0:00:04  ",
        "        203.55M  59%   35.13MB/s    0:00:03  ",
        "        237.21M  69%   34.67MB/s    0:00:02  ",
        "        273.38M  79%   34.10MB/s    0:00:01  ",
        "        308.22M  90%   33.45MB/s    0:00:00  ",
        "        339.90M  99%   32.52MB/s    0:00:00  ",
        "        342.26M 100%   32.46MB/s    0:00:10 (xfr#14, to-chk=1/16)",
        "meta_export.par",
        "",
        "          2.22K 100%   34.38kB/s    0:00:00  ",
        "          2.22K 100%   34.38kB/s    0:00:00 (xfr#15, to-chk=0/16)",
        "",
        "sent 314.58M bytes  received 301 bytes  3.77M bytes/sec",
        "total size is 3.12G  speedup is 9.93"
    ]
}

TASK [dump_transfer : Fail if rsync transfer did not complete successfully msg=Rsync transfer failed. Check the output above for errors.] ***
skipping: [10.190.17.163]

PLAY [do the final incremental restore on foaukl1pddb-4kxck1.otchukl1pdexcl.otchukl1pdvcn01.oraclevcn.com] ***

PLAY [find the datafiles on ASM on foaukl1pddb-4kxck1.otchukl1pdexcl.otchukl1pdvcn01.oraclevcn.com] ***

PLAY [do the metadata import on foaukl1pddb-4kxck1.otchukl1pdexcl.otchukl1pdvcn01.oraclevcn.com] ***

PLAY [do the grants import on foaukl1pddb-4kxck1.otchukl1pdexcl.otchukl1pdvcn01.oraclevcn.com] ***

PLAY [do the post migration check on foaukl1pddb-4kxck1.otchukl1pdexcl.otchukl1pdvcn01.oraclevcn.com] ***

PLAY RECAP *********************************************************************
10.190.17.163              : ok=4    changed=2    unreachable=0    failed=0    skipped=1    rescued=0    ignored=0   

Playbook run took 0 days, 0 hours, 2 minutes, 17 seconds
