nohup: ignoring input

PLAY [do the final incremental backup on hrmaxpd2035.emea.hays.loc] ************

PLAY [do the  metadata export on hrmaxpd2035.emea.hays.loc] ********************

PLAY [do the  grants export on hrmaxpd2035.emea.hays.loc] **********************

PLAY [transfer the final incremental backups to the /mnt/foaexaukl1pdfss01/xtts_backup/version1/BRPD_xtts_scratch] ***

PLAY [transfer the full meta dumps to the /mnt/foaexaukl1pdfss01/xtts_backup/version1/BRPD_dump] ***

TASK [Gathering Facts gather_subset=['all'], gather_timeout=10] ****************
Saturday 23 November 2024  06:54:55 +0000 (0:00:00.082)       0:00:00.082 ***** 
[WARNING]: Using world-readable permissions for temporary files Ansible needs
to create when becoming an unprivileged user. This may be insecure. For
information on securing this, see
https://docs.ansible.com/ansible/become.html#becoming-an-unprivileged-user
[WARNING]: Platform aix on host 10.190.17.156 is using the discovered Python
interpreter at /usr/bin/python, but future installation of another Python
interpreter could change this. See https://docs.ansible.com/ansible/2.9/referen
ce_appendices/interpreter_discovery.html for more information.
ok: [10.190.17.156]

TASK [dump_transfer : Rsync source_datapump directory to the target datapump_directory _raw_params=rsync -rvzh --partial --progress --append {{ source_dp_dir }}/ {{ dest_user }}@{{ target_ip_address }}:{{ target_dp_dir }}/] ***
Saturday 23 November 2024  06:55:16 +0000 (0:00:20.924)       0:00:21.006 ***** 
[WARNING]: Using world-readable permissions for temporary files Ansible needs
to create when becoming an unprivileged user. This may be insecure. For
information on securing this, see
https://docs.ansible.com/ansible/become.html#becoming-an-unprivileged-user
changed: [10.190.17.156]

TASK [dump_transfer : Wait for the rsync job to finish jid={{ rsync_async_job.ansible_job_id }}] ***
Saturday 23 November 2024  06:55:21 +0000 (0:00:05.364)       0:00:26.371 ***** 
[WARNING]: Using world-readable permissions for temporary files Ansible needs
to create when becoming an unprivileged user. This may be insecure. For
information on securing this, see
https://docs.ansible.com/ansible/become.html#becoming-an-unprivileged-user
changed: [10.190.17.156]

TASK [dump_transfer : Validate if the dumps have been transferred successfully to the target /mnt/foaexaukl1pdfss01/xtts_backup/version1/BRPD_dump directory msg={{ transfer_out.stdout_lines }}] ***
Saturday 23 November 2024  06:55:26 +0000 (0:00:04.666)       0:00:31.037 ***** 
ok: [10.190.17.156] => {
    "msg": [
        "sending incremental file list",
        "adaptdomain1_sys_grants.sql",
        "",
        "            729 100%    0.00kB/s    0:00:00  ",
        "            729 100%    0.00kB/s    0:00:00 (xfr#1, to-chk=11/13)",
        "grants.dmp",
        "",
        "         32.77K   0%   31.25MB/s    0:00:00  ",
        "          4.44M 100%   37.81MB/s    0:00:00 (xfr#2, to-chk=10/13)",
        "grants_exp.log",
        "",
        "          1.73K 100%   15.12kB/s    0:00:00  ",
        "          1.73K 100%   15.12kB/s    0:00:00 (xfr#3, to-chk=9/13)",
        "grants_export.par",
        "",
        "            106 100%    0.92kB/s    0:00:00  ",
        "            106 100%    0.92kB/s    0:00:00 (xfr#4, to-chk=8/13)",
        "meta_exp.log",
        "",
        "         29.79K 100%  257.41kB/s    0:00:00  ",
        "         29.79K 100%  257.41kB/s    0:00:00 (xfr#5, to-chk=7/13)",
        "meta_exp_01.dmp",
        "",
        "         32.77K  30%  280.70kB/s    0:00:00  ",
        "        106.50K 100%  904.35kB/s    0:00:00 (xfr#6, to-chk=6/13)",
        "meta_exp_02.dmp",
        "",
        "         12.29K 100%  104.35kB/s    0:00:00  ",
        "         12.29K 100%  104.35kB/s    0:00:00 (xfr#7, to-chk=5/13)",
        "meta_exp_03.dmp",
        "",
        "         32.77K  80%  278.26kB/s    0:00:00  ",
        "         40.96K 100%  344.83kB/s    0:00:00 (xfr#8, to-chk=4/13)",
        "meta_exp_04.dmp",
        "",
        "         12.29K 100%  103.45kB/s    0:00:00  ",
        "         12.29K 100%  103.45kB/s    0:00:00 (xfr#9, to-chk=3/13)",
        "meta_exp_05.dmp",
        "",
        "         32.77K   0%  273.50kB/s    0:00:55  ",
        "         15.20M 100%   15.22MB/s    0:00:00 (xfr#10, to-chk=2/13)",
        "meta_exp_06.dmp",
        "",
        "         32.77K   0%   33.61kB/s    0:40:14  ",
        "          2.10M   2%    2.00MB/s    0:00:38  ",
        "         48.86M  60%   23.31MB/s    0:00:01  ",
        "         81.19M 100%   28.59MB/s    0:00:02 (xfr#11, to-chk=1/13)",
        "meta_export.par",
        "",
        "            956 100%    1.32kB/s    0:00:00  ",
        "            956 100%    1.32kB/s    0:00:00 (xfr#12, to-chk=0/13)",
        "",
        "sent 12.89M bytes  received 244 bytes  2.86M bytes/sec",
        "total size is 101.03M  speedup is 7.84"
    ]
}

TASK [dump_transfer : Fail if rsync transfer did not complete successfully msg=Rsync transfer failed. Check the output above for errors.] ***
Saturday 23 November 2024  06:55:26 +0000 (0:00:00.034)       0:00:31.071 ***** 
skipping: [10.190.17.156]

PLAY [do the final incremental restore on foaukl1pddb-4kxck1.otchukl1pdexcl.otchukl1pdvcn01.oraclevcn.com] ***

PLAY [find the datafiles on ASM on foaukl1pddb-4kxck1.otchukl1pdexcl.otchukl1pdvcn01.oraclevcn.com] ***

PLAY [do the metadata import on foaukl1pddb-4kxck1.otchukl1pdexcl.otchukl1pdvcn01.oraclevcn.com] ***

PLAY [do the grants import on foaukl1pddb-4kxck1.otchukl1pdexcl.otchukl1pdvcn01.oraclevcn.com] ***

PLAY [do the post migration check on foaukl1pddb-4kxck1.otchukl1pdexcl.otchukl1pdvcn01.oraclevcn.com] ***

PLAY RECAP *********************************************************************
10.190.17.156              : ok=4    changed=2    unreachable=0    failed=0    skipped=1    rescued=0    ignored=0   

Saturday 23 November 2024  06:55:26 +0000 (0:00:00.046)       0:00:31.118 ***** 
=============================================================================== 
Gathering Facts -------------------------------------------------------- 20.92s
dump_transfer : Rsync source_datapump directory to the target datapump_directory --- 5.36s
dump_transfer : Wait for the rsync job to finish ------------------------ 4.67s
dump_transfer : Fail if rsync transfer did not complete successfully ---- 0.05s
dump_transfer : Validate if the dumps have been transferred successfully to the target /mnt/foaexaukl1pdfss01/xtts_backup/version1/BRPD_dump directory --- 0.03s
