nohup: ignoring input

PLAY [do the final incremental backup on hrmaxpd2035.emea.hays.loc] ************

TASK [Gathering Facts gather_subset=['all'], gather_timeout=10] ****************
Saturday 23 November 2024  06:06:54 +0000 (0:00:00.058)       0:00:00.058 ***** 
[WARNING]: Using world-readable permissions for temporary files Ansible needs
to create when becoming an unprivileged user. This may be insecure. For
information on securing this, see
https://docs.ansible.com/ansible/become.html#becoming-an-unprivileged-user
[WARNING]: Platform aix on host 10.190.17.156 is using the discovered Python
interpreter at /usr/bin/python, but future installation of another Python
interpreter could change this. See https://docs.ansible.com/ansible/2.9/referen
ce_appendices/interpreter_discovery.html for more information.
ok: [10.190.17.156]

TASK [final_backup : purge the recyclebin _raw_params=export ORACLE_SID={{source_oracle_sid}}
export ORACLE_HOME={{source_oracle_home}}
printf "SET PAGESIZE 0 VERIFY OFF HEADING OFF ECHO OFF\n purge dba_recyclebin;" | {{ source_oracle_home }}/bin/sqlplus -s {{source_conn_str}} as sysdba
] ***
Saturday 23 November 2024  06:07:26 +0000 (0:00:31.597)       0:00:31.656 ***** 
[WARNING]: Using world-readable permissions for temporary files Ansible needs
to create when becoming an unprivileged user. This may be insecure. For
information on securing this, see
https://docs.ansible.com/ansible/become.html#becoming-an-unprivileged-user
changed: [10.190.17.156]

TASK [final_backup : display recyclebin_out msg={{recyclebin_out.stdout_lines}}] ***
Saturday 23 November 2024  06:07:35 +0000 (0:00:09.155)       0:00:40.811 ***** 
ok: [10.190.17.156] => {
    "msg": [
        "",
        "DBA Recyclebin purged."
    ]
}

TASK [final_backup : list tablespaces msg=['{{tablespaces}}']] *****************
Saturday 23 November 2024  06:07:35 +0000 (0:00:00.030)       0:00:40.842 ***** 
ok: [10.190.17.156] => {
    "msg": [
        "ADAPTDOMAIN1_DATA,ADAPT_DATA,ADAPTINTOUCH,ADAPT_USERS,BOISJMSDB,DHC_ROLLBACK_TRANSIENT,FUZZY_SEARCH,OT_SCHD_DATA,SPMSGBRK_DATA,WEBINT_DATA"
    ]
}

TASK [final_backup : alter the provided user tablspaces to read only _raw_params=export ORACLE_SID={{source_oracle_sid}}
export ORACLE_HOME={{source_oracle_home}}
printf "SET PAGESIZE 0 VERIFY OFF HEADING OFF ECHO OFF\n alter tablespace {{item}} read only;" | {{ source_oracle_home }}/bin/sqlplus -s {{source_conn_str}} as sysdba  
] ***
Saturday 23 November 2024  06:07:35 +0000 (0:00:00.027)       0:00:40.869 ***** 
[WARNING]: Using world-readable permissions for temporary files Ansible needs
to create when becoming an unprivileged user. This may be insecure. For
information on securing this, see
https://docs.ansible.com/ansible/become.html#becoming-an-unprivileged-user
changed: [10.190.17.156] => (item=ADAPTDOMAIN1_DATA)
changed: [10.190.17.156] => (item=ADAPT_DATA)
changed: [10.190.17.156] => (item=ADAPTINTOUCH)
changed: [10.190.17.156] => (item=ADAPT_USERS)
changed: [10.190.17.156] => (item=BOISJMSDB)
changed: [10.190.17.156] => (item=DHC_ROLLBACK_TRANSIENT)
changed: [10.190.17.156] => (item=FUZZY_SEARCH)
changed: [10.190.17.156] => (item=OT_SCHD_DATA)
changed: [10.190.17.156] => (item=SPMSGBRK_DATA)
changed: [10.190.17.156] => (item=WEBINT_DATA)

TASK [final_backup : display tbs_out msg={{item.stdout_lines}}] ****************
Saturday 23 November 2024  06:08:46 +0000 (0:01:11.286)       0:01:52.156 ***** 
ok: [10.190.17.156] => (item={'cmd': 'export ORACLE_SID=ARW9PDF1\nexport ORACLE_HOME=/u01/app/oracle/product/19c\nprintf "SET PAGESIZE 0 VERIFY OFF HEADING OFF ECHO OFF\\n alter tablespace ADAPTDOMAIN1_DATA read only;" | /u01/app/oracle/product/19c/bin/sqlplus -s oci_mig/version1_Oc1_M1g@XTTS_ARW9PDF1 as sysdba  \n', 'stdout': '\nTablespace altered.', 'stderr': '', 'rc': 0, 'start': '2024-11-23 06:07:40.341544', 'end': '2024-11-23 06:07:43.399534', 'delta': '0:00:03.057990', 'changed': True, 'invocation': {'module_args': {'_raw_params': 'export ORACLE_SID=ARW9PDF1\nexport ORACLE_HOME=/u01/app/oracle/product/19c\nprintf "SET PAGESIZE 0 VERIFY OFF HEADING OFF ECHO OFF\\n alter tablespace ADAPTDOMAIN1_DATA read only;" | /u01/app/oracle/product/19c/bin/sqlplus -s oci_mig/version1_Oc1_M1g@XTTS_ARW9PDF1 as sysdba  \n', '_uses_shell': True, 'warn': True, 'stdin_add_newline': True, 'strip_empty_ends': True, 'argv': None, 'chdir': None, 'executable': None, 'creates': None, 'removes': None, 'stdin': None}}, 'stdout_lines': ['', 'Tablespace altered.'], 'stderr_lines': [], 'failed': False, 'item': 'ADAPTDOMAIN1_DATA', 'ansible_loop_var': 'item'}) => {
    "msg": [
        "",
        "Tablespace altered."
    ]
}
ok: [10.190.17.156] => (item={'cmd': 'export ORACLE_SID=ARW9PDF1\nexport ORACLE_HOME=/u01/app/oracle/product/19c\nprintf "SET PAGESIZE 0 VERIFY OFF HEADING OFF ECHO OFF\\n alter tablespace ADAPT_DATA read only;" | /u01/app/oracle/product/19c/bin/sqlplus -s oci_mig/version1_Oc1_M1g@XTTS_ARW9PDF1 as sysdba  \n', 'stdout': '\nTablespace altered.', 'stderr': '', 'rc': 0, 'start': '2024-11-23 06:07:49.359072', 'end': '2024-11-23 06:07:51.027820', 'delta': '0:00:01.668748', 'changed': True, 'invocation': {'module_args': {'_raw_params': 'export ORACLE_SID=ARW9PDF1\nexport ORACLE_HOME=/u01/app/oracle/product/19c\nprintf "SET PAGESIZE 0 VERIFY OFF HEADING OFF ECHO OFF\\n alter tablespace ADAPT_DATA read only;" | /u01/app/oracle/product/19c/bin/sqlplus -s oci_mig/version1_Oc1_M1g@XTTS_ARW9PDF1 as sysdba  \n', '_uses_shell': True, 'warn': True, 'stdin_add_newline': True, 'strip_empty_ends': True, 'argv': None, 'chdir': None, 'executable': None, 'creates': None, 'removes': None, 'stdin': None}}, 'stdout_lines': ['', 'Tablespace altered.'], 'stderr_lines': [], 'failed': False, 'item': 'ADAPT_DATA', 'ansible_loop_var': 'item'}) => {
    "msg": [
        "",
        "Tablespace altered."
    ]
}
ok: [10.190.17.156] => (item={'cmd': 'export ORACLE_SID=ARW9PDF1\nexport ORACLE_HOME=/u01/app/oracle/product/19c\nprintf "SET PAGESIZE 0 VERIFY OFF HEADING OFF ECHO OFF\\n alter tablespace ADAPTINTOUCH read only;" | /u01/app/oracle/product/19c/bin/sqlplus -s oci_mig/version1_Oc1_M1g@XTTS_ARW9PDF1 as sysdba  \n', 'stdout': '\nTablespace altered.', 'stderr': '', 'rc': 0, 'start': '2024-11-23 06:07:56.972794', 'end': '2024-11-23 06:07:57.678158', 'delta': '0:00:00.705364', 'changed': True, 'invocation': {'module_args': {'_raw_params': 'export ORACLE_SID=ARW9PDF1\nexport ORACLE_HOME=/u01/app/oracle/product/19c\nprintf "SET PAGESIZE 0 VERIFY OFF HEADING OFF ECHO OFF\\n alter tablespace ADAPTINTOUCH read only;" | /u01/app/oracle/product/19c/bin/sqlplus -s oci_mig/version1_Oc1_M1g@XTTS_ARW9PDF1 as sysdba  \n', '_uses_shell': True, 'warn': True, 'stdin_add_newline': True, 'strip_empty_ends': True, 'argv': None, 'chdir': None, 'executable': None, 'creates': None, 'removes': None, 'stdin': None}}, 'stdout_lines': ['', 'Tablespace altered.'], 'stderr_lines': [], 'failed': False, 'item': 'ADAPTINTOUCH', 'ansible_loop_var': 'item'}) => {
    "msg": [
        "",
        "Tablespace altered."
    ]
}
ok: [10.190.17.156] => (item={'cmd': 'export ORACLE_SID=ARW9PDF1\nexport ORACLE_HOME=/u01/app/oracle/product/19c\nprintf "SET PAGESIZE 0 VERIFY OFF HEADING OFF ECHO OFF\\n alter tablespace ADAPT_USERS read only;" | /u01/app/oracle/product/19c/bin/sqlplus -s oci_mig/version1_Oc1_M1g@XTTS_ARW9PDF1 as sysdba  \n', 'stdout': '\nTablespace altered.', 'stderr': '', 'rc': 0, 'start': '2024-11-23 06:08:03.768205', 'end': '2024-11-23 06:08:04.511031', 'delta': '0:00:00.742826', 'changed': True, 'invocation': {'module_args': {'_raw_params': 'export ORACLE_SID=ARW9PDF1\nexport ORACLE_HOME=/u01/app/oracle/product/19c\nprintf "SET PAGESIZE 0 VERIFY OFF HEADING OFF ECHO OFF\\n alter tablespace ADAPT_USERS read only;" | /u01/app/oracle/product/19c/bin/sqlplus -s oci_mig/version1_Oc1_M1g@XTTS_ARW9PDF1 as sysdba  \n', '_uses_shell': True, 'warn': True, 'stdin_add_newline': True, 'strip_empty_ends': True, 'argv': None, 'chdir': None, 'executable': None, 'creates': None, 'removes': None, 'stdin': None}}, 'stdout_lines': ['', 'Tablespace altered.'], 'stderr_lines': [], 'failed': False, 'item': 'ADAPT_USERS', 'ansible_loop_var': 'item'}) => {
    "msg": [
        "",
        "Tablespace altered."
    ]
}
ok: [10.190.17.156] => (item={'cmd': 'export ORACLE_SID=ARW9PDF1\nexport ORACLE_HOME=/u01/app/oracle/product/19c\nprintf "SET PAGESIZE 0 VERIFY OFF HEADING OFF ECHO OFF\\n alter tablespace BOISJMSDB read only;" | /u01/app/oracle/product/19c/bin/sqlplus -s oci_mig/version1_Oc1_M1g@XTTS_ARW9PDF1 as sysdba  \n', 'stdout': '\nTablespace altered.', 'stderr': '', 'rc': 0, 'start': '2024-11-23 06:08:10.617969', 'end': '2024-11-23 06:08:11.628772', 'delta': '0:00:01.010803', 'changed': True, 'invocation': {'module_args': {'_raw_params': 'export ORACLE_SID=ARW9PDF1\nexport ORACLE_HOME=/u01/app/oracle/product/19c\nprintf "SET PAGESIZE 0 VERIFY OFF HEADING OFF ECHO OFF\\n alter tablespace BOISJMSDB read only;" | /u01/app/oracle/product/19c/bin/sqlplus -s oci_mig/version1_Oc1_M1g@XTTS_ARW9PDF1 as sysdba  \n', '_uses_shell': True, 'warn': True, 'stdin_add_newline': True, 'strip_empty_ends': True, 'argv': None, 'chdir': None, 'executable': None, 'creates': None, 'removes': None, 'stdin': None}}, 'stdout_lines': ['', 'Tablespace altered.'], 'stderr_lines': [], 'failed': False, 'item': 'BOISJMSDB', 'ansible_loop_var': 'item'}) => {
    "msg": [
        "",
        "Tablespace altered."
    ]
}
ok: [10.190.17.156] => (item={'cmd': 'export ORACLE_SID=ARW9PDF1\nexport ORACLE_HOME=/u01/app/oracle/product/19c\nprintf "SET PAGESIZE 0 VERIFY OFF HEADING OFF ECHO OFF\\n alter tablespace DHC_ROLLBACK_TRANSIENT read only;" | /u01/app/oracle/product/19c/bin/sqlplus -s oci_mig/version1_Oc1_M1g@XTTS_ARW9PDF1 as sysdba  \n', 'stdout': '\nTablespace altered.', 'stderr': '', 'rc': 0, 'start': '2024-11-23 06:08:17.648086', 'end': '2024-11-23 06:08:18.989337', 'delta': '0:00:01.341251', 'changed': True, 'invocation': {'module_args': {'_raw_params': 'export ORACLE_SID=ARW9PDF1\nexport ORACLE_HOME=/u01/app/oracle/product/19c\nprintf "SET PAGESIZE 0 VERIFY OFF HEADING OFF ECHO OFF\\n alter tablespace DHC_ROLLBACK_TRANSIENT read only;" | /u01/app/oracle/product/19c/bin/sqlplus -s oci_mig/version1_Oc1_M1g@XTTS_ARW9PDF1 as sysdba  \n', '_uses_shell': True, 'warn': True, 'stdin_add_newline': True, 'strip_empty_ends': True, 'argv': None, 'chdir': None, 'executable': None, 'creates': None, 'removes': None, 'stdin': None}}, 'stdout_lines': ['', 'Tablespace altered.'], 'stderr_lines': [], 'failed': False, 'item': 'DHC_ROLLBACK_TRANSIENT', 'ansible_loop_var': 'item'}) => {
    "msg": [
        "",
        "Tablespace altered."
    ]
}
ok: [10.190.17.156] => (item={'cmd': 'export ORACLE_SID=ARW9PDF1\nexport ORACLE_HOME=/u01/app/oracle/product/19c\nprintf "SET PAGESIZE 0 VERIFY OFF HEADING OFF ECHO OFF\\n alter tablespace FUZZY_SEARCH read only;" | /u01/app/oracle/product/19c/bin/sqlplus -s oci_mig/version1_Oc1_M1g@XTTS_ARW9PDF1 as sysdba  \n', 'stdout': '\nTablespace altered.', 'stderr': '', 'rc': 0, 'start': '2024-11-23 06:08:25.010906', 'end': '2024-11-23 06:08:25.895155', 'delta': '0:00:00.884249', 'changed': True, 'invocation': {'module_args': {'_raw_params': 'export ORACLE_SID=ARW9PDF1\nexport ORACLE_HOME=/u01/app/oracle/product/19c\nprintf "SET PAGESIZE 0 VERIFY OFF HEADING OFF ECHO OFF\\n alter tablespace FUZZY_SEARCH read only;" | /u01/app/oracle/product/19c/bin/sqlplus -s oci_mig/version1_Oc1_M1g@XTTS_ARW9PDF1 as sysdba  \n', '_uses_shell': True, 'warn': True, 'stdin_add_newline': True, 'strip_empty_ends': True, 'argv': None, 'chdir': None, 'executable': None, 'creates': None, 'removes': None, 'stdin': None}}, 'stdout_lines': ['', 'Tablespace altered.'], 'stderr_lines': [], 'failed': False, 'item': 'FUZZY_SEARCH', 'ansible_loop_var': 'item'}) => {
    "msg": [
        "",
        "Tablespace altered."
    ]
}
ok: [10.190.17.156] => (item={'cmd': 'export ORACLE_SID=ARW9PDF1\nexport ORACLE_HOME=/u01/app/oracle/product/19c\nprintf "SET PAGESIZE 0 VERIFY OFF HEADING OFF ECHO OFF\\n alter tablespace OT_SCHD_DATA read only;" | /u01/app/oracle/product/19c/bin/sqlplus -s oci_mig/version1_Oc1_M1g@XTTS_ARW9PDF1 as sysdba  \n', 'stdout': '\nTablespace altered.', 'stderr': '', 'rc': 0, 'start': '2024-11-23 06:08:31.458491', 'end': '2024-11-23 06:08:32.108576', 'delta': '0:00:00.650085', 'changed': True, 'invocation': {'module_args': {'_raw_params': 'export ORACLE_SID=ARW9PDF1\nexport ORACLE_HOME=/u01/app/oracle/product/19c\nprintf "SET PAGESIZE 0 VERIFY OFF HEADING OFF ECHO OFF\\n alter tablespace OT_SCHD_DATA read only;" | /u01/app/oracle/product/19c/bin/sqlplus -s oci_mig/version1_Oc1_M1g@XTTS_ARW9PDF1 as sysdba  \n', '_uses_shell': True, 'warn': True, 'stdin_add_newline': True, 'strip_empty_ends': True, 'argv': None, 'chdir': None, 'executable': None, 'creates': None, 'removes': None, 'stdin': None}}, 'stdout_lines': ['', 'Tablespace altered.'], 'stderr_lines': [], 'failed': False, 'item': 'OT_SCHD_DATA', 'ansible_loop_var': 'item'}) => {
    "msg": [
        "",
        "Tablespace altered."
    ]
}
ok: [10.190.17.156] => (item={'cmd': 'export ORACLE_SID=ARW9PDF1\nexport ORACLE_HOME=/u01/app/oracle/product/19c\nprintf "SET PAGESIZE 0 VERIFY OFF HEADING OFF ECHO OFF\\n alter tablespace SPMSGBRK_DATA read only;" | /u01/app/oracle/product/19c/bin/sqlplus -s oci_mig/version1_Oc1_M1g@XTTS_ARW9PDF1 as sysdba  \n', 'stdout': '\nTablespace altered.', 'stderr': '', 'rc': 0, 'start': '2024-11-23 06:08:37.496083', 'end': '2024-11-23 06:08:38.271366', 'delta': '0:00:00.775283', 'changed': True, 'invocation': {'module_args': {'_raw_params': 'export ORACLE_SID=ARW9PDF1\nexport ORACLE_HOME=/u01/app/oracle/product/19c\nprintf "SET PAGESIZE 0 VERIFY OFF HEADING OFF ECHO OFF\\n alter tablespace SPMSGBRK_DATA read only;" | /u01/app/oracle/product/19c/bin/sqlplus -s oci_mig/version1_Oc1_M1g@XTTS_ARW9PDF1 as sysdba  \n', '_uses_shell': True, 'warn': True, 'stdin_add_newline': True, 'strip_empty_ends': True, 'argv': None, 'chdir': None, 'executable': None, 'creates': None, 'removes': None, 'stdin': None}}, 'stdout_lines': ['', 'Tablespace altered.'], 'stderr_lines': [], 'failed': False, 'item': 'SPMSGBRK_DATA', 'ansible_loop_var': 'item'}) => {
    "msg": [
        "",
        "Tablespace altered."
    ]
}
ok: [10.190.17.156] => (item={'cmd': 'export ORACLE_SID=ARW9PDF1\nexport ORACLE_HOME=/u01/app/oracle/product/19c\nprintf "SET PAGESIZE 0 VERIFY OFF HEADING OFF ECHO OFF\\n alter tablespace WEBINT_DATA read only;" | /u01/app/oracle/product/19c/bin/sqlplus -s oci_mig/version1_Oc1_M1g@XTTS_ARW9PDF1 as sysdba  \n', 'stdout': '\nTablespace altered.', 'stderr': '', 'rc': 0, 'start': '2024-11-23 06:08:43.805799', 'end': '2024-11-23 06:08:46.147156', 'delta': '0:00:02.341357', 'changed': True, 'invocation': {'module_args': {'_raw_params': 'export ORACLE_SID=ARW9PDF1\nexport ORACLE_HOME=/u01/app/oracle/product/19c\nprintf "SET PAGESIZE 0 VERIFY OFF HEADING OFF ECHO OFF\\n alter tablespace WEBINT_DATA read only;" | /u01/app/oracle/product/19c/bin/sqlplus -s oci_mig/version1_Oc1_M1g@XTTS_ARW9PDF1 as sysdba  \n', '_uses_shell': True, 'warn': True, 'stdin_add_newline': True, 'strip_empty_ends': True, 'argv': None, 'chdir': None, 'executable': None, 'creates': None, 'removes': None, 'stdin': None}}, 'stdout_lines': ['', 'Tablespace altered.'], 'stderr_lines': [], 'failed': False, 'item': 'WEBINT_DATA', 'ansible_loop_var': 'item'}) => {
    "msg": [
        "",
        "Tablespace altered."
    ]
}

TASK [final_backup : run the verification scripts capture the source db objects details _raw_params=export ORACLE_SID={{source_oracle_sid}}
export ORACLE_HOME={{source_oracle_home}}
cd {{source_verification_dir}}
printf '@{{ item }}' | {{ source_oracle_home }}/bin/sqlplus -s {{source_conn_str}} as sysdba
] ***
Saturday 23 November 2024  06:08:46 +0000 (0:00:00.097)       0:01:52.253 ***** 
[WARNING]: Using world-readable permissions for temporary files Ansible needs
to create when becoming an unprivileged user. This may be insecure. For
information on securing this, see
https://docs.ansible.com/ansible/become.html#becoming-an-unprivileged-user
changed: [10.190.17.156] => (item=/home/oracle/version1/ADRW9PD_verification/Application_Objects_In_System_Sysaux.sql)
changed: [10.190.17.156] => (item=/home/oracle/version1/ADRW9PD_verification/DB_Links_Details.sql)
changed: [10.190.17.156] => (item=/home/oracle/version1/ADRW9PD_verification/Granted_Roles.sql)
changed: [10.190.17.156] => (item=/home/oracle/version1/ADRW9PD_verification/Invalid_Objects.sql)
changed: [10.190.17.156] => (item=/home/oracle/version1/ADRW9PD_verification/List_Schemas_And_Default_TBS.sql)
changed: [10.190.17.156] => (item=/home/oracle/version1/ADRW9PD_verification/Object_Count_Per_Schema.sql)
changed: [10.190.17.156] => (item=/home/oracle/version1/ADRW9PD_verification/Schedules_jobs.sql)

TASK [final_backup : display sql_out msg={{item.stdout_lines}}] ****************
Saturday 23 November 2024  06:09:34 +0000 (0:00:48.077)       0:02:40.331 ***** 
ok: [10.190.17.156] => (item={'cmd': "export ORACLE_SID=ARW9PDF1\nexport ORACLE_HOME=/u01/app/oracle/product/19c\ncd /home/oracle/version1/ADRW9PD_verification\nprintf '@/home/oracle/version1/ADRW9PD_verification/Application_Objects_In_System_Sysaux.sql' | /u01/app/oracle/product/19c/bin/sqlplus -s oci_mig/version1_Oc1_M1g@XTTS_ARW9PDF1 as sysdba\n", 'stdout': '', 'stderr': '', 'rc': 0, 'start': '2024-11-23 06:08:52.173191', 'end': '2024-11-23 06:08:53.326123', 'delta': '0:00:01.152932', 'changed': True, 'invocation': {'module_args': {'_raw_params': "export ORACLE_SID=ARW9PDF1\nexport ORACLE_HOME=/u01/app/oracle/product/19c\ncd /home/oracle/version1/ADRW9PD_verification\nprintf '@/home/oracle/version1/ADRW9PD_verification/Application_Objects_In_System_Sysaux.sql' | /u01/app/oracle/product/19c/bin/sqlplus -s oci_mig/version1_Oc1_M1g@XTTS_ARW9PDF1 as sysdba\n", '_uses_shell': True, 'warn': True, 'stdin_add_newline': True, 'strip_empty_ends': True, 'argv': None, 'chdir': None, 'executable': None, 'creates': None, 'removes': None, 'stdin': None}}, 'stdout_lines': [], 'stderr_lines': [], 'failed': False, 'item': '/home/oracle/version1/ADRW9PD_verification/Application_Objects_In_System_Sysaux.sql', 'ansible_loop_var': 'item'}) => {
    "msg": []
}
ok: [10.190.17.156] => (item={'cmd': "export ORACLE_SID=ARW9PDF1\nexport ORACLE_HOME=/u01/app/oracle/product/19c\ncd /home/oracle/version1/ADRW9PD_verification\nprintf '@/home/oracle/version1/ADRW9PD_verification/DB_Links_Details.sql' | /u01/app/oracle/product/19c/bin/sqlplus -s oci_mig/version1_Oc1_M1g@XTTS_ARW9PDF1 as sysdba\n", 'stdout': '', 'stderr': '', 'rc': 0, 'start': '2024-11-23 06:08:58.817576', 'end': '2024-11-23 06:08:59.475019', 'delta': '0:00:00.657443', 'changed': True, 'invocation': {'module_args': {'_raw_params': "export ORACLE_SID=ARW9PDF1\nexport ORACLE_HOME=/u01/app/oracle/product/19c\ncd /home/oracle/version1/ADRW9PD_verification\nprintf '@/home/oracle/version1/ADRW9PD_verification/DB_Links_Details.sql' | /u01/app/oracle/product/19c/bin/sqlplus -s oci_mig/version1_Oc1_M1g@XTTS_ARW9PDF1 as sysdba\n", '_uses_shell': True, 'warn': True, 'stdin_add_newline': True, 'strip_empty_ends': True, 'argv': None, 'chdir': None, 'executable': None, 'creates': None, 'removes': None, 'stdin': None}}, 'stdout_lines': [], 'stderr_lines': [], 'failed': False, 'item': '/home/oracle/version1/ADRW9PD_verification/DB_Links_Details.sql', 'ansible_loop_var': 'item'}) => {
    "msg": []
}
ok: [10.190.17.156] => (item={'cmd': "export ORACLE_SID=ARW9PDF1\nexport ORACLE_HOME=/u01/app/oracle/product/19c\ncd /home/oracle/version1/ADRW9PD_verification\nprintf '@/home/oracle/version1/ADRW9PD_verification/Granted_Roles.sql' | /u01/app/oracle/product/19c/bin/sqlplus -s oci_mig/version1_Oc1_M1g@XTTS_ARW9PDF1 as sysdba\n", 'stdout': '', 'stderr': '', 'rc': 0, 'start': '2024-11-23 06:09:05.645722', 'end': '2024-11-23 06:09:06.493461', 'delta': '0:00:00.847739', 'changed': True, 'invocation': {'module_args': {'_raw_params': "export ORACLE_SID=ARW9PDF1\nexport ORACLE_HOME=/u01/app/oracle/product/19c\ncd /home/oracle/version1/ADRW9PD_verification\nprintf '@/home/oracle/version1/ADRW9PD_verification/Granted_Roles.sql' | /u01/app/oracle/product/19c/bin/sqlplus -s oci_mig/version1_Oc1_M1g@XTTS_ARW9PDF1 as sysdba\n", '_uses_shell': True, 'warn': True, 'stdin_add_newline': True, 'strip_empty_ends': True, 'argv': None, 'chdir': None, 'executable': None, 'creates': None, 'removes': None, 'stdin': None}}, 'stdout_lines': [], 'stderr_lines': [], 'failed': False, 'item': '/home/oracle/version1/ADRW9PD_verification/Granted_Roles.sql', 'ansible_loop_var': 'item'}) => {
    "msg": []
}
ok: [10.190.17.156] => (item={'cmd': "export ORACLE_SID=ARW9PDF1\nexport ORACLE_HOME=/u01/app/oracle/product/19c\ncd /home/oracle/version1/ADRW9PD_verification\nprintf '@/home/oracle/version1/ADRW9PD_verification/Invalid_Objects.sql' | /u01/app/oracle/product/19c/bin/sqlplus -s oci_mig/version1_Oc1_M1g@XTTS_ARW9PDF1 as sysdba\n", 'stdout': '', 'stderr': '', 'rc': 0, 'start': '2024-11-23 06:09:11.863040', 'end': '2024-11-23 06:09:12.700638', 'delta': '0:00:00.837598', 'changed': True, 'invocation': {'module_args': {'_raw_params': "export ORACLE_SID=ARW9PDF1\nexport ORACLE_HOME=/u01/app/oracle/product/19c\ncd /home/oracle/version1/ADRW9PD_verification\nprintf '@/home/oracle/version1/ADRW9PD_verification/Invalid_Objects.sql' | /u01/app/oracle/product/19c/bin/sqlplus -s oci_mig/version1_Oc1_M1g@XTTS_ARW9PDF1 as sysdba\n", '_uses_shell': True, 'warn': True, 'stdin_add_newline': True, 'strip_empty_ends': True, 'argv': None, 'chdir': None, 'executable': None, 'creates': None, 'removes': None, 'stdin': None}}, 'stdout_lines': [], 'stderr_lines': [], 'failed': False, 'item': '/home/oracle/version1/ADRW9PD_verification/Invalid_Objects.sql', 'ansible_loop_var': 'item'}) => {
    "msg": []
}
ok: [10.190.17.156] => (item={'cmd': "export ORACLE_SID=ARW9PDF1\nexport ORACLE_HOME=/u01/app/oracle/product/19c\ncd /home/oracle/version1/ADRW9PD_verification\nprintf '@/home/oracle/version1/ADRW9PD_verification/List_Schemas_And_Default_TBS.sql' | /u01/app/oracle/product/19c/bin/sqlplus -s oci_mig/version1_Oc1_M1g@XTTS_ARW9PDF1 as sysdba\n", 'stdout': '', 'stderr': '', 'rc': 0, 'start': '2024-11-23 06:09:18.436980', 'end': '2024-11-23 06:09:18.990696', 'delta': '0:00:00.553716', 'changed': True, 'invocation': {'module_args': {'_raw_params': "export ORACLE_SID=ARW9PDF1\nexport ORACLE_HOME=/u01/app/oracle/product/19c\ncd /home/oracle/version1/ADRW9PD_verification\nprintf '@/home/oracle/version1/ADRW9PD_verification/List_Schemas_And_Default_TBS.sql' | /u01/app/oracle/product/19c/bin/sqlplus -s oci_mig/version1_Oc1_M1g@XTTS_ARW9PDF1 as sysdba\n", '_uses_shell': True, 'warn': True, 'stdin_add_newline': True, 'strip_empty_ends': True, 'argv': None, 'chdir': None, 'executable': None, 'creates': None, 'removes': None, 'stdin': None}}, 'stdout_lines': [], 'stderr_lines': [], 'failed': False, 'item': '/home/oracle/version1/ADRW9PD_verification/List_Schemas_And_Default_TBS.sql', 'ansible_loop_var': 'item'}) => {
    "msg": []
}
ok: [10.190.17.156] => (item={'cmd': "export ORACLE_SID=ARW9PDF1\nexport ORACLE_HOME=/u01/app/oracle/product/19c\ncd /home/oracle/version1/ADRW9PD_verification\nprintf '@/home/oracle/version1/ADRW9PD_verification/Object_Count_Per_Schema.sql' | /u01/app/oracle/product/19c/bin/sqlplus -s oci_mig/version1_Oc1_M1g@XTTS_ARW9PDF1 as sysdba\n", 'stdout': '', 'stderr': '', 'rc': 0, 'start': '2024-11-23 06:09:25.269124', 'end': '2024-11-23 06:09:26.754201', 'delta': '0:00:01.485077', 'changed': True, 'invocation': {'module_args': {'_raw_params': "export ORACLE_SID=ARW9PDF1\nexport ORACLE_HOME=/u01/app/oracle/product/19c\ncd /home/oracle/version1/ADRW9PD_verification\nprintf '@/home/oracle/version1/ADRW9PD_verification/Object_Count_Per_Schema.sql' | /u01/app/oracle/product/19c/bin/sqlplus -s oci_mig/version1_Oc1_M1g@XTTS_ARW9PDF1 as sysdba\n", '_uses_shell': True, 'warn': True, 'stdin_add_newline': True, 'strip_empty_ends': True, 'argv': None, 'chdir': None, 'executable': None, 'creates': None, 'removes': None, 'stdin': None}}, 'stdout_lines': [], 'stderr_lines': [], 'failed': False, 'item': '/home/oracle/version1/ADRW9PD_verification/Object_Count_Per_Schema.sql', 'ansible_loop_var': 'item'}) => {
    "msg": []
}
ok: [10.190.17.156] => (item={'cmd': "export ORACLE_SID=ARW9PDF1\nexport ORACLE_HOME=/u01/app/oracle/product/19c\ncd /home/oracle/version1/ADRW9PD_verification\nprintf '@/home/oracle/version1/ADRW9PD_verification/Schedules_jobs.sql' | /u01/app/oracle/product/19c/bin/sqlplus -s oci_mig/version1_Oc1_M1g@XTTS_ARW9PDF1 as sysdba\n", 'stdout': '', 'stderr': '', 'rc': 0, 'start': '2024-11-23 06:09:33.024979', 'end': '2024-11-23 06:09:34.275814', 'delta': '0:00:01.250835', 'changed': True, 'invocation': {'module_args': {'_raw_params': "export ORACLE_SID=ARW9PDF1\nexport ORACLE_HOME=/u01/app/oracle/product/19c\ncd /home/oracle/version1/ADRW9PD_verification\nprintf '@/home/oracle/version1/ADRW9PD_verification/Schedules_jobs.sql' | /u01/app/oracle/product/19c/bin/sqlplus -s oci_mig/version1_Oc1_M1g@XTTS_ARW9PDF1 as sysdba\n", '_uses_shell': True, 'warn': True, 'stdin_add_newline': True, 'strip_empty_ends': True, 'argv': None, 'chdir': None, 'executable': None, 'creates': None, 'removes': None, 'stdin': None}}, 'stdout_lines': [], 'stderr_lines': [], 'failed': False, 'item': '/home/oracle/version1/ADRW9PD_verification/Schedules_jobs.sql', 'ansible_loop_var': 'item'}) => {
    "msg": []
}

TASK [final_backup : create a directory on Ansible controller node to store the db verification log files path=/home/ansibleadmin/db_reconciliation/{{ source_db }}, state=directory] ***
Saturday 23 November 2024  06:09:34 +0000 (0:00:00.081)       0:02:40.412 ***** 
changed: [10.190.17.156 -> localhost]

TASK [final_backup : find the.log files from "/home/oracle/version1/ADRW9PD_verification" directory paths={{source_verification_dir}}/, patterns=*.log] ***
Saturday 23 November 2024  06:09:35 +0000 (0:00:00.293)       0:02:40.706 ***** 
[WARNING]: Using world-readable permissions for temporary files Ansible needs
to create when becoming an unprivileged user. This may be insecure. For
information on securing this, see
https://docs.ansible.com/ansible/become.html#becoming-an-unprivileged-user
ok: [10.190.17.156]

TASK [final_backup : copy the verification log files from the source db to Ansible-controller for reconciliation src={{ item.path }}, dest=/home/ansibleadmin/db_reconciliation/{{ source_db }}/, flat=True] ***
Saturday 23 November 2024  06:09:40 +0000 (0:00:05.297)       0:02:46.003 ***** 
[WARNING]: Using world-readable permissions for temporary files Ansible needs
to create when becoming an unprivileged user. This may be insecure. For
information on securing this, see
https://docs.ansible.com/ansible/become.html#becoming-an-unprivileged-user
changed: [10.190.17.156] => (item={'path': '/home/oracle/version1/ADRW9PD_verification/Application_Objects_ARW9PDF1_hrmaxpd2035.log', 'mode': '0644', 'isdir': False, 'ischr': False, 'isblk': False, 'isreg': True, 'isfifo': False, 'islnk': False, 'issock': False, 'uid': 1100, 'gid': 1000, 'size': 0, 'inode': 49524, 'dev': -9223371993905102840, 'nlink': 1, 'atime': 1732342132.7349436, 'mtime': 1732342132.7349436, 'ctime': 1732342132.7349436, 'gr_name': 'oinstall', 'pw_name': 'oracle', 'wusr': True, 'rusr': True, 'xusr': False, 'wgrp': False, 'rgrp': True, 'xgrp': False, 'woth': False, 'roth': True, 'xoth': False, 'isuid': False, 'isgid': False})
changed: [10.190.17.156] => (item={'path': '/home/oracle/version1/ADRW9PD_verification/DB_Links_ARW9PDF1_hrmaxpd2035.log', 'mode': '0644', 'isdir': False, 'ischr': False, 'isblk': False, 'isreg': True, 'isfifo': False, 'islnk': False, 'issock': False, 'uid': 1100, 'gid': 1000, 'size': 28029, 'inode': 49525, 'dev': -9223371993905102840, 'nlink': 1, 'atime': 1732342139.4288561, 'mtime': 1732342139.4632478, 'ctime': 1732342139.4632478, 'gr_name': 'oinstall', 'pw_name': 'oracle', 'wusr': True, 'rusr': True, 'xusr': False, 'wgrp': False, 'rgrp': True, 'xgrp': False, 'woth': False, 'roth': True, 'xoth': False, 'isuid': False, 'isgid': False})
changed: [10.190.17.156] => (item={'path': '/home/oracle/version1/ADRW9PD_verification/Scheduled_Jobs_ARW9PDF1_hrmaxpd2035.log', 'mode': '0644', 'isdir': False, 'ischr': False, 'isblk': False, 'isreg': True, 'isfifo': False, 'islnk': False, 'issock': False, 'uid': 1100, 'gid': 1000, 'size': 18075, 'inode': 49530, 'dev': -9223371993905102840, 'nlink': 1, 'atime': 1732342173.7017748, 'mtime': 1732342174.2647474, 'ctime': 1732342174.2647474, 'gr_name': 'oinstall', 'pw_name': 'oracle', 'wusr': True, 'rusr': True, 'xusr': False, 'wgrp': False, 'rgrp': True, 'xgrp': False, 'woth': False, 'roth': True, 'xoth': False, 'isuid': False, 'isgid': False})
changed: [10.190.17.156] => (item={'path': '/home/oracle/version1/ADRW9PD_verification/Schemas_and_def_tablespace_ARW9PDF1_hrmaxpd2035.log', 'mode': '0644', 'isdir': False, 'ischr': False, 'isblk': False, 'isreg': True, 'isfifo': False, 'islnk': False, 'issock': False, 'uid': 1100, 'gid': 1000, 'size': 41584, 'inode': 49528, 'dev': -9223371993905102840, 'nlink': 1, 'atime': 1732342158.9246795, 'mtime': 1732342158.9827652, 'ctime': 1732342158.9827652, 'gr_name': 'oinstall', 'pw_name': 'oracle', 'wusr': True, 'rusr': True, 'xusr': False, 'wgrp': False, 'rgrp': True, 'xgrp': False, 'woth': False, 'roth': True, 'xoth': False, 'isuid': False, 'isgid': False})
changed: [10.190.17.156] => (item={'path': '/home/oracle/version1/ADRW9PD_verification/granted_roles_ARW9PDF1_hrmaxpd2035.log', 'mode': '0644', 'isdir': False, 'ischr': False, 'isblk': False, 'isreg': True, 'isfifo': False, 'islnk': False, 'issock': False, 'uid': 1100, 'gid': 1000, 'size': 17918, 'inode': 49526, 'dev': -9223371993905102840, 'nlink': 1, 'atime': 1732342146.3988736, 'mtime': 1732342146.4759686, 'ctime': 1732342146.4759686, 'gr_name': 'oinstall', 'pw_name': 'oracle', 'wusr': True, 'rusr': True, 'xusr': False, 'wgrp': False, 'rgrp': True, 'xgrp': False, 'woth': False, 'roth': True, 'xoth': False, 'isuid': False, 'isgid': False})
changed: [10.190.17.156] => (item={'path': '/home/oracle/version1/ADRW9PD_verification/invalid_objects_ARW9PDF1_hrmaxpd2035.log', 'mode': '0644', 'isdir': False, 'ischr': False, 'isblk': False, 'isreg': True, 'isfifo': False, 'islnk': False, 'issock': False, 'uid': 1100, 'gid': 1000, 'size': 160434, 'inode': 49527, 'dev': -9223371993905102840, 'nlink': 1, 'atime': 1732342152.330334, 'mtime': 1732342152.6944823, 'ctime': 1732342152.6944823, 'gr_name': 'oinstall', 'pw_name': 'oracle', 'wusr': True, 'rusr': True, 'xusr': False, 'wgrp': False, 'rgrp': True, 'xgrp': False, 'woth': False, 'roth': True, 'xoth': False, 'isuid': False, 'isgid': False})
changed: [10.190.17.156] => (item={'path': '/home/oracle/version1/ADRW9PD_verification/object_countsByType_ARW9PDF1_hrmaxpd2035.log', 'mode': '0644', 'isdir': False, 'ischr': False, 'isblk': False, 'isreg': True, 'isfifo': False, 'islnk': False, 'issock': False, 'uid': 1100, 'gid': 1000, 'size': 110889, 'inode': 49529, 'dev': -9223371993905102840, 'nlink': 1, 'atime': 1732342165.8172734, 'mtime': 1732342166.7417703, 'ctime': 1732342166.7417703, 'gr_name': 'oinstall', 'pw_name': 'oracle', 'wusr': True, 'rusr': True, 'xusr': False, 'wgrp': False, 'rgrp': True, 'xgrp': False, 'woth': False, 'roth': True, 'xoth': False, 'isuid': False, 'isgid': False})

TASK [final_backup : Do the final incremental backup on hrmaxpd2035.emea.hays.loc _raw_params=export TMPDIR={{ source_xtts_scripts_dir }}
export ORACLE_SID={{ source_oracle_sid }}
export ORACLE_HOME={{ source_oracle_home }}
export NLS_LANG={{ nls_lang }}
cd {{ source_xtts_scripts_dir }}
{{ source_oracle_home }}/perl/bin/perl xttdriver.pl --backup
] ***
Saturday 23 November 2024  06:10:21 +0000 (0:00:41.397)       0:03:27.401 ***** 
[WARNING]: Using world-readable permissions for temporary files Ansible needs
to create when becoming an unprivileged user. This may be insecure. For
information on securing this, see
https://docs.ansible.com/ansible/become.html#becoming-an-unprivileged-user
changed: [10.190.17.156]

TASK [final_backup : Wait for the final incremental backup job to finish jid={{ backup_async_job.ansible_job_id }}] ***
Saturday 23 November 2024  06:10:28 +0000 (0:00:06.413)       0:03:33.815 ***** 
[WARNING]: Using world-readable permissions for temporary files Ansible needs
to create when becoming an unprivileged user. This may be insecure. For
information on securing this, see
https://docs.ansible.com/ansible/become.html#becoming-an-unprivileged-user
FAILED - RETRYING: Wait for the final incremental backup job to finish (20160 retries left).
FAILED - RETRYING: Wait for the final incremental backup job to finish (20159 retries left).
FAILED - RETRYING: Wait for the final incremental backup job to finish (20158 retries left).
FAILED - RETRYING: Wait for the final incremental backup job to finish (20157 retries left).
FAILED - RETRYING: Wait for the final incremental backup job to finish (20156 retries left).
FAILED - RETRYING: Wait for the final incremental backup job to finish (20155 retries left).
FAILED - RETRYING: Wait for the final incremental backup job to finish (20154 retries left).
changed: [10.190.17.156]

TASK [final_backup : Validate if the final incremental backup has been completed successfully msg=['Final incremental backup has now been completed', '{{ backup_out.stdout_lines }}']] ***
Saturday 23 November 2024  06:14:47 +0000 (0:04:18.803)       0:07:52.618 ***** 
ok: [10.190.17.156] => {
    "msg": [
        "Final incremental backup has now been completed",
        [
            "============================================================",
            "trace file is /home/oracle/version1/ADRW9PD_xtts/backup_Nov23_Sat_06_10_29_342//Nov23_Sat_06_10_29_342_.log",
            "=============================================================",
            "",
            "--------------------------------------------------------------------",
            "Parsing properties",
            "--------------------------------------------------------------------",
            "",
            "",
            "--------------------------------------------------------------------",
            "Done parsing properties",
            "--------------------------------------------------------------------",
            "",
            "",
            "--------------------------------------------------------------------",
            "Checking properties",
            "--------------------------------------------------------------------",
            "",
            "",
            "--------------------------------------------------------------------",
            "Maximum 8 files will be fetched in parallel",
            "--------------------------------------------------------------------",
            "",
            "",
            "--------------------------------------------------------------------",
            "Done checking properties",
            "--------------------------------------------------------------------",
            "",
            "",
            "--------------------------------------------------------------------",
            "Backup incremental",
            "--------------------------------------------------------------------",
            "",
            "scalar(or10",
            "XXX: adding here for 2, 0, ADAPTDOMAIN1_DATA,ADAPT_DATA,ADAPTINTOUCH,ADAPT_USERS,BOISJMSDB,DHC_ROLLBACK_TRANSIENT,FUZZY_SEARCH,OT_SCHD_DATA,SPMSGBRK_DATA,WEBINT_DATA",
            "Prepare newscn for Tablespaces: 'ADAPTDOMAIN1_DATA'",
            "Prepare newscn for Tablespaces: 'ADAPT_DATA'",
            "Prepare newscn for Tablespaces: 'ADAPTINTOUCH'",
            "Prepare newscn for Tablespaces: 'ADAPT_USERS'",
            "Prepare newscn for Tablespaces: 'BOISJMSDB'",
            "Prepare newscn for Tablespaces: 'DHC_ROLLBACK_TRANSIENT'",
            "Prepare newscn for Tablespaces: 'FUZZY_SEARCH'",
            "Prepare newscn for Tablespaces: 'OT_SCHD_DATA'",
            "Prepare newscn for Tablespaces: 'SPMSGBRK_DATA'",
            "Prepare newscn for Tablespaces: 'WEBINT_DATA'",
            "",
            "--------------------------------------------------------------------",
            "Starting incremental backup",
            "--------------------------------------------------------------------",
            "",
            "",
            "--------------------------------------------------------------------",
            "Done backing up incrementals",
            "--------------------------------------------------------------------",
            "",
            "Prepare newscn for Tablespaces: 'ADAPTDOMAIN1_DATA'",
            "DECLARE*",
            "ERROR at line 1:",
            "ORA-20001: TABLESPACE(S) IS READONLY OR,",
            "OFFLINE JUST CONVERT, COPY",
            "ORA-06512: at line 284",
            "",
            "####################################################################",
            "Warning:",
            "------",
            "Warnings found in executing /home/oracle/version1/ADRW9PD_xtts/backup_Nov23_Sat_06_10_29_342//xttpreparenextiter.sql",
            "####################################################################",
            "Prepare newscn for Tablespaces: 'ADAPT_DATA'",
            "DECLARE*",
            "ERROR at line 1:",
            "ORA-20001: TABLESPACE(S) IS READONLY OR,",
            "OFFLINE JUST CONVERT, COPY",
            "ORA-06512: at line 284",
            "",
            "####################################################################",
            "Warning:",
            "------",
            "Warnings found in executing /home/oracle/version1/ADRW9PD_xtts/backup_Nov23_Sat_06_10_29_342//xttpreparenextiter.sql",
            "####################################################################",
            "Prepare newscn for Tablespaces: 'ADAPTINTOUCH'",
            "DECLARE*",
            "ERROR at line 1:",
            "ORA-20001: TABLESPACE(S) IS READONLY OR,",
            "OFFLINE JUST CONVERT, COPY",
            "ORA-06512: at line 284",
            "",
            "####################################################################",
            "Warning:",
            "------",
            "Warnings found in executing /home/oracle/version1/ADRW9PD_xtts/backup_Nov23_Sat_06_10_29_342//xttpreparenextiter.sql",
            "####################################################################",
            "Prepare newscn for Tablespaces: 'ADAPT_USERS'",
            "DECLARE*",
            "ERROR at line 1:",
            "ORA-20001: TABLESPACE(S) IS READONLY OR,",
            "OFFLINE JUST CONVERT, COPY",
            "ORA-06512: at line 284",
            "",
            "####################################################################",
            "Warning:",
            "------",
            "Warnings found in executing /home/oracle/version1/ADRW9PD_xtts/backup_Nov23_Sat_06_10_29_342//xttpreparenextiter.sql",
            "####################################################################",
            "Prepare newscn for Tablespaces: 'BOISJMSDB'",
            "DECLARE*",
            "ERROR at line 1:",
            "ORA-20001: TABLESPACE(S) IS READONLY OR,",
            "OFFLINE JUST CONVERT, COPY",
            "ORA-06512: at line 284",
            "",
            "####################################################################",
            "Warning:",
            "------",
            "Warnings found in executing /home/oracle/version1/ADRW9PD_xtts/backup_Nov23_Sat_06_10_29_342//xttpreparenextiter.sql",
            "####################################################################",
            "Prepare newscn for Tablespaces: 'DHC_ROLLBACK_TRANSIENT'",
            "DECLARE*",
            "ERROR at line 1:",
            "ORA-20001: TABLESPACE(S) IS READONLY OR,",
            "OFFLINE JUST CONVERT, COPY",
            "ORA-06512: at line 284",
            "",
            "####################################################################",
            "Warning:",
            "------",
            "Warnings found in executing /home/oracle/version1/ADRW9PD_xtts/backup_Nov23_Sat_06_10_29_342//xttpreparenextiter.sql",
            "####################################################################",
            "Prepare newscn for Tablespaces: 'FUZZY_SEARCH'",
            "DECLARE*",
            "ERROR at line 1:",
            "ORA-20001: TABLESPACE(S) IS READONLY OR,",
            "OFFLINE JUST CONVERT, COPY",
            "ORA-06512: at line 284",
            "",
            "####################################################################",
            "Warning:",
            "------",
            "Warnings found in executing /home/oracle/version1/ADRW9PD_xtts/backup_Nov23_Sat_06_10_29_342//xttpreparenextiter.sql",
            "####################################################################",
            "Prepare newscn for Tablespaces: 'OT_SCHD_DATA'",
            "DECLARE*",
            "ERROR at line 1:",
            "ORA-20001: TABLESPACE(S) IS READONLY OR,",
            "OFFLINE JUST CONVERT, COPY",
            "ORA-06512: at line 284",
            "",
            "####################################################################",
            "Warning:",
            "------",
            "Warnings found in executing /home/oracle/version1/ADRW9PD_xtts/backup_Nov23_Sat_06_10_29_342//xttpreparenextiter.sql",
            "####################################################################",
            "Prepare newscn for Tablespaces: 'SPMSGBRK_DATA'",
            "DECLARE*",
            "ERROR at line 1:",
            "ORA-20001: TABLESPACE(S) IS READONLY OR,",
            "OFFLINE JUST CONVERT, COPY",
            "ORA-06512: at line 284",
            "",
            "####################################################################",
            "Warning:",
            "------",
            "Warnings found in executing /home/oracle/version1/ADRW9PD_xtts/backup_Nov23_Sat_06_10_29_342//xttpreparenextiter.sql",
            "####################################################################",
            "Prepare newscn for Tablespaces: 'WEBINT_DATA'",
            "DECLARE*",
            "ERROR at line 1:",
            "ORA-20001: TABLESPACE(S) IS READONLY OR,",
            "OFFLINE JUST CONVERT, COPY",
            "ORA-06512: at line 284",
            "",
            "####################################################################",
            "Warning:",
            "------",
            "Warnings found in executing /home/oracle/version1/ADRW9PD_xtts/backup_Nov23_Sat_06_10_29_342//xttpreparenextiter.sql",
            "####################################################################",
            "New /home/oracle/version1/ADRW9PD_xtts/xttplan.txt with FROM SCN's generated"
        ]
    ]
}

PLAY [do the  metadata export on hrmaxpd2035.emea.hays.loc] ********************

PLAY [do the  grants export on hrmaxpd2035.emea.hays.loc] **********************

PLAY [transfer the final incremental backups to the /mnt/foaexaukl1pdfss01/xtts_backup/version1/BRPD_xtts_scratch] ***

PLAY [transfer the full meta dumps to the /mnt/foaexaukl1pdfss01/xtts_backup/version1/BRPD_dump] ***

PLAY [do the final incremental restore on foaukl1pddb-4kxck1.otchukl1pdexcl.otchukl1pdvcn01.oraclevcn.com] ***

PLAY [find the datafiles on ASM on foaukl1pddb-4kxck1.otchukl1pdexcl.otchukl1pdvcn01.oraclevcn.com] ***

PLAY [do the metadata import on foaukl1pddb-4kxck1.otchukl1pdexcl.otchukl1pdvcn01.oraclevcn.com] ***

PLAY [do the grants import on foaukl1pddb-4kxck1.otchukl1pdexcl.otchukl1pdvcn01.oraclevcn.com] ***

PLAY [do the post migration check on foaukl1pddb-4kxck1.otchukl1pdexcl.otchukl1pdvcn01.oraclevcn.com] ***

PLAY RECAP *********************************************************************
10.190.17.156              : ok=14   changed=7    unreachable=0    failed=0    skipped=0    rescued=0    ignored=0   

Saturday 23 November 2024  06:14:47 +0000 (0:00:00.075)       0:07:52.694 ***** 
=============================================================================== 
final_backup : Wait for the final incremental backup job to finish ---- 258.80s
final_backup : alter the provided user tablspaces to read only --------- 71.29s
final_backup : run the verification scripts capture the source db objects details -- 48.08s
final_backup : copy the verification log files from the source db to Ansible-controller for reconciliation -- 41.40s
Gathering Facts -------------------------------------------------------- 31.60s
final_backup : purge the recyclebin ------------------------------------- 9.16s
final_backup : Do the final incremental backup on hrmaxpd2035.emea.hays.loc --- 6.41s
final_backup : find the.log files from "/home/oracle/version1/ADRW9PD_verification" directory --- 5.30s
final_backup : create a directory on Ansible controller node to store the db verification log files --- 0.29s
final_backup : display tbs_out ------------------------------------------ 0.10s
final_backup : display sql_out ------------------------------------------ 0.08s
final_backup : Validate if the final incremental backup has been completed successfully --- 0.08s
final_backup : display recyclebin_out ----------------------------------- 0.03s
final_backup : list tablespaces ----------------------------------------- 0.03s
