nohup: ignoring input

PLAY [do the final incremental backup on hrmaxpd2035.emea.hays.loc] ************

PLAY [do the  metadata export on hrmaxpd2035.emea.hays.loc] ********************

PLAY [do the  grants export on hrmaxpd2035.emea.hays.loc] **********************

PLAY [transfer the final incremental backups to the /mnt/foaexaukl1pdfss01/xtts_backup/version1/BRPD_xtts_scratch] ***

PLAY [transfer the full meta dumps to the /mnt/foaexaukl1pdfss01/xtts_backup/version1/BRPD_dump] ***

PLAY [do the final incremental restore on foaukl1pddb-4kxck1.otchukl1pdexcl.otchukl1pdvcn01.oraclevcn.com] ***

PLAY [find the datafiles on ASM on foaukl1pddb-4kxck1.otchukl1pdexcl.otchukl1pdvcn01.oraclevcn.com] ***

TASK [Gathering Facts gather_subset=['all'], gather_timeout=10] ****************
Wednesday 20 November 2024  10:50:56 +0000 (0:00:00.088)       0:00:00.088 **** 
[WARNING]: Platform linux on host 10.100.36.15 is using the discovered Python
interpreter at /usr/bin/python, but future installation of another Python
interpreter could change this. See https://docs.ansible.com/ansible/2.9/referen
ce_appendices/interpreter_discovery.html for more information.
ok: [10.100.36.15]

TASK [find_datafiles : create the dbfiles.sh src={{ item.src }}, dest={{ item.dest }}, owner=grid, group=oinstall, mode=u=rwx,g=rw,o=r] ***
Wednesday 20 November 2024  10:50:59 +0000 (0:00:02.842)       0:00:02.930 **** 
changed: [10.100.36.15] => (item={'src': 'dbfiles.sh.j2', 'dest': '/mnt/foaexaukl1pdfss01/xtts_backup/version1/BRPD_dump/dbfiles.sh'})

TASK [find_datafiles : execute the script _raw_params={{ target_dp_dir }}/dbfiles.sh > {{ target_dp_dir }}/dbfiles.log] ***
Wednesday 20 November 2024  10:51:02 +0000 (0:00:02.662)       0:00:05.592 **** 
changed: [10.100.36.15]

TASK [find_datafiles : check the dbfiles.log _raw_params=grep "successfully" {{ target_dp_dir }}/dbfiles.log] ***
Wednesday 20 November 2024  10:51:05 +0000 (0:00:03.000)       0:00:08.593 **** 
changed: [10.100.36.15]

TASK [find_datafiles : display log_out msg={{log_out.stdout_lines}}] ***********
Wednesday 20 November 2024  10:51:07 +0000 (0:00:02.239)       0:00:10.832 **** 
ok: [10.100.36.15] => {
    "msg": [
        "+DATAC1/OTCHPDBR_UKL/236E17DD1A33172AE0630F24640ACDA3/DATAFILE/ADAPTDOMAIN1_DATA.2340.1185410197 has been successfully added to the meta_import.par",
        "+DATAC1/OTCHPDBR_UKL/236E17DD1A33172AE0630F24640ACDA3/DATAFILE/ADAPTINTOUCH.2302.1185410199 has been successfully added to the meta_import.par",
        "+DATAC1/OTCHPDBR_UKL/236E17DD1A33172AE0630F24640ACDA3/DATAFILE/ADAPT_DATA.2276.1185410201 has been successfully added to the meta_import.par",
        "+DATAC1/OTCHPDBR_UKL/236E17DD1A33172AE0630F24640ACDA3/DATAFILE/ADAPT_DATA.2277.1185410201 has been successfully added to the meta_import.par",
        "+DATAC1/OTCHPDBR_UKL/236E17DD1A33172AE0630F24640ACDA3/DATAFILE/ADAPT_DATA.2278.1185410201 has been successfully added to the meta_import.par",
        "+DATAC1/OTCHPDBR_UKL/236E17DD1A33172AE0630F24640ACDA3/DATAFILE/ADAPT_DATA.2279.1185410201 has been successfully added to the meta_import.par",
        "+DATAC1/OTCHPDBR_UKL/236E17DD1A33172AE0630F24640ACDA3/DATAFILE/ADAPT_DATA.2280.1185410201 has been successfully added to the meta_import.par",
        "+DATAC1/OTCHPDBR_UKL/236E17DD1A33172AE0630F24640ACDA3/DATAFILE/ADAPT_DATA.2281.1185410201 has been successfully added to the meta_import.par",
        "+DATAC1/OTCHPDBR_UKL/236E17DD1A33172AE0630F24640ACDA3/DATAFILE/ADAPT_DATA.2282.1185410201 has been successfully added to the meta_import.par",
        "+DATAC1/OTCHPDBR_UKL/236E17DD1A33172AE0630F24640ACDA3/DATAFILE/ADAPT_DATA.2283.1185410201 has been successfully added to the meta_import.par",
        "+DATAC1/OTCHPDBR_UKL/236E17DD1A33172AE0630F24640ACDA3/DATAFILE/ADAPT_DATA.2284.1185410201 has been successfully added to the meta_import.par",
        "+DATAC1/OTCHPDBR_UKL/236E17DD1A33172AE0630F24640ACDA3/DATAFILE/ADAPT_DATA.2285.1185410201 has been successfully added to the meta_import.par",
        "+DATAC1/OTCHPDBR_UKL/236E17DD1A33172AE0630F24640ACDA3/DATAFILE/ADAPT_DATA.2286.1185410199 has been successfully added to the meta_import.par",
        "+DATAC1/OTCHPDBR_UKL/236E17DD1A33172AE0630F24640ACDA3/DATAFILE/ADAPT_DATA.2287.1185410199 has been successfully added to the meta_import.par",
        "+DATAC1/OTCHPDBR_UKL/236E17DD1A33172AE0630F24640ACDA3/DATAFILE/ADAPT_DATA.2288.1185410199 has been successfully added to the meta_import.par",
        "+DATAC1/OTCHPDBR_UKL/236E17DD1A33172AE0630F24640ACDA3/DATAFILE/ADAPT_DATA.2289.1185410199 has been successfully added to the meta_import.par",
        "+DATAC1/OTCHPDBR_UKL/236E17DD1A33172AE0630F24640ACDA3/DATAFILE/ADAPT_DATA.2290.1185410199 has been successfully added to the meta_import.par",
        "+DATAC1/OTCHPDBR_UKL/236E17DD1A33172AE0630F24640ACDA3/DATAFILE/ADAPT_DATA.2291.1185410199 has been successfully added to the meta_import.par",
        "+DATAC1/OTCHPDBR_UKL/236E17DD1A33172AE0630F24640ACDA3/DATAFILE/ADAPT_DATA.2292.1185410199 has been successfully added to the meta_import.par",
        "+DATAC1/OTCHPDBR_UKL/236E17DD1A33172AE0630F24640ACDA3/DATAFILE/ADAPT_DATA.2293.1185410199 has been successfully added to the meta_import.par",
        "+DATAC1/OTCHPDBR_UKL/236E17DD1A33172AE0630F24640ACDA3/DATAFILE/ADAPT_DATA.2294.1185410199 has been successfully added to the meta_import.par",
        "+DATAC1/OTCHPDBR_UKL/236E17DD1A33172AE0630F24640ACDA3/DATAFILE/ADAPT_DATA.2295.1185410199 has been successfully added to the meta_import.par",
        "+DATAC1/OTCHPDBR_UKL/236E17DD1A33172AE0630F24640ACDA3/DATAFILE/ADAPT_DATA.2296.1185410199 has been successfully added to the meta_import.par",
        "+DATAC1/OTCHPDBR_UKL/236E17DD1A33172AE0630F24640ACDA3/DATAFILE/ADAPT_DATA.2297.1185410199 has been successfully added to the meta_import.par",
        "+DATAC1/OTCHPDBR_UKL/236E17DD1A33172AE0630F24640ACDA3/DATAFILE/ADAPT_DATA.2298.1185410199 has been successfully added to the meta_import.par",
        "+DATAC1/OTCHPDBR_UKL/236E17DD1A33172AE0630F24640ACDA3/DATAFILE/ADAPT_DATA.2299.1185410199 has been successfully added to the meta_import.par",
        "+DATAC1/OTCHPDBR_UKL/236E17DD1A33172AE0630F24640ACDA3/DATAFILE/ADAPT_DATA.2300.1185410199 has been successfully added to the meta_import.par",
        "+DATAC1/OTCHPDBR_UKL/236E17DD1A33172AE0630F24640ACDA3/DATAFILE/ADAPT_DATA.2301.1185410199 has been successfully added to the meta_import.par",
        "+DATAC1/OTCHPDBR_UKL/236E17DD1A33172AE0630F24640ACDA3/DATAFILE/ADAPT_DATA.2303.1185410199 has been successfully added to the meta_import.par",
        "+DATAC1/OTCHPDBR_UKL/236E17DD1A33172AE0630F24640ACDA3/DATAFILE/ADAPT_DATA.2304.1185410199 has been successfully added to the meta_import.par",
        "+DATAC1/OTCHPDBR_UKL/236E17DD1A33172AE0630F24640ACDA3/DATAFILE/ADAPT_DATA.2346.1185410197 has been successfully added to the meta_import.par",
        "+DATAC1/OTCHPDBR_UKL/236E17DD1A33172AE0630F24640ACDA3/DATAFILE/ADAPT_DATA.2348.1185410199 has been successfully added to the meta_import.par",
        "+DATAC1/OTCHPDBR_UKL/236E17DD1A33172AE0630F24640ACDA3/DATAFILE/ADAPT_DATA.2349.1185410199 has been successfully added to the meta_import.par",
        "+DATAC1/OTCHPDBR_UKL/236E17DD1A33172AE0630F24640ACDA3/DATAFILE/ADAPT_DATA.2350.1185410197 has been successfully added to the meta_import.par",
        "+DATAC1/OTCHPDBR_UKL/236E17DD1A33172AE0630F24640ACDA3/DATAFILE/ADAPT_USERS.2274.1185410217 has been successfully added to the meta_import.par",
        "+DATAC1/OTCHPDBR_UKL/236E17DD1A33172AE0630F24640ACDA3/DATAFILE/ADAPT_USERS.2275.1185410217 has been successfully added to the meta_import.par",
        "+DATAC1/OTCHPDBR_UKL/236E17DD1A33172AE0630F24640ACDA3/DATAFILE/BOISJMSDB.2273.1185410237 has been successfully added to the meta_import.par",
        "+DATAC1/OTCHPDBR_UKL/236E17DD1A33172AE0630F24640ACDA3/DATAFILE/DHC_ROLLBACK_TRANSIENT.2217.1185410289 has been successfully added to the meta_import.par",
        "+DATAC1/OTCHPDBR_UKL/236E17DD1A33172AE0630F24640ACDA3/DATAFILE/DHC_ROLLBACK_TRANSIENT.2218.1185410253 has been successfully added to the meta_import.par",
        "+DATAC1/OTCHPDBR_UKL/236E17DD1A33172AE0630F24640ACDA3/DATAFILE/DHC_ROLLBACK_TRANSIENT.2219.1185410253 has been successfully added to the meta_import.par",
        "+DATAC1/OTCHPDBR_UKL/236E17DD1A33172AE0630F24640ACDA3/DATAFILE/DHC_ROLLBACK_TRANSIENT.2256.1185410323 has been successfully added to the meta_import.par",
        "+DATAC1/OTCHPDBR_UKL/236E17DD1A33172AE0630F24640ACDA3/DATAFILE/DHC_ROLLBACK_TRANSIENT.2257.1185410323 has been successfully added to the meta_import.par",
        "+DATAC1/OTCHPDBR_UKL/236E17DD1A33172AE0630F24640ACDA3/DATAFILE/DHC_ROLLBACK_TRANSIENT.2258.1185410309 has been successfully added to the meta_import.par",
        "+DATAC1/OTCHPDBR_UKL/236E17DD1A33172AE0630F24640ACDA3/DATAFILE/DHC_ROLLBACK_TRANSIENT.2259.1185410309 has been successfully added to the meta_import.par",
        "+DATAC1/OTCHPDBR_UKL/236E17DD1A33172AE0630F24640ACDA3/DATAFILE/DHC_ROLLBACK_TRANSIENT.2260.1185410305 has been successfully added to the meta_import.par",
        "+DATAC1/OTCHPDBR_UKL/236E17DD1A33172AE0630F24640ACDA3/DATAFILE/DHC_ROLLBACK_TRANSIENT.2261.1185410305 has been successfully added to the meta_import.par",
        "+DATAC1/OTCHPDBR_UKL/236E17DD1A33172AE0630F24640ACDA3/DATAFILE/DHC_ROLLBACK_TRANSIENT.2262.1185410289 has been successfully added to the meta_import.par",
        "+DATAC1/OTCHPDBR_UKL/236E17DD1A33172AE0630F24640ACDA3/DATAFILE/DHC_ROLLBACK_TRANSIENT.2263.1185410287 has been successfully added to the meta_import.par",
        "+DATAC1/OTCHPDBR_UKL/236E17DD1A33172AE0630F24640ACDA3/DATAFILE/DHC_ROLLBACK_TRANSIENT.2264.1185410287 has been successfully added to the meta_import.par",
        "+DATAC1/OTCHPDBR_UKL/236E17DD1A33172AE0630F24640ACDA3/DATAFILE/DHC_ROLLBACK_TRANSIENT.2265.1185410273 has been successfully added to the meta_import.par",
        "+DATAC1/OTCHPDBR_UKL/236E17DD1A33172AE0630F24640ACDA3/DATAFILE/DHC_ROLLBACK_TRANSIENT.2266.1185410273 has been successfully added to the meta_import.par",
        "+DATAC1/OTCHPDBR_UKL/236E17DD1A33172AE0630F24640ACDA3/DATAFILE/DHC_ROLLBACK_TRANSIENT.2267.1185410271 has been successfully added to the meta_import.par",
        "+DATAC1/OTCHPDBR_UKL/236E17DD1A33172AE0630F24640ACDA3/DATAFILE/DHC_ROLLBACK_TRANSIENT.2268.1185410271 has been successfully added to the meta_import.par",
        "+DATAC1/OTCHPDBR_UKL/236E17DD1A33172AE0630F24640ACDA3/DATAFILE/DHC_ROLLBACK_TRANSIENT.2269.1185410255 has been successfully added to the meta_import.par",
        "+DATAC1/OTCHPDBR_UKL/236E17DD1A33172AE0630F24640ACDA3/DATAFILE/DHC_ROLLBACK_TRANSIENT.2270.1185410255 has been successfully added to the meta_import.par",
        "+DATAC1/OTCHPDBR_UKL/236E17DD1A33172AE0630F24640ACDA3/DATAFILE/DHC_ROLLBACK_TRANSIENT.2271.1185410239 has been successfully added to the meta_import.par",
        "+DATAC1/OTCHPDBR_UKL/236E17DD1A33172AE0630F24640ACDA3/DATAFILE/DHC_ROLLBACK_TRANSIENT.2272.1185410239 has been successfully added to the meta_import.par",
        "+DATAC1/OTCHPDBR_UKL/236E17DD1A33172AE0630F24640ACDA3/DATAFILE/FUZZY_SEARCH.2255.1185410325 has been successfully added to the meta_import.par",
        "+DATAC1/OTCHPDBR_UKL/236E17DD1A33172AE0630F24640ACDA3/DATAFILE/OT_SCHD_DATA.2254.1185410343 has been successfully added to the meta_import.par",
        "+DATAC1/OTCHPDBR_UKL/236E17DD1A33172AE0630F24640ACDA3/DATAFILE/SPMSGBRK_DATA.2253.1185410361 has been successfully added to the meta_import.par",
        "+DATAC1/OTCHPDBR_UKL/236E17DD1A33172AE0630F24640ACDA3/DATAFILE/WEBINT_DATA.2215.1185410475 has been successfully added to the meta_import.par",
        "+DATAC1/OTCHPDBR_UKL/236E17DD1A33172AE0630F24640ACDA3/DATAFILE/WEBINT_DATA.2216.1185410441 has been successfully added to the meta_import.par",
        "+DATAC1/OTCHPDBR_UKL/236E17DD1A33172AE0630F24640ACDA3/DATAFILE/WEBINT_DATA.2250.1185410501 has been successfully added to the meta_import.par",
        "+DATAC1/OTCHPDBR_UKL/236E17DD1A33172AE0630F24640ACDA3/DATAFILE/WEBINT_DATA.2251.1185410383 has been successfully added to the meta_import.par",
        "+DATAC1/OTCHPDBR_UKL/236E17DD1A33172AE0630F24640ACDA3/DATAFILE/WEBINT_DATA.2252.1185410369 has been successfully added to the meta_import.par"
    ]
}

TASK [find_datafiles : fail msg=errors while getting the data file locations from asm.] ***
Wednesday 20 November 2024  10:51:07 +0000 (0:00:00.067)       0:00:10.900 **** 
skipping: [10.100.36.15]

PLAY [do the metadata import on foaukl1pddb-4kxck1.otchukl1pdexcl.otchukl1pdvcn01.oraclevcn.com] ***

PLAY [do the grants import on foaukl1pddb-4kxck1.otchukl1pdexcl.otchukl1pdvcn01.oraclevcn.com] ***

PLAY [do the post migration check on foaukl1pddb-4kxck1.otchukl1pdexcl.otchukl1pdvcn01.oraclevcn.com] ***

PLAY RECAP *********************************************************************
10.100.36.15               : ok=5    changed=3    unreachable=0    failed=0    skipped=1    rescued=0    ignored=0   

Wednesday 20 November 2024  10:51:07 +0000 (0:00:00.033)       0:00:10.933 **** 
=============================================================================== 
find_datafiles : execute the script ------------------------------------- 3.00s
Gathering Facts --------------------------------------------------------- 2.84s
find_datafiles : create the dbfiles.sh ---------------------------------- 2.66s
find_datafiles : check the dbfiles.log ---------------------------------- 2.24s
find_datafiles : display log_out ---------------------------------------- 0.07s
find_datafiles : fail --------------------------------------------------- 0.03s
