nohup: ignoring input

PLAY [check the privilege escalation on hrmaxpd2035.emea.hays.loc] *************

PLAY [do the pre migration checks on hrmaxpd2035.emea.hays.loc] ****************

PLAY [check the database characterset and national character on the ADRW9PD] ***

PLAY [check the database characterset and national character on the OTCHPDBR] ***

PLAY [compare the character set output] ****************************************

PLAY [Configure Migration prerequisites on the source vm] **********************

PLAY [Configure Migration prerequisites on the target vm] **********************

PLAY [do level 0 backup on hrmaxpd2035.emea.hays.loc] **************************

TASK [Gathering Facts gather_subset=['all'], gather_timeout=10] ****************
Monday 18 November 2024  23:00:09 +0000 (0:00:00.090)       0:00:00.090 ******* 
[WARNING]: Using world-readable permissions for temporary files Ansible needs
to create when becoming an unprivileged user. This may be insecure. For
information on securing this, see
https://docs.ansible.com/ansible/become.html#becoming-an-unprivileged-user
[WARNING]: Platform aix on host 10.190.17.156 is using the discovered Python
interpreter at /usr/bin/python, but future installation of another Python
interpreter could change this. See https://docs.ansible.com/ansible/2.9/referen
ce_appendices/interpreter_discovery.html for more information.
ok: [10.190.17.156]

TASK [level_0_backup : Do a level 0 backup on hrmaxpd2035.emea.hays.loc _raw_params=export ORACLE_SID={{ source_oracle_sid }}
export ORACLE_HOME={{ source_oracle_home }} 
export NLS_LANG={{ nls_lang }}
export TMPDIR={{ source_xtts_scripts_dir }} 
cd {{ source_xtts_scripts_dir }}
{{ source_oracle_home }}/perl/bin/perl xttdriver.pl --backup
] ***
Monday 18 November 2024  23:00:52 +0000 (0:00:43.290)       0:00:43.380 ******* 
[WARNING]: Using world-readable permissions for temporary files Ansible needs
to create when becoming an unprivileged user. This may be insecure. For
information on securing this, see
https://docs.ansible.com/ansible/become.html#becoming-an-unprivileged-user
changed: [10.190.17.156]

TASK [level_0_backup : Wait for the backup job to finish jid={{ backup_async_job.ansible_job_id }}] ***
Monday 18 November 2024  23:00:59 +0000 (0:00:07.006)       0:00:50.387 ******* 
[WARNING]: Using world-readable permissions for temporary files Ansible needs
to create when becoming an unprivileged user. This may be insecure. For
information on securing this, see
https://docs.ansible.com/ansible/become.html#becoming-an-unprivileged-user
FAILED - RETRYING: Wait for the backup job to finish (20160 retries left).
FAILED - RETRYING: Wait for the backup job to finish (20159 retries left).
FAILED - RETRYING: Wait for the backup job to finish (20158 retries left).
FAILED - RETRYING: Wait for the backup job to finish (20157 retries left).
FAILED - RETRYING: Wait for the backup job to finish (20156 retries left).
FAILED - RETRYING: Wait for the backup job to finish (20155 retries left).
FAILED - RETRYING: Wait for the backup job to finish (20154 retries left).
FAILED - RETRYING: Wait for the backup job to finish (20153 retries left).
FAILED - RETRYING: Wait for the backup job to finish (20152 retries left).
FAILED - RETRYING: Wait for the backup job to finish (20151 retries left).
FAILED - RETRYING: Wait for the backup job to finish (20150 retries left).
FAILED - RETRYING: Wait for the backup job to finish (20149 retries left).
FAILED - RETRYING: Wait for the backup job to finish (20148 retries left).
FAILED - RETRYING: Wait for the backup job to finish (20147 retries left).
FAILED - RETRYING: Wait for the backup job to finish (20146 retries left).
FAILED - RETRYING: Wait for the backup job to finish (20145 retries left).
FAILED - RETRYING: Wait for the backup job to finish (20144 retries left).
FAILED - RETRYING: Wait for the backup job to finish (20143 retries left).
FAILED - RETRYING: Wait for the backup job to finish (20142 retries left).
changed: [10.190.17.156]

TASK [level_0_backup : Validate if the backup has been completed successfully msg={{ backup_out.stdout_lines }}] ***
Monday 18 November 2024  23:12:23 +0000 (0:11:23.332)       0:12:13.719 ******* 
ok: [10.190.17.156] => {
    "msg": [
        "============================================================",
        "trace file is /home/oracle/version1/ADRW9PD_xtts/backup_Nov18_Mon_23_01_02_101//Nov18_Mon_23_01_02_101_.log",
        "=============================================================",
        "",
        "--------------------------------------------------------------------",
        "Parsing properties",
        "--------------------------------------------------------------------",
        "",
        "",
        "--------------------------------------------------------------------",
        "Done parsing properties",
        "--------------------------------------------------------------------",
        "",
        "",
        "--------------------------------------------------------------------",
        "Checking properties",
        "--------------------------------------------------------------------",
        "",
        "",
        "--------------------------------------------------------------------",
        "Maximum 8 files will be fetched in parallel",
        "--------------------------------------------------------------------",
        "",
        "",
        "--------------------------------------------------------------------",
        "Done checking properties",
        "--------------------------------------------------------------------",
        "",
        "",
        "--------------------------------------------------------------------",
        "Starting backup phase",
        "--------------------------------------------------------------------",
        "",
        "Prepare source for Tablespaces:",
        "                  'ADAPTDOMAIN1_DATA'  /mnt/foaexaukl1pdfss01/xtts_backup/version1/BRPD_xtts_scratch",
        "xttpreparesrc.sql for 'ADAPTDOMAIN1_DATA' started at Mon Nov 18 23:01:04 2024",
        "xttpreparesrc.sql for  ended at Mon Nov 18 23:01:06 2024",
        "Prepare source for Tablespaces:",
        "                  'ADAPT_DATA'  /mnt/foaexaukl1pdfss01/xtts_backup/version1/BRPD_xtts_scratch",
        "xttpreparesrc.sql for 'ADAPT_DATA' started at Mon Nov 18 23:01:39 2024",
        "xttpreparesrc.sql for  ended at Mon Nov 18 23:01:40 2024",
        "Prepare source for Tablespaces:",
        "                  'ADAPTINTOUCH'  /mnt/foaexaukl1pdfss01/xtts_backup/version1/BRPD_xtts_scratch",
        "xttpreparesrc.sql for 'ADAPTINTOUCH' started at Mon Nov 18 23:08:54 2024",
        "xttpreparesrc.sql for  ended at Mon Nov 18 23:08:55 2024",
        "Prepare source for Tablespaces:",
        "                  'ADAPT_USERS'  /mnt/foaexaukl1pdfss01/xtts_backup/version1/BRPD_xtts_scratch",
        "xttpreparesrc.sql for 'ADAPT_USERS' started at Mon Nov 18 23:09:09 2024",
        "xttpreparesrc.sql for  ended at Mon Nov 18 23:09:10 2024",
        "Prepare source for Tablespaces:",
        "                  'BOISJMSDB'  /mnt/foaexaukl1pdfss01/xtts_backup/version1/BRPD_xtts_scratch",
        "xttpreparesrc.sql for 'BOISJMSDB' started at Mon Nov 18 23:09:26 2024",
        "xttpreparesrc.sql for  ended at Mon Nov 18 23:09:27 2024",
        "Prepare source for Tablespaces:",
        "                  'DHC_ROLLBACK_TRANSIENT'  /mnt/foaexaukl1pdfss01/xtts_backup/version1/BRPD_xtts_scratch",
        "xttpreparesrc.sql for 'DHC_ROLLBACK_TRANSIENT' started at Mon Nov 18 23:09:41 2024",
        "xttpreparesrc.sql for  ended at Mon Nov 18 23:09:42 2024",
        "Prepare source for Tablespaces:",
        "                  'FUZZY_SEARCH'  /mnt/foaexaukl1pdfss01/xtts_backup/version1/BRPD_xtts_scratch",
        "xttpreparesrc.sql for 'FUZZY_SEARCH' started at Mon Nov 18 23:10:03 2024",
        "xttpreparesrc.sql for  ended at Mon Nov 18 23:10:04 2024",
        "Prepare source for Tablespaces:",
        "                  'OT_SCHD_DATA'  /mnt/foaexaukl1pdfss01/xtts_backup/version1/BRPD_xtts_scratch",
        "xttpreparesrc.sql for 'OT_SCHD_DATA' started at Mon Nov 18 23:10:25 2024",
        "xttpreparesrc.sql for  ended at Mon Nov 18 23:10:26 2024",
        "Prepare source for Tablespaces:",
        "                  'SPMSGBRK_DATA'  /mnt/foaexaukl1pdfss01/xtts_backup/version1/BRPD_xtts_scratch",
        "xttpreparesrc.sql for 'SPMSGBRK_DATA' started at Mon Nov 18 23:10:43 2024",
        "xttpreparesrc.sql for  ended at Mon Nov 18 23:10:44 2024",
        "Prepare source for Tablespaces:",
        "                  'WEBINT_DATA'  /mnt/foaexaukl1pdfss01/xtts_backup/version1/BRPD_xtts_scratch",
        "xttpreparesrc.sql for 'WEBINT_DATA' started at Mon Nov 18 23:11:01 2024",
        "xttpreparesrc.sql for  ended at Mon Nov 18 23:11:02 2024",
        "",
        "--------------------------------------------------------------------",
        "Done with backup phase",
        "--------------------------------------------------------------------",
        "",
        "Prepare newscn for Tablespaces: 'ADAPTDOMAIN1_DATA'",
        "Prepare newscn for Tablespaces: 'ADAPT_DATA'",
        "Prepare newscn for Tablespaces: 'ADAPTINTOUCH'",
        "Prepare newscn for Tablespaces: 'ADAPT_USERS'",
        "Prepare newscn for Tablespaces: 'BOISJMSDB'",
        "Prepare newscn for Tablespaces: 'DHC_ROLLBACK_TRANSIENT'",
        "Prepare newscn for Tablespaces: 'FUZZY_SEARCH'",
        "Prepare newscn for Tablespaces: 'OT_SCHD_DATA'",
        "Prepare newscn for Tablespaces: 'SPMSGBRK_DATA'",
        "Prepare newscn for Tablespaces: 'WEBINT_DATA'",
        "New /home/oracle/version1/ADRW9PD_xtts/xttplan.txt with FROM SCN's generated",
        "scalar(or10",
        "XXX: adding here for 2, 0, ADAPTDOMAIN1_DATA,ADAPT_DATA,ADAPTINTOUCH,ADAPT_USERS,BOISJMSDB,DHC_ROLLBACK_TRANSIENT,FUZZY_SEARCH,OT_SCHD_DATA,SPMSGBRK_DATA,WEBINT_DATA"
    ]
}

PLAY [transfer the level_0 backups to the /mnt/foaexaukl1pdfss01/xtts_backup/version1/BRPD_xtts_scratch] ***

PLAY [do level 0 restore on foaukl1pddb-4kxck1.otchukl1pdexcl.otchukl1pdvcn01.oraclevcn.com] ***

PLAY RECAP *********************************************************************
10.190.17.156              : ok=4    changed=2    unreachable=0    failed=0    skipped=0    rescued=0    ignored=0   

Monday 18 November 2024  23:12:23 +0000 (0:00:00.032)       0:12:13.752 ******* 
=============================================================================== 
level_0_backup : Wait for the backup job to finish -------------------- 683.33s
Gathering Facts -------------------------------------------------------- 43.29s
level_0_backup : Do a level 0 backup on hrmaxpd2035.emea.hays.loc ------- 7.01s
level_0_backup : Validate if the backup has been completed successfully --- 0.03s
