nohup: ignoring input

PLAY [do level 1 backup on hrmaxpd2035.emea.hays.loc] **************************

PLAY [transfer the level_1 backups to the /mnt/foaexaukl1pdfss01/xtts_backup/version1/BRPD_xtts_scratch] ***

TASK [Gathering Facts gather_subset=['all'], gather_timeout=10] ****************
Friday 22 November 2024  09:09:47 +0000 (0:00:00.067)       0:00:00.067 ******* 
[WARNING]: Using world-readable permissions for temporary files Ansible needs
to create when becoming an unprivileged user. This may be insecure. For
information on securing this, see
https://docs.ansible.com/ansible/become.html#becoming-an-unprivileged-user
[WARNING]: Platform aix on host 10.190.17.156 is using the discovered Python
interpreter at /usr/bin/python, but future installation of another Python
interpreter could change this. See https://docs.ansible.com/ansible/2.9/referen
ce_appendices/interpreter_discovery.html for more information.
ok: [10.190.17.156]

TASK [backup_transfer : Execute the rsync_backup transfer script _raw_params={{ source_xtts_scripts_dir }}/rsync_parallel_backup_transfer_v4.sh > {{ source_xtts_scripts_dir  }}/rsync_parallel_backup_transfer_v4.log] ***
Friday 22 November 2024  09:10:10 +0000 (0:00:23.673)       0:00:23.740 ******* 
[WARNING]: Using world-readable permissions for temporary files Ansible needs
to create when becoming an unprivileged user. This may be insecure. For
information on securing this, see
https://docs.ansible.com/ansible/become.html#becoming-an-unprivileged-user
changed: [10.190.17.156]

TASK [backup_transfer : Wait for rsync_backup task to complete jid={{ rsync_task.ansible_job_id }}] ***
Friday 22 November 2024  09:10:16 +0000 (0:00:05.998)       0:00:29.739 ******* 
[WARNING]: Using world-readable permissions for temporary files Ansible needs
to create when becoming an unprivileged user. This may be insecure. For
information on securing this, see
https://docs.ansible.com/ansible/become.html#becoming-an-unprivileged-user
FAILED - RETRYING: Wait for rsync_backup task to complete (20160 retries left).
changed: [10.190.17.156]

TASK [backup_transfer : display the rsync status var=rsync_task] ***************
Friday 22 November 2024  09:10:57 +0000 (0:00:40.967)       0:01:10.707 ******* 
ok: [10.190.17.156] => {
    "rsync_task": {
        "ansible_job_id": "402260874006.28639690",
        "changed": true,
        "failed": false,
        "finished": 0,
        "results_file": "/home/oracle/.ansible_async/402260874006.28639690",
        "started": 1
    }
}

TASK [check rsync_parallel_backup_transfer_v4.log _raw_params=grep "encountered an error" {{ source_xtts_scripts_dir }}/rsync_parallel_backup_transfer_v4.log] ***
Friday 22 November 2024  09:10:57 +0000 (0:00:00.029)       0:01:10.736 ******* 
[WARNING]: Using world-readable permissions for temporary files Ansible needs
to create when becoming an unprivileged user. This may be insecure. For
information on securing this, see
https://docs.ansible.com/ansible/become.html#becoming-an-unprivileged-user
fatal: [10.190.17.156]: FAILED! => {"changed": true, "cmd": "grep \"encountered an error\" /home/oracle/version1/ADRW9PD_xtts/rsync_parallel_backup_transfer_v4.log", "delta": "0:00:00.049636", "end": "2024-11-22 09:11:02.162926", "msg": "non-zero return code", "rc": 1, "start": "2024-11-22 09:11:02.113290", "stderr": "", "stderr_lines": [], "stdout": "", "stdout_lines": []}
...ignoring

TASK [backup_transfer : display the rsync errors msg={{rsync_error_out.stdout_lines}}] ***
Friday 22 November 2024  09:11:02 +0000 (0:00:04.666)       0:01:15.403 ******* 
skipping: [10.190.17.156]

TASK [backup_transfer : fail msg=errors while transferring the backups] ********
Friday 22 November 2024  09:11:02 +0000 (0:00:00.027)       0:01:15.430 ******* 
skipping: [10.190.17.156]

TASK [read the rsync_parallel_backup_transfer_v4.log src={{ source_xtts_scripts_dir }}/rsync_parallel_backup_transfer_v4.log] ***
Friday 22 November 2024  09:11:02 +0000 (0:00:00.028)       0:01:15.459 ******* 
[WARNING]: Using world-readable permissions for temporary files Ansible needs
to create when becoming an unprivileged user. This may be insecure. For
information on securing this, see
https://docs.ansible.com/ansible/become.html#becoming-an-unprivileged-user
ok: [10.190.17.156]

TASK [backup_transfer : Decode the log file content log_content_decoded={{ log_content.content | b64decode }}] ***
Friday 22 November 2024  09:11:07 +0000 (0:00:04.746)       0:01:20.206 ******* 
ok: [10.190.17.156]

TASK [backup_transfer : Display the log file content msg={{ log_content_decoded }}] ***
Friday 22 November 2024  09:11:07 +0000 (0:00:00.028)       0:01:20.235 ******* 
ok: [10.190.17.156] => {
    "msg": "Start time: 22-11-2024_09:10:17\nStart time in seconds: 1732266617\n22-11-2024_09:10:17:  Rsync for /xtts/backup/version1/ADRW9PD_xtts_scratch/0o3aom04_238616_1_1 transfer started.\n22-11-2024_09:10:17:  Rsync for /xtts/backup/version1/ADRW9PD_xtts_scratch/0g3aolvt_238608_1_1 transfer started.\n22-11-2024_09:10:17:  Rsync for /xtts/backup/version1/ADRW9PD_xtts_scratch/0p3aom0d_238617_1_1 transfer started.\n22-11-2024_09:10:17:  Rsync for /xtts/backup/version1/ADRW9PD_xtts_scratch/0q3aom0j_238618_1_1 transfer started.\n22-11-2024_09:10:17:  Rsync for /xtts/backup/version1/ADRW9PD_xtts_scratch/023aolug_238594_1_1 transfer started.\n22-11-2024_09:10:17:  Rsync for /xtts/backup/version1/ADRW9PD_xtts_scratch/033aolug_238595_1_1 transfer started.\n22-11-2024_09:10:17:  Rsync for /xtts/backup/version1/ADRW9PD_xtts_scratch/0l3aolvt_238613_1_1 transfer started.\n22-11-2024_09:10:17:  Rsync for /xtts/backup/version1/ADRW9PD_xtts_scratch/053aolug_238597_1_1 transfer started.\n22-11-2024_09:10:17:  Rsync for /xtts/backup/version1/ADRW9PD_xtts_scratch/043aolug_238596_1_1 transfer started.\n22-11-2024_09:10:17:  Rsync for /xtts/backup/version1/ADRW9PD_xtts_scratch/0b3aolvc_238603_1_1 transfer started.\n0p3aom0d_238617_1_1\n\r         32.77K   3%    0.00kB/s    0:00:00  \r        909.31K 100%   49.17MB/s    0:00:00 (xfr#1, to-chk=0/1)\n\nsent 48.92K bytes  received 35 bytes  32.63K bytes/sec\ntotal size is 909.31K  speedup is 18.58\n22-11-2024_09:10:18:  Rsync for /xtts/backup/version1/ADRW9PD_xtts_scratch/0p3aom0d_238617_1_1 completed successfully.\n0o3aom04_238616_1_1\n\r         32.77K   0%    0.00kB/s    0:00:00  023aolug_238594_1_1\n\r         32.77K   0%    0.00kB/s    0:00:00  033aolug_238595_1_1\n\r         32.77K   0%    0.00kB/s    0:00:00  22-11-2024_09:10:18:  Rsync for /xtts/backup/version1/ADRW9PD_xtts_scratch/0f3aolvt_238607_1_1 transfer started.\n0g3aolvt_238608_1_1\n\r         32.77K  44%    0.00kB/s    0:00:00  \r         73.73K 100%   13.02MB/s    0:00:00 (xfr#1, to-chk=0/1)\n053aolug_238597_1_1\n\r         32.77K   0%    0.00kB/s    0:00:00  0l3aolvt_238613_1_1\n\r         32.77K  44%    0.00kB/s    0:00:00  043aolug_238596_1_1\n\r         73.73K 100%   39.06MB/s    0:00:00 (xfr#1, to-chk=0/1)\n\r         32.77K   0%    0.00kB/s    0:00:00  \nsent 876 bytes  received 35 bytes  607.33 bytes/sec\ntotal size is 73.73K  speedup is 80.93\n22-11-2024_09:10:18:  Rsync for /xtts/backup/version1/ADRW9PD_xtts_scratch/0g3aolvt_238608_1_1 completed successfully.\n0b3aolvc_238603_1_1\n\r         32.77K  57%    0.00kB/s    0:00:00  \r         32.77K   0%    0.00kB/s    0:00:00  \r         57.34K 100%   23.44MB/s    0:00:00 (xfr#1, to-chk=0/1)\n\nsent 879 bytes  received 35 bytes  609.33 bytes/sec\ntotal size is 73.73K  speedup is 80.67\n22-11-2024_09:10:18:  Rsync for /xtts/backup/version1/ADRW9PD_xtts_scratch/0l3aolvt_238613_1_1 completed successfully.\n\nsent 736 bytes  received 35 bytes  514.00 bytes/sec\ntotal size is 57.34K  speedup is 74.38\n22-11-2024_09:10:18:  Rsync for /xtts/backup/version1/ADRW9PD_xtts_scratch/0q3aom0j_238618_1_1 completed successfully.\n0f3aolvt_238607_1_1\n\r         32.77K  44%    0.00kB/s    0:00:00  \r         73.73K 100%   39.06MB/s    0:00:00 (xfr#1, to-chk=0/1)\n\nsent 884 bytes  received 35 bytes  1.84K bytes/sec\ntotal size is 73.73K  speedup is 80.23\n22-11-2024_09:10:18:  Rsync for /xtts/backup/version1/ADRW9PD_xtts_scratch/0f3aolvt_238607_1_1 completed successfully.\n\r          7.62M 100%   11.52MB/s    0:00:00 (xfr#1, to-chk=0/1)\n\nsent 2.15M bytes  received 35 bytes  861.83K bytes/sec\ntotal size is 7.62M  speedup is 3.54\n22-11-2024_09:10:19:  Rsync for /xtts/backup/version1/ADRW9PD_xtts_scratch/0o3aom04_238616_1_1 completed successfully.\n\r         12.32M  19%   11.72MB/s    0:00:04  \r         16.65M  30%   15.84MB/s    0:00:02  22-11-2024_09:10:19:  Rsync for /xtts/backup/version1/ADRW9PD_xtts_scratch/0h3aolvt_238609_1_1 transfer started.\n22-11-2024_09:10:19:  Rsync for /xtts/backup/version1/ADRW9PD_xtts_scratch/0k3aolvt_238612_1_1 transfer started.\n22-11-2024_09:10:19:  Rsync for /xtts/backup/version1/ADRW9PD_xtts_scratch/0s3aom0r_238620_1_1 transfer started.\n22-11-2024_09:10:19:  Rsync for /xtts/backup/version1/ADRW9PD_xtts_scratch/063aolug_238598_1_1 transfer started.\n22-11-2024_09:10:19:  Rsync for /xtts/backup/version1/ADRW9PD_xtts_scratch/0a3aolv5_238602_1_1 transfer started.\n\r         13.47M  20%   12.81MB/s    0:00:03  \r         10.49M  18%    9.97MB/s    0:00:04  \r         21.76M  58%   20.72MB/s    0:00:00  0a3aolv5_238602_1_1\n\r         32.77K  57%    0.00kB/s    0:00:00  \r         57.34K 100%   23.44MB/s    0:00:00 (xfr#1, to-chk=0/1)\n0h3aolvt_238609_1_1\n\r         32.77K  44%    0.00kB/s    0:00:00  \r         73.73K 100%    9.77MB/s    0:00:00 (xfr#1, to-chk=0/1)\n\nsent 738 bytes  received 35 bytes  515.33 bytes/sec\ntotal size is 57.34K  speedup is 74.18\n22-11-2024_09:10:20:  Rsync for /xtts/backup/version1/ADRW9PD_xtts_scratch/0a3aolv5_238602_1_1 completed successfully.\n\nsent 874 bytes  received 35 bytes  606.00 bytes/sec\ntotal size is 73.73K  speedup is 81.11\n22-11-2024_09:10:20:  Rsync for /xtts/backup/version1/ADRW9PD_xtts_scratch/0h3aolvt_238609_1_1 completed successfully.\n\r         24.05M  37%   11.46MB/s    0:00:03  \r         32.44M  58%   15.46MB/s    0:00:01  0k3aolvt_238612_1_1\n063aolug_238598_1_1\n\r         32.77K  44%    0.00kB/s    0:00:00  \r         73.73K 100%   39.06MB/s    0:00:00 (xfr#1, to-chk=0/1)\n\r         32.77K   0%    0.00kB/s    0:00:00  0s3aom0r_238620_1_1\n\r         32.77K  40%    0.00kB/s    0:00:00  \r         81.92K 100%    9.38MB/s    0:00:00 (xfr#1, to-chk=0/1)\n\r         37.05M 100%   20.76MB/s    0:00:01 (xfr#1, to-chk=0/1)\n22-11-2024_09:10:20:  Rsync for /xtts/backup/version1/ADRW9PD_xtts_scratch/0i3aolvt_238610_1_1 transfer started.\n22-11-2024_09:10:20:  Rsync for /xtts/backup/version1/ADRW9PD_xtts_scratch/0v3aom0r_238623_1_1 transfer started.\n\nsent 879 bytes  received 35 bytes  609.33 bytes/sec\ntotal size is 73.73K  speedup is 80.67\n22-11-2024_09:10:20:  Rsync for /xtts/backup/version1/ADRW9PD_xtts_scratch/0k3aolvt_238612_1_1 completed successfully.\n\r         26.64M  41%   12.69MB/s    0:00:02  \nsent 6.70K bytes  received 35 bytes  4.49K bytes/sec\ntotal size is 81.92K  speedup is 12.16\n22-11-2024_09:10:20:  Rsync for /xtts/backup/version1/ADRW9PD_xtts_scratch/0s3aom0r_238620_1_1 completed successfully.\n\nsent 3.92M bytes  received 35 bytes  1.12M bytes/sec\ntotal size is 37.05M  speedup is 9.45\n22-11-2024_09:10:20:  Rsync for /xtts/backup/version1/ADRW9PD_xtts_scratch/0b3aolvc_238603_1_1 completed successfully.\n\r         22.35M  40%   10.64MB/s    0:00:03  0i3aolvt_238610_1_1\n\r         32.77K  44%    0.00kB/s    0:00:00  \r         73.73K 100%   39.06MB/s    0:00:00 (xfr#1, to-chk=0/1)\n0v3aom0r_238623_1_1\n\r         32.77K  36%    0.00kB/s    0:00:00  \r         90.11K 100%   54.69MB/s    0:00:00 (xfr#1, to-chk=0/1)\n\nsent 882 bytes  received 35 bytes  611.33 bytes/sec\ntotal size is 73.73K  speedup is 80.40\n22-11-2024_09:10:21:  Rsync for /xtts/backup/version1/ADRW9PD_xtts_scratch/0i3aolvt_238610_1_1 completed successfully.\n\r         39.39M  62%   12.51MB/s    0:00:01  \r         43.84M  79%   13.94MB/s    0:00:00  \nsent 3.54K bytes  received 35 bytes  2.39K bytes/sec\ntotal size is 90.11K  speedup is 25.18\n22-11-2024_09:10:21:  Rsync for /xtts/backup/version1/ADRW9PD_xtts_scratch/0v3aom0r_238623_1_1 completed successfully.\n\r         13.21M  23%   12.56MB/s    0:00:03  22-11-2024_09:10:21:  Rsync for /xtts/backup/version1/ADRW9PD_xtts_scratch/013aolu7_238593_1_1 transfer started.\n22-11-2024_09:10:21:  Rsync for /xtts/backup/version1/ADRW9PD_xtts_scratch/0n3aolvt_238615_1_1 transfer started.\n22-11-2024_09:10:21:  Rsync for /xtts/backup/version1/ADRW9PD_xtts_scratch/0e3aolvt_238606_1_1 transfer started.\n22-11-2024_09:10:21:  Rsync for /xtts/backup/version1/ADRW9PD_xtts_scratch/0m3aolvt_238614_1_1 transfer started.\n22-11-2024_09:10:21:  Rsync for /xtts/backup/version1/ADRW9PD_xtts_scratch/093aolug_238601_1_1 transfer started.\n\r         37.26M  57%   11.83MB/s    0:00:02  \r         34.80M  62%   11.05MB/s    0:00:01  \r         50.72M  80%   12.09MB/s    0:00:01  \r         55.21M 100%   13.20MB/s    0:00:03 (xfr#1, to-chk=0/1)\n\r         24.51M  43%   11.67MB/s    0:00:02  \nsent 14.66M bytes  received 35 bytes  2.67M bytes/sec\ntotal size is 55.21M  speedup is 3.77\n22-11-2024_09:10:22:  Rsync for /xtts/backup/version1/ADRW9PD_xtts_scratch/033aolug_238595_1_1 completed successfully.\n0n3aolvt_238615_1_1\n0m3aolvt_238614_1_1\n\r         32.77K  44%    0.00kB/s    0:00:00  \r         73.73K 100%   39.06MB/s    0:00:00 (xfr#1, to-chk=0/1)\n\r         32.77K  44%    0.00kB/s    0:00:00  \r         73.73K 100%   39.06MB/s    0:00:00 (xfr#1, to-chk=0/1)\n\r         47.48M  73%   11.31MB/s    0:00:01  \nsent 876 bytes  received 35 bytes  607.33 bytes/sec\ntotal size is 73.73K  speedup is 80.93\n22-11-2024_09:10:22:  Rsync for /xtts/backup/version1/ADRW9PD_xtts_scratch/0m3aolvt_238614_1_1 completed successfully.\n\nsent 880 bytes  received 35 bytes  610.00 bytes/sec\ntotal size is 73.73K  speedup is 80.58\n22-11-2024_09:10:22:  Rsync for /xtts/backup/version1/ADRW9PD_xtts_scratch/0n3aolvt_238615_1_1 completed successfully.\n093aolug_238601_1_1\n\r         32.77K   0%    0.00kB/s    0:00:00  \r         45.91M  82%   10.94MB/s    0:00:00  0e3aolvt_238606_1_1\n\r         32.77K  44%    0.00kB/s    0:00:00  \r         73.73K 100%   39.06MB/s    0:00:00 (xfr#1, to-chk=0/1)\n013aolu7_238593_1_1\n\r         32.77K  57%    0.00kB/s    0:00:00  \r         57.34K 100%   23.44MB/s    0:00:00 (xfr#1, to-chk=0/1)\n\nsent 883 bytes  received 35 bytes  612.00 bytes/sec\ntotal size is 73.73K  speedup is 80.31\n22-11-2024_09:10:22:  Rsync for /xtts/backup/version1/ADRW9PD_xtts_scratch/0e3aolvt_238606_1_1 completed successfully.\n\nsent 745 bytes  received 35 bytes  520.00 bytes/sec\ntotal size is 57.34K  speedup is 73.52\n22-11-2024_09:10:22:  Rsync for /xtts/backup/version1/ADRW9PD_xtts_scratch/013aolu7_238593_1_1 completed successfully.\n\r         63.33M 100%   12.24MB/s    0:00:04 (xfr#1, to-chk=0/1)\n\r         36.18M  64%   11.49MB/s    0:00:01  \nsent 23.49M bytes  received 35 bytes  3.61M bytes/sec\ntotal size is 63.33M  speedup is 2.70\n22-11-2024_09:10:23:  Rsync for /xtts/backup/version1/ADRW9PD_xtts_scratch/023aolug_238594_1_1 completed successfully.\n22-11-2024_09:10:23:  Rsync for /xtts/backup/version1/ADRW9PD_xtts_scratch/0d3aolvl_238605_1_1 transfer started.\n22-11-2024_09:10:23:  Rsync for /xtts/backup/version1/ADRW9PD_xtts_scratch/073aolug_238599_1_1 transfer started.\n22-11-2024_09:10:23:  Rsync for /xtts/backup/version1/ADRW9PD_xtts_scratch/083aolug_238600_1_1 transfer started.\n22-11-2024_09:10:23:  Rsync for /xtts/backup/version1/ADRW9PD_xtts_scratch/0t3aom0r_238621_1_1 transfer started.\n22-11-2024_09:10:23:  Rsync for /xtts/backup/version1/ADRW9PD_xtts_scratch/0j3aolvt_238611_1_1 transfer started.\n22-11-2024_09:10:23:  Rsync for /xtts/backup/version1/ADRW9PD_xtts_scratch/0u3aom0r_238622_1_1 transfer started.\n\r         61.47M  95%   11.45MB/s    0:00:00  \r         55.80M 100%   10.75MB/s    0:00:04 (xfr#1, to-chk=0/1)\n\r         13.07M  25%   12.44MB/s    0:00:02  \r         64.68M 100%   11.94MB/s    0:00:05 (xfr#1, to-chk=0/1)\n\nsent 16.68M bytes  received 35 bytes  2.57M bytes/sec\ntotal size is 55.80M  speedup is 3.34\n22-11-2024_09:10:23:  Rsync for /xtts/backup/version1/ADRW9PD_xtts_scratch/043aolug_238596_1_1 completed successfully.\n\nsent 24.51M bytes  received 35 bytes  3.27M bytes/sec\ntotal size is 64.68M  speedup is 2.64\n22-11-2024_09:10:24:  Rsync for /xtts/backup/version1/ADRW9PD_xtts_scratch/053aolug_238597_1_1 completed successfully.\n\r         53.84M  96%   12.83MB/s    0:00:00  \r         55.87M 100%   12.93MB/s    0:00:04 (xfr#1, to-chk=0/1)\n22-11-2024_09:10:24:  Rsync for /xtts/backup/version1/ADRW9PD_xtts_scratch/0c3aolvc_238604_1_1 transfer started.\n22-11-2024_09:10:24:  Rsync for /xtts/backup/version1/ADRW9PD_xtts_scratch/0r3aom0r_238619_1_1 transfer started.\n\r         30.11M  59%   14.34MB/s    0:00:01  \nsent 19.71M bytes  received 35 bytes  3.58M bytes/sec\ntotal size is 55.87M  speedup is 2.83\n22-11-2024_09:10:24:  Rsync for /xtts/backup/version1/ADRW9PD_xtts_scratch/063aolug_238598_1_1 completed successfully.\n083aolug_238600_1_1\n\r         32.77K   0%    0.00kB/s    0:00:00  0u3aom0r_238622_1_1\n\r         32.77K  57%    0.00kB/s    0:00:00  \r         57.34K 100%   23.44MB/s    0:00:00 (xfr#1, to-chk=0/1)\n\nsent 742 bytes  received 35 bytes  310.80 bytes/sec\ntotal size is 57.34K  speedup is 73.80\n22-11-2024_09:10:25:  Rsync for /xtts/backup/version1/ADRW9PD_xtts_scratch/0u3aom0r_238622_1_1 completed successfully.\n0j3aolvt_238611_1_1\n\r         32.77K  44%    0.00kB/s    0:00:00  \r         73.73K 100%   39.06MB/s    0:00:00 (xfr#1, to-chk=0/1)\n0t3aom0r_238621_1_1\n\r         32.77K  57%    0.00kB/s    0:00:00  \r         57.34K 100%   23.44MB/s    0:00:00 (xfr#1, to-chk=0/1)\n\nsent 744 bytes  received 35 bytes  311.60 bytes/sec\ntotal size is 57.34K  speedup is 73.61\n22-11-2024_09:10:25:  Rsync for /xtts/backup/version1/ADRW9PD_xtts_scratch/0t3aom0r_238621_1_1 completed successfully.\n\nsent 868 bytes  received 35 bytes  361.20 bytes/sec\ntotal size is 73.73K  speedup is 81.65\n22-11-2024_09:10:25:  Rsync for /xtts/backup/version1/ADRW9PD_xtts_scratch/0j3aolvt_238611_1_1 completed successfully.\n0d3aolvl_238605_1_1\n\r         32.77K  23%    0.00kB/s    0:00:00  \r        139.26K 100%  101.56MB/s    0:00:00 (xfr#1, to-chk=0/1)\n073aolug_238599_1_1\n\r         32.77K   0%    0.00kB/s    0:00:00  \r         44.73M  88%   14.21MB/s    0:00:00  0r3aom0r_238619_1_1\n\r         32.77K  50%    0.00kB/s    0:00:00  \r         65.54K 100%   31.25MB/s    0:00:00 (xfr#1, to-chk=0/1)\n\nsent 2.17K bytes  received 35 bytes  880.00 bytes/sec\ntotal size is 139.26K  speedup is 63.30\n22-11-2024_09:10:25:  Rsync for /xtts/backup/version1/ADRW9PD_xtts_scratch/0d3aolvl_238605_1_1 completed successfully.\n\nsent 1.07K bytes  received 35 bytes  740.00 bytes/sec\ntotal size is 65.54K  speedup is 59.04\n22-11-2024_09:10:25:  Rsync for /xtts/backup/version1/ADRW9PD_xtts_scratch/0r3aom0r_238619_1_1 completed successfully.\n0c3aolvc_238604_1_1\n\r         32.77K   0%    0.00kB/s    0:00:00  \r         50.38M 100%   13.87MB/s    0:00:03 (xfr#1, to-chk=0/1)\n\r         13.60M  26%   12.92MB/s    0:00:02  \nsent 15.11M bytes  received 35 bytes  2.75M bytes/sec\ntotal size is 50.38M  speedup is 3.34\n22-11-2024_09:10:26:  Rsync for /xtts/backup/version1/ADRW9PD_xtts_scratch/093aolug_238601_1_1 completed successfully.\n\r          8.27M 100%   13.55MB/s    0:00:00 (xfr#1, to-chk=0/1)\n\nsent 1.78M bytes  received 35 bytes  712.27K bytes/sec\ntotal size is 8.27M  speedup is 4.65\n22-11-2024_09:10:26:  Rsync for /xtts/backup/version1/ADRW9PD_xtts_scratch/0c3aolvc_238604_1_1 completed successfully.\n\r         13.50M  19%   12.84MB/s    0:00:04  \r         30.24M  58%   14.40MB/s    0:00:01  \r         30.77M  43%   14.66MB/s    0:00:02  \r         44.27M  85%   14.05MB/s    0:00:00  \r         45.81M  64%   14.55MB/s    0:00:01  \r         51.95M 100%   14.17MB/s    0:00:03 (xfr#1, to-chk=0/1)\n\nsent 14.92M bytes  received 35 bytes  2.71M bytes/sec\ntotal size is 51.95M  speedup is 3.48\n22-11-2024_09:10:28:  Rsync for /xtts/backup/version1/ADRW9PD_xtts_scratch/083aolug_238600_1_1 completed successfully.\n\r         66.52M  93%   15.85MB/s    0:00:00  \r         70.80M 100%   15.86MB/s    0:00:04 (xfr#1, to-chk=0/1)\n\nsent 24.23M bytes  received 35 bytes  3.23M bytes/sec\ntotal size is 70.80M  speedup is 2.92\n22-11-2024_09:10:30:  Rsync for /xtts/backup/version1/ADRW9PD_xtts_scratch/073aolug_238599_1_1 completed successfully.\nEnd time: 22-11-2024_09:10:17\nEnd time in seconds: 1732266630\nTotal transfer time: 13 seconds\n"
}

TASK [backup_transfer : Get current timestamp _raw_params=date +%Y%m%d%H%M%S] ***
Friday 22 November 2024  09:11:07 +0000 (0:00:00.028)       0:01:20.263 ******* 
[WARNING]: Using world-readable permissions for temporary files Ansible needs
to create when becoming an unprivileged user. This may be insecure. For
information on securing this, see
https://docs.ansible.com/ansible/become.html#becoming-an-unprivileged-user
changed: [10.190.17.156]

TASK [rename rsync_parallel_backup_transfer_v4.log with the current timestamp _raw_params=mv "{{ source_xtts_scripts_dir }}/rsync_parallel_backup_transfer_v4.log" "{{ source_xtts_scripts_dir }}/rsync_parallel_backup_transfer_v4_{{timestamp.stdout}}.log"] ***
Friday 22 November 2024  09:11:12 +0000 (0:00:05.151)       0:01:25.415 ******* 
[WARNING]: Using world-readable permissions for temporary files Ansible needs
to create when becoming an unprivileged user. This may be insecure. For
information on securing this, see
https://docs.ansible.com/ansible/become.html#becoming-an-unprivileged-user
changed: [10.190.17.156]

TASK [backup_transfer : Additionally transfer the incrbackups.txt to the /home/oracle/version1/BRPD_xtts directory for the validation. _raw_params=rsync -vzh {{source_xtts_scripts_dir}}/incrbackups.txt {{dest_user}}@{{target_ip_address}}:{{target_xtts_scripts_dir}}] ***
Friday 22 November 2024  09:11:17 +0000 (0:00:05.005)       0:01:30.420 ******* 
[WARNING]: Using world-readable permissions for temporary files Ansible needs
to create when becoming an unprivileged user. This may be insecure. For
information on securing this, see
https://docs.ansible.com/ansible/become.html#becoming-an-unprivileged-user
changed: [10.190.17.156]

TASK [backup_transfer : fail msg=errors while transferring the incrbackups.txt file] ***
Friday 22 November 2024  09:11:23 +0000 (0:00:05.396)       0:01:35.817 ******* 
skipping: [10.190.17.156]

TASK [backup_transfer : display incrbackups_transfer_out msg={{ incrbackups_transfer_out.stdout_lines }}] ***
Friday 22 November 2024  09:11:23 +0000 (0:00:00.029)       0:01:35.846 ******* 
ok: [10.190.17.156] => {
    "msg": [
        "incrbackups.txt",
        "",
        "sent 334 bytes  received 53 bytes  774.00 bytes/sec",
        "total size is 1.95K  speedup is 5.05"
    ]
}

TASK [backup_transfer : finally copy the res.txt file to the /home/oracle/version1/BRPD_xtts _raw_params=rsync -vzh --partial --progress --append {{source_xtts_scripts_dir}}/res.txt {{dest_user}}@{{target_ip_address}}:{{target_xtts_scripts_dir}}] ***
Friday 22 November 2024  09:11:23 +0000 (0:00:00.032)       0:01:35.879 ******* 
[WARNING]: Using world-readable permissions for temporary files Ansible needs
to create when becoming an unprivileged user. This may be insecure. For
information on securing this, see
https://docs.ansible.com/ansible/become.html#becoming-an-unprivileged-user
changed: [10.190.17.156]

TASK [backup_transfer : fail msg=errors while transferring the res.txt file] ***
Friday 22 November 2024  09:11:28 +0000 (0:00:05.331)       0:01:41.210 ******* 
skipping: [10.190.17.156]

TASK [backup_transfer : display res file transfer status msg={{ res_transfer_out.stdout_lines }}] ***
Friday 22 November 2024  09:11:28 +0000 (0:00:00.026)       0:01:41.236 ******* 
ok: [10.190.17.156] => {
    "msg": [
        "res.txt",
        "",
        "         28.71K 100%    0.00kB/s    0:00:00  ",
        "         28.71K 100%    0.00kB/s    0:00:00 (xfr#1, to-chk=0/1)",
        "",
        "sent 1.05K bytes  received 35 bytes  722.00 bytes/sec",
        "total size is 28.71K  speedup is 26.51"
    ]
}

PLAY [do level 1 restore on foaukl1pddb-4kxck1.otchukl1pdexcl.otchukl1pdvcn01.oraclevcn.com] ***

PLAY RECAP *********************************************************************
10.190.17.156              : ok=14   changed=7    unreachable=0    failed=0    skipped=4    rescued=0    ignored=1   

Friday 22 November 2024  09:11:28 +0000 (0:00:00.023)       0:01:41.260 ******* 
=============================================================================== 
backup_transfer : Wait for rsync_backup task to complete --------------- 40.97s
Gathering Facts -------------------------------------------------------- 23.67s
backup_transfer : Execute the rsync_backup transfer script -------------- 6.00s
backup_transfer : Additionally transfer the incrbackups.txt to the /home/oracle/version1/BRPD_xtts directory for the validation. --- 5.40s
backup_transfer : finally copy the res.txt file to the /home/oracle/version1/BRPD_xtts --- 5.33s
backup_transfer : Get current timestamp --------------------------------- 5.15s
rename rsync_parallel_backup_transfer_v4.log with the current timestamp --- 5.01s
read the rsync_parallel_backup_transfer_v4.log -------------------------- 4.75s
check rsync_parallel_backup_transfer_v4.log ----------------------------- 4.67s
backup_transfer : display incrbackups_transfer_out ---------------------- 0.03s
backup_transfer : display the rsync status ------------------------------ 0.03s
backup_transfer : fail -------------------------------------------------- 0.03s
backup_transfer : Display the log file content -------------------------- 0.03s
backup_transfer : fail -------------------------------------------------- 0.03s
backup_transfer : Decode the log file content --------------------------- 0.03s
backup_transfer : display the rsync errors ------------------------------ 0.03s
backup_transfer : fail -------------------------------------------------- 0.03s
backup_transfer : display res file transfer status ---------------------- 0.02s
