nohup: ignoring input

PLAY [do level 1 backup on hrmaxpd2035.emea.hays.loc] **************************

PLAY [transfer the level_1 backups to the /mnt/foaexaukl1pdfss01/xtts_backup/version1/BRPD_xtts_scratch] ***

TASK [Gathering Facts gather_subset=['all'], gather_timeout=10] ****************
Wednesday 20 November 2024  09:16:31 +0000 (0:00:00.066)       0:00:00.066 **** 
[WARNING]: Using world-readable permissions for temporary files Ansible needs
to create when becoming an unprivileged user. This may be insecure. For
information on securing this, see
https://docs.ansible.com/ansible/become.html#becoming-an-unprivileged-user
[WARNING]: Platform aix on host 10.190.17.156 is using the discovered Python
interpreter at /usr/bin/python, but future installation of another Python
interpreter could change this. See https://docs.ansible.com/ansible/2.9/referen
ce_appendices/interpreter_discovery.html for more information.
ok: [10.190.17.156]

TASK [backup_transfer : Execute the rsync_backup transfer script _raw_params={{ source_xtts_scripts_dir }}/rsync_parallel_backup_transfer_v4.sh > {{ source_xtts_scripts_dir  }}/rsync_parallel_backup_transfer_v4.log] ***
Wednesday 20 November 2024  09:16:51 +0000 (0:00:19.635)       0:00:19.702 **** 
[WARNING]: Using world-readable permissions for temporary files Ansible needs
to create when becoming an unprivileged user. This may be insecure. For
information on securing this, see
https://docs.ansible.com/ansible/become.html#becoming-an-unprivileged-user
changed: [10.190.17.156]

TASK [backup_transfer : Wait for rsync_backup task to complete jid={{ rsync_task.ansible_job_id }}] ***
Wednesday 20 November 2024  09:16:56 +0000 (0:00:05.577)       0:00:25.279 **** 
[WARNING]: Using world-readable permissions for temporary files Ansible needs
to create when becoming an unprivileged user. This may be insecure. For
information on securing this, see
https://docs.ansible.com/ansible/become.html#becoming-an-unprivileged-user
FAILED - RETRYING: Wait for rsync_backup task to complete (20160 retries left).
changed: [10.190.17.156]

TASK [backup_transfer : display the rsync status var=rsync_task] ***************
Wednesday 20 November 2024  09:17:37 +0000 (0:00:40.299)       0:01:05.579 **** 
ok: [10.190.17.156] => {
    "rsync_task": {
        "ansible_job_id": "600643262977.14353024",
        "changed": true,
        "failed": false,
        "finished": 0,
        "results_file": "/home/oracle/.ansible_async/600643262977.14353024",
        "started": 1
    }
}

TASK [check rsync_parallel_backup_transfer_v4.log _raw_params=grep "encountered an error" {{ source_xtts_scripts_dir }}/rsync_parallel_backup_transfer_v4.log] ***
Wednesday 20 November 2024  09:17:37 +0000 (0:00:00.029)       0:01:05.608 **** 
[WARNING]: Using world-readable permissions for temporary files Ansible needs
to create when becoming an unprivileged user. This may be insecure. For
information on securing this, see
https://docs.ansible.com/ansible/become.html#becoming-an-unprivileged-user
fatal: [10.190.17.156]: FAILED! => {"changed": true, "cmd": "grep \"encountered an error\" /home/oracle/version1/ADRW9PD_xtts/rsync_parallel_backup_transfer_v4.log", "delta": "0:00:00.045595", "end": "2024-11-20 09:17:41.314586", "msg": "non-zero return code", "rc": 1, "start": "2024-11-20 09:17:41.268991", "stderr": "", "stderr_lines": [], "stdout": "", "stdout_lines": []}
...ignoring

TASK [backup_transfer : display the rsync errors msg={{rsync_error_out.stdout_lines}}] ***
Wednesday 20 November 2024  09:17:41 +0000 (0:00:04.565)       0:01:10.173 **** 
skipping: [10.190.17.156]

TASK [backup_transfer : fail msg=errors while transferring the backups] ********
Wednesday 20 November 2024  09:17:41 +0000 (0:00:00.027)       0:01:10.201 **** 
skipping: [10.190.17.156]

TASK [read the rsync_parallel_backup_transfer_v4.log src={{ source_xtts_scripts_dir }}/rsync_parallel_backup_transfer_v4.log] ***
Wednesday 20 November 2024  09:17:41 +0000 (0:00:00.026)       0:01:10.228 **** 
[WARNING]: Using world-readable permissions for temporary files Ansible needs
to create when becoming an unprivileged user. This may be insecure. For
information on securing this, see
https://docs.ansible.com/ansible/become.html#becoming-an-unprivileged-user
ok: [10.190.17.156]

TASK [backup_transfer : Decode the log file content log_content_decoded={{ log_content.content | b64decode }}] ***
Wednesday 20 November 2024  09:17:46 +0000 (0:00:04.938)       0:01:15.167 **** 
ok: [10.190.17.156]

TASK [backup_transfer : Display the log file content msg={{ log_content_decoded }}] ***
Wednesday 20 November 2024  09:17:46 +0000 (0:00:00.029)       0:01:15.196 **** 
ok: [10.190.17.156] => {
    "msg": "Start time: 20-11-2024_09:16:57\nStart time in seconds: 1732094217\n20-11-2024_09:16:57:  Rsync for /xtts/backup/version1/ADRW9PD_xtts_scratch/v03ajdea_238560_1_1 transfer started.\n20-11-2024_09:16:57:  Rsync for /xtts/backup/version1/ADRW9PD_xtts_scratch/uc3ajdcc_238540_1_1 transfer started.\n20-11-2024_09:16:57:  Rsync for /xtts/backup/version1/ADRW9PD_xtts_scratch/uv3ajdea_238559_1_1 transfer started.\n20-11-2024_09:16:57:  Rsync for /xtts/backup/version1/ADRW9PD_xtts_scratch/ua3ajdbl_238538_1_1 transfer started.\n20-11-2024_09:16:57:  Rsync for /xtts/backup/version1/ADRW9PD_xtts_scratch/um3ajdd8_238550_1_1 transfer started.\n20-11-2024_09:16:57:  Rsync for /xtts/backup/version1/ADRW9PD_xtts_scratch/uf3ajdct_238543_1_1 transfer started.\n20-11-2024_09:16:57:  Rsync for /xtts/backup/version1/ADRW9PD_xtts_scratch/uj3ajdd8_238547_1_1 transfer started.\n20-11-2024_09:16:57:  Rsync for /xtts/backup/version1/ADRW9PD_xtts_scratch/ue3ajdcj_238542_1_1 transfer started.\n20-11-2024_09:16:57:  Rsync for /xtts/backup/version1/ADRW9PD_xtts_scratch/ud3ajdcj_238541_1_1 transfer started.\n20-11-2024_09:16:57:  Rsync for /xtts/backup/version1/ADRW9PD_xtts_scratch/ul3ajdd8_238549_1_1 transfer started.\nuf3ajdct_238543_1_1\nuc3ajdcc_238540_1_1\n\r         32.77K  26%    0.00kB/s    0:00:00  \r         32.77K  57%    0.00kB/s    0:00:00  ua3ajdbl_238538_1_1\n\r         57.34K 100%   23.44MB/s    0:00:00 (xfr#1, to-chk=0/1)\n\r        122.88K 100%   85.94MB/s    0:00:00 (xfr#1, to-chk=0/1)\n\r         32.77K   0%    0.00kB/s    0:00:00  um3ajdd8_238550_1_1\nuv3ajdea_238559_1_1\n\r         32.77K  44%    0.00kB/s    0:00:00  \r         32.77K  25%    0.00kB/s    0:00:00  \r         73.73K 100%   39.06MB/s    0:00:00 (xfr#1, to-chk=0/1)\n\r        131.07K 100%   31.25MB/s    0:00:00 (xfr#1, to-chk=0/1)\nv03ajdea_238560_1_1\n\r         32.77K   9%    0.00kB/s    0:00:00  \r        344.06K 100%   32.99MB/s    0:00:00 (xfr#1, to-chk=0/1)\n\nsent 14.25K bytes  received 35 bytes  28.58K bytes/sec\ntotal size is 131.07K  speedup is 9.17\n20-11-2024_09:16:57:  Rsync for /xtts/backup/version1/ADRW9PD_xtts_scratch/uv3ajdea_238559_1_1 completed successfully.\n\nsent 1.88K bytes  received 35 bytes  3.83K bytes/sec\ntotal size is 122.88K  speedup is 64.17\n20-11-2024_09:16:57:  Rsync for /xtts/backup/version1/ADRW9PD_xtts_scratch/uf3ajdct_238543_1_1 completed successfully.\n\nsent 739 bytes  received 35 bytes  1.55K bytes/sec\ntotal size is 57.34K  speedup is 74.09\n20-11-2024_09:16:57:  Rsync for /xtts/backup/version1/ADRW9PD_xtts_scratch/uc3ajdcc_238540_1_1 completed successfully.\n\nsent 888 bytes  received 35 bytes  1.85K bytes/sec\ntotal size is 73.73K  speedup is 79.88\n20-11-2024_09:16:57:  Rsync for /xtts/backup/version1/ADRW9PD_xtts_scratch/um3ajdd8_238550_1_1 completed successfully.\n\nsent 49.99K bytes  received 35 bytes  100.05K bytes/sec\ntotal size is 344.06K  speedup is 6.88\n20-11-2024_09:16:57:  Rsync for /xtts/backup/version1/ADRW9PD_xtts_scratch/v03ajdea_238560_1_1 completed successfully.\nuj3ajdd8_238547_1_1\n\r         32.77K  44%    0.00kB/s    0:00:00  \r         73.73K 100%   39.06MB/s    0:00:00 (xfr#1, to-chk=0/1)\nue3ajdcj_238542_1_1\n\r         32.77K   0%    0.00kB/s    0:00:00  ul3ajdd8_238549_1_1\n\r         32.77K  44%    0.00kB/s    0:00:00  ud3ajdcj_238541_1_1\n\r         73.73K 100%   39.06MB/s    0:00:00 (xfr#1, to-chk=0/1)\n\r         32.77K   0%    0.00kB/s    0:00:00  \nsent 886 bytes  received 35 bytes  1.84K bytes/sec\ntotal size is 73.73K  speedup is 80.05\n20-11-2024_09:16:57:  Rsync for /xtts/backup/version1/ADRW9PD_xtts_scratch/uj3ajdd8_238547_1_1 completed successfully.\n\nsent 866 bytes  received 35 bytes  1.80K bytes/sec\ntotal size is 73.73K  speedup is 81.83\n20-11-2024_09:16:57:  Rsync for /xtts/backup/version1/ADRW9PD_xtts_scratch/ul3ajdd8_238549_1_1 completed successfully.\n\r          7.88M 100%   19.64MB/s    0:00:00 (xfr#1, to-chk=0/1)\n20-11-2024_09:16:58:  Rsync for /xtts/backup/version1/ADRW9PD_xtts_scratch/ub3ajdbl_238539_1_1 transfer started.\n20-11-2024_09:16:58:  Rsync for /xtts/backup/version1/ADRW9PD_xtts_scratch/us3ajde2_238556_1_1 transfer started.\n20-11-2024_09:16:58:  Rsync for /xtts/backup/version1/ADRW9PD_xtts_scratch/ui3ajdd8_238546_1_1 transfer started.\n20-11-2024_09:16:58:  Rsync for /xtts/backup/version1/ADRW9PD_xtts_scratch/ut3ajdea_238557_1_1 transfer started.\n20-11-2024_09:16:58:  Rsync for /xtts/backup/version1/ADRW9PD_xtts_scratch/u43ajdbl_238532_1_1 transfer started.\n20-11-2024_09:16:58:  Rsync for /xtts/backup/version1/ADRW9PD_xtts_scratch/uo3ajdd8_238552_1_1 transfer started.\n20-11-2024_09:16:58:  Rsync for /xtts/backup/version1/ADRW9PD_xtts_scratch/u73ajdbl_238535_1_1 transfer started.\n\nsent 1.70M bytes  received 35 bytes  1.13M bytes/sec\ntotal size is 7.88M  speedup is 4.64\n20-11-2024_09:16:58:  Rsync for /xtts/backup/version1/ADRW9PD_xtts_scratch/ue3ajdcj_238542_1_1 completed successfully.\n\r         17.04M  32%   16.22MB/s    0:00:02  uo3ajdd8_238552_1_1\n\r         32.77K  44%    0.00kB/s    0:00:00  \r         73.73K 100%   39.06MB/s    0:00:00 (xfr#1, to-chk=0/1)\nu43ajdbl_238532_1_1\nus3ajde2_238556_1_1\n\r         32.77K  57%    0.00kB/s    0:00:00  \r         32.77K   0%    0.00kB/s    0:00:00  ut3ajdea_238557_1_1\n\r         57.34K 100%   23.44MB/s    0:00:00 (xfr#1, to-chk=0/1)\nu73ajdbl_238535_1_1\n\r         32.77K  16%    0.00kB/s    0:00:00  ub3ajdbl_238539_1_1\n\r         32.77K   0%    0.00kB/s    0:00:00  \r         32.77K   0%    0.00kB/s    0:00:00  \r        196.61K 100%   19.53MB/s    0:00:00 (xfr#1, to-chk=0/1)\nui3ajdd8_238546_1_1\n\r         32.77K  44%    0.00kB/s    0:00:00  \r         73.73K 100%   39.06MB/s    0:00:00 (xfr#1, to-chk=0/1)\n\nsent 876 bytes  received 35 bytes  1.82K bytes/sec\ntotal size is 73.73K  speedup is 80.93\n20-11-2024_09:16:58:  Rsync for /xtts/backup/version1/ADRW9PD_xtts_scratch/ui3ajdd8_238546_1_1 completed successfully.\n\r         32.11M  97%   30.59MB/s    0:00:00  \nsent 876 bytes  received 35 bytes  1.82K bytes/sec\ntotal size is 57.34K  speedup is 73.90\ntotal size is 73.73K  speedup is 80.93\n20-11-2024_09:16:58:  Rsync for /xtts/backup/version1/ADRW9PD_xtts_scratch/uo3ajdd8_238552_1_1 completed successfully.\n20-11-2024_09:16:58:  Rsync for /xtts/backup/version1/ADRW9PD_xtts_scratch/us3ajde2_238556_1_1 completed successfully.\n\nsent 29.77K bytes  received 35 bytes  59.60K bytes/sec\ntotal size is 196.61K  speedup is 6.60\n20-11-2024_09:16:58:  Rsync for /xtts/backup/version1/ADRW9PD_xtts_scratch/ut3ajdea_238557_1_1 completed successfully.\n\r         33.05M 100%   29.77MB/s    0:00:01 (xfr#1, to-chk=0/1)\n\nsent 3.65M bytes  received 35 bytes  1.46M bytes/sec\ntotal size is 33.05M  speedup is 9.05\n20-11-2024_09:16:59:  Rsync for /xtts/backup/version1/ADRW9PD_xtts_scratch/ud3ajdcj_238541_1_1 completed successfully.\n20-11-2024_09:16:59:  Rsync for /xtts/backup/version1/ADRW9PD_xtts_scratch/u93ajdbl_238537_1_1 transfer started.\n20-11-2024_09:16:59:  Rsync for /xtts/backup/version1/ADRW9PD_xtts_scratch/ug3ajdd8_238544_1_1 transfer started.\n20-11-2024_09:16:59:  Rsync for /xtts/backup/version1/ADRW9PD_xtts_scratch/uu3ajdea_238558_1_1 transfer started.\n20-11-2024_09:16:59:  Rsync for /xtts/backup/version1/ADRW9PD_xtts_scratch/u63ajdbl_238534_1_1 transfer started.\n20-11-2024_09:16:59:  Rsync for /xtts/backup/version1/ADRW9PD_xtts_scratch/u83ajdbl_238536_1_1 transfer started.\n20-11-2024_09:16:59:  Rsync for /xtts/backup/version1/ADRW9PD_xtts_scratch/v13ajdea_238561_1_1 transfer started.\nu93ajdbl_238537_1_1\n\r         32.77K   0%    0.00kB/s    0:00:00  \r         34.11M  64%   16.25MB/s    0:00:01  uu3ajdea_238558_1_1\nug3ajdd8_238544_1_1\n\r         32.77K  22%    0.00kB/s    0:00:00  \r         32.77K  44%    0.00kB/s    0:00:00  \r         73.73K 100%   39.06MB/s    0:00:00 (xfr#1, to-chk=0/1)\n\r        147.46K 100%   36.46MB/s    0:00:00 (xfr#1, to-chk=0/1)\nu83ajdbl_238536_1_1\n\r         32.77K   0%    0.00kB/s    0:00:00  v13ajdea_238561_1_1\n\r         32.77K  21%    0.00kB/s    0:00:00  u63ajdbl_238534_1_1\n\r         32.77K   0%    0.00kB/s    0:00:00  \r         15.60M  23%   14.84MB/s    0:00:03  \r        155.65K 100%   14.65MB/s    0:00:00 (xfr#1, to-chk=0/1)\n\r         15.27M  25%   14.53MB/s    0:00:02  \r         15.14M  25%   14.41MB/s    0:00:03  \nsent 884 bytes  received 35 bytes  1.84K bytes/sec\ntotal size is 73.73K  speedup is 80.23\n20-11-2024_09:16:59:  Rsync for /xtts/backup/version1/ADRW9PD_xtts_scratch/ug3ajdd8_238544_1_1 completed successfully.\n\nsent 14.05K bytes  received 35 bytes  28.16K bytes/sec\ntotal size is 147.46K  speedup is 10.47\n20-11-2024_09:16:59:  Rsync for /xtts/backup/version1/ADRW9PD_xtts_scratch/uu3ajdea_238558_1_1 completed successfully.\n\nsent 23.76K bytes  received 35 bytes  47.60K bytes/sec\ntotal size is 155.65K  speedup is 6.54\n20-11-2024_09:16:59:  Rsync for /xtts/backup/version1/ADRW9PD_xtts_scratch/v13ajdea_238561_1_1 completed successfully.\n20-11-2024_09:17:00:  Rsync for /xtts/backup/version1/ADRW9PD_xtts_scratch/u53ajdbl_238533_1_1 transfer started.\n20-11-2024_09:17:00:  Rsync for /xtts/backup/version1/ADRW9PD_xtts_scratch/un3ajdd8_238551_1_1 transfer started.\n20-11-2024_09:17:00:  Rsync for /xtts/backup/version1/ADRW9PD_xtts_scratch/up3ajdd8_238553_1_1 transfer started.\n\r         12.09M  18%   11.50MB/s    0:00:04  \r         47.28M  88%   15.02MB/s    0:00:00  \r         11.44M  21%   10.88MB/s    0:00:03  \r         14.19M  20%   13.50MB/s    0:00:03  \r         32.31M  48%   15.39MB/s    0:00:02  \r         26.31M  44%   12.54MB/s    0:00:02  \r         25.76M  43%   12.27MB/s    0:00:02  u53ajdbl_238533_1_1\n\r         32.77K   0%    0.00kB/s    0:00:00  un3ajdd8_238551_1_1\n\r         32.77K  44%    0.00kB/s    0:00:00  \r         73.73K 100%   39.06MB/s    0:00:00 (xfr#1, to-chk=0/1)\nup3ajdd8_238553_1_1\n\r         32.77K  44%    0.00kB/s    0:00:00  \r         73.73K 100%   39.06MB/s    0:00:00 (xfr#1, to-chk=0/1)\n\nsent 886 bytes  received 35 bytes  1.84K bytes/sec\ntotal size is 73.73K  speedup is 80.05\n\nsent 879 bytes  received 35 bytes  1.83K bytes/sec\ntotal size is 73.73K  speedup is 80.67\n20-11-2024_09:17:00:  Rsync for /xtts/backup/version1/ADRW9PD_xtts_scratch/un3ajdd8_238551_1_1 completed successfully.\n20-11-2024_09:17:00:  Rsync for /xtts/backup/version1/ADRW9PD_xtts_scratch/up3ajdd8_238553_1_1 completed successfully.\n20-11-2024_09:17:01:  Rsync for /xtts/backup/version1/ADRW9PD_xtts_scratch/uq3ajddh_238554_1_1 transfer started.\n20-11-2024_09:17:01:  Rsync for /xtts/backup/version1/ADRW9PD_xtts_scratch/ur3ajddq_238555_1_1 transfer started.\n\r         53.17M 100%   13.63MB/s    0:00:03 (xfr#1, to-chk=0/1)\n\nsent 19.65M bytes  received 35 bytes  4.37M bytes/sec\ntotal size is 53.17M  speedup is 2.71\n20-11-2024_09:17:01:  Rsync for /xtts/backup/version1/ADRW9PD_xtts_scratch/ua3ajdbl_238538_1_1 completed successfully.\n\r         22.64M  34%   10.78MB/s    0:00:03  \r         18.94M  36%    9.02MB/s    0:00:03  \r         21.69M  31%   10.33MB/s    0:00:04  \r         33.62M  56%   10.68MB/s    0:00:02  \r         34.96M  58%   11.10MB/s    0:00:02  \r         40.86M  61%   12.97MB/s    0:00:01  ur3ajddq_238555_1_1\n\r         32.77K   3%    0.00kB/s    0:00:00  \r          8.68M  17%    8.21MB/s    0:00:04  \r        958.46K 100%   22.07MB/s    0:00:00 (xfr#1, to-chk=0/1)\nuq3ajddh_238554_1_1\n\r         32.77K   0%    0.00kB/s    0:00:00  \nsent 54.07K bytes  received 35 bytes  108.21K bytes/sec\ntotal size is 958.46K  speedup is 17.71\n20-11-2024_09:17:01:  Rsync for /xtts/backup/version1/ADRW9PD_xtts_scratch/ur3ajddq_238555_1_1 completed successfully.\n20-11-2024_09:17:02:  Rsync for /xtts/backup/version1/ADRW9PD_xtts_scratch/uh3ajdd8_238545_1_1 transfer started.\n20-11-2024_09:17:02:  Rsync for /xtts/backup/version1/ADRW9PD_xtts_scratch/u33ajdba_238531_1_1 transfer started.\n\r         38.70M  58%   12.29MB/s    0:00:02  \r          9.31M 100%   11.22MB/s    0:00:00 (xfr#1, to-chk=0/1)\n\r         31.33M  60%    9.95MB/s    0:00:02  \r         34.67M  50%   11.01MB/s    0:00:02  \r         48.59M  82%   11.58MB/s    0:00:00  \r         54.39M  82%   12.95MB/s    0:00:00  \r         47.15M  79%   11.23MB/s    0:00:01  \r         21.14M  42%   10.04MB/s    0:00:02  uh3ajdd8_238545_1_1\n\nsent 2.78M bytes  received 35 bytes  1.85M bytes/sec\ntotal size is 9.31M  speedup is 3.35\n\r         32.77K  44%    0.00kB/s    0:00:00  \r         73.73K 100%   39.06MB/s    0:00:00 (xfr#1, to-chk=0/1)\n20-11-2024_09:17:02:  Rsync for /xtts/backup/version1/ADRW9PD_xtts_scratch/uq3ajddh_238554_1_1 completed successfully.\nu33ajdba_238531_1_1\n\r         32.77K  57%    0.00kB/s    0:00:00  \r         57.34K 100%   23.44MB/s    0:00:00 (xfr#1, to-chk=0/1)\n\nsent 749 bytes  received 35 bytes  1.57K bytes/sec\ntotal size is 57.34K  speedup is 73.14\n20-11-2024_09:17:02:  Rsync for /xtts/backup/version1/ADRW9PD_xtts_scratch/u33ajdba_238531_1_1 completed successfully.\n\nsent 873 bytes  received 35 bytes  1.82K bytes/sec\ntotal size is 73.73K  speedup is 81.20\n20-11-2024_09:17:02:  Rsync for /xtts/backup/version1/ADRW9PD_xtts_scratch/uh3ajdd8_238545_1_1 completed successfully.\n20-11-2024_09:17:03:  Rsync for /xtts/backup/version1/ADRW9PD_xtts_scratch/uk3ajdd8_238548_1_1 transfer started.\n\r         52.63M  79%   12.53MB/s    0:00:01  \r         66.05M 100%   13.06MB/s    0:00:04 (xfr#1, to-chk=0/1)\n\r         59.02M 100%   11.62MB/s    0:00:04 (xfr#1, to-chk=0/1)\n\r         59.46M 100%   11.68MB/s    0:00:04 (xfr#1, to-chk=0/1)\n\r         46.01M  88%   10.96MB/s    0:00:00  \r         49.64M  72%   11.83MB/s    0:00:01  \r         35.19M  71%   11.16MB/s    0:00:01  uk3ajdd8_238548_1_1\n\r         32.77K  44%    0.00kB/s    0:00:00  \r         73.73K 100%   39.06MB/s    0:00:00 (xfr#1, to-chk=0/1)\n\nsent 20.60M bytes  received 35 bytes  3.17M bytes/sec\ntotal size is 59.46M  speedup is 2.89\n20-11-2024_09:17:04:  Rsync for /xtts/backup/version1/ADRW9PD_xtts_scratch/u73ajdbl_238535_1_1 completed successfully.\n\nsent 876 bytes  received 35 bytes  607.33 bytes/sec\ntotal size is 73.73K  speedup is 80.93\n20-11-2024_09:17:04:  Rsync for /xtts/backup/version1/ADRW9PD_xtts_scratch/uk3ajdd8_238548_1_1 completed successfully.\n\r         52.10M 100%   11.43MB/s    0:00:04 (xfr#1, to-chk=0/1)\n\nsent 17.67M bytes  received 35 bytes  2.72M bytes/sec\ntotal size is 59.02M  speedup is 3.34\n20-11-2024_09:17:04:  Rsync for /xtts/backup/version1/ADRW9PD_xtts_scratch/ub3ajdbl_238539_1_1 completed successfully.\n\nsent 18.03M bytes  received 35 bytes  2.77M bytes/sec\ntotal size is 66.05M  speedup is 3.66\n20-11-2024_09:17:04:  Rsync for /xtts/backup/version1/ADRW9PD_xtts_scratch/u43ajdbl_238532_1_1 completed successfully.\n\nsent 16.65M bytes  received 35 bytes  3.03M bytes/sec\ntotal size is 52.10M  speedup is 3.13\n20-11-2024_09:17:04:  Rsync for /xtts/backup/version1/ADRW9PD_xtts_scratch/u83ajdbl_238536_1_1 completed successfully.\n\r         66.56M 100%   12.92MB/s    0:00:04 (xfr#1, to-chk=0/1)\n\r         49.56M 100%   11.99MB/s    0:00:03 (xfr#1, to-chk=0/1)\n\r         63.50M  93%   11.75MB/s    0:00:00  \nsent 20.36M bytes  received 35 bytes  3.70M bytes/sec\ntotal size is 66.56M  speedup is 3.27\n20-11-2024_09:17:04:  Rsync for /xtts/backup/version1/ADRW9PD_xtts_scratch/u93ajdbl_238537_1_1 completed successfully.\n\nsent 16.12M bytes  received 35 bytes  3.58M bytes/sec\ntotal size is 49.56M  speedup is 3.07\n20-11-2024_09:17:04:  Rsync for /xtts/backup/version1/ADRW9PD_xtts_scratch/u53ajdbl_238533_1_1 completed successfully.\n\r         68.22M 100%   11.89MB/s    0:00:05 (xfr#1, to-chk=0/1)\n\nsent 21.27M bytes  received 35 bytes  3.27M bytes/sec\ntotal size is 68.22M  speedup is 3.21\n20-11-2024_09:17:05:  Rsync for /xtts/backup/version1/ADRW9PD_xtts_scratch/u63ajdbl_238534_1_1 completed successfully.\nEnd time: 20-11-2024_09:16:57\nEnd time in seconds: 1732094225\nTotal transfer time: 8 seconds\n"
}

TASK [backup_transfer : Get current timestamp _raw_params=date +%Y%m%d%H%M%S] ***
Wednesday 20 November 2024  09:17:46 +0000 (0:00:00.028)       0:01:15.224 **** 
[WARNING]: Using world-readable permissions for temporary files Ansible needs
to create when becoming an unprivileged user. This may be insecure. For
information on securing this, see
https://docs.ansible.com/ansible/become.html#becoming-an-unprivileged-user
changed: [10.190.17.156]

TASK [rename rsync_parallel_backup_transfer_v4.log with the current timestamp _raw_params=mv "{{ source_xtts_scripts_dir }}/rsync_parallel_backup_transfer_v4.log" "{{ source_xtts_scripts_dir }}/rsync_parallel_backup_transfer_v4_{{timestamp.stdout}}.log"] ***
Wednesday 20 November 2024  09:17:51 +0000 (0:00:05.145)       0:01:20.369 **** 
[WARNING]: Using world-readable permissions for temporary files Ansible needs
to create when becoming an unprivileged user. This may be insecure. For
information on securing this, see
https://docs.ansible.com/ansible/become.html#becoming-an-unprivileged-user
changed: [10.190.17.156]

TASK [backup_transfer : Additionally transfer the incrbackups.txt to the /home/oracle/version1/BRPD_xtts directory for the validation. _raw_params=rsync -vzh {{source_xtts_scripts_dir}}/incrbackups.txt {{dest_user}}@{{target_ip_address}}:{{target_xtts_scripts_dir}}] ***
Wednesday 20 November 2024  09:17:57 +0000 (0:00:05.016)       0:01:25.386 **** 
[WARNING]: Using world-readable permissions for temporary files Ansible needs
to create when becoming an unprivileged user. This may be insecure. For
information on securing this, see
https://docs.ansible.com/ansible/become.html#becoming-an-unprivileged-user
changed: [10.190.17.156]

TASK [backup_transfer : fail msg=errors while transferring the incrbackups.txt file] ***
Wednesday 20 November 2024  09:18:02 +0000 (0:00:05.593)       0:01:30.979 **** 
skipping: [10.190.17.156]

TASK [backup_transfer : display incrbackups_transfer_out msg={{ incrbackups_transfer_out.stdout_lines }}] ***
Wednesday 20 November 2024  09:18:02 +0000 (0:00:00.027)       0:01:31.006 **** 
ok: [10.190.17.156] => {
    "msg": [
        "incrbackups.txt",
        "",
        "sent 328 bytes  received 59 bytes  774.00 bytes/sec",
        "total size is 1.95K  speedup is 5.05"
    ]
}

TASK [backup_transfer : finally copy the res.txt file to the /home/oracle/version1/BRPD_xtts _raw_params=rsync -vzh --partial --progress --append {{source_xtts_scripts_dir}}/res.txt {{dest_user}}@{{target_ip_address}}:{{target_xtts_scripts_dir}}] ***
Wednesday 20 November 2024  09:18:02 +0000 (0:00:00.035)       0:01:31.041 **** 
[WARNING]: Using world-readable permissions for temporary files Ansible needs
to create when becoming an unprivileged user. This may be insecure. For
information on securing this, see
https://docs.ansible.com/ansible/become.html#becoming-an-unprivileged-user
changed: [10.190.17.156]

TASK [backup_transfer : fail msg=errors while transferring the res.txt file] ***
Wednesday 20 November 2024  09:18:07 +0000 (0:00:04.946)       0:01:35.988 **** 
skipping: [10.190.17.156]

TASK [backup_transfer : display res file transfer status msg={{ res_transfer_out.stdout_lines }}] ***
Wednesday 20 November 2024  09:18:07 +0000 (0:00:00.027)       0:01:36.015 **** 
ok: [10.190.17.156] => {
    "msg": [
        "res.txt",
        "",
        "         14.42K 100%    0.00kB/s    0:00:00  ",
        "         14.42K 100%    0.00kB/s    0:00:00 (xfr#1, to-chk=0/1)",
        "",
        "sent 1.04K bytes  received 35 bytes  716.00 bytes/sec",
        "total size is 14.42K  speedup is 13.43"
    ]
}

PLAY [do level 1 restore on foaukl1pddb-4kxck1.otchukl1pdexcl.otchukl1pdvcn01.oraclevcn.com] ***

PLAY RECAP *********************************************************************
10.190.17.156              : ok=14   changed=7    unreachable=0    failed=0    skipped=4    rescued=0    ignored=1   

Wednesday 20 November 2024  09:18:07 +0000 (0:00:00.022)       0:01:36.038 **** 
=============================================================================== 
backup_transfer : Wait for rsync_backup task to complete --------------- 40.30s
Gathering Facts -------------------------------------------------------- 19.64s
backup_transfer : Additionally transfer the incrbackups.txt to the /home/oracle/version1/BRPD_xtts directory for the validation. --- 5.59s
backup_transfer : Execute the rsync_backup transfer script -------------- 5.58s
backup_transfer : Get current timestamp --------------------------------- 5.15s
rename rsync_parallel_backup_transfer_v4.log with the current timestamp --- 5.02s
backup_transfer : finally copy the res.txt file to the /home/oracle/version1/BRPD_xtts --- 4.95s
read the rsync_parallel_backup_transfer_v4.log -------------------------- 4.94s
check rsync_parallel_backup_transfer_v4.log ----------------------------- 4.57s
backup_transfer : display incrbackups_transfer_out ---------------------- 0.04s
backup_transfer : display the rsync status ------------------------------ 0.03s
backup_transfer : Decode the log file content --------------------------- 0.03s
backup_transfer : Display the log file content -------------------------- 0.03s
backup_transfer : display the rsync errors ------------------------------ 0.03s
backup_transfer : fail -------------------------------------------------- 0.03s
backup_transfer : fail -------------------------------------------------- 0.03s
backup_transfer : fail -------------------------------------------------- 0.03s
backup_transfer : display res file transfer status ---------------------- 0.02s
