nohup: ignoring input

PLAY [do level 1 backup on hrmaxpd2035.emea.hays.loc] **************************

PLAY [transfer the level_1 backups to the /mnt/foaexaukl1pdfss01/xtts_backup/version1/BRPD_xtts_scratch] ***

TASK [Gathering Facts gather_subset=['all'], gather_timeout=10] ****************
Thursday 21 November 2024  09:09:54 +0000 (0:00:00.064)       0:00:00.064 ***** 
[WARNING]: Using world-readable permissions for temporary files Ansible needs
to create when becoming an unprivileged user. This may be insecure. For
information on securing this, see
https://docs.ansible.com/ansible/become.html#becoming-an-unprivileged-user
[WARNING]: Platform aix on host 10.190.17.156 is using the discovered Python
interpreter at /usr/bin/python, but future installation of another Python
interpreter could change this. See https://docs.ansible.com/ansible/2.9/referen
ce_appendices/interpreter_discovery.html for more information.
ok: [10.190.17.156]

TASK [backup_transfer : Execute the rsync_backup transfer script _raw_params={{ source_xtts_scripts_dir }}/rsync_parallel_backup_transfer_v4.sh > {{ source_xtts_scripts_dir  }}/rsync_parallel_backup_transfer_v4.log] ***
Thursday 21 November 2024  09:10:14 +0000 (0:00:20.513)       0:00:20.577 ***** 
[WARNING]: Using world-readable permissions for temporary files Ansible needs
to create when becoming an unprivileged user. This may be insecure. For
information on securing this, see
https://docs.ansible.com/ansible/become.html#becoming-an-unprivileged-user
changed: [10.190.17.156]

TASK [backup_transfer : Wait for rsync_backup task to complete jid={{ rsync_task.ansible_job_id }}] ***
Thursday 21 November 2024  09:10:19 +0000 (0:00:05.139)       0:00:25.716 ***** 
[WARNING]: Using world-readable permissions for temporary files Ansible needs
to create when becoming an unprivileged user. This may be insecure. For
information on securing this, see
https://docs.ansible.com/ansible/become.html#becoming-an-unprivileged-user
FAILED - RETRYING: Wait for rsync_backup task to complete (20160 retries left).
changed: [10.190.17.156]

TASK [backup_transfer : display the rsync status var=rsync_task] ***************
Thursday 21 November 2024  09:10:59 +0000 (0:00:39.289)       0:01:05.006 ***** 
ok: [10.190.17.156] => {
    "rsync_task": {
        "ansible_job_id": "386440694230.47907104",
        "changed": true,
        "failed": false,
        "finished": 0,
        "results_file": "/home/oracle/.ansible_async/386440694230.47907104",
        "started": 1
    }
}

TASK [check rsync_parallel_backup_transfer_v4.log _raw_params=grep "encountered an error" {{ source_xtts_scripts_dir }}/rsync_parallel_backup_transfer_v4.log] ***
Thursday 21 November 2024  09:10:59 +0000 (0:00:00.029)       0:01:05.036 ***** 
[WARNING]: Using world-readable permissions for temporary files Ansible needs
to create when becoming an unprivileged user. This may be insecure. For
information on securing this, see
https://docs.ansible.com/ansible/become.html#becoming-an-unprivileged-user
fatal: [10.190.17.156]: FAILED! => {"changed": true, "cmd": "grep \"encountered an error\" /home/oracle/version1/ADRW9PD_xtts/rsync_parallel_backup_transfer_v4.log", "delta": "0:00:00.050527", "end": "2024-11-21 09:11:03.749984", "msg": "non-zero return code", "rc": 1, "start": "2024-11-21 09:11:03.699457", "stderr": "", "stderr_lines": [], "stdout": "", "stdout_lines": []}
...ignoring

TASK [backup_transfer : display the rsync errors msg={{rsync_error_out.stdout_lines}}] ***
Thursday 21 November 2024  09:11:04 +0000 (0:00:05.101)       0:01:10.137 ***** 
skipping: [10.190.17.156]

TASK [backup_transfer : fail msg=errors while transferring the backups] ********
Thursday 21 November 2024  09:11:04 +0000 (0:00:00.027)       0:01:10.165 ***** 
skipping: [10.190.17.156]

TASK [read the rsync_parallel_backup_transfer_v4.log src={{ source_xtts_scripts_dir }}/rsync_parallel_backup_transfer_v4.log] ***
Thursday 21 November 2024  09:11:04 +0000 (0:00:00.029)       0:01:10.195 ***** 
[WARNING]: Using world-readable permissions for temporary files Ansible needs
to create when becoming an unprivileged user. This may be insecure. For
information on securing this, see
https://docs.ansible.com/ansible/become.html#becoming-an-unprivileged-user
ok: [10.190.17.156]

TASK [backup_transfer : Decode the log file content log_content_decoded={{ log_content.content | b64decode }}] ***
Thursday 21 November 2024  09:11:09 +0000 (0:00:04.929)       0:01:15.124 ***** 
ok: [10.190.17.156]

TASK [backup_transfer : Display the log file content msg={{ log_content_decoded }}] ***
Thursday 21 November 2024  09:11:09 +0000 (0:00:00.030)       0:01:15.154 ***** 
ok: [10.190.17.156] => {
    "msg": "Start time: 21-11-2024_09:10:20\nStart time in seconds: 1732180220\n21-11-2024_09:10:20:  Rsync for /xtts/backup/version1/ADRW9PD_xtts_scratch/vh3am1mg_238577_1_1 transfer started.\n21-11-2024_09:10:20:  Rsync for /xtts/backup/version1/ADRW9PD_xtts_scratch/003am1nk_238592_1_1 transfer started.\n21-11-2024_09:10:20:  Rsync for /xtts/backup/version1/ADRW9PD_xtts_scratch/v83am1kr_238568_1_1 transfer started.\n21-11-2024_09:10:20:  Rsync for /xtts/backup/version1/ADRW9PD_xtts_scratch/vf3am1mg_238575_1_1 transfer started.\n21-11-2024_09:10:20:  Rsync for /xtts/backup/version1/ADRW9PD_xtts_scratch/vd3am1lp_238573_1_1 transfer started.\n21-11-2024_09:10:20:  Rsync for /xtts/backup/version1/ADRW9PD_xtts_scratch/ve3am1m4_238574_1_1 transfer started.\n21-11-2024_09:10:20:  Rsync for /xtts/backup/version1/ADRW9PD_xtts_scratch/vp3am1mq_238585_1_1 transfer started.\n21-11-2024_09:10:20:  Rsync for /xtts/backup/version1/ADRW9PD_xtts_scratch/v43am1kr_238564_1_1 transfer started.\n21-11-2024_09:10:20:  Rsync for /xtts/backup/version1/ADRW9PD_xtts_scratch/vm3am1mg_238582_1_1 transfer started.\n21-11-2024_09:10:20:  Rsync for /xtts/backup/version1/ADRW9PD_xtts_scratch/vl3am1mg_238581_1_1 transfer started.\nv83am1kr_238568_1_1\n003am1nk_238592_1_1\n\r         32.77K   0%    0.00kB/s    0:00:00  \r         32.77K  50%    0.00kB/s    0:00:00  \r         65.54K 100%   31.25MB/s    0:00:00 (xfr#1, to-chk=0/1)\nvh3am1mg_238577_1_1\n\r         32.77K  44%    0.00kB/s    0:00:00  \r         73.73K 100%   39.06MB/s    0:00:00 (xfr#1, to-chk=0/1)\nve3am1m4_238574_1_1\n\r         32.77K  25%    0.00kB/s    0:00:00  \r        131.07K 100%   93.75MB/s    0:00:00 (xfr#1, to-chk=0/1)\nvp3am1mq_238585_1_1\n\r         32.77K   1%    0.00kB/s    0:00:00  v43am1kr_238564_1_1\nvf3am1mg_238575_1_1\n\r         32.77K   0%    0.00kB/s    0:00:00  \r         32.77K  44%    0.00kB/s    0:00:00  vd3am1lp_238573_1_1\n\r         73.73K 100%   39.06MB/s    0:00:00 (xfr#1, to-chk=0/1)\n\r         32.77K   1%    0.00kB/s    0:00:00  \nsent 3.27K bytes  received 35 bytes  6.61K bytes/sec\ntotal size is 65.54K  speedup is 19.84\n21-11-2024_09:10:20:  Rsync for /xtts/backup/version1/ADRW9PD_xtts_scratch/003am1nk_238592_1_1 completed successfully.\n\nsent 878 bytes  received 35 bytes  1.83K bytes/sec\ntotal size is 73.73K  speedup is 80.75\n\nsent 892 bytes  received 35 bytes  1.85K bytes/sec\ntotal size is 73.73K  speedup is 79.53\n21-11-2024_09:10:20:  Rsync for /xtts/backup/version1/ADRW9PD_xtts_scratch/vf3am1mg_238575_1_1 completed successfully.\n21-11-2024_09:10:20:  Rsync for /xtts/backup/version1/ADRW9PD_xtts_scratch/vh3am1mg_238577_1_1 completed successfully.\n\nsent 2.02K bytes  received 35 bytes  4.11K bytes/sec\ntotal size is 131.07K  speedup is 63.75\n21-11-2024_09:10:20:  Rsync for /xtts/backup/version1/ADRW9PD_xtts_scratch/ve3am1m4_238574_1_1 completed successfully.\n\r          2.63M 100%   25.53MB/s    0:00:00 (xfr#1, to-chk=0/1)\nvl3am1mg_238581_1_1\n\r         32.77K  44%    0.00kB/s    0:00:00  \r         73.73K 100%   39.06MB/s    0:00:00 (xfr#1, to-chk=0/1)\nvm3am1mg_238582_1_1\n\r         32.77K  44%    0.00kB/s    0:00:00  \r         73.73K 100%   39.06MB/s    0:00:00 (xfr#1, to-chk=0/1)\n\r          3.27M 100%   16.16MB/s    0:00:00 (xfr#1, to-chk=0/1)\n\nsent 413.24K bytes  received 35 bytes  826.55K bytes/sec\ntotal size is 2.63M  speedup is 6.36\n21-11-2024_09:10:20:  Rsync for /xtts/backup/version1/ADRW9PD_xtts_scratch/vd3am1lp_238573_1_1 completed successfully.\n\nsent 879 bytes  received 35 bytes  1.83K bytes/sec\ntotal size is 73.73K  speedup is 80.67\n21-11-2024_09:10:20:  Rsync for /xtts/backup/version1/ADRW9PD_xtts_scratch/vl3am1mg_238581_1_1 completed successfully.\n\nsent 889 bytes  received 35 bytes  1.85K bytes/sec\ntotal size is 73.73K  speedup is 79.79\n21-11-2024_09:10:20:  Rsync for /xtts/backup/version1/ADRW9PD_xtts_scratch/vm3am1mg_238582_1_1 completed successfully.\n\nsent 987.40K bytes  received 35 bytes  1.97M bytes/sec\ntotal size is 3.27M  speedup is 3.31\n21-11-2024_09:10:20:  Rsync for /xtts/backup/version1/ADRW9PD_xtts_scratch/vp3am1mq_238585_1_1 completed successfully.\n21-11-2024_09:10:21:  Rsync for /xtts/backup/version1/ADRW9PD_xtts_scratch/vr3am1nd_238587_1_1 transfer started.\n21-11-2024_09:10:21:  Rsync for /xtts/backup/version1/ADRW9PD_xtts_scratch/vt3am1nk_238589_1_1 transfer started.\n21-11-2024_09:10:21:  Rsync for /xtts/backup/version1/ADRW9PD_xtts_scratch/vs3am1nk_238588_1_1 transfer started.\n21-11-2024_09:10:21:  Rsync for /xtts/backup/version1/ADRW9PD_xtts_scratch/vj3am1mg_238579_1_1 transfer started.\n21-11-2024_09:10:21:  Rsync for /xtts/backup/version1/ADRW9PD_xtts_scratch/v63am1kr_238566_1_1 transfer started.\n21-11-2024_09:10:21:  Rsync for /xtts/backup/version1/ADRW9PD_xtts_scratch/vn3am1mg_238583_1_1 transfer started.\n21-11-2024_09:10:21:  Rsync for /xtts/backup/version1/ADRW9PD_xtts_scratch/vu3am1nk_238590_1_1 transfer started.\n21-11-2024_09:10:21:  Rsync for /xtts/backup/version1/ADRW9PD_xtts_scratch/va3am1kr_238570_1_1 transfer started.\nvs3am1nk_238588_1_1\n\r         32.77K  44%    0.00kB/s    0:00:00  \r         73.73K 100%   39.06MB/s    0:00:00 (xfr#1, to-chk=0/1)\nvj3am1mg_238579_1_1\n\r         17.96M  72%   17.09MB/s    0:00:00  \r         32.77K  44%    0.00kB/s    0:00:00  \r         73.73K 100%   39.06MB/s    0:00:00 (xfr#1, to-chk=0/1)\nvr3am1nd_238587_1_1\nvn3am1mg_238583_1_1\n\r         32.77K  57%    0.00kB/s    0:00:00  \r         32.77K  44%    0.00kB/s    0:00:00  \r         57.34K 100%   23.44MB/s    0:00:00 (xfr#1, to-chk=0/1)\n\r         73.73K 100%   39.06MB/s    0:00:00 (xfr#1, to-chk=0/1)\nv63am1kr_238566_1_1\n\r         32.77K   0%    0.00kB/s    0:00:00  \nsent 1.43K bytes  received 35 bytes  2.93K bytes/sec\ntotal size is 73.73K  speedup is 50.26\n21-11-2024_09:10:21:  Rsync for /xtts/backup/version1/ADRW9PD_xtts_scratch/vs3am1nk_238588_1_1 completed successfully.\n\nsent 880 bytes  received 35 bytes  1.83K bytes/sec\ntotal size is 73.73K  speedup is 80.58\n21-11-2024_09:10:21:  Rsync for /xtts/backup/version1/ADRW9PD_xtts_scratch/vj3am1mg_238579_1_1 completed successfully.\n\nsent 876 bytes  received 35 bytes  1.82K bytes/sec\ntotal size is 73.73K  speedup is 80.93\n\nsent 740 bytes  received 35 bytes  1.55K bytes/sec\ntotal size is 57.34K  speedup is 73.99\n21-11-2024_09:10:21:  Rsync for /xtts/backup/version1/ADRW9PD_xtts_scratch/vn3am1mg_238583_1_1 completed successfully.\n21-11-2024_09:10:21:  Rsync for /xtts/backup/version1/ADRW9PD_xtts_scratch/vr3am1nd_238587_1_1 completed successfully.\n\r         19.01M  66%   18.09MB/s    0:00:00  vt3am1nk_238589_1_1\n\r         32.77K  57%    0.00kB/s    0:00:00  vu3am1nk_238590_1_1\n\r         57.34K 100%   23.44MB/s    0:00:00 (xfr#1, to-chk=0/1)\n\r         32.77K  50%    0.00kB/s    0:00:00  \r         65.54K 100%   31.25MB/s    0:00:00 (xfr#1, to-chk=0/1)\nva3am1kr_238570_1_1\n\r         32.77K   0%    0.00kB/s    0:00:00  \nsent 745 bytes  received 35 bytes  1.56K bytes/sec\ntotal size is 57.34K  speedup is 73.52\n21-11-2024_09:10:21:  Rsync for /xtts/backup/version1/ADRW9PD_xtts_scratch/vt3am1nk_238589_1_1 completed successfully.\n\nsent 1.54K bytes  received 35 bytes  3.14K bytes/sec\ntotal size is 65.54K  speedup is 41.69\n21-11-2024_09:10:21:  Rsync for /xtts/backup/version1/ADRW9PD_xtts_scratch/vu3am1nk_238590_1_1 completed successfully.\n\r         24.74M 100%   17.33MB/s    0:00:01 (xfr#1, to-chk=0/1)\n\r         28.55M 100%   17.66MB/s    0:00:01 (xfr#1, to-chk=0/1)\n21-11-2024_09:10:22:  Rsync for /xtts/backup/version1/ADRW9PD_xtts_scratch/vc3am1lp_238572_1_1 transfer started.\n21-11-2024_09:10:22:  Rsync for /xtts/backup/version1/ADRW9PD_xtts_scratch/vb3am1lg_238571_1_1 transfer started.\n21-11-2024_09:10:22:  Rsync for /xtts/backup/version1/ADRW9PD_xtts_scratch/v23am1ki_238562_1_1 transfer started.\n21-11-2024_09:10:22:  Rsync for /xtts/backup/version1/ADRW9PD_xtts_scratch/vq3am1n3_238586_1_1 transfer started.\n21-11-2024_09:10:22:  Rsync for /xtts/backup/version1/ADRW9PD_xtts_scratch/vg3am1mg_238576_1_1 transfer started.\n\nsent 7.66M bytes  received 35 bytes  3.06M bytes/sec\ntotal size is 24.74M  speedup is 3.23\n21-11-2024_09:10:22:  Rsync for /xtts/backup/version1/ADRW9PD_xtts_scratch/v73am1kr_238567_1_1 transfer started.\n21-11-2024_09:10:22:  Rsync for /xtts/backup/version1/ADRW9PD_xtts_scratch/v83am1kr_238568_1_1 completed successfully.\n\nsent 9.72M bytes  received 35 bytes  3.89M bytes/sec\ntotal size is 28.55M  speedup is 2.94\n21-11-2024_09:10:22:  Rsync for /xtts/backup/version1/ADRW9PD_xtts_scratch/v43am1kr_238564_1_1 completed successfully.\nvg3am1mg_238576_1_1\n\r         32.77K  44%    0.00kB/s    0:00:00  \r         73.73K 100%   39.06MB/s    0:00:00 (xfr#1, to-chk=0/1)\n\r         17.10M  64%   16.28MB/s    0:00:00  \nsent 871 bytes  received 35 bytes  1.81K bytes/sec\ntotal size is 73.73K  speedup is 81.38\n21-11-2024_09:10:22:  Rsync for /xtts/backup/version1/ADRW9PD_xtts_scratch/vg3am1mg_238576_1_1 completed successfully.\nv23am1ki_238562_1_1\n\r         32.77K  57%    0.00kB/s    0:00:00  \r         57.34K 100%   23.44MB/s    0:00:00 (xfr#1, to-chk=0/1)\nvc3am1lp_238572_1_1\nv73am1kr_238567_1_1\n\r         32.77K   0%    0.00kB/s    0:00:00  \r         32.77K   0%    0.00kB/s    0:00:00  \r         20.25M  52%   19.26MB/s    0:00:00  vq3am1n3_238586_1_1\n\r         32.77K   3%    0.00kB/s    0:00:00  vb3am1lg_238571_1_1\n\r         32.77K  57%    0.00kB/s    0:00:00  \r         57.34K 100%   23.44MB/s    0:00:00 (xfr#1, to-chk=0/1)\n\r        876.54K 100%   53.65MB/s    0:00:00 (xfr#1, to-chk=0/1)\n\nsent 744 bytes  received 35 bytes  1.56K bytes/sec\ntotal size is 57.34K  speedup is 73.61\n21-11-2024_09:10:22:  Rsync for /xtts/backup/version1/ADRW9PD_xtts_scratch/v23am1ki_238562_1_1 completed successfully.\n\nsent 736 bytes  received 35 bytes  1.54K bytes/sec\ntotal size is 57.34K  speedup is 74.38\n21-11-2024_09:10:22:  Rsync for /xtts/backup/version1/ADRW9PD_xtts_scratch/vb3am1lg_238571_1_1 completed successfully.\n\nsent 49.91K bytes  received 35 bytes  99.89K bytes/sec\ntotal size is 876.54K  speedup is 17.55\n21-11-2024_09:10:22:  Rsync for /xtts/backup/version1/ADRW9PD_xtts_scratch/vq3am1n3_238586_1_1 completed successfully.\n\r          6.26M 100%   27.36MB/s    0:00:00 (xfr#1, to-chk=0/1)\n\r         26.45M 100%   16.81MB/s    0:00:01 (xfr#1, to-chk=0/1)\n\nsent 814.21K bytes  received 35 bytes  542.83K bytes/sec\ntotal size is 6.26M  speedup is 7.69\n21-11-2024_09:10:23:  Rsync for /xtts/backup/version1/ADRW9PD_xtts_scratch/vc3am1lp_238572_1_1 completed successfully.\n\nsent 8.06M bytes  received 35 bytes  3.22M bytes/sec\ntotal size is 26.45M  speedup is 3.28\n21-11-2024_09:10:23:  Rsync for /xtts/backup/version1/ADRW9PD_xtts_scratch/v63am1kr_238566_1_1 completed successfully.\n21-11-2024_09:10:23:  Rsync for /xtts/backup/version1/ADRW9PD_xtts_scratch/vk3am1mg_238580_1_1 transfer started.\n21-11-2024_09:10:23:  Rsync for /xtts/backup/version1/ADRW9PD_xtts_scratch/v33am1kr_238563_1_1 transfer started.\n21-11-2024_09:10:23:  Rsync for /xtts/backup/version1/ADRW9PD_xtts_scratch/vi3am1mg_238578_1_1 transfer started.\n21-11-2024_09:10:23:  Rsync for /xtts/backup/version1/ADRW9PD_xtts_scratch/v93am1kr_238569_1_1 transfer started.\n21-11-2024_09:10:23:  Rsync for /xtts/backup/version1/ADRW9PD_xtts_scratch/vo3am1mg_238584_1_1 transfer started.\n21-11-2024_09:10:23:  Rsync for /xtts/backup/version1/ADRW9PD_xtts_scratch/v53am1kr_238565_1_1 transfer started.\n21-11-2024_09:10:23:  Rsync for /xtts/backup/version1/ADRW9PD_xtts_scratch/vv3am1nk_238591_1_1 transfer started.\nvk3am1mg_238580_1_1\n\r         32.77K  44%    0.00kB/s    0:00:00  \r         38.81M 100%   18.73MB/s    0:00:01 (xfr#1, to-chk=0/1)\n\r         73.73K 100%   39.06MB/s    0:00:00 (xfr#1, to-chk=0/1)\nvi3am1mg_238578_1_1\n\r         32.77K  44%    0.00kB/s    0:00:00  \r         73.73K 100%   39.06MB/s    0:00:00 (xfr#1, to-chk=0/1)\n\r         17.83M  64%   16.97MB/s    0:00:00  vv3am1nk_238591_1_1\n\r         32.77K  57%    0.00kB/s    0:00:00  \r         57.34K 100%   23.44MB/s    0:00:00 (xfr#1, to-chk=0/1)\nv93am1kr_238569_1_1\n\r         32.77K   0%    0.00kB/s    0:00:00  vo3am1mg_238584_1_1\n\r         32.77K  44%    0.00kB/s    0:00:00  \r         73.73K 100%   39.06MB/s    0:00:00 (xfr#1, to-chk=0/1)\nv33am1kr_238563_1_1\n\r         32.77K   0%    0.00kB/s    0:00:00  v53am1kr_238565_1_1\n\r         32.77K   0%    0.00kB/s    0:00:00  \nsent 868 bytes  received 35 bytes  1.81K bytes/sec\ntotal size is 73.73K  speedup is 81.65\n21-11-2024_09:10:23:  Rsync for /xtts/backup/version1/ADRW9PD_xtts_scratch/vk3am1mg_238580_1_1 completed successfully.\n\nsent 879 bytes  received 35 bytes  1.83K bytes/sec\ntotal size is 73.73K  speedup is 80.67\n21-11-2024_09:10:23:  Rsync for /xtts/backup/version1/ADRW9PD_xtts_scratch/vi3am1mg_238578_1_1 completed successfully.\n\nsent 742 bytes  received 35 bytes  1.55K bytes/sec\ntotal size is 57.34K  speedup is 73.80\n21-11-2024_09:10:23:  Rsync for /xtts/backup/version1/ADRW9PD_xtts_scratch/vv3am1nk_238591_1_1 completed successfully.\n\nsent 880 bytes  received 35 bytes  1.83K bytes/sec\ntotal size is 73.73K  speedup is 80.58\n21-11-2024_09:10:23:  Rsync for /xtts/backup/version1/ADRW9PD_xtts_scratch/vo3am1mg_238584_1_1 completed successfully.\n\nsent 13.42M bytes  received 35 bytes  5.37M bytes/sec\ntotal size is 38.81M  speedup is 2.89\n21-11-2024_09:10:23:  Rsync for /xtts/backup/version1/ADRW9PD_xtts_scratch/va3am1kr_238570_1_1 completed successfully.\n\r         27.50M 100%   16.45MB/s    0:00:01 (xfr#1, to-chk=0/1)\n\nsent 7.98M bytes  received 35 bytes  3.19M bytes/sec\ntotal size is 27.50M  speedup is 3.44\n21-11-2024_09:10:24:  Rsync for /xtts/backup/version1/ADRW9PD_xtts_scratch/v73am1kr_238567_1_1 completed successfully.\n\r         16.15M  76%   15.38MB/s    0:00:00  \r         15.83M  58%   15.05MB/s    0:00:00  \r         14.58M  44%   13.88MB/s    0:00:01  \r         21.21M 100%   14.94MB/s    0:00:01 (xfr#1, to-chk=0/1)\n\nsent 6.61M bytes  received 35 bytes  2.65M bytes/sec\ntotal size is 21.21M  speedup is 3.21\n21-11-2024_09:10:25:  Rsync for /xtts/backup/version1/ADRW9PD_xtts_scratch/v93am1kr_238569_1_1 completed successfully.\n\r         27.08M 100%   14.72MB/s    0:00:01 (xfr#1, to-chk=0/1)\n\nsent 8.39M bytes  received 35 bytes  3.36M bytes/sec\ntotal size is 27.08M  speedup is 3.23\n21-11-2024_09:10:25:  Rsync for /xtts/backup/version1/ADRW9PD_xtts_scratch/v33am1kr_238563_1_1 completed successfully.\n\r         30.31M  93%   14.44MB/s    0:00:00  \r         32.51M 100%   14.10MB/s    0:00:02 (xfr#1, to-chk=0/1)\n\nsent 9.71M bytes  received 35 bytes  2.77M bytes/sec\ntotal size is 32.51M  speedup is 3.35\n21-11-2024_09:10:26:  Rsync for /xtts/backup/version1/ADRW9PD_xtts_scratch/v53am1kr_238565_1_1 completed successfully.\nEnd time: 21-11-2024_09:10:20\nEnd time in seconds: 1732180226\nTotal transfer time: 6 seconds\n"
}

TASK [backup_transfer : Get current timestamp _raw_params=date +%Y%m%d%H%M%S] ***
Thursday 21 November 2024  09:11:09 +0000 (0:00:00.029)       0:01:15.183 ***** 
[WARNING]: Using world-readable permissions for temporary files Ansible needs
to create when becoming an unprivileged user. This may be insecure. For
information on securing this, see
https://docs.ansible.com/ansible/become.html#becoming-an-unprivileged-user
changed: [10.190.17.156]

TASK [rename rsync_parallel_backup_transfer_v4.log with the current timestamp _raw_params=mv "{{ source_xtts_scripts_dir }}/rsync_parallel_backup_transfer_v4.log" "{{ source_xtts_scripts_dir }}/rsync_parallel_backup_transfer_v4_{{timestamp.stdout}}.log"] ***
Thursday 21 November 2024  09:11:14 +0000 (0:00:05.142)       0:01:20.326 ***** 
[WARNING]: Using world-readable permissions for temporary files Ansible needs
to create when becoming an unprivileged user. This may be insecure. For
information on securing this, see
https://docs.ansible.com/ansible/become.html#becoming-an-unprivileged-user
changed: [10.190.17.156]

TASK [backup_transfer : Additionally transfer the incrbackups.txt to the /home/oracle/version1/BRPD_xtts directory for the validation. _raw_params=rsync -vzh {{source_xtts_scripts_dir}}/incrbackups.txt {{dest_user}}@{{target_ip_address}}:{{target_xtts_scripts_dir}}] ***
Thursday 21 November 2024  09:11:19 +0000 (0:00:05.408)       0:01:25.735 ***** 
[WARNING]: Using world-readable permissions for temporary files Ansible needs
to create when becoming an unprivileged user. This may be insecure. For
information on securing this, see
https://docs.ansible.com/ansible/become.html#becoming-an-unprivileged-user
changed: [10.190.17.156]

TASK [backup_transfer : fail msg=errors while transferring the incrbackups.txt file] ***
Thursday 21 November 2024  09:11:26 +0000 (0:00:06.188)       0:01:31.923 ***** 
skipping: [10.190.17.156]

TASK [backup_transfer : display incrbackups_transfer_out msg={{ incrbackups_transfer_out.stdout_lines }}] ***
Thursday 21 November 2024  09:11:26 +0000 (0:00:00.026)       0:01:31.950 ***** 
ok: [10.190.17.156] => {
    "msg": [
        "incrbackups.txt",
        "",
        "sent 334 bytes  received 53 bytes  258.00 bytes/sec",
        "total size is 1.95K  speedup is 5.05"
    ]
}

TASK [backup_transfer : finally copy the res.txt file to the /home/oracle/version1/BRPD_xtts _raw_params=rsync -vzh --partial --progress --append {{source_xtts_scripts_dir}}/res.txt {{dest_user}}@{{target_ip_address}}:{{target_xtts_scripts_dir}}] ***
Thursday 21 November 2024  09:11:26 +0000 (0:00:00.032)       0:01:31.982 ***** 
[WARNING]: Using world-readable permissions for temporary files Ansible needs
to create when becoming an unprivileged user. This may be insecure. For
information on securing this, see
https://docs.ansible.com/ansible/become.html#becoming-an-unprivileged-user
changed: [10.190.17.156]

TASK [backup_transfer : fail msg=errors while transferring the res.txt file] ***
Thursday 21 November 2024  09:11:31 +0000 (0:00:05.338)       0:01:37.320 ***** 
skipping: [10.190.17.156]

TASK [backup_transfer : display res file transfer status msg={{ res_transfer_out.stdout_lines }}] ***
Thursday 21 November 2024  09:11:31 +0000 (0:00:00.027)       0:01:37.348 ***** 
ok: [10.190.17.156] => {
    "msg": [
        "res.txt",
        "",
        "         21.57K 100%    0.00kB/s    0:00:00  ",
        "         21.57K 100%    0.00kB/s    0:00:00 (xfr#1, to-chk=0/1)",
        "",
        "sent 1.05K bytes  received 35 bytes  2.17K bytes/sec",
        "total size is 21.57K  speedup is 19.92"
    ]
}

PLAY [do level 1 restore on foaukl1pddb-4kxck1.otchukl1pdexcl.otchukl1pdvcn01.oraclevcn.com] ***

PLAY RECAP *********************************************************************
10.190.17.156              : ok=14   changed=7    unreachable=0    failed=0    skipped=4    rescued=0    ignored=1   

Thursday 21 November 2024  09:11:31 +0000 (0:00:00.021)       0:01:37.369 ***** 
=============================================================================== 
backup_transfer : Wait for rsync_backup task to complete --------------- 39.29s
Gathering Facts -------------------------------------------------------- 20.51s
backup_transfer : Additionally transfer the incrbackups.txt to the /home/oracle/version1/BRPD_xtts directory for the validation. --- 6.19s
rename rsync_parallel_backup_transfer_v4.log with the current timestamp --- 5.41s
backup_transfer : finally copy the res.txt file to the /home/oracle/version1/BRPD_xtts --- 5.34s
backup_transfer : Get current timestamp --------------------------------- 5.14s
backup_transfer : Execute the rsync_backup transfer script -------------- 5.14s
check rsync_parallel_backup_transfer_v4.log ----------------------------- 5.10s
read the rsync_parallel_backup_transfer_v4.log -------------------------- 4.93s
backup_transfer : display incrbackups_transfer_out ---------------------- 0.03s
backup_transfer : Decode the log file content --------------------------- 0.03s
backup_transfer : display the rsync status ------------------------------ 0.03s
backup_transfer : fail -------------------------------------------------- 0.03s
backup_transfer : Display the log file content -------------------------- 0.03s
backup_transfer : display the rsync errors ------------------------------ 0.03s
backup_transfer : fail -------------------------------------------------- 0.03s
backup_transfer : fail -------------------------------------------------- 0.03s
backup_transfer : display res file transfer status ---------------------- 0.02s
