nohup: ignoring input

PLAY [do level 1 backup on hrmaxpd2035.emea.hays.loc] **************************

TASK [Gathering Facts gather_subset=['all'], gather_timeout=10] ****************
Thursday 21 November 2024  09:03:28 +0000 (0:00:00.043)       0:00:00.043 ***** 
[WARNING]: Using world-readable permissions for temporary files Ansible needs
to create when becoming an unprivileged user. This may be insecure. For
information on securing this, see
https://docs.ansible.com/ansible/become.html#becoming-an-unprivileged-user
[WARNING]: Platform aix on host 10.190.17.156 is using the discovered Python
interpreter at /usr/bin/python, but future installation of another Python
interpreter could change this. See https://docs.ansible.com/ansible/2.9/referen
ce_appendices/interpreter_discovery.html for more information.
ok: [10.190.17.156]

TASK [level_1_backup : first check if res.txt exists on /home/oracle/version1/ADRW9PD_xtts path={{source_xtts_scripts_dir}}/res.txt] ***
Thursday 21 November 2024  09:03:49 +0000 (0:00:20.800)       0:00:20.844 ***** 
[WARNING]: Using world-readable permissions for temporary files Ansible needs
to create when becoming an unprivileged user. This may be insecure. For
information on securing this, see
https://docs.ansible.com/ansible/become.html#becoming-an-unprivileged-user
ok: [10.190.17.156]

TASK [level_1_backup : fail msg=res.txt file not found. Investigate if level 0 backup has been taken successfully before] ***
Thursday 21 November 2024  09:03:54 +0000 (0:00:05.129)       0:00:25.973 ***** 
skipping: [10.190.17.156]

TASK [level_1_backup : fail msg=res.txt file is empty. Investigate if level 0 backup has been taken successfully before] ***
Thursday 21 November 2024  09:03:54 +0000 (0:00:00.027)       0:00:26.000 ***** 
skipping: [10.190.17.156]

TASK [level_1_backup : shell _raw_params=cat {{source_xtts_scripts_dir}}/res.txt] ***
Thursday 21 November 2024  09:03:54 +0000 (0:00:00.026)       0:00:26.027 ***** 
[WARNING]: Using world-readable permissions for temporary files Ansible needs
to create when becoming an unprivileged user. This may be insecure. For
information on securing this, see
https://docs.ansible.com/ansible/become.html#becoming-an-unprivileged-user
changed: [10.190.17.156]

TASK [level_1_backup : debug msg={{cat_out.stdout_lines}}] *********************
Thursday 21 November 2024  09:03:59 +0000 (0:00:05.354)       0:00:31.381 ***** 
ok: [10.190.17.156] => {
    "msg": [
        "#0:::9,6,ADAPTDOMAIN1_DATA_9_t43afli6_238500_1_1.bkp,0,15628947101750,0,0,0,ADAPTDOMAIN1_DATA,ADAPTDOMAIN1_DATA_9.dbf",
        "#0:::6,6,ADAPT_DATA_82_t53afliv_238501_1_1.bkp,0,15628947101750,0,0,0,ADAPT_DATA,ADAPT_DATA_6.dbf",
        "#0:::15,6,ADAPT_DATA_56_tb3afliv_238507_1_1.bkp,0,15628947101750,0,0,0,ADAPT_DATA,ADAPT_DATA_15.dbf",
        "#0:::16,6,ADAPT_DATA_48_t63afliv_238502_1_1.bkp,0,15628947101750,0,0,0,ADAPT_DATA,ADAPT_DATA_16.dbf",
        "#0:::17,6,ADAPT_DATA_56_tb3afliv_238507_1_1.bkp,0,15628947101750,0,0,0,ADAPT_DATA,ADAPT_DATA_17.dbf",
        "#0:::18,6,ADAPT_DATA_48_t63afliv_238502_1_1.bkp,0,15628947101750,0,0,0,ADAPT_DATA,ADAPT_DATA_18.dbf",
        "#0:::19,6,ADAPT_DATA_51_t73afliv_238503_1_1.bkp,0,15628947101750,0,0,0,ADAPT_DATA,ADAPT_DATA_19.dbf",
        "#0:::20,6,ADAPT_DATA_87_tc3afliv_238508_1_1.bkp,0,15628947101750,0,0,0,ADAPT_DATA,ADAPT_DATA_20.dbf",
        "#0:::21,6,ADAPT_DATA_51_t73afliv_238503_1_1.bkp,0,15628947101750,0,0,0,ADAPT_DATA,ADAPT_DATA_21.dbf",
        "#0:::22,6,ADAPT_DATA_87_tc3afliv_238508_1_1.bkp,0,15628947101750,0,0,0,ADAPT_DATA,ADAPT_DATA_22.dbf",
        "#0:::23,6,ADAPT_DATA_57_t83afliv_238504_1_1.bkp,0,15628947101750,0,0,0,ADAPT_DATA,ADAPT_DATA_23.dbf",
        "#0:::24,6,ADAPT_DATA_79_ta3afliv_238506_1_1.bkp,0,15628947101750,0,0,0,ADAPT_DATA,ADAPT_DATA_24.dbf",
        "#0:::25,6,ADAPT_DATA_80_t93afliv_238505_1_1.bkp,0,15628947101750,0,0,0,ADAPT_DATA,ADAPT_DATA_25.dbf",
        "#0:::27,6,ADAPT_DATA_57_t83afliv_238504_1_1.bkp,0,15628947101750,0,0,0,ADAPT_DATA,ADAPT_DATA_27.dbf",
        "#0:::31,6,ADAPT_DATA_82_t53afliv_238501_1_1.bkp,0,15628947101750,0,0,0,ADAPT_DATA,ADAPT_DATA_31.dbf",
        "#0:::32,6,ADAPT_DATA_80_t93afliv_238505_1_1.bkp,0,15628947101750,0,0,0,ADAPT_DATA,ADAPT_DATA_32.dbf",
        "#0:::44,6,ADAPT_DATA_79_ta3afliv_238506_1_1.bkp,0,15628947101750,0,0,0,ADAPT_DATA,ADAPT_DATA_44.dbf",
        "#0:::45,6,ADAPT_DATA_79_ta3afliv_238506_1_1.bkp,0,15628947101750,0,0,0,ADAPT_DATA,ADAPT_DATA_45.dbf",
        "#0:::46,6,ADAPT_DATA_48_t63afliv_238502_1_1.bkp,0,15628947101750,0,0,0,ADAPT_DATA,ADAPT_DATA_46.dbf",
        "#0:::47,6,ADAPT_DATA_87_tc3afliv_238508_1_1.bkp,0,15628947101750,0,0,0,ADAPT_DATA,ADAPT_DATA_47.dbf",
        "#0:::48,6,ADAPT_DATA_48_t63afliv_238502_1_1.bkp,0,15628947101750,0,0,0,ADAPT_DATA,ADAPT_DATA_48.dbf",
        "#0:::51,6,ADAPT_DATA_51_t73afliv_238503_1_1.bkp,0,15628947101750,0,0,0,ADAPT_DATA,ADAPT_DATA_51.dbf",
        "#0:::56,6,ADAPT_DATA_56_tb3afliv_238507_1_1.bkp,0,15628947101750,0,0,0,ADAPT_DATA,ADAPT_DATA_56.dbf",
        "#0:::57,6,ADAPT_DATA_57_t83afliv_238504_1_1.bkp,0,15628947101750,0,0,0,ADAPT_DATA,ADAPT_DATA_57.dbf",
        "#0:::79,6,ADAPT_DATA_79_ta3afliv_238506_1_1.bkp,0,15628947101750,0,0,0,ADAPT_DATA,ADAPT_DATA_79.dbf",
        "#0:::80,6,ADAPT_DATA_80_t93afliv_238505_1_1.bkp,0,15628947101750,0,0,0,ADAPT_DATA,ADAPT_DATA_80.dbf",
        "#0:::81,6,ADAPT_DATA_56_tb3afliv_238507_1_1.bkp,0,15628947101750,0,0,0,ADAPT_DATA,ADAPT_DATA_81.dbf",
        "#0:::82,6,ADAPT_DATA_82_t53afliv_238501_1_1.bkp,0,15628947101750,0,0,0,ADAPT_DATA,ADAPT_DATA_82.dbf",
        "#0:::83,6,ADAPT_DATA_57_t83afliv_238504_1_1.bkp,0,15628947101750,0,0,0,ADAPT_DATA,ADAPT_DATA_83.dbf",
        "#0:::84,6,ADAPT_DATA_82_t53afliv_238501_1_1.bkp,0,15628947101750,0,0,0,ADAPT_DATA,ADAPT_DATA_84.dbf",
        "#0:::85,6,ADAPT_DATA_80_t93afliv_238505_1_1.bkp,0,15628947101750,0,0,0,ADAPT_DATA,ADAPT_DATA_85.dbf",
        "#0:::86,6,ADAPT_DATA_51_t73afliv_238503_1_1.bkp,0,15628947101750,0,0,0,ADAPT_DATA,ADAPT_DATA_86.dbf",
        "#0:::87,6,ADAPT_DATA_87_tc3afliv_238508_1_1.bkp,0,15628947101750,0,0,0,ADAPT_DATA,ADAPT_DATA_87.dbf",
        "#0:::35,6,ADAPTINTOUCH_35_td3afm0e_238509_1_1.bkp,0,15628947130971,0,0,0,ADAPTINTOUCH,ADAPTINTOUCH_35.dbf",
        "#0:::7,6,ADAPT_USERS_7_tf3afm0u_238511_1_1.bkp,0,15628947130971,0,0,0,ADAPT_USERS,ADAPT_USERS_7.dbf",
        "#0:::55,6,ADAPT_USERS_55_te3afm0u_238510_1_1.bkp,0,15628947130971,0,0,0,ADAPT_USERS,ADAPT_USERS_55.dbf",
        "#0:::12,6,BOISJMSDB_12_tg3afm1e_238512_1_1.bkp,0,15628947130971,0,0,0,BOISJMSDB,BOISJMSDB_12.dbf",
        "#0:::59,6,DHC_ROLLBACK_TRANSIENT_67_tj3afm20_238515_1_1.bkp,0,15628947130971,0,0,0,DHC_ROLLBACK_TRANSIENT,DHC_ROLLBACK_TRANSIENT_59.dbf",
        "#0:::60,6,DHC_ROLLBACK_TRANSIENT_68_tk3afm20_238516_1_1.bkp,0,15628947130971,0,0,0,DHC_ROLLBACK_TRANSIENT,DHC_ROLLBACK_TRANSIENT_60.dbf",
        "#0:::61,6,DHC_ROLLBACK_TRANSIENT_69_tl3afm20_238517_1_1.bkp,0,15628947130971,0,0,0,DHC_ROLLBACK_TRANSIENT,DHC_ROLLBACK_TRANSIENT_61.dbf",
        "#0:::62,6,DHC_ROLLBACK_TRANSIENT_70_tm3afm20_238518_1_1.bkp,0,15628947130971,0,0,0,DHC_ROLLBACK_TRANSIENT,DHC_ROLLBACK_TRANSIENT_62.dbf",
        "#0:::63,6,DHC_ROLLBACK_TRANSIENT_71_tn3afm20_238519_1_1.bkp,0,15628947130971,0,0,0,DHC_ROLLBACK_TRANSIENT,DHC_ROLLBACK_TRANSIENT_63.dbf",
        "#0:::64,6,DHC_ROLLBACK_TRANSIENT_72_to3afm20_238520_1_1.bkp,0,15628947130971,0,0,0,DHC_ROLLBACK_TRANSIENT,DHC_ROLLBACK_TRANSIENT_64.dbf",
        "#0:::65,6,DHC_ROLLBACK_TRANSIENT_73_tp3afm20_238521_1_1.bkp,0,15628947130971,0,0,0,DHC_ROLLBACK_TRANSIENT,DHC_ROLLBACK_TRANSIENT_65.dbf",
        "#0:::66,6,DHC_ROLLBACK_TRANSIENT_75_tq3afm20_238522_1_1.bkp,0,15628947130971,0,0,0,DHC_ROLLBACK_TRANSIENT,DHC_ROLLBACK_TRANSIENT_66.dbf",
        "#0:::67,6,DHC_ROLLBACK_TRANSIENT_67_tj3afm20_238515_1_1.bkp,0,15628947130971,0,0,0,DHC_ROLLBACK_TRANSIENT,DHC_ROLLBACK_TRANSIENT_67.dbf",
        "#0:::68,6,DHC_ROLLBACK_TRANSIENT_68_tk3afm20_238516_1_1.bkp,0,15628947130971,0,0,0,DHC_ROLLBACK_TRANSIENT,DHC_ROLLBACK_TRANSIENT_68.dbf",
        "#0:::69,6,DHC_ROLLBACK_TRANSIENT_69_tl3afm20_238517_1_1.bkp,0,15628947130971,0,0,0,DHC_ROLLBACK_TRANSIENT,DHC_ROLLBACK_TRANSIENT_69.dbf",
        "#0:::70,6,DHC_ROLLBACK_TRANSIENT_70_tm3afm20_238518_1_1.bkp,0,15628947130971,0,0,0,DHC_ROLLBACK_TRANSIENT,DHC_ROLLBACK_TRANSIENT_70.dbf",
        "#0:::71,6,DHC_ROLLBACK_TRANSIENT_71_tn3afm20_238519_1_1.bkp,0,15628947130971,0,0,0,DHC_ROLLBACK_TRANSIENT,DHC_ROLLBACK_TRANSIENT_71.dbf",
        "#0:::72,6,DHC_ROLLBACK_TRANSIENT_72_to3afm20_238520_1_1.bkp,0,15628947130971,0,0,0,DHC_ROLLBACK_TRANSIENT,DHC_ROLLBACK_TRANSIENT_72.dbf",
        "#0:::73,6,DHC_ROLLBACK_TRANSIENT_73_tp3afm20_238521_1_1.bkp,0,15628947130971,0,0,0,DHC_ROLLBACK_TRANSIENT,DHC_ROLLBACK_TRANSIENT_73.dbf",
        "#0:::74,6,DHC_ROLLBACK_TRANSIENT_77_ti3afm20_238514_1_1.bkp,0,15628947130971,0,0,0,DHC_ROLLBACK_TRANSIENT,DHC_ROLLBACK_TRANSIENT_74.dbf",
        "#0:::75,6,DHC_ROLLBACK_TRANSIENT_75_tq3afm20_238522_1_1.bkp,0,15628947130971,0,0,0,DHC_ROLLBACK_TRANSIENT,DHC_ROLLBACK_TRANSIENT_75.dbf",
        "#0:::76,6,DHC_ROLLBACK_TRANSIENT_78_th3afm20_238513_1_1.bkp,0,15628947130971,0,0,0,DHC_ROLLBACK_TRANSIENT,DHC_ROLLBACK_TRANSIENT_76.dbf",
        "#0:::77,6,DHC_ROLLBACK_TRANSIENT_77_ti3afm20_238514_1_1.bkp,0,15628947130971,0,0,0,DHC_ROLLBACK_TRANSIENT,DHC_ROLLBACK_TRANSIENT_77.dbf",
        "#0:::78,6,DHC_ROLLBACK_TRANSIENT_78_th3afm20_238513_1_1.bkp,0,15628947130971,0,0,0,DHC_ROLLBACK_TRANSIENT,DHC_ROLLBACK_TRANSIENT_78.dbf",
        "#0:::11,6,FUZZY_SEARCH_11_tr3afm2k_238523_1_1.bkp,0,15628947130971,0,0,0,FUZZY_SEARCH,FUZZY_SEARCH_11.dbf",
        "#0:::14,6,OT_SCHD_DATA_14_ts3afm3a_238524_1_1.bkp,0,15628948939451,0,0,0,OT_SCHD_DATA,OT_SCHD_DATA_14.dbf",
        "#0:::39,6,SPMSGBRK_DATA_39_tt3afm3s_238525_1_1.bkp,0,15628948939451,0,0,0,SPMSGBRK_DATA,SPMSGBRK_DATA_39.dbf",
        "#0:::13,6,WEBINT_DATA_13_u13afm4d_238529_1_1.bkp,0,15628948939451,0,0,0,WEBINT_DATA,WEBINT_DATA_13.dbf",
        "#0:::30,6,WEBINT_DATA_30_tu3afm4d_238526_1_1.bkp,0,15628948939451,0,0,0,WEBINT_DATA,WEBINT_DATA_30.dbf",
        "#0:::42,6,WEBINT_DATA_42_u23afm4e_238530_1_1.bkp,0,15628948939451,0,0,0,WEBINT_DATA,WEBINT_DATA_42.dbf",
        "#0:::43,6,WEBINT_DATA_43_tv3afm4d_238527_1_1.bkp,0,15628948939451,0,0,0,WEBINT_DATA,WEBINT_DATA_43.dbf",
        "#0:::54,6,WEBINT_DATA_54_u03afm4d_238528_1_1.bkp,0,15628948939451,0,0,0,WEBINT_DATA,WEBINT_DATA_54.dbf",
        "#1:::19,6,u63ajdbl_238534_1_1,15628947101750,15629041483706,0,0,0,ADAPT_DATA_19.dbf,ADAPT_DATA_19.dbf",
        "#1:::80,6,u83ajdbl_238536_1_1,15628947101750,15629041483706,0,0,0,ADAPT_DATA_80.dbf,ADAPT_DATA_80.dbf",
        "#1:::57,6,u73ajdbl_238535_1_1,15628947101750,15629041483706,0,0,0,ADAPT_DATA_57.dbf,ADAPT_DATA_57.dbf",
        "#1:::56,6,ua3ajdbl_238538_1_1,15628947101750,15629041483706,0,0,0,ADAPT_DATA_56.dbf,ADAPT_DATA_56.dbf",
        "#1:::44,6,u93ajdbl_238537_1_1,15628947101750,15629041483706,0,0,0,ADAPT_DATA_44.dbf,ADAPT_DATA_44.dbf",
        "#1:::24,6,u93ajdbl_238537_1_1,15628947101750,15629041483706,0,0,0,ADAPT_DATA_24.dbf,ADAPT_DATA_24.dbf",
        "#1:::79,6,u93ajdbl_238537_1_1,15628947101750,15629041483706,0,0,0,ADAPT_DATA_79.dbf,ADAPT_DATA_79.dbf",
        "#1:::86,6,u63ajdbl_238534_1_1,15628947101750,15629041483706,0,0,0,ADAPT_DATA_86.dbf,ADAPT_DATA_86.dbf",
        "#1:::65,6,uo3ajdd8_238552_1_1,15628947130971,15629041483706,0,0,0,DHC_ROLLBACK_TRANSIENT_65.dbf,DHC_ROLLBACK_TRANSIENT_65.dbf",
        "#1:::73,6,uo3ajdd8_238552_1_1,15628947130971,15629041483706,0,0,0,DHC_ROLLBACK_TRANSIENT_73.dbf,DHC_ROLLBACK_TRANSIENT_73.dbf",
        "#1:::71,6,um3ajdd8_238550_1_1,15628947130971,15629041483706,0,0,0,DHC_ROLLBACK_TRANSIENT_71.dbf,DHC_ROLLBACK_TRANSIENT_71.dbf",
        "#1:::11,6,uq3ajddh_238554_1_1,15628947130971,15629041483706,0,0,0,FUZZY_SEARCH_11.dbf,FUZZY_SEARCH_11.dbf",
        "#1:::62,6,ul3ajdd8_238549_1_1,15628947130971,15629041483706,0,0,0,DHC_ROLLBACK_TRANSIENT_62.dbf,DHC_ROLLBACK_TRANSIENT_62.dbf",
        "#1:::30,6,ut3ajdea_238557_1_1,15628948939451,15629041483706,0,0,0,WEBINT_DATA_30.dbf,WEBINT_DATA_30.dbf",
        "#1:::13,6,v03ajdea_238560_1_1,15628948939451,15629041483706,0,0,0,WEBINT_DATA_13.dbf,WEBINT_DATA_13.dbf",
        "#1:::68,6,uj3ajdd8_238547_1_1,15628947130971,15629041483706,0,0,0,DHC_ROLLBACK_TRANSIENT_68.dbf,DHC_ROLLBACK_TRANSIENT_68.dbf",
        "#1:::87,6,ub3ajdbl_238539_1_1,15628947101750,15629041483706,0,0,0,ADAPT_DATA_87.dbf,ADAPT_DATA_87.dbf",
        "#1:::78,6,ug3ajdd8_238544_1_1,15628947130971,15629041483706,0,0,0,DHC_ROLLBACK_TRANSIENT_78.dbf,DHC_ROLLBACK_TRANSIENT_78.dbf",
        "#1:::15,6,ua3ajdbl_238538_1_1,15628947101750,15629041483706,0,0,0,ADAPT_DATA_15.dbf,ADAPT_DATA_15.dbf",
        "#1:::72,6,un3ajdd8_238551_1_1,15628947130971,15629041483706,0,0,0,DHC_ROLLBACK_TRANSIENT_72.dbf,DHC_ROLLBACK_TRANSIENT_72.dbf",
        "#1:::20,6,ub3ajdbl_238539_1_1,15628947101750,15629041483706,0,0,0,ADAPT_DATA_20.dbf,ADAPT_DATA_20.dbf",
        "#1:::61,6,uk3ajdd8_238548_1_1,15628947130971,15629041483706,0,0,0,DHC_ROLLBACK_TRANSIENT_61.dbf,DHC_ROLLBACK_TRANSIENT_61.dbf",
        "#1:::12,6,uf3ajdct_238543_1_1,15628947130971,15629041483706,0,0,0,BOISJMSDB_12.dbf,BOISJMSDB_12.dbf",
        "#1:::63,6,um3ajdd8_238550_1_1,15628947130971,15629041483706,0,0,0,DHC_ROLLBACK_TRANSIENT_63.dbf,DHC_ROLLBACK_TRANSIENT_63.dbf",
        "#1:::75,6,up3ajdd8_238553_1_1,15628947130971,15629041483706,0,0,0,DHC_ROLLBACK_TRANSIENT_75.dbf,DHC_ROLLBACK_TRANSIENT_75.dbf",
        "#1:::84,6,u43ajdbl_238532_1_1,15628947101750,15629041483706,0,0,0,ADAPT_DATA_84.dbf,ADAPT_DATA_84.dbf",
        "#1:::18,6,u53ajdbl_238533_1_1,15628947101750,15629041483706,0,0,0,ADAPT_DATA_18.dbf,ADAPT_DATA_18.dbf",
        "#1:::69,6,uk3ajdd8_238548_1_1,15628947130971,15629041483706,0,0,0,DHC_ROLLBACK_TRANSIENT_69.dbf,DHC_ROLLBACK_TRANSIENT_69.dbf",
        "#1:::54,6,uv3ajdea_238559_1_1,15628948939451,15629041483706,0,0,0,WEBINT_DATA_54.dbf,WEBINT_DATA_54.dbf",
        "#1:::46,6,u53ajdbl_238533_1_1,15628947101750,15629041483706,0,0,0,ADAPT_DATA_46.dbf,ADAPT_DATA_46.dbf",
        "#1:::47,6,ub3ajdbl_238539_1_1,15628947101750,15629041483706,0,0,0,ADAPT_DATA_47.dbf,ADAPT_DATA_47.dbf",
        "#1:::9,6,u33ajdba_238531_1_1,15628947101750,15629041483706,0,0,0,ADAPTDOMAIN1_DATA_9.dbf,ADAPTDOMAIN1_DATA_9.dbf",
        "#1:::27,6,u73ajdbl_238535_1_1,15628947101750,15629041483706,0,0,0,ADAPT_DATA_27.dbf,ADAPT_DATA_27.dbf",
        "#1:::14,6,ur3ajddq_238555_1_1,15628948939451,15629041483706,0,0,0,OT_SCHD_DATA_14.dbf,OT_SCHD_DATA_14.dbf",
        "#1:::67,6,ui3ajdd8_238546_1_1,15628947130971,15629041483706,0,0,0,DHC_ROLLBACK_TRANSIENT_67.dbf,DHC_ROLLBACK_TRANSIENT_67.dbf",
        "#1:::82,6,u43ajdbl_238532_1_1,15628947101750,15629041483706,0,0,0,ADAPT_DATA_82.dbf,ADAPT_DATA_82.dbf",
        "#1:::74,6,uh3ajdd8_238545_1_1,15628947130971,15629041483706,0,0,0,DHC_ROLLBACK_TRANSIENT_74.dbf,DHC_ROLLBACK_TRANSIENT_74.dbf",
        "#1:::85,6,u83ajdbl_238536_1_1,15628947101750,15629041483706,0,0,0,ADAPT_DATA_85.dbf,ADAPT_DATA_85.dbf",
        "#1:::7,6,ue3ajdcj_238542_1_1,15628947130971,15629041483706,0,0,0,ADAPT_USERS_7.dbf,ADAPT_USERS_7.dbf",
        "#1:::66,6,up3ajdd8_238553_1_1,15628947130971,15629041483706,0,0,0,DHC_ROLLBACK_TRANSIENT_66.dbf,DHC_ROLLBACK_TRANSIENT_66.dbf",
        "#1:::23,6,u73ajdbl_238535_1_1,15628947101750,15629041483706,0,0,0,ADAPT_DATA_23.dbf,ADAPT_DATA_23.dbf",
        "#1:::55,6,ud3ajdcj_238541_1_1,15628947130971,15629041483706,0,0,0,ADAPT_USERS_55.dbf,ADAPT_USERS_55.dbf",
        "#1:::35,6,uc3ajdcc_238540_1_1,15628947130971,15629041483706,0,0,0,ADAPTINTOUCH_35.dbf,ADAPTINTOUCH_35.dbf",
        "#1:::43,6,uu3ajdea_238558_1_1,15628948939451,15629041483706,0,0,0,WEBINT_DATA_43.dbf,WEBINT_DATA_43.dbf",
        "#1:::21,6,u63ajdbl_238534_1_1,15628947101750,15629041483706,0,0,0,ADAPT_DATA_21.dbf,ADAPT_DATA_21.dbf",
        "#1:::60,6,uj3ajdd8_238547_1_1,15628947130971,15629041483706,0,0,0,DHC_ROLLBACK_TRANSIENT_60.dbf,DHC_ROLLBACK_TRANSIENT_60.dbf",
        "#1:::32,6,u83ajdbl_238536_1_1,15628947101750,15629041483706,0,0,0,ADAPT_DATA_32.dbf,ADAPT_DATA_32.dbf",
        "#1:::42,6,v13ajdea_238561_1_1,15628948939451,15629041483706,0,0,0,WEBINT_DATA_42.dbf,WEBINT_DATA_42.dbf",
        "#1:::48,6,u53ajdbl_238533_1_1,15628947101750,15629041483706,0,0,0,ADAPT_DATA_48.dbf,ADAPT_DATA_48.dbf",
        "#1:::22,6,ub3ajdbl_238539_1_1,15628947101750,15629041483706,0,0,0,ADAPT_DATA_22.dbf,ADAPT_DATA_22.dbf",
        "#1:::70,6,ul3ajdd8_238549_1_1,15628947130971,15629041483706,0,0,0,DHC_ROLLBACK_TRANSIENT_70.dbf,DHC_ROLLBACK_TRANSIENT_70.dbf",
        "#1:::45,6,u93ajdbl_238537_1_1,15628947101750,15629041483706,0,0,0,ADAPT_DATA_45.dbf,ADAPT_DATA_45.dbf",
        "#1:::51,6,u63ajdbl_238534_1_1,15628947101750,15629041483706,0,0,0,ADAPT_DATA_51.dbf,ADAPT_DATA_51.dbf",
        "#1:::31,6,u43ajdbl_238532_1_1,15628947101750,15629041483706,0,0,0,ADAPT_DATA_31.dbf,ADAPT_DATA_31.dbf",
        "#1:::25,6,u83ajdbl_238536_1_1,15628947101750,15629041483706,0,0,0,ADAPT_DATA_25.dbf,ADAPT_DATA_25.dbf",
        "#1:::83,6,u73ajdbl_238535_1_1,15628947101750,15629041483706,0,0,0,ADAPT_DATA_83.dbf,ADAPT_DATA_83.dbf",
        "#1:::6,6,u43ajdbl_238532_1_1,15628947101750,15629041483706,0,0,0,ADAPT_DATA_6.dbf,ADAPT_DATA_6.dbf",
        "#1:::76,6,ug3ajdd8_238544_1_1,15628947130971,15629041483706,0,0,0,DHC_ROLLBACK_TRANSIENT_76.dbf,DHC_ROLLBACK_TRANSIENT_76.dbf",
        "#1:::17,6,ua3ajdbl_238538_1_1,15628947101750,15629041483706,0,0,0,ADAPT_DATA_17.dbf,ADAPT_DATA_17.dbf",
        "#1:::64,6,un3ajdd8_238551_1_1,15628947130971,15629041483706,0,0,0,DHC_ROLLBACK_TRANSIENT_64.dbf,DHC_ROLLBACK_TRANSIENT_64.dbf",
        "#1:::81,6,ua3ajdbl_238538_1_1,15628947101750,15629041483706,0,0,0,ADAPT_DATA_81.dbf,ADAPT_DATA_81.dbf",
        "#1:::59,6,ui3ajdd8_238546_1_1,15628947130971,15629041483706,0,0,0,DHC_ROLLBACK_TRANSIENT_59.dbf,DHC_ROLLBACK_TRANSIENT_59.dbf",
        "#1:::39,6,us3ajde2_238556_1_1,15628948939451,15629041483706,0,0,0,SPMSGBRK_DATA_39.dbf,SPMSGBRK_DATA_39.dbf",
        "#1:::16,6,u53ajdbl_238533_1_1,15628947101750,15629041483706,0,0,0,ADAPT_DATA_16.dbf,ADAPT_DATA_16.dbf",
        "#1:::77,6,uh3ajdd8_238545_1_1,15628947130971,15629041483706,0,0,0,DHC_ROLLBACK_TRANSIENT_77.dbf,DHC_ROLLBACK_TRANSIENT_77.dbf"
    ]
}

TASK [level_1_backup : Do a level 1 backup on hrmaxpd2035.emea.hays.loc _raw_params=export TMPDIR={{ source_xtts_scripts_dir }}
export ORACLE_SID={{ source_oracle_sid }}
export ORACLE_HOME={{ source_oracle_home }}
export NLS_LANG={{ nls_lang }}
cd {{ source_xtts_scripts_dir }}
{{ source_oracle_home }}/perl/bin/perl xttdriver.pl --backup
] ***
Thursday 21 November 2024  09:03:59 +0000 (0:00:00.035)       0:00:31.416 ***** 
[WARNING]: Using world-readable permissions for temporary files Ansible needs
to create when becoming an unprivileged user. This may be insecure. For
information on securing this, see
https://docs.ansible.com/ansible/become.html#becoming-an-unprivileged-user
changed: [10.190.17.156]

TASK [level_1_backup : Wait for the level 1 backup job to finish jid={{ backup_async_job.ansible_job_id }}] ***
Thursday 21 November 2024  09:04:05 +0000 (0:00:05.830)       0:00:37.247 ***** 
[WARNING]: Using world-readable permissions for temporary files Ansible needs
to create when becoming an unprivileged user. This may be insecure. For
information on securing this, see
https://docs.ansible.com/ansible/become.html#becoming-an-unprivileged-user
FAILED - RETRYING: Wait for the level 1 backup job to finish (20160 retries left).
FAILED - RETRYING: Wait for the level 1 backup job to finish (20159 retries left).
FAILED - RETRYING: Wait for the level 1 backup job to finish (20158 retries left).
FAILED - RETRYING: Wait for the level 1 backup job to finish (20157 retries left).
changed: [10.190.17.156]

TASK [level_1_backup : Validate if the level 1 backup has been completed successfully msg={{ backup_out.stdout_lines }}] ***
Thursday 21 November 2024  09:06:30 +0000 (0:02:24.677)       0:03:01.924 ***** 
ok: [10.190.17.156] => {
    "msg": [
        "============================================================",
        "trace file is /home/oracle/version1/ADRW9PD_xtts/backup_Nov21_Thu_09_04_05_56//Nov21_Thu_09_04_05_56_.log",
        "=============================================================",
        "",
        "--------------------------------------------------------------------",
        "Parsing properties",
        "--------------------------------------------------------------------",
        "",
        "",
        "--------------------------------------------------------------------",
        "Done parsing properties",
        "--------------------------------------------------------------------",
        "",
        "",
        "--------------------------------------------------------------------",
        "Checking properties",
        "--------------------------------------------------------------------",
        "",
        "",
        "--------------------------------------------------------------------",
        "Maximum 8 files will be fetched in parallel",
        "--------------------------------------------------------------------",
        "",
        "",
        "--------------------------------------------------------------------",
        "Done checking properties",
        "--------------------------------------------------------------------",
        "",
        "",
        "--------------------------------------------------------------------",
        "Backup incremental",
        "--------------------------------------------------------------------",
        "",
        "scalar(or10",
        "XXX: adding here for 2, 0, ADAPTDOMAIN1_DATA,ADAPT_DATA,ADAPTINTOUCH,ADAPT_USERS,BOISJMSDB,DHC_ROLLBACK_TRANSIENT,FUZZY_SEARCH,OT_SCHD_DATA,SPMSGBRK_DATA,WEBINT_DATA",
        "Prepare newscn for Tablespaces: 'ADAPTDOMAIN1_DATA'",
        "Prepare newscn for Tablespaces: 'ADAPT_DATA'",
        "Prepare newscn for Tablespaces: 'ADAPTINTOUCH'",
        "Prepare newscn for Tablespaces: 'ADAPT_USERS'",
        "Prepare newscn for Tablespaces: 'BOISJMSDB'",
        "Prepare newscn for Tablespaces: 'DHC_ROLLBACK_TRANSIENT'",
        "Prepare newscn for Tablespaces: 'FUZZY_SEARCH'",
        "Prepare newscn for Tablespaces: 'OT_SCHD_DATA'",
        "Prepare newscn for Tablespaces: 'SPMSGBRK_DATA'",
        "Prepare newscn for Tablespaces: 'WEBINT_DATA'",
        "",
        "--------------------------------------------------------------------",
        "Starting incremental backup",
        "--------------------------------------------------------------------",
        "",
        "",
        "--------------------------------------------------------------------",
        "Done backing up incrementals",
        "--------------------------------------------------------------------",
        "",
        "Prepare newscn for Tablespaces: 'ADAPTDOMAIN1_DATA'",
        "Prepare newscn for Tablespaces: 'ADAPT_DATA'",
        "Prepare newscn for Tablespaces: 'ADAPTINTOUCH'",
        "Prepare newscn for Tablespaces: 'ADAPT_USERS'",
        "Prepare newscn for Tablespaces: 'BOISJMSDB'",
        "Prepare newscn for Tablespaces: 'DHC_ROLLBACK_TRANSIENT'",
        "Prepare newscn for Tablespaces: 'FUZZY_SEARCH'",
        "Prepare newscn for Tablespaces: 'OT_SCHD_DATA'",
        "Prepare newscn for Tablespaces: 'SPMSGBRK_DATA'",
        "Prepare newscn for Tablespaces: 'WEBINT_DATA'",
        "New /home/oracle/version1/ADRW9PD_xtts/xttplan.txt with FROM SCN's generated"
    ]
}

PLAY [transfer the level_1 backups to the /mnt/foaexaukl1pdfss01/xtts_backup/version1/BRPD_xtts_scratch] ***

PLAY [do level 1 restore on foaukl1pddb-4kxck1.otchukl1pdexcl.otchukl1pdvcn01.oraclevcn.com] ***

PLAY RECAP *********************************************************************
10.190.17.156              : ok=7    changed=3    unreachable=0    failed=0    skipped=2    rescued=0    ignored=0   

Thursday 21 November 2024  09:06:30 +0000 (0:00:00.034)       0:03:01.958 ***** 
=============================================================================== 
level_1_backup : Wait for the level 1 backup job to finish ------------ 144.68s
Gathering Facts -------------------------------------------------------- 20.80s
level_1_backup : Do a level 1 backup on hrmaxpd2035.emea.hays.loc ------- 5.83s
level_1_backup : shell -------------------------------------------------- 5.35s
level_1_backup : first check if res.txt exists on /home/oracle/version1/ADRW9PD_xtts --- 5.13s
level_1_backup : debug -------------------------------------------------- 0.04s
level_1_backup : Validate if the level 1 backup has been completed successfully --- 0.03s
level_1_backup : fail --------------------------------------------------- 0.03s
level_1_backup : fail --------------------------------------------------- 0.03s
