nohup: ignoring input

PLAY [do level 1 backup on hrmaxpd2035.emea.hays.loc] **************************

TASK [Gathering Facts gather_subset=['all'], gather_timeout=10] ****************
Wednesday 20 November 2024  09:04:52 +0000 (0:00:00.044)       0:00:00.044 **** 
[WARNING]: Using world-readable permissions for temporary files Ansible needs
to create when becoming an unprivileged user. This may be insecure. For
information on securing this, see
https://docs.ansible.com/ansible/become.html#becoming-an-unprivileged-user
[WARNING]: Platform aix on host 10.190.17.156 is using the discovered Python
interpreter at /usr/bin/python, but future installation of another Python
interpreter could change this. See https://docs.ansible.com/ansible/2.9/referen
ce_appendices/interpreter_discovery.html for more information.
ok: [10.190.17.156]

TASK [level_1_backup : first check if res.txt exists on /home/oracle/version1/ADRW9PD_xtts path={{source_xtts_scripts_dir}}/res.txt] ***
Wednesday 20 November 2024  09:05:16 +0000 (0:00:23.729)       0:00:23.774 **** 
[WARNING]: Using world-readable permissions for temporary files Ansible needs
to create when becoming an unprivileged user. This may be insecure. For
information on securing this, see
https://docs.ansible.com/ansible/become.html#becoming-an-unprivileged-user
ok: [10.190.17.156]

TASK [level_1_backup : fail msg=res.txt file not found. Investigate if level 0 backup has been taken successfully before] ***
Wednesday 20 November 2024  09:05:22 +0000 (0:00:05.744)       0:00:29.518 **** 
skipping: [10.190.17.156]

TASK [level_1_backup : fail msg=res.txt file is empty. Investigate if level 0 backup has been taken successfully before] ***
Wednesday 20 November 2024  09:05:22 +0000 (0:00:00.026)       0:00:29.545 **** 
skipping: [10.190.17.156]

TASK [level_1_backup : shell _raw_params=cat {{source_xtts_scripts_dir}}/res.txt] ***
Wednesday 20 November 2024  09:05:22 +0000 (0:00:00.026)       0:00:29.571 **** 
[WARNING]: Using world-readable permissions for temporary files Ansible needs
to create when becoming an unprivileged user. This may be insecure. For
information on securing this, see
https://docs.ansible.com/ansible/become.html#becoming-an-unprivileged-user
changed: [10.190.17.156]

TASK [level_1_backup : debug msg={{cat_out.stdout_lines}}] *********************
Wednesday 20 November 2024  09:05:27 +0000 (0:00:05.326)       0:00:34.898 **** 
ok: [10.190.17.156] => {
    "msg": [
        "#0:::9,6,ADAPTDOMAIN1_DATA_9_t43afli6_238500_1_1.bkp,0,15628947101750,0,0,0,ADAPTDOMAIN1_DATA,ADAPTDOMAIN1_DATA_9.dbf",
        "#0:::6,6,ADAPT_DATA_82_t53afliv_238501_1_1.bkp,0,15628947101750,0,0,0,ADAPT_DATA,ADAPT_DATA_6.dbf",
        "#0:::15,6,ADAPT_DATA_56_tb3afliv_238507_1_1.bkp,0,15628947101750,0,0,0,ADAPT_DATA,ADAPT_DATA_15.dbf",
        "#0:::16,6,ADAPT_DATA_48_t63afliv_238502_1_1.bkp,0,15628947101750,0,0,0,ADAPT_DATA,ADAPT_DATA_16.dbf",
        "#0:::17,6,ADAPT_DATA_56_tb3afliv_238507_1_1.bkp,0,15628947101750,0,0,0,ADAPT_DATA,ADAPT_DATA_17.dbf",
        "#0:::18,6,ADAPT_DATA_48_t63afliv_238502_1_1.bkp,0,15628947101750,0,0,0,ADAPT_DATA,ADAPT_DATA_18.dbf",
        "#0:::19,6,ADAPT_DATA_51_t73afliv_238503_1_1.bkp,0,15628947101750,0,0,0,ADAPT_DATA,ADAPT_DATA_19.dbf",
        "#0:::20,6,ADAPT_DATA_87_tc3afliv_238508_1_1.bkp,0,15628947101750,0,0,0,ADAPT_DATA,ADAPT_DATA_20.dbf",
        "#0:::21,6,ADAPT_DATA_51_t73afliv_238503_1_1.bkp,0,15628947101750,0,0,0,ADAPT_DATA,ADAPT_DATA_21.dbf",
        "#0:::22,6,ADAPT_DATA_87_tc3afliv_238508_1_1.bkp,0,15628947101750,0,0,0,ADAPT_DATA,ADAPT_DATA_22.dbf",
        "#0:::23,6,ADAPT_DATA_57_t83afliv_238504_1_1.bkp,0,15628947101750,0,0,0,ADAPT_DATA,ADAPT_DATA_23.dbf",
        "#0:::24,6,ADAPT_DATA_79_ta3afliv_238506_1_1.bkp,0,15628947101750,0,0,0,ADAPT_DATA,ADAPT_DATA_24.dbf",
        "#0:::25,6,ADAPT_DATA_80_t93afliv_238505_1_1.bkp,0,15628947101750,0,0,0,ADAPT_DATA,ADAPT_DATA_25.dbf",
        "#0:::27,6,ADAPT_DATA_57_t83afliv_238504_1_1.bkp,0,15628947101750,0,0,0,ADAPT_DATA,ADAPT_DATA_27.dbf",
        "#0:::31,6,ADAPT_DATA_82_t53afliv_238501_1_1.bkp,0,15628947101750,0,0,0,ADAPT_DATA,ADAPT_DATA_31.dbf",
        "#0:::32,6,ADAPT_DATA_80_t93afliv_238505_1_1.bkp,0,15628947101750,0,0,0,ADAPT_DATA,ADAPT_DATA_32.dbf",
        "#0:::44,6,ADAPT_DATA_79_ta3afliv_238506_1_1.bkp,0,15628947101750,0,0,0,ADAPT_DATA,ADAPT_DATA_44.dbf",
        "#0:::45,6,ADAPT_DATA_79_ta3afliv_238506_1_1.bkp,0,15628947101750,0,0,0,ADAPT_DATA,ADAPT_DATA_45.dbf",
        "#0:::46,6,ADAPT_DATA_48_t63afliv_238502_1_1.bkp,0,15628947101750,0,0,0,ADAPT_DATA,ADAPT_DATA_46.dbf",
        "#0:::47,6,ADAPT_DATA_87_tc3afliv_238508_1_1.bkp,0,15628947101750,0,0,0,ADAPT_DATA,ADAPT_DATA_47.dbf",
        "#0:::48,6,ADAPT_DATA_48_t63afliv_238502_1_1.bkp,0,15628947101750,0,0,0,ADAPT_DATA,ADAPT_DATA_48.dbf",
        "#0:::51,6,ADAPT_DATA_51_t73afliv_238503_1_1.bkp,0,15628947101750,0,0,0,ADAPT_DATA,ADAPT_DATA_51.dbf",
        "#0:::56,6,ADAPT_DATA_56_tb3afliv_238507_1_1.bkp,0,15628947101750,0,0,0,ADAPT_DATA,ADAPT_DATA_56.dbf",
        "#0:::57,6,ADAPT_DATA_57_t83afliv_238504_1_1.bkp,0,15628947101750,0,0,0,ADAPT_DATA,ADAPT_DATA_57.dbf",
        "#0:::79,6,ADAPT_DATA_79_ta3afliv_238506_1_1.bkp,0,15628947101750,0,0,0,ADAPT_DATA,ADAPT_DATA_79.dbf",
        "#0:::80,6,ADAPT_DATA_80_t93afliv_238505_1_1.bkp,0,15628947101750,0,0,0,ADAPT_DATA,ADAPT_DATA_80.dbf",
        "#0:::81,6,ADAPT_DATA_56_tb3afliv_238507_1_1.bkp,0,15628947101750,0,0,0,ADAPT_DATA,ADAPT_DATA_81.dbf",
        "#0:::82,6,ADAPT_DATA_82_t53afliv_238501_1_1.bkp,0,15628947101750,0,0,0,ADAPT_DATA,ADAPT_DATA_82.dbf",
        "#0:::83,6,ADAPT_DATA_57_t83afliv_238504_1_1.bkp,0,15628947101750,0,0,0,ADAPT_DATA,ADAPT_DATA_83.dbf",
        "#0:::84,6,ADAPT_DATA_82_t53afliv_238501_1_1.bkp,0,15628947101750,0,0,0,ADAPT_DATA,ADAPT_DATA_84.dbf",
        "#0:::85,6,ADAPT_DATA_80_t93afliv_238505_1_1.bkp,0,15628947101750,0,0,0,ADAPT_DATA,ADAPT_DATA_85.dbf",
        "#0:::86,6,ADAPT_DATA_51_t73afliv_238503_1_1.bkp,0,15628947101750,0,0,0,ADAPT_DATA,ADAPT_DATA_86.dbf",
        "#0:::87,6,ADAPT_DATA_87_tc3afliv_238508_1_1.bkp,0,15628947101750,0,0,0,ADAPT_DATA,ADAPT_DATA_87.dbf",
        "#0:::35,6,ADAPTINTOUCH_35_td3afm0e_238509_1_1.bkp,0,15628947130971,0,0,0,ADAPTINTOUCH,ADAPTINTOUCH_35.dbf",
        "#0:::7,6,ADAPT_USERS_7_tf3afm0u_238511_1_1.bkp,0,15628947130971,0,0,0,ADAPT_USERS,ADAPT_USERS_7.dbf",
        "#0:::55,6,ADAPT_USERS_55_te3afm0u_238510_1_1.bkp,0,15628947130971,0,0,0,ADAPT_USERS,ADAPT_USERS_55.dbf",
        "#0:::12,6,BOISJMSDB_12_tg3afm1e_238512_1_1.bkp,0,15628947130971,0,0,0,BOISJMSDB,BOISJMSDB_12.dbf",
        "#0:::59,6,DHC_ROLLBACK_TRANSIENT_67_tj3afm20_238515_1_1.bkp,0,15628947130971,0,0,0,DHC_ROLLBACK_TRANSIENT,DHC_ROLLBACK_TRANSIENT_59.dbf",
        "#0:::60,6,DHC_ROLLBACK_TRANSIENT_68_tk3afm20_238516_1_1.bkp,0,15628947130971,0,0,0,DHC_ROLLBACK_TRANSIENT,DHC_ROLLBACK_TRANSIENT_60.dbf",
        "#0:::61,6,DHC_ROLLBACK_TRANSIENT_69_tl3afm20_238517_1_1.bkp,0,15628947130971,0,0,0,DHC_ROLLBACK_TRANSIENT,DHC_ROLLBACK_TRANSIENT_61.dbf",
        "#0:::62,6,DHC_ROLLBACK_TRANSIENT_70_tm3afm20_238518_1_1.bkp,0,15628947130971,0,0,0,DHC_ROLLBACK_TRANSIENT,DHC_ROLLBACK_TRANSIENT_62.dbf",
        "#0:::63,6,DHC_ROLLBACK_TRANSIENT_71_tn3afm20_238519_1_1.bkp,0,15628947130971,0,0,0,DHC_ROLLBACK_TRANSIENT,DHC_ROLLBACK_TRANSIENT_63.dbf",
        "#0:::64,6,DHC_ROLLBACK_TRANSIENT_72_to3afm20_238520_1_1.bkp,0,15628947130971,0,0,0,DHC_ROLLBACK_TRANSIENT,DHC_ROLLBACK_TRANSIENT_64.dbf",
        "#0:::65,6,DHC_ROLLBACK_TRANSIENT_73_tp3afm20_238521_1_1.bkp,0,15628947130971,0,0,0,DHC_ROLLBACK_TRANSIENT,DHC_ROLLBACK_TRANSIENT_65.dbf",
        "#0:::66,6,DHC_ROLLBACK_TRANSIENT_75_tq3afm20_238522_1_1.bkp,0,15628947130971,0,0,0,DHC_ROLLBACK_TRANSIENT,DHC_ROLLBACK_TRANSIENT_66.dbf",
        "#0:::67,6,DHC_ROLLBACK_TRANSIENT_67_tj3afm20_238515_1_1.bkp,0,15628947130971,0,0,0,DHC_ROLLBACK_TRANSIENT,DHC_ROLLBACK_TRANSIENT_67.dbf",
        "#0:::68,6,DHC_ROLLBACK_TRANSIENT_68_tk3afm20_238516_1_1.bkp,0,15628947130971,0,0,0,DHC_ROLLBACK_TRANSIENT,DHC_ROLLBACK_TRANSIENT_68.dbf",
        "#0:::69,6,DHC_ROLLBACK_TRANSIENT_69_tl3afm20_238517_1_1.bkp,0,15628947130971,0,0,0,DHC_ROLLBACK_TRANSIENT,DHC_ROLLBACK_TRANSIENT_69.dbf",
        "#0:::70,6,DHC_ROLLBACK_TRANSIENT_70_tm3afm20_238518_1_1.bkp,0,15628947130971,0,0,0,DHC_ROLLBACK_TRANSIENT,DHC_ROLLBACK_TRANSIENT_70.dbf",
        "#0:::71,6,DHC_ROLLBACK_TRANSIENT_71_tn3afm20_238519_1_1.bkp,0,15628947130971,0,0,0,DHC_ROLLBACK_TRANSIENT,DHC_ROLLBACK_TRANSIENT_71.dbf",
        "#0:::72,6,DHC_ROLLBACK_TRANSIENT_72_to3afm20_238520_1_1.bkp,0,15628947130971,0,0,0,DHC_ROLLBACK_TRANSIENT,DHC_ROLLBACK_TRANSIENT_72.dbf",
        "#0:::73,6,DHC_ROLLBACK_TRANSIENT_73_tp3afm20_238521_1_1.bkp,0,15628947130971,0,0,0,DHC_ROLLBACK_TRANSIENT,DHC_ROLLBACK_TRANSIENT_73.dbf",
        "#0:::74,6,DHC_ROLLBACK_TRANSIENT_77_ti3afm20_238514_1_1.bkp,0,15628947130971,0,0,0,DHC_ROLLBACK_TRANSIENT,DHC_ROLLBACK_TRANSIENT_74.dbf",
        "#0:::75,6,DHC_ROLLBACK_TRANSIENT_75_tq3afm20_238522_1_1.bkp,0,15628947130971,0,0,0,DHC_ROLLBACK_TRANSIENT,DHC_ROLLBACK_TRANSIENT_75.dbf",
        "#0:::76,6,DHC_ROLLBACK_TRANSIENT_78_th3afm20_238513_1_1.bkp,0,15628947130971,0,0,0,DHC_ROLLBACK_TRANSIENT,DHC_ROLLBACK_TRANSIENT_76.dbf",
        "#0:::77,6,DHC_ROLLBACK_TRANSIENT_77_ti3afm20_238514_1_1.bkp,0,15628947130971,0,0,0,DHC_ROLLBACK_TRANSIENT,DHC_ROLLBACK_TRANSIENT_77.dbf",
        "#0:::78,6,DHC_ROLLBACK_TRANSIENT_78_th3afm20_238513_1_1.bkp,0,15628947130971,0,0,0,DHC_ROLLBACK_TRANSIENT,DHC_ROLLBACK_TRANSIENT_78.dbf",
        "#0:::11,6,FUZZY_SEARCH_11_tr3afm2k_238523_1_1.bkp,0,15628947130971,0,0,0,FUZZY_SEARCH,FUZZY_SEARCH_11.dbf",
        "#0:::14,6,OT_SCHD_DATA_14_ts3afm3a_238524_1_1.bkp,0,15628948939451,0,0,0,OT_SCHD_DATA,OT_SCHD_DATA_14.dbf",
        "#0:::39,6,SPMSGBRK_DATA_39_tt3afm3s_238525_1_1.bkp,0,15628948939451,0,0,0,SPMSGBRK_DATA,SPMSGBRK_DATA_39.dbf",
        "#0:::13,6,WEBINT_DATA_13_u13afm4d_238529_1_1.bkp,0,15628948939451,0,0,0,WEBINT_DATA,WEBINT_DATA_13.dbf",
        "#0:::30,6,WEBINT_DATA_30_tu3afm4d_238526_1_1.bkp,0,15628948939451,0,0,0,WEBINT_DATA,WEBINT_DATA_30.dbf",
        "#0:::42,6,WEBINT_DATA_42_u23afm4e_238530_1_1.bkp,0,15628948939451,0,0,0,WEBINT_DATA,WEBINT_DATA_42.dbf",
        "#0:::43,6,WEBINT_DATA_43_tv3afm4d_238527_1_1.bkp,0,15628948939451,0,0,0,WEBINT_DATA,WEBINT_DATA_43.dbf",
        "#0:::54,6,WEBINT_DATA_54_u03afm4d_238528_1_1.bkp,0,15628948939451,0,0,0,WEBINT_DATA,WEBINT_DATA_54.dbf"
    ]
}

TASK [level_1_backup : Do a level 1 backup on hrmaxpd2035.emea.hays.loc _raw_params=export TMPDIR={{ source_xtts_scripts_dir }}
export ORACLE_SID={{ source_oracle_sid }}
export ORACLE_HOME={{ source_oracle_home }}
export NLS_LANG={{ nls_lang }}
cd {{ source_xtts_scripts_dir }}
{{ source_oracle_home }}/perl/bin/perl xttdriver.pl --backup
] ***
Wednesday 20 November 2024  09:05:27 +0000 (0:00:00.032)       0:00:34.931 **** 
[WARNING]: Using world-readable permissions for temporary files Ansible needs
to create when becoming an unprivileged user. This may be insecure. For
information on securing this, see
https://docs.ansible.com/ansible/become.html#becoming-an-unprivileged-user
changed: [10.190.17.156]

TASK [level_1_backup : Wait for the level 1 backup job to finish jid={{ backup_async_job.ansible_job_id }}] ***
Wednesday 20 November 2024  09:05:32 +0000 (0:00:05.497)       0:00:40.428 **** 
[WARNING]: Using world-readable permissions for temporary files Ansible needs
to create when becoming an unprivileged user. This may be insecure. For
information on securing this, see
https://docs.ansible.com/ansible/become.html#becoming-an-unprivileged-user
FAILED - RETRYING: Wait for the level 1 backup job to finish (20160 retries left).
FAILED - RETRYING: Wait for the level 1 backup job to finish (20159 retries left).
FAILED - RETRYING: Wait for the level 1 backup job to finish (20158 retries left).
FAILED - RETRYING: Wait for the level 1 backup job to finish (20157 retries left).
changed: [10.190.17.156]

TASK [level_1_backup : Validate if the level 1 backup has been completed successfully msg={{ backup_out.stdout_lines }}] ***
Wednesday 20 November 2024  09:07:58 +0000 (0:02:25.725)       0:03:06.154 **** 
ok: [10.190.17.156] => {
    "msg": [
        "============================================================",
        "trace file is /home/oracle/version1/ADRW9PD_xtts/backup_Nov20_Wed_09_05_33_318//Nov20_Wed_09_05_33_318_.log",
        "=============================================================",
        "",
        "--------------------------------------------------------------------",
        "Parsing properties",
        "--------------------------------------------------------------------",
        "",
        "",
        "--------------------------------------------------------------------",
        "Done parsing properties",
        "--------------------------------------------------------------------",
        "",
        "",
        "--------------------------------------------------------------------",
        "Checking properties",
        "--------------------------------------------------------------------",
        "",
        "",
        "--------------------------------------------------------------------",
        "Maximum 8 files will be fetched in parallel",
        "--------------------------------------------------------------------",
        "",
        "",
        "--------------------------------------------------------------------",
        "Done checking properties",
        "--------------------------------------------------------------------",
        "",
        "",
        "--------------------------------------------------------------------",
        "Backup incremental",
        "--------------------------------------------------------------------",
        "",
        "scalar(or10",
        "XXX: adding here for 2, 0, ADAPTDOMAIN1_DATA,ADAPT_DATA,ADAPTINTOUCH,ADAPT_USERS,BOISJMSDB,DHC_ROLLBACK_TRANSIENT,FUZZY_SEARCH,OT_SCHD_DATA,SPMSGBRK_DATA,WEBINT_DATA",
        "Prepare newscn for Tablespaces: 'ADAPTDOMAIN1_DATA'",
        "Prepare newscn for Tablespaces: 'ADAPT_DATA'",
        "Prepare newscn for Tablespaces: 'ADAPTINTOUCH'",
        "Prepare newscn for Tablespaces: 'ADAPT_USERS'",
        "Prepare newscn for Tablespaces: 'BOISJMSDB'",
        "Prepare newscn for Tablespaces: 'DHC_ROLLBACK_TRANSIENT'",
        "Prepare newscn for Tablespaces: 'FUZZY_SEARCH'",
        "Prepare newscn for Tablespaces: 'OT_SCHD_DATA'",
        "Prepare newscn for Tablespaces: 'SPMSGBRK_DATA'",
        "Prepare newscn for Tablespaces: 'WEBINT_DATA'",
        "",
        "--------------------------------------------------------------------",
        "Starting incremental backup",
        "--------------------------------------------------------------------",
        "",
        "",
        "--------------------------------------------------------------------",
        "Done backing up incrementals",
        "--------------------------------------------------------------------",
        "",
        "Prepare newscn for Tablespaces: 'ADAPTDOMAIN1_DATA'",
        "Prepare newscn for Tablespaces: 'ADAPT_DATA'",
        "Prepare newscn for Tablespaces: 'ADAPTINTOUCH'",
        "Prepare newscn for Tablespaces: 'ADAPT_USERS'",
        "Prepare newscn for Tablespaces: 'BOISJMSDB'",
        "Prepare newscn for Tablespaces: 'DHC_ROLLBACK_TRANSIENT'",
        "Prepare newscn for Tablespaces: 'FUZZY_SEARCH'",
        "Prepare newscn for Tablespaces: 'OT_SCHD_DATA'",
        "Prepare newscn for Tablespaces: 'SPMSGBRK_DATA'",
        "Prepare newscn for Tablespaces: 'WEBINT_DATA'",
        "New /home/oracle/version1/ADRW9PD_xtts/xttplan.txt with FROM SCN's generated"
    ]
}

PLAY [transfer the level_1 backups to the /mnt/foaexaukl1pdfss01/xtts_backup/version1/BRPD_xtts_scratch] ***

PLAY [do level 1 restore on foaukl1pddb-4kxck1.otchukl1pdexcl.otchukl1pdvcn01.oraclevcn.com] ***

PLAY RECAP *********************************************************************
10.190.17.156              : ok=7    changed=3    unreachable=0    failed=0    skipped=2    rescued=0    ignored=0   

Wednesday 20 November 2024  09:07:58 +0000 (0:00:00.031)       0:03:06.186 **** 
=============================================================================== 
level_1_backup : Wait for the level 1 backup job to finish ------------ 145.73s
Gathering Facts -------------------------------------------------------- 23.73s
level_1_backup : first check if res.txt exists on /home/oracle/version1/ADRW9PD_xtts --- 5.74s
level_1_backup : Do a level 1 backup on hrmaxpd2035.emea.hays.loc ------- 5.50s
level_1_backup : shell -------------------------------------------------- 5.33s
level_1_backup : debug -------------------------------------------------- 0.03s
level_1_backup : Validate if the level 1 backup has been completed successfully --- 0.03s
level_1_backup : fail --------------------------------------------------- 0.03s
level_1_backup : fail --------------------------------------------------- 0.03s
