nohup: ignoring input

PLAY [do the final incremental backup on hrmaxpd2035.emea.hays.loc] ************

PLAY [do the  metadata export on hrmaxpd2035.emea.hays.loc] ********************

TASK [Gathering Facts gather_subset=['all'], gather_timeout=10] ****************
Saturday 23 November 2024  06:32:22 +0000 (0:00:00.065)       0:00:00.065 ***** 
[WARNING]: Using world-readable permissions for temporary files Ansible needs
to create when becoming an unprivileged user. This may be insecure. For
information on securing this, see
https://docs.ansible.com/ansible/become.html#becoming-an-unprivileged-user
[WARNING]: Platform aix on host 10.190.17.156 is using the discovered Python
interpreter at /usr/bin/python, but future installation of another Python
interpreter could change this. See https://docs.ansible.com/ansible/2.9/referen
ce_appendices/interpreter_discovery.html for more information.
ok: [10.190.17.156]

TASK [meta_export : create data pump directory XTTS_DUMP and grant permission to system user on XTTS_DUMP _raw_params=export ORACLE_SID={{source_oracle_sid}}
export ORACLE_HOME={{source_oracle_home}}
printf "SET PAGESIZE 0 VERIFY OFF HEADING OFF ECHO OFF\n CREATE OR REPLACE DIRECTORY {{dump_dir}} as '{{source_dp_dir}}';" | {{ source_oracle_home }}/bin/sqlplus -s {{source_conn_str}} as sysdba  
printf "SET PAGESIZE 0 VERIFY OFF HEADING OFF ECHO OFF\n grant read, write on directory {{dump_dir}} to {{ source_system_user }};" | {{ source_oracle_home }}/bin/sqlplus -s {{source_conn_str}} as sysdba  
] ***
Saturday 23 November 2024  06:32:47 +0000 (0:00:25.265)       0:00:25.331 ***** 
[WARNING]: Using world-readable permissions for temporary files Ansible needs
to create when becoming an unprivileged user. This may be insecure. For
information on securing this, see
https://docs.ansible.com/ansible/become.html#becoming-an-unprivileged-user
changed: [10.190.17.156]

TASK [meta_export : debug msg={{dir_out.stdout_lines}}] ************************
Saturday 23 November 2024  06:32:53 +0000 (0:00:05.935)       0:00:31.266 ***** 
ok: [10.190.17.156] => {
    "msg": [
        "",
        "Directory created.",
        "",
        "",
        "Grant succeeded."
    ]
}

TASK [meta_export : Do metadata export on ADRW9PD _raw_params=export ORACLE_SID={{ source_oracle_sid }}
export ORACLE_HOME={{ source_oracle_home }}
cd {{ source_dp_dir }}
{{ source_oracle_home }}/bin/expdp {{ source_system_user }}/{{ source_system_passwd }}@{{ source_srv }} parfile={{ exp_par_file }}
] ***
Saturday 23 November 2024  06:32:53 +0000 (0:00:00.032)       0:00:31.298 ***** 
[WARNING]: Using world-readable permissions for temporary files Ansible needs
to create when becoming an unprivileged user. This may be insecure. For
information on securing this, see
https://docs.ansible.com/ansible/become.html#becoming-an-unprivileged-user
changed: [10.190.17.156]

TASK [meta_export : Wait for the metadata export job to finish jid={{ exp_async_job.ansible_job_id }}] ***
Saturday 23 November 2024  06:32:58 +0000 (0:00:04.893)       0:00:36.192 ***** 
[WARNING]: Using world-readable permissions for temporary files Ansible needs
to create when becoming an unprivileged user. This may be insecure. For
information on securing this, see
https://docs.ansible.com/ansible/become.html#becoming-an-unprivileged-user
FAILED - RETRYING: Wait for the metadata export job to finish (20160 retries left).
FAILED - RETRYING: Wait for the metadata export job to finish (20159 retries left).
FAILED - RETRYING: Wait for the metadata export job to finish (20158 retries left).
FAILED - RETRYING: Wait for the metadata export job to finish (20157 retries left).
FAILED - RETRYING: Wait for the metadata export job to finish (20156 retries left).
FAILED - RETRYING: Wait for the metadata export job to finish (20155 retries left).
FAILED - RETRYING: Wait for the metadata export job to finish (20154 retries left).
FAILED - RETRYING: Wait for the metadata export job to finish (20153 retries left).
FAILED - RETRYING: Wait for the metadata export job to finish (20152 retries left).
FAILED - RETRYING: Wait for the metadata export job to finish (20151 retries left).
FAILED - RETRYING: Wait for the metadata export job to finish (20150 retries left).
FAILED - RETRYING: Wait for the metadata export job to finish (20149 retries left).
FAILED - RETRYING: Wait for the metadata export job to finish (20148 retries left).
FAILED - RETRYING: Wait for the metadata export job to finish (20147 retries left).
FAILED - RETRYING: Wait for the metadata export job to finish (20146 retries left).
FAILED - RETRYING: Wait for the metadata export job to finish (20145 retries left).
FAILED - RETRYING: Wait for the metadata export job to finish (20144 retries left).
FAILED - RETRYING: Wait for the metadata export job to finish (20143 retries left).
FAILED - RETRYING: Wait for the metadata export job to finish (20142 retries left).
FAILED - RETRYING: Wait for the metadata export job to finish (20141 retries left).
FAILED - RETRYING: Wait for the metadata export job to finish (20140 retries left).
changed: [10.190.17.156]

TASK [meta_export : Validate if the metadata export has been successfully completed _raw_params=grep "successfully completed" {{ source_dp_dir }}/{{ exp_logfile }}] ***
Saturday 23 November 2024  06:45:22 +0000 (0:12:23.723)       0:12:59.916 ***** 
[WARNING]: Using world-readable permissions for temporary files Ansible needs
to create when becoming an unprivileged user. This may be insecure. For
information on securing this, see
https://docs.ansible.com/ansible/become.html#becoming-an-unprivileged-user
changed: [10.190.17.156]

TASK [meta_export : Fail if the metadata export was not successful msg=Errors on export. Fix the issue and re-run the metadata export.] ***
Saturday 23 November 2024  06:45:29 +0000 (0:00:07.072)       0:13:06.988 ***** 
skipping: [10.190.17.156]

TASK [meta_export : Display metadata export results msg={{ exp_validation.stdout_lines }}] ***
Saturday 23 November 2024  06:45:29 +0000 (0:00:00.027)       0:13:07.015 ***** 
ok: [10.190.17.156] => {
    "msg": [
        "23-NOV-24 06:44:42.963: Job \"OCI_MIG\".\"SYS_EXPORT_FULL_01\" successfully completed at Sat Nov 23 06:44:42 2024 elapsed 0 00:11:32"
    ]
}

PLAY [do the  grants export on hrmaxpd2035.emea.hays.loc] **********************

PLAY [transfer the final incremental backups to the /mnt/foaexaukl1pdfss01/xtts_backup/version1/BRPD_xtts_scratch] ***

PLAY [transfer the full meta dumps to the /mnt/foaexaukl1pdfss01/xtts_backup/version1/BRPD_dump] ***

PLAY [do the final incremental restore on foaukl1pddb-4kxck1.otchukl1pdexcl.otchukl1pdvcn01.oraclevcn.com] ***

PLAY [find the datafiles on ASM on foaukl1pddb-4kxck1.otchukl1pdexcl.otchukl1pdvcn01.oraclevcn.com] ***

PLAY [do the metadata import on foaukl1pddb-4kxck1.otchukl1pdexcl.otchukl1pdvcn01.oraclevcn.com] ***

PLAY [do the grants import on foaukl1pddb-4kxck1.otchukl1pdexcl.otchukl1pdvcn01.oraclevcn.com] ***

PLAY [do the post migration check on foaukl1pddb-4kxck1.otchukl1pdexcl.otchukl1pdvcn01.oraclevcn.com] ***

PLAY RECAP *********************************************************************
10.190.17.156              : ok=7    changed=4    unreachable=0    failed=0    skipped=1    rescued=0    ignored=0   

Saturday 23 November 2024  06:45:29 +0000 (0:00:00.068)       0:13:07.084 ***** 
=============================================================================== 
meta_export : Wait for the metadata export job to finish -------------- 743.72s
Gathering Facts -------------------------------------------------------- 25.27s
meta_export : Validate if the metadata export has been successfully completed --- 7.07s
meta_export : create data pump directory XTTS_DUMP and grant permission to system user on XTTS_DUMP --- 5.94s
meta_export : Do metadata export on ADRW9PD ----------------------------- 4.89s
meta_export : Display metadata export results --------------------------- 0.07s
meta_export : debug ----------------------------------------------------- 0.03s
meta_export : Fail if the metadata export was not successful ------------ 0.03s
