
PLAY [do the final incremental backup on hrmaxpd2035.emea.hays.loc] ************

PLAY [do the  metadata export on hrmaxpd2035.emea.hays.loc] ********************

PLAY [do the  grants export on hrmaxpd2035.emea.hays.loc] **********************

PLAY [transfer the final incremental backups to the /mnt/foaexaukl1pdfss01/xtts_backup/version1/BRPD_xtts_scratch] ***

PLAY [transfer the full meta dumps to the /mnt/foaexaukl1pdfss01/xtts_backup/version1/BRPD_dump] ***

PLAY [do the final incremental restore on foaukl1pddb-4kxck1.otchukl1pdexcl.otchukl1pdvcn01.oraclevcn.com] ***

PLAY [find the datafiles on ASM on foaukl1pddb-4kxck1.otchukl1pdexcl.otchukl1pdvcn01.oraclevcn.com] ***

PLAY [do the metadata import on foaukl1pddb-4kxck1.otchukl1pdexcl.otchukl1pdvcn01.oraclevcn.com] ***

PLAY [do the grants import on foaukl1pddb-4kxck1.otchukl1pdexcl.otchukl1pdvcn01.oraclevcn.com] ***

PLAY [do the post migration check on foaukl1pddb-4kxck1.otchukl1pdexcl.otchukl1pdvcn01.oraclevcn.com] ***

TASK [post_mig_check : Execute DBMS_STATS.gather_database_stats with SKEWONLY _raw_params=. /home/oracle/{{ target_db }}.env
echo -e "SET TIME ON TIMING ON\n EXEC DBMS_STATS.gather_database_stats( method_opt => 'FOR ALL COLUMNS SIZE SKEWONLY',estimate_percent => DBMS_STATS.AUTO_SAMPLE_SIZE,cascade=>TRUE,degree => 8);" | {{ target_oracle_home }}/bin/sqlplus -s {{ target_conn_str }} as sysdba
] ***
Saturday 23 November 2024  11:09:22 +0000 (0:00:00.115)       0:00:00.115 ***** 
changed: [10.100.36.15]

TASK [post_mig_check : Wait for DBMS_STATS.gather_database_stats with SKEWONLY to finish jid={{ gather_skewonly_stats_job.ansible_job_id }}] ***
Saturday 23 November 2024  11:09:24 +0000 (0:00:01.490)       0:00:01.606 ***** 
FAILED - RETRYING: Wait for DBMS_STATS.gather_database_stats with SKEWONLY to finish (20160 retries left).
FAILED - RETRYING: Wait for DBMS_STATS.gather_database_stats with SKEWONLY to finish (20159 retries left).
FAILED - RETRYING: Wait for DBMS_STATS.gather_database_stats with SKEWONLY to finish (20158 retries left).
FAILED - RETRYING: Wait for DBMS_STATS.gather_database_stats with SKEWONLY to finish (20157 retries left).
FAILED - RETRYING: Wait for DBMS_STATS.gather_database_stats with SKEWONLY to finish (20156 retries left).
FAILED - RETRYING: Wait for DBMS_STATS.gather_database_stats with SKEWONLY to finish (20155 retries left).
FAILED - RETRYING: Wait for DBMS_STATS.gather_database_stats with SKEWONLY to finish (20154 retries left).
FAILED - RETRYING: Wait for DBMS_STATS.gather_database_stats with SKEWONLY to finish (20153 retries left).
FAILED - RETRYING: Wait for DBMS_STATS.gather_database_stats with SKEWONLY to finish (20152 retries left).
FAILED - RETRYING: Wait for DBMS_STATS.gather_database_stats with SKEWONLY to finish (20151 retries left).
FAILED - RETRYING: Wait for DBMS_STATS.gather_database_stats with SKEWONLY to finish (20150 retries left).
FAILED - RETRYING: Wait for DBMS_STATS.gather_database_stats with SKEWONLY to finish (20149 retries left).
FAILED - RETRYING: Wait for DBMS_STATS.gather_database_stats with SKEWONLY to finish (20148 retries left).
FAILED - RETRYING: Wait for DBMS_STATS.gather_database_stats with SKEWONLY to finish (20147 retries left).
FAILED - RETRYING: Wait for DBMS_STATS.gather_database_stats with SKEWONLY to finish (20146 retries left).
FAILED - RETRYING: Wait for DBMS_STATS.gather_database_stats with SKEWONLY to finish (20145 retries left).
FAILED - RETRYING: Wait for DBMS_STATS.gather_database_stats with SKEWONLY to finish (20144 retries left).
FAILED - RETRYING: Wait for DBMS_STATS.gather_database_stats with SKEWONLY to finish (20143 retries left).
FAILED - RETRYING: Wait for DBMS_STATS.gather_database_stats with SKEWONLY to finish (20142 retries left).
FAILED - RETRYING: Wait for DBMS_STATS.gather_database_stats with SKEWONLY to finish (20141 retries left).
FAILED - RETRYING: Wait for DBMS_STATS.gather_database_stats with SKEWONLY to finish (20140 retries left).
FAILED - RETRYING: Wait for DBMS_STATS.gather_database_stats with SKEWONLY to finish (20139 retries left).
FAILED - RETRYING: Wait for DBMS_STATS.gather_database_stats with SKEWONLY to finish (20138 retries left).
FAILED - RETRYING: Wait for DBMS_STATS.gather_database_stats with SKEWONLY to finish (20137 retries left).
FAILED - RETRYING: Wait for DBMS_STATS.gather_database_stats with SKEWONLY to finish (20136 retries left).
FAILED - RETRYING: Wait for DBMS_STATS.gather_database_stats with SKEWONLY to finish (20135 retries left).
FAILED - RETRYING: Wait for DBMS_STATS.gather_database_stats with SKEWONLY to finish (20134 retries left).
FAILED - RETRYING: Wait for DBMS_STATS.gather_database_stats with SKEWONLY to finish (20133 retries left).
FAILED - RETRYING: Wait for DBMS_STATS.gather_database_stats with SKEWONLY to finish (20132 retries left).
FAILED - RETRYING: Wait for DBMS_STATS.gather_database_stats with SKEWONLY to finish (20131 retries left).
FAILED - RETRYING: Wait for DBMS_STATS.gather_database_stats with SKEWONLY to finish (20130 retries left).
FAILED - RETRYING: Wait for DBMS_STATS.gather_database_stats with SKEWONLY to finish (20129 retries left).
FAILED - RETRYING: Wait for DBMS_STATS.gather_database_stats with SKEWONLY to finish (20128 retries left).
FAILED - RETRYING: Wait for DBMS_STATS.gather_database_stats with SKEWONLY to finish (20127 retries left).
FAILED - RETRYING: Wait for DBMS_STATS.gather_database_stats with SKEWONLY to finish (20126 retries left).
FAILED - RETRYING: Wait for DBMS_STATS.gather_database_stats with SKEWONLY to finish (20125 retries left).
FAILED - RETRYING: Wait for DBMS_STATS.gather_database_stats with SKEWONLY to finish (20124 retries left).
FAILED - RETRYING: Wait for DBMS_STATS.gather_database_stats with SKEWONLY to finish (20123 retries left).
FAILED - RETRYING: Wait for DBMS_STATS.gather_database_stats with SKEWONLY to finish (20122 retries left).
FAILED - RETRYING: Wait for DBMS_STATS.gather_database_stats with SKEWONLY to finish (20121 retries left).
FAILED - RETRYING: Wait for DBMS_STATS.gather_database_stats with SKEWONLY to finish (20120 retries left).
FAILED - RETRYING: Wait for DBMS_STATS.gather_database_stats with SKEWONLY to finish (20119 retries left).
FAILED - RETRYING: Wait for DBMS_STATS.gather_database_stats with SKEWONLY to finish (20118 retries left).
FAILED - RETRYING: Wait for DBMS_STATS.gather_database_stats with SKEWONLY to finish (20117 retries left).
FAILED - RETRYING: Wait for DBMS_STATS.gather_database_stats with SKEWONLY to finish (20116 retries left).
FAILED - RETRYING: Wait for DBMS_STATS.gather_database_stats with SKEWONLY to finish (20115 retries left).
FAILED - RETRYING: Wait for DBMS_STATS.gather_database_stats with SKEWONLY to finish (20114 retries left).
FAILED - RETRYING: Wait for DBMS_STATS.gather_database_stats with SKEWONLY to finish (20113 retries left).
FAILED - RETRYING: Wait for DBMS_STATS.gather_database_stats with SKEWONLY to finish (20112 retries left).
FAILED - RETRYING: Wait for DBMS_STATS.gather_database_stats with SKEWONLY to finish (20111 retries left).
FAILED - RETRYING: Wait for DBMS_STATS.gather_database_stats with SKEWONLY to finish (20110 retries left).
FAILED - RETRYING: Wait for DBMS_STATS.gather_database_stats with SKEWONLY to finish (20109 retries left).
FAILED - RETRYING: Wait for DBMS_STATS.gather_database_stats with SKEWONLY to finish (20108 retries left).
FAILED - RETRYING: Wait for DBMS_STATS.gather_database_stats with SKEWONLY to finish (20107 retries left).
FAILED - RETRYING: Wait for DBMS_STATS.gather_database_stats with SKEWONLY to finish (20106 retries left).
FAILED - RETRYING: Wait for DBMS_STATS.gather_database_stats with SKEWONLY to finish (20105 retries left).
FAILED - RETRYING: Wait for DBMS_STATS.gather_database_stats with SKEWONLY to finish (20104 retries left).
FAILED - RETRYING: Wait for DBMS_STATS.gather_database_stats with SKEWONLY to finish (20103 retries left).
FAILED - RETRYING: Wait for DBMS_STATS.gather_database_stats with SKEWONLY to finish (20102 retries left).
FAILED - RETRYING: Wait for DBMS_STATS.gather_database_stats with SKEWONLY to finish (20101 retries left).
FAILED - RETRYING: Wait for DBMS_STATS.gather_database_stats with SKEWONLY to finish (20100 retries left).
FAILED - RETRYING: Wait for DBMS_STATS.gather_database_stats with SKEWONLY to finish (20099 retries left).
FAILED - RETRYING: Wait for DBMS_STATS.gather_database_stats with SKEWONLY to finish (20098 retries left).
FAILED - RETRYING: Wait for DBMS_STATS.gather_database_stats with SKEWONLY to finish (20097 retries left).
FAILED - RETRYING: Wait for DBMS_STATS.gather_database_stats with SKEWONLY to finish (20096 retries left).
FAILED - RETRYING: Wait for DBMS_STATS.gather_database_stats with SKEWONLY to finish (20095 retries left).
FAILED - RETRYING: Wait for DBMS_STATS.gather_database_stats with SKEWONLY to finish (20094 retries left).
FAILED - RETRYING: Wait for DBMS_STATS.gather_database_stats with SKEWONLY to finish (20093 retries left).
changed: [10.100.36.15]

TASK [post_mig_check : Display gather_database_stats with SKEWONLY result msg={{ gather_skewonly_stats_result.stdout_lines }}] ***
Saturday 23 November 2024  11:45:45 +0000 (0:36:20.937)       0:36:22.543 ***** 
ok: [10.100.36.15] => {
    "msg": [
        "",
        "PL/SQL procedure successfully completed.",
        "",
        "Elapsed: 00:36:18.23"
    ]
}

TASK [post_mig_check : Execute DBMS_STATS.gather_dictionary_stats _raw_params=. /home/oracle/{{ target_db }}.env
echo -e "SET TIME ON TIMING ON\n EXEC DBMS_STATS.gather_dictionary_stats;" | {{ target_oracle_home }}/bin/sqlplus -s {{ target_conn_str }} as sysdba
] ***
Saturday 23 November 2024  11:45:45 +0000 (0:00:00.017)       0:36:22.560 ***** 
changed: [10.100.36.15]

TASK [post_mig_check : Wait for DBMS_STATS.gather_dictionary_stats to finish jid={{ gather_dictionary_stats_job.ansible_job_id }}] ***
Saturday 23 November 2024  11:45:46 +0000 (0:00:01.314)       0:36:23.875 ***** 
FAILED - RETRYING: Wait for DBMS_STATS.gather_dictionary_stats to finish (20160 retries left).
changed: [10.100.36.15]

TASK [post_mig_check : Display gather_dictionary_stats result msg={{ gather_dictionary_stats_result.stdout_lines }}] ***
Saturday 23 November 2024  11:46:18 +0000 (0:00:32.257)       0:36:56.133 ***** 
ok: [10.100.36.15] => {
    "msg": [
        "",
        "PL/SQL procedure successfully completed.",
        "",
        "Elapsed: 00:00:17.75"
    ]
}

TASK [post_mig_check : Execute DBMS_STATS.gather_system_stats _raw_params=. /home/oracle/{{ target_db }}.env
echo -e "SET TIME ON TIMING ON\n EXEC DBMS_STATS.gather_system_stats;" | {{ target_oracle_home }}/bin/sqlplus -s {{ target_conn_str }} as sysdba
] ***
Saturday 23 November 2024  11:46:18 +0000 (0:00:00.015)       0:36:56.148 ***** 
changed: [10.100.36.15]

TASK [post_mig_check : Wait for DBMS_STATS.gather_system_stats to finish jid={{ gather_system_stats_job.ansible_job_id }}] ***
Saturday 23 November 2024  11:46:19 +0000 (0:00:01.101)       0:36:57.249 ***** 
FAILED - RETRYING: Wait for DBMS_STATS.gather_system_stats to finish (20160 retries left).
FAILED - RETRYING: Wait for DBMS_STATS.gather_system_stats to finish (20159 retries left).
changed: [10.100.36.15]

TASK [post_mig_check : Display gather_system_stats result msg={{ gather_system_stats_result.stdout_lines }}] ***
Saturday 23 November 2024  11:47:23 +0000 (0:01:03.360)       0:38:00.609 ***** 
ok: [10.100.36.15] => {
    "msg": [
        "",
        "PL/SQL procedure successfully completed.",
        "",
        "Elapsed: 00:00:53.44"
    ]
}

TASK [post_mig_check : Execute DBMS_STATS.gather_fixed_objects_stats _raw_params=. /home/oracle/{{ target_db }}.env
echo -e "SET TIME ON TIMING ON\n EXEC DBMS_STATS.gather_fixed_objects_stats;" | {{ target_oracle_home }}/bin/sqlplus -s {{ target_conn_str }} as sysdba
] ***
Saturday 23 November 2024  11:47:23 +0000 (0:00:00.017)       0:38:00.627 ***** 
changed: [10.100.36.15]

TASK [post_mig_check : Wait for DBMS_STATS.gather_fixed_objects_stats to finish jid={{ gather_fixed_objects_stats_job.ansible_job_id }}] ***
Saturday 23 November 2024  11:47:24 +0000 (0:00:01.034)       0:38:01.662 ***** 
FAILED - RETRYING: Wait for DBMS_STATS.gather_fixed_objects_stats to finish (20160 retries left).
FAILED - RETRYING: Wait for DBMS_STATS.gather_fixed_objects_stats to finish (20159 retries left).
FAILED - RETRYING: Wait for DBMS_STATS.gather_fixed_objects_stats to finish (20158 retries left).
FAILED - RETRYING: Wait for DBMS_STATS.gather_fixed_objects_stats to finish (20157 retries left).
FAILED - RETRYING: Wait for DBMS_STATS.gather_fixed_objects_stats to finish (20156 retries left).
changed: [10.100.36.15]

TASK [post_mig_check : Display gather_fixed_objects_stats result msg={{ gather_fixed_objects_stats_result.stdout_lines }}] ***
Saturday 23 November 2024  11:50:00 +0000 (0:02:36.675)       0:40:38.337 ***** 
ok: [10.100.36.15] => {
    "msg": [
        "",
        "PL/SQL procedure successfully completed.",
        "",
        "Elapsed: 00:02:08.18"
    ]
}

TASK [post_mig_check : Execute DBMS_STATS.gather_database_stats with AUTO _raw_params=. /home/oracle/{{ target_db }}.env
echo -e "SET TIME ON TIMING ON\n EXEC DBMS_STATS.gather_database_stats( method_opt => 'FOR ALL COLUMNS SIZE AUTO',estimate_percent => DBMS_STATS.AUTO_SAMPLE_SIZE,cascade=>TRUE,degree => 8);" | {{ target_oracle_home }}/bin/sqlplus -s {{ target_conn_str }} as sysdba
] ***
Saturday 23 November 2024  11:50:00 +0000 (0:00:00.016)       0:40:38.354 ***** 
changed: [10.100.36.15]

TASK [post_mig_check : Wait for DBMS_STATS.gather_database_stats with AUTO to finish jid={{ gather_auto_stats_job.ansible_job_id }}] ***
Saturday 23 November 2024  11:50:02 +0000 (0:00:01.230)       0:40:39.584 ***** 
FAILED - RETRYING: Wait for DBMS_STATS.gather_database_stats with AUTO to finish (20160 retries left).
FAILED - RETRYING: Wait for DBMS_STATS.gather_database_stats with AUTO to finish (20159 retries left).
FAILED - RETRYING: Wait for DBMS_STATS.gather_database_stats with AUTO to finish (20158 retries left).
FAILED - RETRYING: Wait for DBMS_STATS.gather_database_stats with AUTO to finish (20157 retries left).
FAILED - RETRYING: Wait for DBMS_STATS.gather_database_stats with AUTO to finish (20156 retries left).
FAILED - RETRYING: Wait for DBMS_STATS.gather_database_stats with AUTO to finish (20155 retries left).
FAILED - RETRYING: Wait for DBMS_STATS.gather_database_stats with AUTO to finish (20154 retries left).
FAILED - RETRYING: Wait for DBMS_STATS.gather_database_stats with AUTO to finish (20153 retries left).
FAILED - RETRYING: Wait for DBMS_STATS.gather_database_stats with AUTO to finish (20152 retries left).
FAILED - RETRYING: Wait for DBMS_STATS.gather_database_stats with AUTO to finish (20151 retries left).
FAILED - RETRYING: Wait for DBMS_STATS.gather_database_stats with AUTO to finish (20150 retries left).
FAILED - RETRYING: Wait for DBMS_STATS.gather_database_stats with AUTO to finish (20149 retries left).
FAILED - RETRYING: Wait for DBMS_STATS.gather_database_stats with AUTO to finish (20148 retries left).
FAILED - RETRYING: Wait for DBMS_STATS.gather_database_stats with AUTO to finish (20147 retries left).
FAILED - RETRYING: Wait for DBMS_STATS.gather_database_stats with AUTO to finish (20146 retries left).
FAILED - RETRYING: Wait for DBMS_STATS.gather_database_stats with AUTO to finish (20145 retries left).
FAILED - RETRYING: Wait for DBMS_STATS.gather_database_stats with AUTO to finish (20144 retries left).
FAILED - RETRYING: Wait for DBMS_STATS.gather_database_stats with AUTO to finish (20143 retries left).
FAILED - RETRYING: Wait for DBMS_STATS.gather_database_stats with AUTO to finish (20142 retries left).
FAILED - RETRYING: Wait for DBMS_STATS.gather_database_stats with AUTO to finish (20141 retries left).
FAILED - RETRYING: Wait for DBMS_STATS.gather_database_stats with AUTO to finish (20140 retries left).
FAILED - RETRYING: Wait for DBMS_STATS.gather_database_stats with AUTO to finish (20139 retries left).
FAILED - RETRYING: Wait for DBMS_STATS.gather_database_stats with AUTO to finish (20138 retries left).
FAILED - RETRYING: Wait for DBMS_STATS.gather_database_stats with AUTO to finish (20137 retries left).
FAILED - RETRYING: Wait for DBMS_STATS.gather_database_stats with AUTO to finish (20136 retries left).
FAILED - RETRYING: Wait for DBMS_STATS.gather_database_stats with AUTO to finish (20135 retries left).
FAILED - RETRYING: Wait for DBMS_STATS.gather_database_stats with AUTO to finish (20134 retries left).
FAILED - RETRYING: Wait for DBMS_STATS.gather_database_stats with AUTO to finish (20133 retries left).
FAILED - RETRYING: Wait for DBMS_STATS.gather_database_stats with AUTO to finish (20132 retries left).
FAILED - RETRYING: Wait for DBMS_STATS.gather_database_stats with AUTO to finish (20131 retries left).
FAILED - RETRYING: Wait for DBMS_STATS.gather_database_stats with AUTO to finish (20130 retries left).
FAILED - RETRYING: Wait for DBMS_STATS.gather_database_stats with AUTO to finish (20129 retries left).
FAILED - RETRYING: Wait for DBMS_STATS.gather_database_stats with AUTO to finish (20128 retries left).
FAILED - RETRYING: Wait for DBMS_STATS.gather_database_stats with AUTO to finish (20127 retries left).
FAILED - RETRYING: Wait for DBMS_STATS.gather_database_stats with AUTO to finish (20126 retries left).
FAILED - RETRYING: Wait for DBMS_STATS.gather_database_stats with AUTO to finish (20125 retries left).
FAILED - RETRYING: Wait for DBMS_STATS.gather_database_stats with AUTO to finish (20124 retries left).
FAILED - RETRYING: Wait for DBMS_STATS.gather_database_stats with AUTO to finish (20123 retries left).
FAILED - RETRYING: Wait for DBMS_STATS.gather_database_stats with AUTO to finish (20122 retries left).
FAILED - RETRYING: Wait for DBMS_STATS.gather_database_stats with AUTO to finish (20121 retries left).
FAILED - RETRYING: Wait for DBMS_STATS.gather_database_stats with AUTO to finish (20120 retries left).
FAILED - RETRYING: Wait for DBMS_STATS.gather_database_stats with AUTO to finish (20119 retries left).
FAILED - RETRYING: Wait for DBMS_STATS.gather_database_stats with AUTO to finish (20118 retries left).
FAILED - RETRYING: Wait for DBMS_STATS.gather_database_stats with AUTO to finish (20117 retries left).
FAILED - RETRYING: Wait for DBMS_STATS.gather_database_stats with AUTO to finish (20116 retries left).
FAILED - RETRYING: Wait for DBMS_STATS.gather_database_stats with AUTO to finish (20115 retries left).
FAILED - RETRYING: Wait for DBMS_STATS.gather_database_stats with AUTO to finish (20114 retries left).
FAILED - RETRYING: Wait for DBMS_STATS.gather_database_stats with AUTO to finish (20113 retries left).
FAILED - RETRYING: Wait for DBMS_STATS.gather_database_stats with AUTO to finish (20112 retries left).
FAILED - RETRYING: Wait for DBMS_STATS.gather_database_stats with AUTO to finish (20111 retries left).
changed: [10.100.36.15]

TASK [post_mig_check : Display gather_database_stats with AUTO result msg={{ gather_auto_stats_result.stdout_lines }}] ***
Saturday 23 November 2024  12:17:12 +0000 (0:27:10.165)       1:07:49.749 ***** 
ok: [10.100.36.15] => {
    "msg": [
        "",
        "PL/SQL procedure successfully completed.",
        "",
        "Elapsed: 00:26:46.99"
    ]
}

PLAY RECAP *********************************************************************
10.100.36.15               : ok=15   changed=10   unreachable=0    failed=0    skipped=0    rescued=0    ignored=0   

Saturday 23 November 2024  12:17:12 +0000 (0:00:00.014)       1:07:49.764 ***** 
=============================================================================== 
post_mig_check : Wait for DBMS_STATS.gather_database_stats with SKEWONLY to finish  2180.94s
post_mig_check : Wait for DBMS_STATS.gather_database_stats with AUTO to finish  1630.17s
post_mig_check : Wait for DBMS_STATS.gather_fixed_objects_stats to finish - 156.68s
post_mig_check : Wait for DBMS_STATS.gather_system_stats to finish ----- 63.36s
post_mig_check : Wait for DBMS_STATS.gather_dictionary_stats to finish -- 32.26s
post_mig_check : Execute DBMS_STATS.gather_database_stats with SKEWONLY --- 1.49s
post_mig_check : Execute DBMS_STATS.gather_dictionary_stats ------------- 1.31s
post_mig_check : Execute DBMS_STATS.gather_database_stats with AUTO ----- 1.23s
post_mig_check : Execute DBMS_STATS.gather_system_stats ----------------- 1.10s
post_mig_check : Execute DBMS_STATS.gather_fixed_objects_stats ---------- 1.03s
post_mig_check : Display gather_system_stats result --------------------- 0.02s
post_mig_check : Display gather_database_stats with SKEWONLY result ----- 0.02s
post_mig_check : Display gather_fixed_objects_stats result -------------- 0.02s
post_mig_check : Display gather_dictionary_stats result ----------------- 0.02s
post_mig_check : Display gather_database_stats with AUTO result --------- 0.02s
