nohup: ignoring input

PLAY [do the final incremental backup on hrmaxpd2035.emea.hays.loc] ************

PLAY [do the  metadata export on hrmaxpd2035.emea.hays.loc] ********************

PLAY [do the  grants export on hrmaxpd2035.emea.hays.loc] **********************

PLAY [transfer the final incremental backups to the /mnt/foaexaukl1pdfss01/xtts_backup/version1/BRPD_xtts_scratch] ***

PLAY [transfer the full meta dumps to the /mnt/foaexaukl1pdfss01/xtts_backup/version1/BRPD_dump] ***

PLAY [do the final incremental restore on foaukl1pddb-4kxck1.otchukl1pdexcl.otchukl1pdvcn01.oraclevcn.com] ***

PLAY [find the datafiles on ASM on foaukl1pddb-4kxck1.otchukl1pdexcl.otchukl1pdvcn01.oraclevcn.com] ***

PLAY [do the metadata import on foaukl1pddb-4kxck1.otchukl1pdexcl.otchukl1pdvcn01.oraclevcn.com] ***

PLAY [do the grants import on foaukl1pddb-4kxck1.otchukl1pdexcl.otchukl1pdvcn01.oraclevcn.com] ***

PLAY [do the post migration check on foaukl1pddb-4kxck1.otchukl1pdexcl.otchukl1pdvcn01.oraclevcn.com] ***

TASK [post_mig_check : run utlrp.sql _raw_params=. /home/oracle/{{target_db}}.env
cd {{target_oracle_home}}/rdbms/admin
echo -e '@utlrp.sql' |{{ target_oracle_home }}/bin/sqlplus -s {{target_conn_str}} as sysdba 
] ***
Saturday 23 November 2024  09:00:21 +0000 (0:00:00.114)       0:00:00.114 ***** 
[WARNING]: Platform linux on host 10.100.36.15 is using the discovered Python
interpreter at /usr/bin/python, but future installation of another Python
interpreter could change this. See https://docs.ansible.com/ansible/2.9/referen
ce_appendices/interpreter_discovery.html for more information.
changed: [10.100.36.15]

TASK [post_mig_check : display utlrp log msg={{utl_out.stdout_lines}}] *********
Saturday 23 November 2024  09:10:12 +0000 (0:09:50.664)       0:09:50.778 ***** 
ok: [10.100.36.15] => {
    "msg": [
        "",
        "Session altered.",
        "",
        "",
        "TIMESTAMP",
        "--------------------------------------------------------------------------------",
        "COMP_TIMESTAMP UTLRP_BGN\t      2024-11-23 09:00:23",
        "",
        "",
        "PL/SQL procedure successfully completed.",
        "",
        "",
        "TIMESTAMP",
        "--------------------------------------------------------------------------------",
        "COMP_TIMESTAMP UTLRP_END\t      2024-11-23 09:10:03",
        "",
        "",
        "OBJECTS WITH ERRORS",
        "-------------------",
        "\t\t 22",
        "",
        "",
        "ERRORS DURING RECOMPILATION",
        "---------------------------",
        "\t\t\t  0",
        "",
        "",
        "Function created.",
        "",
        "",
        "PL/SQL procedure successfully completed.",
        "",
        "",
        "Function dropped.",
        "",
        "",
        "PL/SQL procedure successfully completed."
    ]
}

PLAY RECAP *********************************************************************
10.100.36.15               : ok=2    changed=1    unreachable=0    failed=0    skipped=0    rescued=0    ignored=0   

Saturday 23 November 2024  09:10:12 +0000 (0:00:00.019)       0:09:50.798 ***** 
=============================================================================== 
post_mig_check : run utlrp.sql ---------------------------------------- 590.66s
post_mig_check : display utlrp log -------------------------------------- 0.02s
