nohup: ignoring input

PLAY [check the privilege escalation on hrmaxpd2035.emea.hays.loc] *************

TASK [Gathering Facts gather_subset=['all'], gather_timeout=10] ****************
[WARNING]: Platform linux on host 10.100.36.15 is using the discovered Python
interpreter at /usr/bin/python, but future installation of another Python
interpreter could change this. See https://docs.ansible.com/ansible/2.9/referen
ce_appendices/interpreter_discovery.html for more information.
ok: [10.100.36.15]
[WARNING]: Using world-readable permissions for temporary files Ansible needs
to create when becoming an unprivileged user. This may be insecure. For
information on securing this, see
https://docs.ansible.com/ansible/become.html#becoming-an-unprivileged-user
[WARNING]: Platform aix on host 10.190.17.156 is using the discovered Python
interpreter at /usr/bin/python, but future installation of another Python
interpreter could change this. See https://docs.ansible.com/ansible/2.9/referen
ce_appendices/interpreter_discovery.html for more information.
ok: [10.190.17.156]

TASK [shell _raw_params=hostname
whoami
date
python --version
] ****************
changed: [10.100.36.15]
[WARNING]: Using world-readable permissions for temporary files Ansible needs
to create when becoming an unprivileged user. This may be insecure. For
information on securing this, see
https://docs.ansible.com/ansible/become.html#becoming-an-unprivileged-user
changed: [10.190.17.156]

TASK [debug var=output.stdout_lines] *******************************************
ok: [10.190.17.156] => {
    "output.stdout_lines": [
        "hrmaxpd2035",
        "oracle",
        "Wed Oct 23 16:46:12 BST 2024",
        "Python 3.7.15"
    ]
}
ok: [10.100.36.15] => {
    "output.stdout_lines": [
        "foaukl1pddb-4kxck1",
        "oracle",
        "Wed Oct 23 16:46:08 BST 2024",
        "Python 3.6.8"
    ]
}

PLAY [do the pre migration checks on hrmaxpd2035.emea.hays.loc] ****************

TASK [Gathering Facts gather_subset=['all'], gather_timeout=10] ****************
[WARNING]: Using world-readable permissions for temporary files Ansible needs
to create when becoming an unprivileged user. This may be insecure. For
information on securing this, see
https://docs.ansible.com/ansible/become.html#becoming-an-unprivileged-user
ok: [10.190.17.156]

TASK [pre_mig_check : check  if all the tablespaces are self contained _raw_params=export ORACLE_SID={{source_oracle_sid}}
export ORACLE_HOME={{source_oracle_home}}
printf "SET PAGESIZE 0 VERIFY OFF HEADING OFF ECHO OFF\n EXECUTE DBMS_TTS.TRANSPORT_SET_CHECK('{{tablespaces}}', TRUE);" | {{ source_oracle_home }}/bin/sqlplus -s {{source_conn_str}} as sysdba  
] ***
[WARNING]: Using world-readable permissions for temporary files Ansible needs
to create when becoming an unprivileged user. This may be insecure. For
information on securing this, see
https://docs.ansible.com/ansible/become.html#becoming-an-unprivileged-user
fatal: [10.190.17.156]: FAILED! => {"changed": true, "cmd": "export ORACLE_SID=ARW14PDF1\nexport ORACLE_HOME=/u01/app/oracle/product/19c\nprintf \"SET PAGESIZE 0 VERIFY OFF HEADING OFF ECHO OFF\\n EXECUTE DBMS_TTS.TRANSPORT_SET_CHECK('ADAPT_DATA,ADAPT_USERS,BOISJMSDB,DHC_ROLLBACK_TRANSIENT,FUZZY_SEARCH,OT_SCHD_DATA,SPMSGBRK_DATA,WEBINT_DATA,VEREDUS_DATA', TRUE);\" | /u01/app/oracle/product/19c/bin/sqlplus -s oci_mig/version1_Oc1_M1g@XTTS_USPROD as sysdba  \n", "delta": "0:00:00.288215", "end": "2024-10-23 16:46:36.974550", "msg": "non-zero return code", "rc": 1, "start": "2024-10-23 16:46:36.686335", "stderr": "", "stderr_lines": [], "stdout": "ERROR:\nORA-12154: TNS:could not resolve the connect identifier specified\n\n\nSP2-0306: Invalid option.\nUsage: CONN[ECT] [{logon|/|proxy} [AS {SYSDBA|SYSOPER|SYSASM|SYSBACKUP|SYSDG|SYSKM|SYSRAC}] [edition=value]]\nwhere <logon> ::= <username>[/<password>][@<connect_identifier>]\n      <proxy> ::= <proxyuser>[<username>][/<password>][@<connect_identifier>]\nSP2-0306: Invalid option.\nUsage: CONN[ECT] [{logon|/|proxy} [AS {SYSDBA|SYSOPER|SYSASM|SYSBACKUP|SYSDG|SYSKM|SYSRAC}] [edition=value]]\nwhere <logon> ::= <username>[/<password>][@<connect_identifier>]\n      <proxy> ::= <proxyuser>[<username>][/<password>][@<connect_identifier>]\nSP2-0157: unable to CONNECT to ORACLE after 3 attempts, exiting SQL*Plus", "stdout_lines": ["ERROR:", "ORA-12154: TNS:could not resolve the connect identifier specified", "", "", "SP2-0306: Invalid option.", "Usage: CONN[ECT] [{logon|/|proxy} [AS {SYSDBA|SYSOPER|SYSASM|SYSBACKUP|SYSDG|SYSKM|SYSRAC}] [edition=value]]", "where <logon> ::= <username>[/<password>][@<connect_identifier>]", "      <proxy> ::= <proxyuser>[<username>][/<password>][@<connect_identifier>]", "SP2-0306: Invalid option.", "Usage: CONN[ECT] [{logon|/|proxy} [AS {SYSDBA|SYSOPER|SYSASM|SYSBACKUP|SYSDG|SYSKM|SYSRAC}] [edition=value]]", "where <logon> ::= <username>[/<password>][@<connect_identifier>]", "      <proxy> ::= <proxyuser>[<username>][/<password>][@<connect_identifier>]", "SP2-0157: unable to CONNECT to ORACLE after 3 attempts, exiting SQL*Plus"]}

PLAY RECAP *********************************************************************
10.100.36.15               : ok=3    changed=1    unreachable=0    failed=0    skipped=0    rescued=0    ignored=0   
10.190.17.156              : ok=4    changed=1    unreachable=0    failed=1    skipped=0    rescued=0    ignored=0   

Playbook run took 0 days, 0 hours, 0 minutes, 56 seconds
