nohup: ignoring input

PLAY [do the final incremental backup on hrmaxpd2033.emea.hays.loc] ************

PLAY [do the  metadata export on hrmaxpd2033.emea.hays.loc] ********************

PLAY [do the  grants export on hrmaxpd2033.emea.hays.loc] **********************

PLAY [transfer the final incremental backups to the /mnt/foaexaukl1pdfss01/xtts_backup/version1/UKPD_xtts_scratch] ***

PLAY [transfer the full meta dumps to the /mnt/foaexaukl1pdfss01/xtts_backup/version1/UKPD_dump] ***

TASK [Gathering Facts gather_subset=['all'], gather_timeout=10] ****************
[WARNING]: Using world-readable permissions for temporary files Ansible needs
to create when becoming an unprivileged user. This may be insecure. For
information on securing this, see
https://docs.ansible.com/ansible/become.html#becoming-an-unprivileged-user
[WARNING]: Platform aix on host 10.190.17.163 is using the discovered Python
interpreter at /usr/bin/python, but future installation of another Python
interpreter could change this. See https://docs.ansible.com/ansible/2.9/referen
ce_appendices/interpreter_discovery.html for more information.
ok: [10.190.17.163]

TASK [dump_transfer : Rsync source_datapump directory to the target datapump_directory _raw_params=rsync -rvzh --partial --progress --append {{ source_dp_dir }}/ {{ dest_user }}@{{ target_ip_address }}:{{ target_dp_dir }}/] ***
[WARNING]: Using world-readable permissions for temporary files Ansible needs
to create when becoming an unprivileged user. This may be insecure. For
information on securing this, see
https://docs.ansible.com/ansible/become.html#becoming-an-unprivileged-user
changed: [10.190.17.163]

TASK [dump_transfer : Wait for the rsync job to finish jid={{ rsync_async_job.ansible_job_id }}] ***
[WARNING]: Using world-readable permissions for temporary files Ansible needs
to create when becoming an unprivileged user. This may be insecure. For
information on securing this, see
https://docs.ansible.com/ansible/become.html#becoming-an-unprivileged-user
FAILED - RETRYING: Wait for the rsync job to finish (20160 retries left).
FAILED - RETRYING: Wait for the rsync job to finish (20159 retries left).
FAILED - RETRYING: Wait for the rsync job to finish (20158 retries left).
changed: [10.190.17.163]

TASK [dump_transfer : Validate if the dumps have been transferred successfully to the target /mnt/foaexaukl1pdfss01/xtts_backup/version1/UKPD_dump directory msg={{ transfer_out.stdout_lines }}] ***
ok: [10.190.17.163] => {
    "msg": [
        "sending incremental file list",
        "adaptdomain1_sys_grants.sql",
        "",
        "          2.51K 100%    0.00kB/s    0:00:00  ",
        "          2.51K 100%    0.00kB/s    0:00:00 (xfr#1, to-chk=15/17)",
        "grants.dmp",
        "",
        "         32.77K   0%   31.25MB/s    0:00:00  ",
        "         15.52M 100%   34.17MB/s    0:00:00 (xfr#2, to-chk=14/17)",
        "grants_exp.log",
        "",
        "          1.73K 100%    3.90kB/s    0:00:00  ",
        "          1.73K 100%    3.90kB/s    0:00:00 (xfr#3, to-chk=13/17)",
        "grants_export.par",
        "",
        "            106 100%    0.24kB/s    0:00:00  ",
        "            106 100%    0.24kB/s    0:00:00 (xfr#4, to-chk=12/17)",
        "meta_exp.log",
        "",
        "         32.77K  29%   73.56kB/s    0:00:01  ",
        "        111.02K 100%  247.53kB/s    0:00:00 (xfr#5, to-chk=11/17)",
        "meta_exp_01.dmp",
        "",
        "         16.38K 100%   36.53kB/s    0:00:00  ",
        "         16.38K 100%   36.53kB/s    0:00:00 (xfr#6, to-chk=10/17)",
        "meta_exp_02.dmp",
        "",
        "         32.77K  30%   72.89kB/s    0:00:01  ",
        "        106.50K 100%  236.36kB/s    0:00:00 (xfr#7, to-chk=9/17)",
        "meta_exp_03.dmp",
        "",
        "         32.77K  26%   72.73kB/s    0:00:01  ",
        "        122.88K 100%  271.49kB/s    0:00:00 (xfr#8, to-chk=8/17)",
        "meta_exp_04.dmp",
        "",
        "         32.77K   0%   72.40kB/s    1:20:48  ",
        "         18.78M   5%   17.91MB/s    0:00:18  ",
        "         52.76M  15%   25.16MB/s    0:00:11  ",
        "         86.57M  24%   27.52MB/s    0:00:09  ",
        "        119.93M  34%   28.59MB/s    0:00:07  ",
        "        155.03M  44%   32.49MB/s    0:00:05  ",
        "        190.68M  54%   32.89MB/s    0:00:04  ",
        "        225.08M  64%   33.04MB/s    0:00:03  ",
        "        261.23M  74%   33.70MB/s    0:00:02  ",
        "        295.93M  84%   33.61MB/s    0:00:01  ",
        "        331.81M  94%   33.67MB/s    0:00:00  ",
        "        351.05M 100%   31.92MB/s    0:00:10 (xfr#9, to-chk=7/17)",
        "meta_exp_05.dmp",
        "",
        "         32.77K   0%   65.04kB/s    1:33:41  ",
        "         15.43M   4%   14.72MB/s    0:00:23  ",
        "         44.37M  12%   21.16MB/s    0:00:14  ",
        "         79.79M  21%   25.36MB/s    0:00:11  ",
        "        114.33M  31%   27.26MB/s    0:00:09  ",
        "        147.82M  40%   31.57MB/s    0:00:06  ",
        "        182.32M  49%   32.91MB/s    0:00:05  ",
        "        218.04M  59%   32.98MB/s    0:00:04  ",
        "        253.36M  69%   33.16MB/s    0:00:03  ",
        "        286.49M  78%   33.08MB/s    0:00:02  ",
        "        320.67M  87%   32.99MB/s    0:00:01  ",
        "        346.06M  94%   30.53MB/s    0:00:00  ",
        "        365.65M 100%   29.55MB/s    0:00:11 (xfr#10, to-chk=6/17)",
        "meta_exp_06.dmp",
        "",
        "         32.77K   0%   39.65kB/s    9:25:19  ",
        "          5.05M   0%    4.81MB/s    0:04:31  ",
        "         31.20M   2%   14.88MB/s    0:01:26  ",
        "         63.01M   4%   20.04MB/s    0:01:02  ",
        "         95.65M   7%   22.82MB/s    0:00:53  ",
        "        131.60M   9%   30.19MB/s    0:00:39  ",
        "        165.09M  12%   31.93MB/s    0:00:36  ",
        "        197.92M  14%   32.17MB/s    0:00:34  ",
        "        230.16M  17%   32.07MB/s    0:00:33  ",
        "        263.03M  19%   31.34MB/s    0:00:33  ",
        "        296.55M  22%   31.35MB/s    0:00:32  ",
        "        328.14M  24%   31.05MB/s    0:00:31  ",
        "        376.54M  27%   34.91MB/s    0:00:27  ",
        "        425.36M  31%   38.71MB/s    0:00:23  ",
        "        475.33M  35%   42.64MB/s    0:00:19  ",
        "        525.21M  39%   47.01MB/s    0:00:17  ",
        "        574.52M  42%   47.21MB/s    0:00:15  ",
        "        622.99M  46%   47.13MB/s    0:00:14  ",
        "        673.35M  50%   47.22MB/s    0:00:13  ",
        "        723.12M  53%   47.21MB/s    0:00:12  ",
        "        773.16M  57%   47.38MB/s    0:00:11  ",
        "        822.05M  61%   47.48MB/s    0:00:10  ",
        "        871.14M  64%   47.18MB/s    0:00:09  ",
        "        921.37M  68%   47.29MB/s    0:00:08  ",
        "        969.57M  72%   46.85MB/s    0:00:07  ",
        "          1.02G  75%   47.23MB/s    0:00:06  ",
        "          1.07G  79%   47.80MB/s    0:00:05  ",
        "          1.12G  83%   47.45MB/s    0:00:04  ",
        "          1.17G  87%   47.91MB/s    0:00:03  ",
        "          1.22G  90%   47.83MB/s    0:00:02  ",
        "          1.27G  94%   47.55MB/s    0:00:01  ",
        "          1.32G  98%   47.57MB/s    0:00:00  ",
        "          1.35G 100%   40.55MB/s    0:00:31 (xfr#11, to-chk=5/17)",
        "meta_exp_07.dmp",
        "",
        "         32.77K   0%   49.77kB/s    1:49:12  ",
        "         12.94M   3%   12.34MB/s    0:00:24  ",
        "         25.33M   7%    7.70MB/s    0:00:38  ",
        "         59.28M  18%   13.67MB/s    0:00:19  ",
        "         93.45M  28%   17.36MB/s    0:00:13  ",
        "        128.91M  39%   21.54MB/s    0:00:08  ",
        "        162.69M  49%   32.77MB/s    0:00:04  ",
        "        196.25M  60%   32.67MB/s    0:00:03  ",
        "        229.97M  70%   32.56MB/s    0:00:02  ",
        "        263.85M  80%   32.18MB/s    0:00:01  ",
        "        296.55M  90%   31.92MB/s    0:00:00  ",
        "        326.14M 100%   25.91MB/s    0:00:12 (xfr#12, to-chk=4/17)",
        "meta_exp_08.dmp",
        "",
        "         32.77K   0%   36.66kB/s    2:28:36  ",
        "          3.31M   1%    3.16MB/s    0:01:40  ",
        "         29.79M   9%   14.20MB/s    0:00:20  ",
        "         61.34M  18%   19.51MB/s    0:00:13  ",
        "         94.27M  28%   22.48MB/s    0:00:10  ",
        "        129.73M  39%   30.15MB/s    0:00:06  ",
        "        161.02M  49%   31.30MB/s    0:00:05  ",
        "        194.48M  59%   31.75MB/s    0:00:04  ",
        "        228.10M  69%   31.91MB/s    0:00:03  ",
        "        262.31M  80%   31.62MB/s    0:00:01  ",
        "        294.94M  90%   31.95MB/s    0:00:00  ",
        "        326.87M 100%   28.77MB/s    0:00:10 (xfr#13, to-chk=3/17)",
        "meta_exp_09.dmp",
        "",
        "         32.77K   0%   38.05kB/s    2:20:27  ",
        "          5.37M   1%    5.12MB/s    0:01:00  ",
        "         40.04M  12%   19.10MB/s    0:00:14  ",
        "         71.63M  22%   22.78MB/s    0:00:10  ",
        "        105.09M  32%   25.07MB/s    0:00:08  ",
        "        137.79M  42%   31.59MB/s    0:00:05  ",
        "        171.31M  53%   31.31MB/s    0:00:04  ",
        "        203.59M  63%   31.48MB/s    0:00:03  ",
        "        237.80M  74%   31.65MB/s    0:00:02  ",
        "        272.76M  85%   32.19MB/s    0:00:01  ",
        "        304.19M  94%   31.70MB/s    0:00:00  ",
        "        320.68M 100%   29.13MB/s    0:00:10 (xfr#14, to-chk=2/17)",
        "meta_export.par",
        "",
        "          2.22K 100%    4.28kB/s    0:00:00  ",
        "          2.22K 100%    4.28kB/s    0:00:00 (xfr#15, to-chk=1/17)",
        "meta_export_old.par",
        "",
        "          2.22K 100%    4.28kB/s    0:00:00  ",
        "          2.22K 100%    4.28kB/s    0:00:00 (xfr#16, to-chk=0/17)",
        "",
        "sent 308.82M bytes  received 320 bytes  3.61M bytes/sec",
        "total size is 3.05G  speedup is 9.88"
    ]
}

TASK [dump_transfer : Fail if rsync transfer did not complete successfully msg=Rsync transfer failed. Check the output above for errors.] ***
skipping: [10.190.17.163]

PLAY [do the final incremental restore on foaukl1pddb-4kxck1.otchukl1pdexcl.otchukl1pdvcn01.oraclevcn.com] ***

PLAY [find the datafiles on ASM on foaukl1pddb-4kxck1.otchukl1pdexcl.otchukl1pdvcn01.oraclevcn.com] ***

PLAY [do the metadata import on foaukl1pddb-4kxck1.otchukl1pdexcl.otchukl1pdvcn01.oraclevcn.com] ***

PLAY [do the grants import on foaukl1pddb-4kxck1.otchukl1pdexcl.otchukl1pdvcn01.oraclevcn.com] ***

PLAY [do the post migration check on foaukl1pddb-4kxck1.otchukl1pdexcl.otchukl1pdvcn01.oraclevcn.com] ***

PLAY RECAP *********************************************************************
10.190.17.163              : ok=4    changed=2    unreachable=0    failed=0    skipped=1    rescued=0    ignored=0   

Playbook run took 0 days, 0 hours, 2 minutes, 15 seconds
