nohup: ignoring input

PLAY [do the final incremental backup on hrmaxpd2033.emea.hays.loc] ************

PLAY [do the  metadata export on hrmaxpd2033.emea.hays.loc] ********************

PLAY [do the  grants export on hrmaxpd2033.emea.hays.loc] **********************

TASK [Gathering Facts gather_subset=['all'], gather_timeout=10] ****************
[WARNING]: Using world-readable permissions for temporary files Ansible needs
to create when becoming an unprivileged user. This may be insecure. For
information on securing this, see
https://docs.ansible.com/ansible/become.html#becoming-an-unprivileged-user
[WARNING]: Platform aix on host 10.190.17.163 is using the discovered Python
interpreter at /usr/bin/python, but future installation of another Python
interpreter could change this. See https://docs.ansible.com/ansible/2.9/referen
ce_appendices/interpreter_discovery.html for more information.
ok: [10.190.17.163]

TASK [grants_export : do full grants export on AD11PRD _raw_params=export ORACLE_SID={{source_oracle_sid}}
export ORACLE_HOME={{source_oracle_home}}
cd {{source_dp_dir}}
{{source_oracle_home}}/bin/expdp {{ source_system_user }}/{{source_system_passwd}}@{{source_srv}} parfile={{grants_exp_par_file}}
] ***
[WARNING]: Using world-readable permissions for temporary files Ansible needs
to create when becoming an unprivileged user. This may be insecure. For
information on securing this, see
https://docs.ansible.com/ansible/become.html#becoming-an-unprivileged-user
changed: [10.190.17.163]

TASK [grants_export : validate if the grants export has been successfully completed. _raw_params=grep "successfully completed" {{source_dp_dir}}/{{grants_exp_logfile}}] ***
[WARNING]: Using world-readable permissions for temporary files Ansible needs
to create when becoming an unprivileged user. This may be insecure. For
information on securing this, see
https://docs.ansible.com/ansible/become.html#becoming-an-unprivileged-user
changed: [10.190.17.163]

TASK [grants_export : fail msg={{Errors on export. Fix the issue and re-run the grants export}}] ***
skipping: [10.190.17.163]

TASK [grants_export : debug msg={{grants_exp_out.stdout_lines}}] ***************
ok: [10.190.17.163] => {
    "msg": [
        "Job \"OCI_MIG\".\"SYS_EXPORT_FULL_01\" successfully completed at Sat Sep 14 11:06:29 2024 elapsed 0 00:02:31"
    ]
}

TASK [grants_export : Get the list of  the ADAPTDOMAIN1 users privileges on sys objects _raw_params=export ORACLE_SID={{source_oracle_sid}}
export ORACLE_HOME={{source_oracle_home}}
printf "SET PAGESIZE 0 FEEDBACK OFF VERIFY OFF HEADING OFF ECHO OFF\n SPOOL {{ source_dp_dir }}/adaptdomain1_sys_grants.sql\n select 'GRANT ' || privilege || ' ON SYS.' || table_name || ' TO ' || GRANTEE || ';'  from dba_tab_privs where grantee = 'ADAPTDOMAIN1' and owner='SYS';
SPOOL OFF;
EXIT;" | {{ source_oracle_home }}/bin/sqlplus -s {{source_conn_str}} as sysdba  
] ***
[WARNING]: Using world-readable permissions for temporary files Ansible needs
to create when becoming an unprivileged user. This may be insecure. For
information on securing this, see
https://docs.ansible.com/ansible/become.html#becoming-an-unprivileged-user
changed: [10.190.17.163]

TASK [grants_export : display ADAPTDOMAIN1 users privileges on sys objects msg={{grants_out.stdout_lines}}] ***
ok: [10.190.17.163] => {
    "msg": [
        "GRANT ALTER ON SYS.PHILTEST TO ADAPTDOMAIN1;",
        "GRANT DELETE ON SYS.PHILTEST TO ADAPTDOMAIN1;",
        "GRANT INDEX ON SYS.PHILTEST TO ADAPTDOMAIN1;",
        "GRANT INSERT ON SYS.PHILTEST TO ADAPTDOMAIN1;",
        "GRANT SELECT ON SYS.V_$INSTANCE TO ADAPTDOMAIN1;",
        "GRANT SELECT ON SYS.GV_$SESSION TO ADAPTDOMAIN1;",
        "GRANT SELECT ON SYS.GV_$TRANSACTION TO ADAPTDOMAIN1;",
        "GRANT SELECT ON SYS.GV_$SQLAREA TO ADAPTDOMAIN1;",
        "GRANT SELECT ON SYS.PHILTEST TO ADAPTDOMAIN1;",
        "GRANT SELECT ON SYS.OTK_KILLABLE_HOSTS TO ADAPTDOMAIN1;",
        "GRANT SELECT ON SYS.OTK_AUDIT TO ADAPTDOMAIN1;",
        "GRANT UPDATE ON SYS.PHILTEST TO ADAPTDOMAIN1;",
        "GRANT REFERENCES ON SYS.PHILTEST TO ADAPTDOMAIN1;",
        "GRANT EXECUTE ON SYS.DBMS_LOCK TO ADAPTDOMAIN1;",
        "GRANT EXECUTE ON SYS.DBMS_PIPE TO ADAPTDOMAIN1;",
        "GRANT EXECUTE ON SYS.DBMS_SQL TO ADAPTDOMAIN1;",
        "GRANT EXECUTE ON SYS.DBMS_JOB TO ADAPTDOMAIN1;",
        "GRANT EXECUTE ON SYS.DBMS_SCHEDULER TO ADAPTDOMAIN1;",
        "GRANT EXECUTE ON SYS.OUTLN_PKG TO ADAPTDOMAIN1;",
        "GRANT EXECUTE ON SYS.DBMS_CRYPTO TO ADAPTDOMAIN1;",
        "GRANT EXECUTE ON SYS.OTK_SESSION_KILL TO ADAPTDOMAIN1;",
        "GRANT EXECUTE ON SYS.UDUMP TO ADAPTDOMAIN1;",
        "GRANT EXECUTE ON SYS.UDUMP1 TO ADAPTDOMAIN1;",
        "GRANT READ ON SYS.UDUMP TO ADAPTDOMAIN1;",
        "GRANT READ ON SYS.UDUMP1 TO ADAPTDOMAIN1;",
        "GRANT WRITE ON SYS.UDUMP TO ADAPTDOMAIN1;",
        "GRANT WRITE ON SYS.UDUMP1 TO ADAPTDOMAIN1;",
        "GRANT ON COMMIT REFRESH ON SYS.PHILTEST TO ADAPTDOMAIN1;",
        "GRANT QUERY REWRITE ON SYS.PHILTEST TO ADAPTDOMAIN1;",
        "GRANT DEBUG ON SYS.PHILTEST TO ADAPTDOMAIN1;",
        "GRANT FLASHBACK ON SYS.PHILTEST TO ADAPTDOMAIN1;"
    ]
}

PLAY [transfer the final incremental backups to the /mnt/foaexaukl1pdfss01/xtts_backup/version1/UKPD_xtts_scratch] ***

PLAY [transfer the full meta dumps to the /mnt/foaexaukl1pdfss01/xtts_backup/version1/UKPD_dump] ***

PLAY [do the final incremental restore on foaukl1pddb-4kxck1.otchukl1pdexcl.otchukl1pdvcn01.oraclevcn.com] ***

PLAY [find the datafiles on ASM on foaukl1pddb-4kxck1.otchukl1pdexcl.otchukl1pdvcn01.oraclevcn.com] ***

PLAY [do the metadata import on foaukl1pddb-4kxck1.otchukl1pdexcl.otchukl1pdvcn01.oraclevcn.com] ***

PLAY [do the grants import on foaukl1pddb-4kxck1.otchukl1pdexcl.otchukl1pdvcn01.oraclevcn.com] ***

PLAY [do the post migration check on foaukl1pddb-4kxck1.otchukl1pdexcl.otchukl1pdvcn01.oraclevcn.com] ***

PLAY RECAP *********************************************************************
10.190.17.163              : ok=6    changed=3    unreachable=0    failed=0    skipped=1    rescued=0    ignored=0   

Playbook run took 0 days, 0 hours, 3 minutes, 11 seconds
