nohup: ignoring input

PLAY [check the privilege escalation on hrmaxpd2033.emea.hays.loc] *************

PLAY [do the pre migration checks on hrmaxpd2033.emea.hays.loc] ****************

PLAY [check the database characterset and national character on the AD11PRD] ***

PLAY [check the database characterset and national character on the OTCHPDUK] ***

PLAY [compare the character set output] ****************************************

PLAY [Configure Migration prerequisites on the source vm] **********************

PLAY [Configure Migration prerequisites on the target vm] **********************

PLAY [do level 0 backup on hrmaxpd2033.emea.hays.loc] **************************

TASK [Gathering Facts gather_subset=['all'], gather_timeout=10] ****************
[WARNING]: Using world-readable permissions for temporary files Ansible needs
to create when becoming an unprivileged user. This may be insecure. For
information on securing this, see
https://docs.ansible.com/ansible/become.html#becoming-an-unprivileged-user
[WARNING]: Platform aix on host 10.190.17.163 is using the discovered Python
interpreter at /usr/bin/python, but future installation of another Python
interpreter could change this. See https://docs.ansible.com/ansible/2.9/referen
ce_appendices/interpreter_discovery.html for more information.
ok: [10.190.17.163]

TASK [level_0_backup : Do a level 0 backup on hrmaxpd2033.emea.hays.loc _raw_params=export ORACLE_SID={{ source_oracle_sid }}
export ORACLE_HOME={{ source_oracle_home }} 
export NLS_LANG={{ nls_lang }}
export TMPDIR={{ source_xtts_scripts_dir }} 
cd {{ source_xtts_scripts_dir }}
{{ source_oracle_home }}/perl/bin/perl xttdriver.pl --backup
] ***
[WARNING]: Using world-readable permissions for temporary files Ansible needs
to create when becoming an unprivileged user. This may be insecure. For
information on securing this, see
https://docs.ansible.com/ansible/become.html#becoming-an-unprivileged-user
changed: [10.190.17.163]

TASK [level_0_backup : Wait for the backup job to finish jid={{ backup_async_job.ansible_job_id }}] ***
[WARNING]: Using world-readable permissions for temporary files Ansible needs
to create when becoming an unprivileged user. This may be insecure. For
information on securing this, see
https://docs.ansible.com/ansible/become.html#becoming-an-unprivileged-user
FAILED - RETRYING: Wait for the backup job to finish (20160 retries left).
FAILED - RETRYING: Wait for the backup job to finish (20159 retries left).
FAILED - RETRYING: Wait for the backup job to finish (20158 retries left).
FAILED - RETRYING: Wait for the backup job to finish (20157 retries left).
FAILED - RETRYING: Wait for the backup job to finish (20156 retries left).
FAILED - RETRYING: Wait for the backup job to finish (20155 retries left).
FAILED - RETRYING: Wait for the backup job to finish (20154 retries left).
FAILED - RETRYING: Wait for the backup job to finish (20153 retries left).
FAILED - RETRYING: Wait for the backup job to finish (20152 retries left).
FAILED - RETRYING: Wait for the backup job to finish (20151 retries left).
FAILED - RETRYING: Wait for the backup job to finish (20150 retries left).
FAILED - RETRYING: Wait for the backup job to finish (20149 retries left).
FAILED - RETRYING: Wait for the backup job to finish (20148 retries left).
FAILED - RETRYING: Wait for the backup job to finish (20147 retries left).
FAILED - RETRYING: Wait for the backup job to finish (20146 retries left).
FAILED - RETRYING: Wait for the backup job to finish (20145 retries left).
FAILED - RETRYING: Wait for the backup job to finish (20144 retries left).
FAILED - RETRYING: Wait for the backup job to finish (20143 retries left).
FAILED - RETRYING: Wait for the backup job to finish (20142 retries left).
FAILED - RETRYING: Wait for the backup job to finish (20141 retries left).
FAILED - RETRYING: Wait for the backup job to finish (20140 retries left).
FAILED - RETRYING: Wait for the backup job to finish (20139 retries left).
FAILED - RETRYING: Wait for the backup job to finish (20138 retries left).
FAILED - RETRYING: Wait for the backup job to finish (20137 retries left).
FAILED - RETRYING: Wait for the backup job to finish (20136 retries left).
FAILED - RETRYING: Wait for the backup job to finish (20135 retries left).
FAILED - RETRYING: Wait for the backup job to finish (20134 retries left).
FAILED - RETRYING: Wait for the backup job to finish (20133 retries left).
FAILED - RETRYING: Wait for the backup job to finish (20132 retries left).
FAILED - RETRYING: Wait for the backup job to finish (20131 retries left).
FAILED - RETRYING: Wait for the backup job to finish (20130 retries left).
FAILED - RETRYING: Wait for the backup job to finish (20129 retries left).
FAILED - RETRYING: Wait for the backup job to finish (20128 retries left).
FAILED - RETRYING: Wait for the backup job to finish (20127 retries left).
FAILED - RETRYING: Wait for the backup job to finish (20126 retries left).
FAILED - RETRYING: Wait for the backup job to finish (20125 retries left).
FAILED - RETRYING: Wait for the backup job to finish (20124 retries left).
FAILED - RETRYING: Wait for the backup job to finish (20123 retries left).
FAILED - RETRYING: Wait for the backup job to finish (20122 retries left).
FAILED - RETRYING: Wait for the backup job to finish (20121 retries left).
FAILED - RETRYING: Wait for the backup job to finish (20120 retries left).
FAILED - RETRYING: Wait for the backup job to finish (20119 retries left).
FAILED - RETRYING: Wait for the backup job to finish (20118 retries left).
FAILED - RETRYING: Wait for the backup job to finish (20117 retries left).
FAILED - RETRYING: Wait for the backup job to finish (20116 retries left).
FAILED - RETRYING: Wait for the backup job to finish (20115 retries left).
FAILED - RETRYING: Wait for the backup job to finish (20114 retries left).
FAILED - RETRYING: Wait for the backup job to finish (20113 retries left).
FAILED - RETRYING: Wait for the backup job to finish (20112 retries left).
FAILED - RETRYING: Wait for the backup job to finish (20111 retries left).
FAILED - RETRYING: Wait for the backup job to finish (20110 retries left).
FAILED - RETRYING: Wait for the backup job to finish (20109 retries left).
FAILED - RETRYING: Wait for the backup job to finish (20108 retries left).
FAILED - RETRYING: Wait for the backup job to finish (20107 retries left).
FAILED - RETRYING: Wait for the backup job to finish (20106 retries left).
FAILED - RETRYING: Wait for the backup job to finish (20105 retries left).
FAILED - RETRYING: Wait for the backup job to finish (20104 retries left).
FAILED - RETRYING: Wait for the backup job to finish (20103 retries left).
FAILED - RETRYING: Wait for the backup job to finish (20102 retries left).
FAILED - RETRYING: Wait for the backup job to finish (20101 retries left).
FAILED - RETRYING: Wait for the backup job to finish (20100 retries left).
FAILED - RETRYING: Wait for the backup job to finish (20099 retries left).
FAILED - RETRYING: Wait for the backup job to finish (20098 retries left).
FAILED - RETRYING: Wait for the backup job to finish (20097 retries left).
FAILED - RETRYING: Wait for the backup job to finish (20096 retries left).
FAILED - RETRYING: Wait for the backup job to finish (20095 retries left).
FAILED - RETRYING: Wait for the backup job to finish (20094 retries left).
FAILED - RETRYING: Wait for the backup job to finish (20093 retries left).
FAILED - RETRYING: Wait for the backup job to finish (20092 retries left).
FAILED - RETRYING: Wait for the backup job to finish (20091 retries left).
FAILED - RETRYING: Wait for the backup job to finish (20090 retries left).
FAILED - RETRYING: Wait for the backup job to finish (20089 retries left).
FAILED - RETRYING: Wait for the backup job to finish (20088 retries left).
FAILED - RETRYING: Wait for the backup job to finish (20087 retries left).
FAILED - RETRYING: Wait for the backup job to finish (20086 retries left).
FAILED - RETRYING: Wait for the backup job to finish (20085 retries left).
FAILED - RETRYING: Wait for the backup job to finish (20084 retries left).
FAILED - RETRYING: Wait for the backup job to finish (20083 retries left).
FAILED - RETRYING: Wait for the backup job to finish (20082 retries left).
FAILED - RETRYING: Wait for the backup job to finish (20081 retries left).
FAILED - RETRYING: Wait for the backup job to finish (20080 retries left).
FAILED - RETRYING: Wait for the backup job to finish (20079 retries left).
FAILED - RETRYING: Wait for the backup job to finish (20078 retries left).
FAILED - RETRYING: Wait for the backup job to finish (20077 retries left).
FAILED - RETRYING: Wait for the backup job to finish (20076 retries left).
FAILED - RETRYING: Wait for the backup job to finish (20075 retries left).
FAILED - RETRYING: Wait for the backup job to finish (20074 retries left).
FAILED - RETRYING: Wait for the backup job to finish (20073 retries left).
FAILED - RETRYING: Wait for the backup job to finish (20072 retries left).
FAILED - RETRYING: Wait for the backup job to finish (20071 retries left).
FAILED - RETRYING: Wait for the backup job to finish (20070 retries left).
FAILED - RETRYING: Wait for the backup job to finish (20069 retries left).
FAILED - RETRYING: Wait for the backup job to finish (20068 retries left).
FAILED - RETRYING: Wait for the backup job to finish (20067 retries left).
FAILED - RETRYING: Wait for the backup job to finish (20066 retries left).
FAILED - RETRYING: Wait for the backup job to finish (20065 retries left).
FAILED - RETRYING: Wait for the backup job to finish (20064 retries left).
FAILED - RETRYING: Wait for the backup job to finish (20063 retries left).
FAILED - RETRYING: Wait for the backup job to finish (20062 retries left).
FAILED - RETRYING: Wait for the backup job to finish (20061 retries left).
FAILED - RETRYING: Wait for the backup job to finish (20060 retries left).
FAILED - RETRYING: Wait for the backup job to finish (20059 retries left).
FAILED - RETRYING: Wait for the backup job to finish (20058 retries left).
FAILED - RETRYING: Wait for the backup job to finish (20057 retries left).
FAILED - RETRYING: Wait for the backup job to finish (20056 retries left).
FAILED - RETRYING: Wait for the backup job to finish (20055 retries left).
FAILED - RETRYING: Wait for the backup job to finish (20054 retries left).
FAILED - RETRYING: Wait for the backup job to finish (20053 retries left).
FAILED - RETRYING: Wait for the backup job to finish (20052 retries left).
FAILED - RETRYING: Wait for the backup job to finish (20051 retries left).
FAILED - RETRYING: Wait for the backup job to finish (20050 retries left).
FAILED - RETRYING: Wait for the backup job to finish (20049 retries left).
FAILED - RETRYING: Wait for the backup job to finish (20048 retries left).
FAILED - RETRYING: Wait for the backup job to finish (20047 retries left).
FAILED - RETRYING: Wait for the backup job to finish (20046 retries left).
FAILED - RETRYING: Wait for the backup job to finish (20045 retries left).
FAILED - RETRYING: Wait for the backup job to finish (20044 retries left).
FAILED - RETRYING: Wait for the backup job to finish (20043 retries left).
FAILED - RETRYING: Wait for the backup job to finish (20042 retries left).
FAILED - RETRYING: Wait for the backup job to finish (20041 retries left).
FAILED - RETRYING: Wait for the backup job to finish (20040 retries left).
FAILED - RETRYING: Wait for the backup job to finish (20039 retries left).
FAILED - RETRYING: Wait for the backup job to finish (20038 retries left).
FAILED - RETRYING: Wait for the backup job to finish (20037 retries left).
FAILED - RETRYING: Wait for the backup job to finish (20036 retries left).
FAILED - RETRYING: Wait for the backup job to finish (20035 retries left).
FAILED - RETRYING: Wait for the backup job to finish (20034 retries left).
FAILED - RETRYING: Wait for the backup job to finish (20033 retries left).
FAILED - RETRYING: Wait for the backup job to finish (20032 retries left).
FAILED - RETRYING: Wait for the backup job to finish (20031 retries left).
FAILED - RETRYING: Wait for the backup job to finish (20030 retries left).
FAILED - RETRYING: Wait for the backup job to finish (20029 retries left).
FAILED - RETRYING: Wait for the backup job to finish (20028 retries left).
FAILED - RETRYING: Wait for the backup job to finish (20027 retries left).
FAILED - RETRYING: Wait for the backup job to finish (20026 retries left).
FAILED - RETRYING: Wait for the backup job to finish (20025 retries left).
FAILED - RETRYING: Wait for the backup job to finish (20024 retries left).
FAILED - RETRYING: Wait for the backup job to finish (20023 retries left).
FAILED - RETRYING: Wait for the backup job to finish (20022 retries left).
FAILED - RETRYING: Wait for the backup job to finish (20021 retries left).
FAILED - RETRYING: Wait for the backup job to finish (20020 retries left).
FAILED - RETRYING: Wait for the backup job to finish (20019 retries left).
FAILED - RETRYING: Wait for the backup job to finish (20018 retries left).
FAILED - RETRYING: Wait for the backup job to finish (20017 retries left).
FAILED - RETRYING: Wait for the backup job to finish (20016 retries left).
FAILED - RETRYING: Wait for the backup job to finish (20015 retries left).
FAILED - RETRYING: Wait for the backup job to finish (20014 retries left).
FAILED - RETRYING: Wait for the backup job to finish (20013 retries left).
FAILED - RETRYING: Wait for the backup job to finish (20012 retries left).
FAILED - RETRYING: Wait for the backup job to finish (20011 retries left).
FAILED - RETRYING: Wait for the backup job to finish (20010 retries left).
FAILED - RETRYING: Wait for the backup job to finish (20009 retries left).
FAILED - RETRYING: Wait for the backup job to finish (20008 retries left).
FAILED - RETRYING: Wait for the backup job to finish (20007 retries left).
FAILED - RETRYING: Wait for the backup job to finish (20006 retries left).
FAILED - RETRYING: Wait for the backup job to finish (20005 retries left).
FAILED - RETRYING: Wait for the backup job to finish (20004 retries left).
FAILED - RETRYING: Wait for the backup job to finish (20003 retries left).
FAILED - RETRYING: Wait for the backup job to finish (20002 retries left).
FAILED - RETRYING: Wait for the backup job to finish (20001 retries left).
FAILED - RETRYING: Wait for the backup job to finish (20000 retries left).
FAILED - RETRYING: Wait for the backup job to finish (19999 retries left).
FAILED - RETRYING: Wait for the backup job to finish (19998 retries left).
FAILED - RETRYING: Wait for the backup job to finish (19997 retries left).
FAILED - RETRYING: Wait for the backup job to finish (19996 retries left).
FAILED - RETRYING: Wait for the backup job to finish (19995 retries left).
FAILED - RETRYING: Wait for the backup job to finish (19994 retries left).
FAILED - RETRYING: Wait for the backup job to finish (19993 retries left).
FAILED - RETRYING: Wait for the backup job to finish (19992 retries left).
FAILED - RETRYING: Wait for the backup job to finish (19991 retries left).
FAILED - RETRYING: Wait for the backup job to finish (19990 retries left).
FAILED - RETRYING: Wait for the backup job to finish (19989 retries left).
FAILED - RETRYING: Wait for the backup job to finish (19988 retries left).
FAILED - RETRYING: Wait for the backup job to finish (19987 retries left).
FAILED - RETRYING: Wait for the backup job to finish (19986 retries left).
FAILED - RETRYING: Wait for the backup job to finish (19985 retries left).
FAILED - RETRYING: Wait for the backup job to finish (19984 retries left).
FAILED - RETRYING: Wait for the backup job to finish (19983 retries left).
FAILED - RETRYING: Wait for the backup job to finish (19982 retries left).
FAILED - RETRYING: Wait for the backup job to finish (19981 retries left).
FAILED - RETRYING: Wait for the backup job to finish (19980 retries left).
FAILED - RETRYING: Wait for the backup job to finish (19979 retries left).
FAILED - RETRYING: Wait for the backup job to finish (19978 retries left).
FAILED - RETRYING: Wait for the backup job to finish (19977 retries left).
FAILED - RETRYING: Wait for the backup job to finish (19976 retries left).
FAILED - RETRYING: Wait for the backup job to finish (19975 retries left).
FAILED - RETRYING: Wait for the backup job to finish (19974 retries left).
FAILED - RETRYING: Wait for the backup job to finish (19973 retries left).
FAILED - RETRYING: Wait for the backup job to finish (19972 retries left).
FAILED - RETRYING: Wait for the backup job to finish (19971 retries left).
FAILED - RETRYING: Wait for the backup job to finish (19970 retries left).
FAILED - RETRYING: Wait for the backup job to finish (19969 retries left).
FAILED - RETRYING: Wait for the backup job to finish (19968 retries left).
FAILED - RETRYING: Wait for the backup job to finish (19967 retries left).
FAILED - RETRYING: Wait for the backup job to finish (19966 retries left).
FAILED - RETRYING: Wait for the backup job to finish (19965 retries left).
FAILED - RETRYING: Wait for the backup job to finish (19964 retries left).
FAILED - RETRYING: Wait for the backup job to finish (19963 retries left).
FAILED - RETRYING: Wait for the backup job to finish (19962 retries left).
FAILED - RETRYING: Wait for the backup job to finish (19961 retries left).
FAILED - RETRYING: Wait for the backup job to finish (19960 retries left).
FAILED - RETRYING: Wait for the backup job to finish (19959 retries left).
FAILED - RETRYING: Wait for the backup job to finish (19958 retries left).
FAILED - RETRYING: Wait for the backup job to finish (19957 retries left).
FAILED - RETRYING: Wait for the backup job to finish (19956 retries left).
FAILED - RETRYING: Wait for the backup job to finish (19955 retries left).
FAILED - RETRYING: Wait for the backup job to finish (19954 retries left).
FAILED - RETRYING: Wait for the backup job to finish (19953 retries left).
FAILED - RETRYING: Wait for the backup job to finish (19952 retries left).
FAILED - RETRYING: Wait for the backup job to finish (19951 retries left).
FAILED - RETRYING: Wait for the backup job to finish (19950 retries left).
FAILED - RETRYING: Wait for the backup job to finish (19949 retries left).
FAILED - RETRYING: Wait for the backup job to finish (19948 retries left).
FAILED - RETRYING: Wait for the backup job to finish (19947 retries left).
FAILED - RETRYING: Wait for the backup job to finish (19946 retries left).
FAILED - RETRYING: Wait for the backup job to finish (19945 retries left).
FAILED - RETRYING: Wait for the backup job to finish (19944 retries left).
FAILED - RETRYING: Wait for the backup job to finish (19943 retries left).
FAILED - RETRYING: Wait for the backup job to finish (19942 retries left).
FAILED - RETRYING: Wait for the backup job to finish (19941 retries left).
FAILED - RETRYING: Wait for the backup job to finish (19940 retries left).
FAILED - RETRYING: Wait for the backup job to finish (19939 retries left).
FAILED - RETRYING: Wait for the backup job to finish (19938 retries left).
FAILED - RETRYING: Wait for the backup job to finish (19937 retries left).
FAILED - RETRYING: Wait for the backup job to finish (19936 retries left).
FAILED - RETRYING: Wait for the backup job to finish (19935 retries left).
FAILED - RETRYING: Wait for the backup job to finish (19934 retries left).
FAILED - RETRYING: Wait for the backup job to finish (19933 retries left).
FAILED - RETRYING: Wait for the backup job to finish (19932 retries left).
FAILED - RETRYING: Wait for the backup job to finish (19931 retries left).
FAILED - RETRYING: Wait for the backup job to finish (19930 retries left).
FAILED - RETRYING: Wait for the backup job to finish (19929 retries left).
FAILED - RETRYING: Wait for the backup job to finish (19928 retries left).
FAILED - RETRYING: Wait for the backup job to finish (19927 retries left).
FAILED - RETRYING: Wait for the backup job to finish (19926 retries left).
FAILED - RETRYING: Wait for the backup job to finish (19925 retries left).
FAILED - RETRYING: Wait for the backup job to finish (19924 retries left).
FAILED - RETRYING: Wait for the backup job to finish (19923 retries left).
FAILED - RETRYING: Wait for the backup job to finish (19922 retries left).
FAILED - RETRYING: Wait for the backup job to finish (19921 retries left).
FAILED - RETRYING: Wait for the backup job to finish (19920 retries left).
FAILED - RETRYING: Wait for the backup job to finish (19919 retries left).
FAILED - RETRYING: Wait for the backup job to finish (19918 retries left).
FAILED - RETRYING: Wait for the backup job to finish (19917 retries left).
FAILED - RETRYING: Wait for the backup job to finish (19916 retries left).
FAILED - RETRYING: Wait for the backup job to finish (19915 retries left).
FAILED - RETRYING: Wait for the backup job to finish (19914 retries left).
FAILED - RETRYING: Wait for the backup job to finish (19913 retries left).
FAILED - RETRYING: Wait for the backup job to finish (19912 retries left).
FAILED - RETRYING: Wait for the backup job to finish (19911 retries left).
FAILED - RETRYING: Wait for the backup job to finish (19910 retries left).
FAILED - RETRYING: Wait for the backup job to finish (19909 retries left).
FAILED - RETRYING: Wait for the backup job to finish (19908 retries left).
FAILED - RETRYING: Wait for the backup job to finish (19907 retries left).
FAILED - RETRYING: Wait for the backup job to finish (19906 retries left).
FAILED - RETRYING: Wait for the backup job to finish (19905 retries left).
FAILED - RETRYING: Wait for the backup job to finish (19904 retries left).
FAILED - RETRYING: Wait for the backup job to finish (19903 retries left).
FAILED - RETRYING: Wait for the backup job to finish (19902 retries left).
FAILED - RETRYING: Wait for the backup job to finish (19901 retries left).
FAILED - RETRYING: Wait for the backup job to finish (19900 retries left).
FAILED - RETRYING: Wait for the backup job to finish (19899 retries left).
FAILED - RETRYING: Wait for the backup job to finish (19898 retries left).
FAILED - RETRYING: Wait for the backup job to finish (19897 retries left).
FAILED - RETRYING: Wait for the backup job to finish (19896 retries left).
FAILED - RETRYING: Wait for the backup job to finish (19895 retries left).
FAILED - RETRYING: Wait for the backup job to finish (19894 retries left).
FAILED - RETRYING: Wait for the backup job to finish (19893 retries left).
FAILED - RETRYING: Wait for the backup job to finish (19892 retries left).
FAILED - RETRYING: Wait for the backup job to finish (19891 retries left).
FAILED - RETRYING: Wait for the backup job to finish (19890 retries left).
FAILED - RETRYING: Wait for the backup job to finish (19889 retries left).
FAILED - RETRYING: Wait for the backup job to finish (19888 retries left).
FAILED - RETRYING: Wait for the backup job to finish (19887 retries left).
FAILED - RETRYING: Wait for the backup job to finish (19886 retries left).
FAILED - RETRYING: Wait for the backup job to finish (19885 retries left).
FAILED - RETRYING: Wait for the backup job to finish (19884 retries left).
FAILED - RETRYING: Wait for the backup job to finish (19883 retries left).
FAILED - RETRYING: Wait for the backup job to finish (19882 retries left).
FAILED - RETRYING: Wait for the backup job to finish (19881 retries left).
FAILED - RETRYING: Wait for the backup job to finish (19880 retries left).
FAILED - RETRYING: Wait for the backup job to finish (19879 retries left).
FAILED - RETRYING: Wait for the backup job to finish (19878 retries left).
FAILED - RETRYING: Wait for the backup job to finish (19877 retries left).
FAILED - RETRYING: Wait for the backup job to finish (19876 retries left).
FAILED - RETRYING: Wait for the backup job to finish (19875 retries left).
FAILED - RETRYING: Wait for the backup job to finish (19874 retries left).
FAILED - RETRYING: Wait for the backup job to finish (19873 retries left).
FAILED - RETRYING: Wait for the backup job to finish (19872 retries left).
FAILED - RETRYING: Wait for the backup job to finish (19871 retries left).
FAILED - RETRYING: Wait for the backup job to finish (19870 retries left).
FAILED - RETRYING: Wait for the backup job to finish (19869 retries left).
FAILED - RETRYING: Wait for the backup job to finish (19868 retries left).
FAILED - RETRYING: Wait for the backup job to finish (19867 retries left).
FAILED - RETRYING: Wait for the backup job to finish (19866 retries left).
FAILED - RETRYING: Wait for the backup job to finish (19865 retries left).
FAILED - RETRYING: Wait for the backup job to finish (19864 retries left).
FAILED - RETRYING: Wait for the backup job to finish (19863 retries left).
FAILED - RETRYING: Wait for the backup job to finish (19862 retries left).
FAILED - RETRYING: Wait for the backup job to finish (19861 retries left).
FAILED - RETRYING: Wait for the backup job to finish (19860 retries left).
FAILED - RETRYING: Wait for the backup job to finish (19859 retries left).
FAILED - RETRYING: Wait for the backup job to finish (19858 retries left).
FAILED - RETRYING: Wait for the backup job to finish (19857 retries left).
FAILED - RETRYING: Wait for the backup job to finish (19856 retries left).
FAILED - RETRYING: Wait for the backup job to finish (19855 retries left).
FAILED - RETRYING: Wait for the backup job to finish (19854 retries left).
FAILED - RETRYING: Wait for the backup job to finish (19853 retries left).
FAILED - RETRYING: Wait for the backup job to finish (19852 retries left).
FAILED - RETRYING: Wait for the backup job to finish (19851 retries left).
FAILED - RETRYING: Wait for the backup job to finish (19850 retries left).
FAILED - RETRYING: Wait for the backup job to finish (19849 retries left).
FAILED - RETRYING: Wait for the backup job to finish (19848 retries left).
FAILED - RETRYING: Wait for the backup job to finish (19847 retries left).
FAILED - RETRYING: Wait for the backup job to finish (19846 retries left).
FAILED - RETRYING: Wait for the backup job to finish (19845 retries left).
FAILED - RETRYING: Wait for the backup job to finish (19844 retries left).
FAILED - RETRYING: Wait for the backup job to finish (19843 retries left).
FAILED - RETRYING: Wait for the backup job to finish (19842 retries left).
FAILED - RETRYING: Wait for the backup job to finish (19841 retries left).
FAILED - RETRYING: Wait for the backup job to finish (19840 retries left).
FAILED - RETRYING: Wait for the backup job to finish (19839 retries left).
FAILED - RETRYING: Wait for the backup job to finish (19838 retries left).
FAILED - RETRYING: Wait for the backup job to finish (19837 retries left).
FAILED - RETRYING: Wait for the backup job to finish (19836 retries left).
FAILED - RETRYING: Wait for the backup job to finish (19835 retries left).
FAILED - RETRYING: Wait for the backup job to finish (19834 retries left).
FAILED - RETRYING: Wait for the backup job to finish (19833 retries left).
FAILED - RETRYING: Wait for the backup job to finish (19832 retries left).
FAILED - RETRYING: Wait for the backup job to finish (19831 retries left).
FAILED - RETRYING: Wait for the backup job to finish (19830 retries left).
FAILED - RETRYING: Wait for the backup job to finish (19829 retries left).
FAILED - RETRYING: Wait for the backup job to finish (19828 retries left).
FAILED - RETRYING: Wait for the backup job to finish (19827 retries left).
FAILED - RETRYING: Wait for the backup job to finish (19826 retries left).
FAILED - RETRYING: Wait for the backup job to finish (19825 retries left).
FAILED - RETRYING: Wait for the backup job to finish (19824 retries left).
FAILED - RETRYING: Wait for the backup job to finish (19823 retries left).
FAILED - RETRYING: Wait for the backup job to finish (19822 retries left).
FAILED - RETRYING: Wait for the backup job to finish (19821 retries left).
FAILED - RETRYING: Wait for the backup job to finish (19820 retries left).
FAILED - RETRYING: Wait for the backup job to finish (19819 retries left).
FAILED - RETRYING: Wait for the backup job to finish (19818 retries left).
FAILED - RETRYING: Wait for the backup job to finish (19817 retries left).
FAILED - RETRYING: Wait for the backup job to finish (19816 retries left).
FAILED - RETRYING: Wait for the backup job to finish (19815 retries left).
FAILED - RETRYING: Wait for the backup job to finish (19814 retries left).
FAILED - RETRYING: Wait for the backup job to finish (19813 retries left).
FAILED - RETRYING: Wait for the backup job to finish (19812 retries left).
FAILED - RETRYING: Wait for the backup job to finish (19811 retries left).
FAILED - RETRYING: Wait for the backup job to finish (19810 retries left).
FAILED - RETRYING: Wait for the backup job to finish (19809 retries left).
FAILED - RETRYING: Wait for the backup job to finish (19808 retries left).
FAILED - RETRYING: Wait for the backup job to finish (19807 retries left).
FAILED - RETRYING: Wait for the backup job to finish (19806 retries left).
FAILED - RETRYING: Wait for the backup job to finish (19805 retries left).
FAILED - RETRYING: Wait for the backup job to finish (19804 retries left).
FAILED - RETRYING: Wait for the backup job to finish (19803 retries left).
FAILED - RETRYING: Wait for the backup job to finish (19802 retries left).
FAILED - RETRYING: Wait for the backup job to finish (19801 retries left).
FAILED - RETRYING: Wait for the backup job to finish (19800 retries left).
FAILED - RETRYING: Wait for the backup job to finish (19799 retries left).
FAILED - RETRYING: Wait for the backup job to finish (19798 retries left).
FAILED - RETRYING: Wait for the backup job to finish (19797 retries left).
FAILED - RETRYING: Wait for the backup job to finish (19796 retries left).
FAILED - RETRYING: Wait for the backup job to finish (19795 retries left).
FAILED - RETRYING: Wait for the backup job to finish (19794 retries left).
FAILED - RETRYING: Wait for the backup job to finish (19793 retries left).
FAILED - RETRYING: Wait for the backup job to finish (19792 retries left).
FAILED - RETRYING: Wait for the backup job to finish (19791 retries left).
FAILED - RETRYING: Wait for the backup job to finish (19790 retries left).
FAILED - RETRYING: Wait for the backup job to finish (19789 retries left).
FAILED - RETRYING: Wait for the backup job to finish (19788 retries left).
FAILED - RETRYING: Wait for the backup job to finish (19787 retries left).
FAILED - RETRYING: Wait for the backup job to finish (19786 retries left).
FAILED - RETRYING: Wait for the backup job to finish (19785 retries left).
FAILED - RETRYING: Wait for the backup job to finish (19784 retries left).
FAILED - RETRYING: Wait for the backup job to finish (19783 retries left).
FAILED - RETRYING: Wait for the backup job to finish (19782 retries left).
FAILED - RETRYING: Wait for the backup job to finish (19781 retries left).
FAILED - RETRYING: Wait for the backup job to finish (19780 retries left).
FAILED - RETRYING: Wait for the backup job to finish (19779 retries left).
FAILED - RETRYING: Wait for the backup job to finish (19778 retries left).
FAILED - RETRYING: Wait for the backup job to finish (19777 retries left).
FAILED - RETRYING: Wait for the backup job to finish (19776 retries left).
FAILED - RETRYING: Wait for the backup job to finish (19775 retries left).
FAILED - RETRYING: Wait for the backup job to finish (19774 retries left).
FAILED - RETRYING: Wait for the backup job to finish (19773 retries left).
FAILED - RETRYING: Wait for the backup job to finish (19772 retries left).
FAILED - RETRYING: Wait for the backup job to finish (19771 retries left).
FAILED - RETRYING: Wait for the backup job to finish (19770 retries left).
FAILED - RETRYING: Wait for the backup job to finish (19769 retries left).
FAILED - RETRYING: Wait for the backup job to finish (19768 retries left).
FAILED - RETRYING: Wait for the backup job to finish (19767 retries left).
FAILED - RETRYING: Wait for the backup job to finish (19766 retries left).
FAILED - RETRYING: Wait for the backup job to finish (19765 retries left).
FAILED - RETRYING: Wait for the backup job to finish (19764 retries left).
FAILED - RETRYING: Wait for the backup job to finish (19763 retries left).
FAILED - RETRYING: Wait for the backup job to finish (19762 retries left).
FAILED - RETRYING: Wait for the backup job to finish (19761 retries left).
FAILED - RETRYING: Wait for the backup job to finish (19760 retries left).
FAILED - RETRYING: Wait for the backup job to finish (19759 retries left).
FAILED - RETRYING: Wait for the backup job to finish (19758 retries left).
FAILED - RETRYING: Wait for the backup job to finish (19757 retries left).
FAILED - RETRYING: Wait for the backup job to finish (19756 retries left).
FAILED - RETRYING: Wait for the backup job to finish (19755 retries left).
FAILED - RETRYING: Wait for the backup job to finish (19754 retries left).
FAILED - RETRYING: Wait for the backup job to finish (19753 retries left).
FAILED - RETRYING: Wait for the backup job to finish (19752 retries left).
FAILED - RETRYING: Wait for the backup job to finish (19751 retries left).
FAILED - RETRYING: Wait for the backup job to finish (19750 retries left).
FAILED - RETRYING: Wait for the backup job to finish (19749 retries left).
FAILED - RETRYING: Wait for the backup job to finish (19748 retries left).
FAILED - RETRYING: Wait for the backup job to finish (19747 retries left).
FAILED - RETRYING: Wait for the backup job to finish (19746 retries left).
FAILED - RETRYING: Wait for the backup job to finish (19745 retries left).
FAILED - RETRYING: Wait for the backup job to finish (19744 retries left).
FAILED - RETRYING: Wait for the backup job to finish (19743 retries left).
FAILED - RETRYING: Wait for the backup job to finish (19742 retries left).
FAILED - RETRYING: Wait for the backup job to finish (19741 retries left).
FAILED - RETRYING: Wait for the backup job to finish (19740 retries left).
FAILED - RETRYING: Wait for the backup job to finish (19739 retries left).
FAILED - RETRYING: Wait for the backup job to finish (19738 retries left).
FAILED - RETRYING: Wait for the backup job to finish (19737 retries left).
FAILED - RETRYING: Wait for the backup job to finish (19736 retries left).
FAILED - RETRYING: Wait for the backup job to finish (19735 retries left).
FAILED - RETRYING: Wait for the backup job to finish (19734 retries left).
FAILED - RETRYING: Wait for the backup job to finish (19733 retries left).
FAILED - RETRYING: Wait for the backup job to finish (19732 retries left).
FAILED - RETRYING: Wait for the backup job to finish (19731 retries left).
FAILED - RETRYING: Wait for the backup job to finish (19730 retries left).
FAILED - RETRYING: Wait for the backup job to finish (19729 retries left).
FAILED - RETRYING: Wait for the backup job to finish (19728 retries left).
FAILED - RETRYING: Wait for the backup job to finish (19727 retries left).
FAILED - RETRYING: Wait for the backup job to finish (19726 retries left).
FAILED - RETRYING: Wait for the backup job to finish (19725 retries left).
FAILED - RETRYING: Wait for the backup job to finish (19724 retries left).
FAILED - RETRYING: Wait for the backup job to finish (19723 retries left).
FAILED - RETRYING: Wait for the backup job to finish (19722 retries left).
FAILED - RETRYING: Wait for the backup job to finish (19721 retries left).
FAILED - RETRYING: Wait for the backup job to finish (19720 retries left).
FAILED - RETRYING: Wait for the backup job to finish (19719 retries left).
FAILED - RETRYING: Wait for the backup job to finish (19718 retries left).
FAILED - RETRYING: Wait for the backup job to finish (19717 retries left).
FAILED - RETRYING: Wait for the backup job to finish (19716 retries left).
FAILED - RETRYING: Wait for the backup job to finish (19715 retries left).
FAILED - RETRYING: Wait for the backup job to finish (19714 retries left).
FAILED - RETRYING: Wait for the backup job to finish (19713 retries left).
FAILED - RETRYING: Wait for the backup job to finish (19712 retries left).
FAILED - RETRYING: Wait for the backup job to finish (19711 retries left).
FAILED - RETRYING: Wait for the backup job to finish (19710 retries left).
FAILED - RETRYING: Wait for the backup job to finish (19709 retries left).
FAILED - RETRYING: Wait for the backup job to finish (19708 retries left).
FAILED - RETRYING: Wait for the backup job to finish (19707 retries left).
FAILED - RETRYING: Wait for the backup job to finish (19706 retries left).
FAILED - RETRYING: Wait for the backup job to finish (19705 retries left).
FAILED - RETRYING: Wait for the backup job to finish (19704 retries left).
FAILED - RETRYING: Wait for the backup job to finish (19703 retries left).
FAILED - RETRYING: Wait for the backup job to finish (19702 retries left).
FAILED - RETRYING: Wait for the backup job to finish (19701 retries left).
FAILED - RETRYING: Wait for the backup job to finish (19700 retries left).
FAILED - RETRYING: Wait for the backup job to finish (19699 retries left).
FAILED - RETRYING: Wait for the backup job to finish (19698 retries left).
FAILED - RETRYING: Wait for the backup job to finish (19697 retries left).
FAILED - RETRYING: Wait for the backup job to finish (19696 retries left).
FAILED - RETRYING: Wait for the backup job to finish (19695 retries left).
FAILED - RETRYING: Wait for the backup job to finish (19694 retries left).
FAILED - RETRYING: Wait for the backup job to finish (19693 retries left).
FAILED - RETRYING: Wait for the backup job to finish (19692 retries left).
FAILED - RETRYING: Wait for the backup job to finish (19691 retries left).
FAILED - RETRYING: Wait for the backup job to finish (19690 retries left).
FAILED - RETRYING: Wait for the backup job to finish (19689 retries left).
FAILED - RETRYING: Wait for the backup job to finish (19688 retries left).
FAILED - RETRYING: Wait for the backup job to finish (19687 retries left).
FAILED - RETRYING: Wait for the backup job to finish (19686 retries left).
FAILED - RETRYING: Wait for the backup job to finish (19685 retries left).
FAILED - RETRYING: Wait for the backup job to finish (19684 retries left).
FAILED - RETRYING: Wait for the backup job to finish (19683 retries left).
FAILED - RETRYING: Wait for the backup job to finish (19682 retries left).
FAILED - RETRYING: Wait for the backup job to finish (19681 retries left).
FAILED - RETRYING: Wait for the backup job to finish (19680 retries left).
FAILED - RETRYING: Wait for the backup job to finish (19679 retries left).
FAILED - RETRYING: Wait for the backup job to finish (19678 retries left).
FAILED - RETRYING: Wait for the backup job to finish (19677 retries left).
FAILED - RETRYING: Wait for the backup job to finish (19676 retries left).
FAILED - RETRYING: Wait for the backup job to finish (19675 retries left).
FAILED - RETRYING: Wait for the backup job to finish (19674 retries left).
FAILED - RETRYING: Wait for the backup job to finish (19673 retries left).
FAILED - RETRYING: Wait for the backup job to finish (19672 retries left).
FAILED - RETRYING: Wait for the backup job to finish (19671 retries left).
FAILED - RETRYING: Wait for the backup job to finish (19670 retries left).
FAILED - RETRYING: Wait for the backup job to finish (19669 retries left).
FAILED - RETRYING: Wait for the backup job to finish (19668 retries left).
FAILED - RETRYING: Wait for the backup job to finish (19667 retries left).
FAILED - RETRYING: Wait for the backup job to finish (19666 retries left).
FAILED - RETRYING: Wait for the backup job to finish (19665 retries left).
FAILED - RETRYING: Wait for the backup job to finish (19664 retries left).
FAILED - RETRYING: Wait for the backup job to finish (19663 retries left).
FAILED - RETRYING: Wait for the backup job to finish (19662 retries left).
FAILED - RETRYING: Wait for the backup job to finish (19661 retries left).
FAILED - RETRYING: Wait for the backup job to finish (19660 retries left).
FAILED - RETRYING: Wait for the backup job to finish (19659 retries left).
FAILED - RETRYING: Wait for the backup job to finish (19658 retries left).
FAILED - RETRYING: Wait for the backup job to finish (19657 retries left).
FAILED - RETRYING: Wait for the backup job to finish (19656 retries left).
FAILED - RETRYING: Wait for the backup job to finish (19655 retries left).
FAILED - RETRYING: Wait for the backup job to finish (19654 retries left).
FAILED - RETRYING: Wait for the backup job to finish (19653 retries left).
FAILED - RETRYING: Wait for the backup job to finish (19652 retries left).
FAILED - RETRYING: Wait for the backup job to finish (19651 retries left).
FAILED - RETRYING: Wait for the backup job to finish (19650 retries left).
FAILED - RETRYING: Wait for the backup job to finish (19649 retries left).
FAILED - RETRYING: Wait for the backup job to finish (19648 retries left).
FAILED - RETRYING: Wait for the backup job to finish (19647 retries left).
FAILED - RETRYING: Wait for the backup job to finish (19646 retries left).
FAILED - RETRYING: Wait for the backup job to finish (19645 retries left).
FAILED - RETRYING: Wait for the backup job to finish (19644 retries left).
FAILED - RETRYING: Wait for the backup job to finish (19643 retries left).
FAILED - RETRYING: Wait for the backup job to finish (19642 retries left).
FAILED - RETRYING: Wait for the backup job to finish (19641 retries left).
FAILED - RETRYING: Wait for the backup job to finish (19640 retries left).
FAILED - RETRYING: Wait for the backup job to finish (19639 retries left).
FAILED - RETRYING: Wait for the backup job to finish (19638 retries left).
FAILED - RETRYING: Wait for the backup job to finish (19637 retries left).
FAILED - RETRYING: Wait for the backup job to finish (19636 retries left).
FAILED - RETRYING: Wait for the backup job to finish (19635 retries left).
FAILED - RETRYING: Wait for the backup job to finish (19634 retries left).
FAILED - RETRYING: Wait for the backup job to finish (19633 retries left).
FAILED - RETRYING: Wait for the backup job to finish (19632 retries left).
FAILED - RETRYING: Wait for the backup job to finish (19631 retries left).
FAILED - RETRYING: Wait for the backup job to finish (19630 retries left).
FAILED - RETRYING: Wait for the backup job to finish (19629 retries left).
FAILED - RETRYING: Wait for the backup job to finish (19628 retries left).
FAILED - RETRYING: Wait for the backup job to finish (19627 retries left).
FAILED - RETRYING: Wait for the backup job to finish (19626 retries left).
FAILED - RETRYING: Wait for the backup job to finish (19625 retries left).
FAILED - RETRYING: Wait for the backup job to finish (19624 retries left).
FAILED - RETRYING: Wait for the backup job to finish (19623 retries left).
FAILED - RETRYING: Wait for the backup job to finish (19622 retries left).
FAILED - RETRYING: Wait for the backup job to finish (19621 retries left).
FAILED - RETRYING: Wait for the backup job to finish (19620 retries left).
FAILED - RETRYING: Wait for the backup job to finish (19619 retries left).
FAILED - RETRYING: Wait for the backup job to finish (19618 retries left).
FAILED - RETRYING: Wait for the backup job to finish (19617 retries left).
FAILED - RETRYING: Wait for the backup job to finish (19616 retries left).
FAILED - RETRYING: Wait for the backup job to finish (19615 retries left).
FAILED - RETRYING: Wait for the backup job to finish (19614 retries left).
FAILED - RETRYING: Wait for the backup job to finish (19613 retries left).
FAILED - RETRYING: Wait for the backup job to finish (19612 retries left).
FAILED - RETRYING: Wait for the backup job to finish (19611 retries left).
FAILED - RETRYING: Wait for the backup job to finish (19610 retries left).
FAILED - RETRYING: Wait for the backup job to finish (19609 retries left).
FAILED - RETRYING: Wait for the backup job to finish (19608 retries left).
FAILED - RETRYING: Wait for the backup job to finish (19607 retries left).
FAILED - RETRYING: Wait for the backup job to finish (19606 retries left).
FAILED - RETRYING: Wait for the backup job to finish (19605 retries left).
FAILED - RETRYING: Wait for the backup job to finish (19604 retries left).
FAILED - RETRYING: Wait for the backup job to finish (19603 retries left).
FAILED - RETRYING: Wait for the backup job to finish (19602 retries left).
FAILED - RETRYING: Wait for the backup job to finish (19601 retries left).
FAILED - RETRYING: Wait for the backup job to finish (19600 retries left).
FAILED - RETRYING: Wait for the backup job to finish (19599 retries left).
FAILED - RETRYING: Wait for the backup job to finish (19598 retries left).
FAILED - RETRYING: Wait for the backup job to finish (19597 retries left).
FAILED - RETRYING: Wait for the backup job to finish (19596 retries left).
FAILED - RETRYING: Wait for the backup job to finish (19595 retries left).
FAILED - RETRYING: Wait for the backup job to finish (19594 retries left).
FAILED - RETRYING: Wait for the backup job to finish (19593 retries left).
FAILED - RETRYING: Wait for the backup job to finish (19592 retries left).
FAILED - RETRYING: Wait for the backup job to finish (19591 retries left).
FAILED - RETRYING: Wait for the backup job to finish (19590 retries left).
FAILED - RETRYING: Wait for the backup job to finish (19589 retries left).
FAILED - RETRYING: Wait for the backup job to finish (19588 retries left).
FAILED - RETRYING: Wait for the backup job to finish (19587 retries left).
FAILED - RETRYING: Wait for the backup job to finish (19586 retries left).
FAILED - RETRYING: Wait for the backup job to finish (19585 retries left).
FAILED - RETRYING: Wait for the backup job to finish (19584 retries left).
FAILED - RETRYING: Wait for the backup job to finish (19583 retries left).
FAILED - RETRYING: Wait for the backup job to finish (19582 retries left).
FAILED - RETRYING: Wait for the backup job to finish (19581 retries left).
FAILED - RETRYING: Wait for the backup job to finish (19580 retries left).
FAILED - RETRYING: Wait for the backup job to finish (19579 retries left).
FAILED - RETRYING: Wait for the backup job to finish (19578 retries left).
FAILED - RETRYING: Wait for the backup job to finish (19577 retries left).
FAILED - RETRYING: Wait for the backup job to finish (19576 retries left).
FAILED - RETRYING: Wait for the backup job to finish (19575 retries left).
FAILED - RETRYING: Wait for the backup job to finish (19574 retries left).
FAILED - RETRYING: Wait for the backup job to finish (19573 retries left).
FAILED - RETRYING: Wait for the backup job to finish (19572 retries left).
FAILED - RETRYING: Wait for the backup job to finish (19571 retries left).
FAILED - RETRYING: Wait for the backup job to finish (19570 retries left).
FAILED - RETRYING: Wait for the backup job to finish (19569 retries left).
FAILED - RETRYING: Wait for the backup job to finish (19568 retries left).
FAILED - RETRYING: Wait for the backup job to finish (19567 retries left).
FAILED - RETRYING: Wait for the backup job to finish (19566 retries left).
FAILED - RETRYING: Wait for the backup job to finish (19565 retries left).
FAILED - RETRYING: Wait for the backup job to finish (19564 retries left).
FAILED - RETRYING: Wait for the backup job to finish (19563 retries left).
FAILED - RETRYING: Wait for the backup job to finish (19562 retries left).
FAILED - RETRYING: Wait for the backup job to finish (19561 retries left).
FAILED - RETRYING: Wait for the backup job to finish (19560 retries left).
FAILED - RETRYING: Wait for the backup job to finish (19559 retries left).
FAILED - RETRYING: Wait for the backup job to finish (19558 retries left).
FAILED - RETRYING: Wait for the backup job to finish (19557 retries left).
FAILED - RETRYING: Wait for the backup job to finish (19556 retries left).
FAILED - RETRYING: Wait for the backup job to finish (19555 retries left).
FAILED - RETRYING: Wait for the backup job to finish (19554 retries left).
FAILED - RETRYING: Wait for the backup job to finish (19553 retries left).
FAILED - RETRYING: Wait for the backup job to finish (19552 retries left).
FAILED - RETRYING: Wait for the backup job to finish (19551 retries left).
FAILED - RETRYING: Wait for the backup job to finish (19550 retries left).
FAILED - RETRYING: Wait for the backup job to finish (19549 retries left).
FAILED - RETRYING: Wait for the backup job to finish (19548 retries left).
FAILED - RETRYING: Wait for the backup job to finish (19547 retries left).
FAILED - RETRYING: Wait for the backup job to finish (19546 retries left).
FAILED - RETRYING: Wait for the backup job to finish (19545 retries left).
FAILED - RETRYING: Wait for the backup job to finish (19544 retries left).
FAILED - RETRYING: Wait for the backup job to finish (19543 retries left).
FAILED - RETRYING: Wait for the backup job to finish (19542 retries left).
FAILED - RETRYING: Wait for the backup job to finish (19541 retries left).
FAILED - RETRYING: Wait for the backup job to finish (19540 retries left).
FAILED - RETRYING: Wait for the backup job to finish (19539 retries left).
FAILED - RETRYING: Wait for the backup job to finish (19538 retries left).
FAILED - RETRYING: Wait for the backup job to finish (19537 retries left).
FAILED - RETRYING: Wait for the backup job to finish (19536 retries left).
FAILED - RETRYING: Wait for the backup job to finish (19535 retries left).
FAILED - RETRYING: Wait for the backup job to finish (19534 retries left).
FAILED - RETRYING: Wait for the backup job to finish (19533 retries left).
FAILED - RETRYING: Wait for the backup job to finish (19532 retries left).
FAILED - RETRYING: Wait for the backup job to finish (19531 retries left).
FAILED - RETRYING: Wait for the backup job to finish (19530 retries left).
FAILED - RETRYING: Wait for the backup job to finish (19529 retries left).
FAILED - RETRYING: Wait for the backup job to finish (19528 retries left).
FAILED - RETRYING: Wait for the backup job to finish (19527 retries left).
FAILED - RETRYING: Wait for the backup job to finish (19526 retries left).
FAILED - RETRYING: Wait for the backup job to finish (19525 retries left).
FAILED - RETRYING: Wait for the backup job to finish (19524 retries left).
FAILED - RETRYING: Wait for the backup job to finish (19523 retries left).
FAILED - RETRYING: Wait for the backup job to finish (19522 retries left).
FAILED - RETRYING: Wait for the backup job to finish (19521 retries left).
FAILED - RETRYING: Wait for the backup job to finish (19520 retries left).
FAILED - RETRYING: Wait for the backup job to finish (19519 retries left).
FAILED - RETRYING: Wait for the backup job to finish (19518 retries left).
FAILED - RETRYING: Wait for the backup job to finish (19517 retries left).
FAILED - RETRYING: Wait for the backup job to finish (19516 retries left).
FAILED - RETRYING: Wait for the backup job to finish (19515 retries left).
FAILED - RETRYING: Wait for the backup job to finish (19514 retries left).
FAILED - RETRYING: Wait for the backup job to finish (19513 retries left).
FAILED - RETRYING: Wait for the backup job to finish (19512 retries left).
FAILED - RETRYING: Wait for the backup job to finish (19511 retries left).
FAILED - RETRYING: Wait for the backup job to finish (19510 retries left).
FAILED - RETRYING: Wait for the backup job to finish (19509 retries left).
FAILED - RETRYING: Wait for the backup job to finish (19508 retries left).
FAILED - RETRYING: Wait for the backup job to finish (19507 retries left).
FAILED - RETRYING: Wait for the backup job to finish (19506 retries left).
FAILED - RETRYING: Wait for the backup job to finish (19505 retries left).
FAILED - RETRYING: Wait for the backup job to finish (19504 retries left).
FAILED - RETRYING: Wait for the backup job to finish (19503 retries left).
FAILED - RETRYING: Wait for the backup job to finish (19502 retries left).
FAILED - RETRYING: Wait for the backup job to finish (19501 retries left).
FAILED - RETRYING: Wait for the backup job to finish (19500 retries left).
FAILED - RETRYING: Wait for the backup job to finish (19499 retries left).
FAILED - RETRYING: Wait for the backup job to finish (19498 retries left).
FAILED - RETRYING: Wait for the backup job to finish (19497 retries left).
FAILED - RETRYING: Wait for the backup job to finish (19496 retries left).
FAILED - RETRYING: Wait for the backup job to finish (19495 retries left).
FAILED - RETRYING: Wait for the backup job to finish (19494 retries left).
FAILED - RETRYING: Wait for the backup job to finish (19493 retries left).
FAILED - RETRYING: Wait for the backup job to finish (19492 retries left).
FAILED - RETRYING: Wait for the backup job to finish (19491 retries left).
FAILED - RETRYING: Wait for the backup job to finish (19490 retries left).
FAILED - RETRYING: Wait for the backup job to finish (19489 retries left).
FAILED - RETRYING: Wait for the backup job to finish (19488 retries left).
FAILED - RETRYING: Wait for the backup job to finish (19487 retries left).
FAILED - RETRYING: Wait for the backup job to finish (19486 retries left).
FAILED - RETRYING: Wait for the backup job to finish (19485 retries left).
FAILED - RETRYING: Wait for the backup job to finish (19484 retries left).
FAILED - RETRYING: Wait for the backup job to finish (19483 retries left).
FAILED - RETRYING: Wait for the backup job to finish (19482 retries left).
FAILED - RETRYING: Wait for the backup job to finish (19481 retries left).
FAILED - RETRYING: Wait for the backup job to finish (19480 retries left).
FAILED - RETRYING: Wait for the backup job to finish (19479 retries left).
FAILED - RETRYING: Wait for the backup job to finish (19478 retries left).
FAILED - RETRYING: Wait for the backup job to finish (19477 retries left).
FAILED - RETRYING: Wait for the backup job to finish (19476 retries left).
FAILED - RETRYING: Wait for the backup job to finish (19475 retries left).
FAILED - RETRYING: Wait for the backup job to finish (19474 retries left).
FAILED - RETRYING: Wait for the backup job to finish (19473 retries left).
FAILED - RETRYING: Wait for the backup job to finish (19472 retries left).
FAILED - RETRYING: Wait for the backup job to finish (19471 retries left).
FAILED - RETRYING: Wait for the backup job to finish (19470 retries left).
FAILED - RETRYING: Wait for the backup job to finish (19469 retries left).
FAILED - RETRYING: Wait for the backup job to finish (19468 retries left).
FAILED - RETRYING: Wait for the backup job to finish (19467 retries left).
FAILED - RETRYING: Wait for the backup job to finish (19466 retries left).
FAILED - RETRYING: Wait for the backup job to finish (19465 retries left).
FAILED - RETRYING: Wait for the backup job to finish (19464 retries left).
FAILED - RETRYING: Wait for the backup job to finish (19463 retries left).
FAILED - RETRYING: Wait for the backup job to finish (19462 retries left).
FAILED - RETRYING: Wait for the backup job to finish (19461 retries left).
FAILED - RETRYING: Wait for the backup job to finish (19460 retries left).
FAILED - RETRYING: Wait for the backup job to finish (19459 retries left).
FAILED - RETRYING: Wait for the backup job to finish (19458 retries left).
FAILED - RETRYING: Wait for the backup job to finish (19457 retries left).
FAILED - RETRYING: Wait for the backup job to finish (19456 retries left).
FAILED - RETRYING: Wait for the backup job to finish (19455 retries left).
FAILED - RETRYING: Wait for the backup job to finish (19454 retries left).
FAILED - RETRYING: Wait for the backup job to finish (19453 retries left).
FAILED - RETRYING: Wait for the backup job to finish (19452 retries left).
FAILED - RETRYING: Wait for the backup job to finish (19451 retries left).
FAILED - RETRYING: Wait for the backup job to finish (19450 retries left).
FAILED - RETRYING: Wait for the backup job to finish (19449 retries left).
FAILED - RETRYING: Wait for the backup job to finish (19448 retries left).
FAILED - RETRYING: Wait for the backup job to finish (19447 retries left).
FAILED - RETRYING: Wait for the backup job to finish (19446 retries left).
FAILED - RETRYING: Wait for the backup job to finish (19445 retries left).
FAILED - RETRYING: Wait for the backup job to finish (19444 retries left).
FAILED - RETRYING: Wait for the backup job to finish (19443 retries left).
FAILED - RETRYING: Wait for the backup job to finish (19442 retries left).
FAILED - RETRYING: Wait for the backup job to finish (19441 retries left).
FAILED - RETRYING: Wait for the backup job to finish (19440 retries left).
FAILED - RETRYING: Wait for the backup job to finish (19439 retries left).
FAILED - RETRYING: Wait for the backup job to finish (19438 retries left).
FAILED - RETRYING: Wait for the backup job to finish (19437 retries left).
FAILED - RETRYING: Wait for the backup job to finish (19436 retries left).
FAILED - RETRYING: Wait for the backup job to finish (19435 retries left).
FAILED - RETRYING: Wait for the backup job to finish (19434 retries left).
FAILED - RETRYING: Wait for the backup job to finish (19433 retries left).
FAILED - RETRYING: Wait for the backup job to finish (19432 retries left).
FAILED - RETRYING: Wait for the backup job to finish (19431 retries left).
FAILED - RETRYING: Wait for the backup job to finish (19430 retries left).
FAILED - RETRYING: Wait for the backup job to finish (19429 retries left).
FAILED - RETRYING: Wait for the backup job to finish (19428 retries left).
FAILED - RETRYING: Wait for the backup job to finish (19427 retries left).
FAILED - RETRYING: Wait for the backup job to finish (19426 retries left).
FAILED - RETRYING: Wait for the backup job to finish (19425 retries left).
FAILED - RETRYING: Wait for the backup job to finish (19424 retries left).
FAILED - RETRYING: Wait for the backup job to finish (19423 retries left).
FAILED - RETRYING: Wait for the backup job to finish (19422 retries left).
FAILED - RETRYING: Wait for the backup job to finish (19421 retries left).
FAILED - RETRYING: Wait for the backup job to finish (19420 retries left).
FAILED - RETRYING: Wait for the backup job to finish (19419 retries left).
FAILED - RETRYING: Wait for the backup job to finish (19418 retries left).
FAILED - RETRYING: Wait for the backup job to finish (19417 retries left).
FAILED - RETRYING: Wait for the backup job to finish (19416 retries left).
FAILED - RETRYING: Wait for the backup job to finish (19415 retries left).
FAILED - RETRYING: Wait for the backup job to finish (19414 retries left).
FAILED - RETRYING: Wait for the backup job to finish (19413 retries left).
FAILED - RETRYING: Wait for the backup job to finish (19412 retries left).
FAILED - RETRYING: Wait for the backup job to finish (19411 retries left).
FAILED - RETRYING: Wait for the backup job to finish (19410 retries left).
FAILED - RETRYING: Wait for the backup job to finish (19409 retries left).
FAILED - RETRYING: Wait for the backup job to finish (19408 retries left).
FAILED - RETRYING: Wait for the backup job to finish (19407 retries left).
FAILED - RETRYING: Wait for the backup job to finish (19406 retries left).
FAILED - RETRYING: Wait for the backup job to finish (19405 retries left).
FAILED - RETRYING: Wait for the backup job to finish (19404 retries left).
FAILED - RETRYING: Wait for the backup job to finish (19403 retries left).
FAILED - RETRYING: Wait for the backup job to finish (19402 retries left).
FAILED - RETRYING: Wait for the backup job to finish (19401 retries left).
FAILED - RETRYING: Wait for the backup job to finish (19400 retries left).
FAILED - RETRYING: Wait for the backup job to finish (19399 retries left).
FAILED - RETRYING: Wait for the backup job to finish (19398 retries left).
FAILED - RETRYING: Wait for the backup job to finish (19397 retries left).
FAILED - RETRYING: Wait for the backup job to finish (19396 retries left).
FAILED - RETRYING: Wait for the backup job to finish (19395 retries left).
FAILED - RETRYING: Wait for the backup job to finish (19394 retries left).
FAILED - RETRYING: Wait for the backup job to finish (19393 retries left).
FAILED - RETRYING: Wait for the backup job to finish (19392 retries left).
FAILED - RETRYING: Wait for the backup job to finish (19391 retries left).
FAILED - RETRYING: Wait for the backup job to finish (19390 retries left).
FAILED - RETRYING: Wait for the backup job to finish (19389 retries left).
FAILED - RETRYING: Wait for the backup job to finish (19388 retries left).
FAILED - RETRYING: Wait for the backup job to finish (19387 retries left).
FAILED - RETRYING: Wait for the backup job to finish (19386 retries left).
FAILED - RETRYING: Wait for the backup job to finish (19385 retries left).
FAILED - RETRYING: Wait for the backup job to finish (19384 retries left).
FAILED - RETRYING: Wait for the backup job to finish (19383 retries left).
FAILED - RETRYING: Wait for the backup job to finish (19382 retries left).
FAILED - RETRYING: Wait for the backup job to finish (19381 retries left).
FAILED - RETRYING: Wait for the backup job to finish (19380 retries left).
FAILED - RETRYING: Wait for the backup job to finish (19379 retries left).
FAILED - RETRYING: Wait for the backup job to finish (19378 retries left).
FAILED - RETRYING: Wait for the backup job to finish (19377 retries left).
FAILED - RETRYING: Wait for the backup job to finish (19376 retries left).
FAILED - RETRYING: Wait for the backup job to finish (19375 retries left).
FAILED - RETRYING: Wait for the backup job to finish (19374 retries left).
FAILED - RETRYING: Wait for the backup job to finish (19373 retries left).
FAILED - RETRYING: Wait for the backup job to finish (19372 retries left).
FAILED - RETRYING: Wait for the backup job to finish (19371 retries left).
FAILED - RETRYING: Wait for the backup job to finish (19370 retries left).
FAILED - RETRYING: Wait for the backup job to finish (19369 retries left).
FAILED - RETRYING: Wait for the backup job to finish (19368 retries left).
FAILED - RETRYING: Wait for the backup job to finish (19367 retries left).
FAILED - RETRYING: Wait for the backup job to finish (19366 retries left).
FAILED - RETRYING: Wait for the backup job to finish (19365 retries left).
FAILED - RETRYING: Wait for the backup job to finish (19364 retries left).
FAILED - RETRYING: Wait for the backup job to finish (19363 retries left).
FAILED - RETRYING: Wait for the backup job to finish (19362 retries left).
FAILED - RETRYING: Wait for the backup job to finish (19361 retries left).
FAILED - RETRYING: Wait for the backup job to finish (19360 retries left).
FAILED - RETRYING: Wait for the backup job to finish (19359 retries left).
FAILED - RETRYING: Wait for the backup job to finish (19358 retries left).
FAILED - RETRYING: Wait for the backup job to finish (19357 retries left).
FAILED - RETRYING: Wait for the backup job to finish (19356 retries left).
FAILED - RETRYING: Wait for the backup job to finish (19355 retries left).
FAILED - RETRYING: Wait for the backup job to finish (19354 retries left).
FAILED - RETRYING: Wait for the backup job to finish (19353 retries left).
FAILED - RETRYING: Wait for the backup job to finish (19352 retries left).
FAILED - RETRYING: Wait for the backup job to finish (19351 retries left).
FAILED - RETRYING: Wait for the backup job to finish (19350 retries left).
FAILED - RETRYING: Wait for the backup job to finish (19349 retries left).
FAILED - RETRYING: Wait for the backup job to finish (19348 retries left).
FAILED - RETRYING: Wait for the backup job to finish (19347 retries left).
FAILED - RETRYING: Wait for the backup job to finish (19346 retries left).
FAILED - RETRYING: Wait for the backup job to finish (19345 retries left).
FAILED - RETRYING: Wait for the backup job to finish (19344 retries left).
FAILED - RETRYING: Wait for the backup job to finish (19343 retries left).
FAILED - RETRYING: Wait for the backup job to finish (19342 retries left).
FAILED - RETRYING: Wait for the backup job to finish (19341 retries left).
FAILED - RETRYING: Wait for the backup job to finish (19340 retries left).
FAILED - RETRYING: Wait for the backup job to finish (19339 retries left).
FAILED - RETRYING: Wait for the backup job to finish (19338 retries left).
FAILED - RETRYING: Wait for the backup job to finish (19337 retries left).
FAILED - RETRYING: Wait for the backup job to finish (19336 retries left).
FAILED - RETRYING: Wait for the backup job to finish (19335 retries left).
FAILED - RETRYING: Wait for the backup job to finish (19334 retries left).
FAILED - RETRYING: Wait for the backup job to finish (19333 retries left).
FAILED - RETRYING: Wait for the backup job to finish (19332 retries left).
FAILED - RETRYING: Wait for the backup job to finish (19331 retries left).
FAILED - RETRYING: Wait for the backup job to finish (19330 retries left).
FAILED - RETRYING: Wait for the backup job to finish (19329 retries left).
FAILED - RETRYING: Wait for the backup job to finish (19328 retries left).
FAILED - RETRYING: Wait for the backup job to finish (19327 retries left).
FAILED - RETRYING: Wait for the backup job to finish (19326 retries left).
FAILED - RETRYING: Wait for the backup job to finish (19325 retries left).
FAILED - RETRYING: Wait for the backup job to finish (19324 retries left).
FAILED - RETRYING: Wait for the backup job to finish (19323 retries left).
FAILED - RETRYING: Wait for the backup job to finish (19322 retries left).
FAILED - RETRYING: Wait for the backup job to finish (19321 retries left).
FAILED - RETRYING: Wait for the backup job to finish (19320 retries left).
FAILED - RETRYING: Wait for the backup job to finish (19319 retries left).
FAILED - RETRYING: Wait for the backup job to finish (19318 retries left).
FAILED - RETRYING: Wait for the backup job to finish (19317 retries left).
FAILED - RETRYING: Wait for the backup job to finish (19316 retries left).
FAILED - RETRYING: Wait for the backup job to finish (19315 retries left).
FAILED - RETRYING: Wait for the backup job to finish (19314 retries left).
FAILED - RETRYING: Wait for the backup job to finish (19313 retries left).
FAILED - RETRYING: Wait for the backup job to finish (19312 retries left).
FAILED - RETRYING: Wait for the backup job to finish (19311 retries left).
FAILED - RETRYING: Wait for the backup job to finish (19310 retries left).
FAILED - RETRYING: Wait for the backup job to finish (19309 retries left).
FAILED - RETRYING: Wait for the backup job to finish (19308 retries left).
FAILED - RETRYING: Wait for the backup job to finish (19307 retries left).
FAILED - RETRYING: Wait for the backup job to finish (19306 retries left).
FAILED - RETRYING: Wait for the backup job to finish (19305 retries left).
FAILED - RETRYING: Wait for the backup job to finish (19304 retries left).
FAILED - RETRYING: Wait for the backup job to finish (19303 retries left).
FAILED - RETRYING: Wait for the backup job to finish (19302 retries left).
FAILED - RETRYING: Wait for the backup job to finish (19301 retries left).
FAILED - RETRYING: Wait for the backup job to finish (19300 retries left).
FAILED - RETRYING: Wait for the backup job to finish (19299 retries left).
FAILED - RETRYING: Wait for the backup job to finish (19298 retries left).
FAILED - RETRYING: Wait for the backup job to finish (19297 retries left).
FAILED - RETRYING: Wait for the backup job to finish (19296 retries left).
FAILED - RETRYING: Wait for the backup job to finish (19295 retries left).
FAILED - RETRYING: Wait for the backup job to finish (19294 retries left).
FAILED - RETRYING: Wait for the backup job to finish (19293 retries left).
FAILED - RETRYING: Wait for the backup job to finish (19292 retries left).
FAILED - RETRYING: Wait for the backup job to finish (19291 retries left).
FAILED - RETRYING: Wait for the backup job to finish (19290 retries left).
FAILED - RETRYING: Wait for the backup job to finish (19289 retries left).
FAILED - RETRYING: Wait for the backup job to finish (19288 retries left).
FAILED - RETRYING: Wait for the backup job to finish (19287 retries left).
FAILED - RETRYING: Wait for the backup job to finish (19286 retries left).
FAILED - RETRYING: Wait for the backup job to finish (19285 retries left).
FAILED - RETRYING: Wait for the backup job to finish (19284 retries left).
FAILED - RETRYING: Wait for the backup job to finish (19283 retries left).
FAILED - RETRYING: Wait for the backup job to finish (19282 retries left).
changed: [10.190.17.163]

TASK [level_0_backup : Validate if the backup has been completed successfully msg={{ backup_out.stdout_lines }}] ***
ok: [10.190.17.163] => {
    "msg": [
        "============================================================",
        "trace file is /home/oracle/version1/AD11PRD_xtts/backup_Sep3_Tue_18_01_05_8//Sep3_Tue_18_01_05_8_.log",
        "=============================================================",
        "",
        "--------------------------------------------------------------------",
        "Parsing properties",
        "--------------------------------------------------------------------",
        "",
        "",
        "--------------------------------------------------------------------",
        "Done parsing properties",
        "--------------------------------------------------------------------",
        "",
        "",
        "--------------------------------------------------------------------",
        "Checking properties",
        "--------------------------------------------------------------------",
        "",
        "",
        "--------------------------------------------------------------------",
        "Maximum 8 files will be fetched in parallel",
        "--------------------------------------------------------------------",
        "",
        "",
        "--------------------------------------------------------------------",
        "Done checking properties",
        "--------------------------------------------------------------------",
        "",
        "",
        "--------------------------------------------------------------------",
        "Starting backup phase",
        "--------------------------------------------------------------------",
        "",
        "Prepare source for Tablespaces:",
        "                  'ADAPTINTOUCH'  /mnt/foaexaukl1pdfss01/xtts_backup/version1/UKPD_xtts_scratch",
        "xttpreparesrc.sql for 'ADAPTINTOUCH' started at Tue Sep  3 18:01:06 2024",
        "xttpreparesrc.sql for  ended at Tue Sep  3 18:01:06 2024",
        "Prepare source for Tablespaces:",
        "                  'ADAPT_DATA'  /mnt/foaexaukl1pdfss01/xtts_backup/version1/UKPD_xtts_scratch",
        "xttpreparesrc.sql for 'ADAPT_DATA' started at Tue Sep  3 18:07:58 2024",
        "xttpreparesrc.sql for  ended at Tue Sep  3 18:08:00 2024",
        "Prepare source for Tablespaces:",
        "                  'ADAPT_USERS'  /mnt/foaexaukl1pdfss01/xtts_backup/version1/UKPD_xtts_scratch",
        "xttpreparesrc.sql for 'ADAPT_USERS' started at Wed Sep  4 01:16:59 2024",
        "xttpreparesrc.sql for  ended at Wed Sep  4 01:17:01 2024",
        "Prepare source for Tablespaces:",
        "                  'BOISJMSDB'  /mnt/foaexaukl1pdfss01/xtts_backup/version1/UKPD_xtts_scratch",
        "xttpreparesrc.sql for 'BOISJMSDB' started at Wed Sep  4 01:32:25 2024",
        "xttpreparesrc.sql for  ended at Wed Sep  4 01:32:27 2024",
        "Prepare source for Tablespaces:",
        "                  'DAXTRALB_DATA'  /mnt/foaexaukl1pdfss01/xtts_backup/version1/UKPD_xtts_scratch",
        "xttpreparesrc.sql for 'DAXTRALB_DATA' started at Wed Sep  4 01:38:52 2024",
        "xttpreparesrc.sql for  ended at Wed Sep  4 01:38:54 2024",
        "Prepare source for Tablespaces:",
        "                  'DHC_ROLLBACK_TRANSIENT'  /mnt/foaexaukl1pdfss01/xtts_backup/version1/UKPD_xtts_scratch",
        "xttpreparesrc.sql for 'DHC_ROLLBACK_TRANSIENT' started at Wed Sep  4 01:44:50 2024",
        "xttpreparesrc.sql for  ended at Wed Sep  4 01:44:51 2024",
        "Prepare source for Tablespaces:",
        "                  'HRM_UK_DATA'  /mnt/foaexaukl1pdfss01/xtts_backup/version1/UKPD_xtts_scratch",
        "xttpreparesrc.sql for 'HRM_UK_DATA' started at Wed Sep  4 01:52:18 2024",
        "xttpreparesrc.sql for  ended at Wed Sep  4 01:52:20 2024",
        "Prepare source for Tablespaces:",
        "                  'OT_SCHD_DATA'  /mnt/foaexaukl1pdfss01/xtts_backup/version1/UKPD_xtts_scratch",
        "xttpreparesrc.sql for 'OT_SCHD_DATA' started at Wed Sep  4 01:57:33 2024",
        "xttpreparesrc.sql for  ended at Wed Sep  4 01:57:35 2024",
        "Prepare source for Tablespaces:",
        "                  'SPMSGBRK_DATA'  /mnt/foaexaukl1pdfss01/xtts_backup/version1/UKPD_xtts_scratch",
        "xttpreparesrc.sql for 'SPMSGBRK_DATA' started at Wed Sep  4 02:04:10 2024",
        "xttpreparesrc.sql for  ended at Wed Sep  4 02:04:13 2024",
        "Prepare source for Tablespaces:",
        "                  'UK_BO_MSGREP_DATA'  /mnt/foaexaukl1pdfss01/xtts_backup/version1/UKPD_xtts_scratch",
        "xttpreparesrc.sql for 'UK_BO_MSGREP_DATA' started at Wed Sep  4 02:10:42 2024",
        "xttpreparesrc.sql for  ended at Wed Sep  4 02:10:44 2024",
        "Prepare source for Tablespaces:",
        "                  'USERS_OLD'  /mnt/foaexaukl1pdfss01/xtts_backup/version1/UKPD_xtts_scratch",
        "xttpreparesrc.sql for 'USERS_OLD' started at Wed Sep  4 02:17:27 2024",
        "xttpreparesrc.sql for  ended at Wed Sep  4 02:17:29 2024",
        "Prepare source for Tablespaces:",
        "                  'WEBINT_DATA'  /mnt/foaexaukl1pdfss01/xtts_backup/version1/UKPD_xtts_scratch",
        "xttpreparesrc.sql for 'WEBINT_DATA' started at Wed Sep  4 02:25:12 2024",
        "xttpreparesrc.sql for  ended at Wed Sep  4 02:25:14 2024",
        "Prepare source for Tablespaces:",
        "                  ''''  /mnt/foaexaukl1pdfss01/xtts_backup/version1/UKPD_xtts_scratch",
        "xttpreparesrc.sql for '''' started at Wed Sep  4 02:51:05 2024",
        "xttpreparesrc.sql for  ended at Wed Sep  4 02:51:08 2024",
        "Prepare source for Tablespaces:",
        "                  ''''  /mnt/foaexaukl1pdfss01/xtts_backup/version1/UKPD_xtts_scratch",
        "xttpreparesrc.sql for '''' started at Wed Sep  4 02:51:09 2024",
        "xttpreparesrc.sql for  ended at Wed Sep  4 02:51:10 2024",
        "Prepare source for Tablespaces:",
        "                  ''''  /mnt/foaexaukl1pdfss01/xtts_backup/version1/UKPD_xtts_scratch",
        "xttpreparesrc.sql for '''' started at Wed Sep  4 02:51:12 2024",
        "xttpreparesrc.sql for  ended at Wed Sep  4 02:51:12 2024",
        "Prepare source for Tablespaces:",
        "                  ''''  /mnt/foaexaukl1pdfss01/xtts_backup/version1/UKPD_xtts_scratch",
        "xttpreparesrc.sql for '''' started at Wed Sep  4 02:51:14 2024",
        "xttpreparesrc.sql for  ended at Wed Sep  4 02:51:14 2024",
        "",
        "--------------------------------------------------------------------",
        "Done with backup phase",
        "--------------------------------------------------------------------",
        "",
        "Prepare newscn for Tablespaces: 'ADAPTINTOUCH'",
        "Prepare newscn for Tablespaces: 'ADAPT_DATA'",
        "Prepare newscn for Tablespaces: 'ADAPT_USERS'",
        "Prepare newscn for Tablespaces: 'BOISJMSDB'",
        "Prepare newscn for Tablespaces: 'DAXTRALB_DATA'",
        "Prepare newscn for Tablespaces: 'DHC_ROLLBACK_TRANSIENT'",
        "Prepare newscn for Tablespaces: 'HRM_UK_DATA'",
        "Prepare newscn for Tablespaces: 'OT_SCHD_DATA'",
        "Prepare newscn for Tablespaces: 'SPMSGBRK_DATA'",
        "Prepare newscn for Tablespaces: 'UK_BO_MSGREP_DATA'",
        "Prepare newscn for Tablespaces: 'USERS_OLD'",
        "Prepare newscn for Tablespaces: 'WEBINT_DATA'",
        "Prepare newscn for Tablespaces: ''''''''''''''''",
        "New /home/oracle/version1/AD11PRD_xtts/xttplan.txt with FROM SCN's generated",
        "scalar(or12",
        "XXX: adding here for 2, 0, ADAPTINTOUCH,ADAPT_DATA,ADAPT_USERS,BOISJMSDB,DAXTRALB_DATA,DHC_ROLLBACK_TRANSIENT,HRM_UK_DATA,OT_SCHD_DATA,SPMSGBRK_DATA,UK_BO_MSGREP_DATA,USERS_OLD,WEBINT_DATA"
    ]
}

PLAY [transfer the level_0 backups to the /mnt/foaexaukl1pdfss01/xtts_backup/version1/UKPD_xtts_scratch] ***

PLAY [do level 0 restore on foaukl1pddb-4kxck1.otchukl1pdexcl.otchukl1pdvcn01.oraclevcn.com] ***

PLAY RECAP *********************************************************************
10.190.17.163              : ok=4    changed=2    unreachable=0    failed=0    skipped=0    rescued=0    ignored=0   

Playbook run took 0 days, 8 hours, 51 minutes, 16 seconds
