nohup: ignoring input

PLAY [do the final incremental backup on hrmaxpd2033.emea.hays.loc] ************

PLAY [do the  metadata export on hrmaxpd2033.emea.hays.loc] ********************

TASK [Gathering Facts gather_subset=['all'], gather_timeout=10] ****************
[WARNING]: Using world-readable permissions for temporary files Ansible needs
to create when becoming an unprivileged user. This may be insecure. For
information on securing this, see
https://docs.ansible.com/ansible/become.html#becoming-an-unprivileged-user
[WARNING]: Platform aix on host 10.190.17.163 is using the discovered Python
interpreter at /usr/bin/python, but future installation of another Python
interpreter could change this. See https://docs.ansible.com/ansible/2.9/referen
ce_appendices/interpreter_discovery.html for more information.
ok: [10.190.17.163]

TASK [meta_export : create data pump directory XTTS_DUMP and grant permission to system user on XTTS_DUMP _raw_params=export ORACLE_SID={{source_oracle_sid}}
export ORACLE_HOME={{source_oracle_home}}
printf "SET PAGESIZE 0 VERIFY OFF HEADING OFF ECHO OFF\n CREATE OR REPLACE DIRECTORY {{dump_dir}} as '{{source_dp_dir}}';" | {{ source_oracle_home }}/bin/sqlplus -s {{source_conn_str}} as sysdba  
printf "SET PAGESIZE 0 VERIFY OFF HEADING OFF ECHO OFF\n grant read, write on directory {{dump_dir}} to {{ source_system_user }};" | {{ source_oracle_home }}/bin/sqlplus -s {{source_conn_str}} as sysdba  
] ***
[WARNING]: Using world-readable permissions for temporary files Ansible needs
to create when becoming an unprivileged user. This may be insecure. For
information on securing this, see
https://docs.ansible.com/ansible/become.html#becoming-an-unprivileged-user
changed: [10.190.17.163]

TASK [meta_export : debug msg={{dir_out.stdout_lines}}] ************************
ok: [10.190.17.163] => {
    "msg": [
        "",
        "Directory created.",
        "",
        "",
        "Grant succeeded."
    ]
}

TASK [meta_export : Do metadata export on AD11PRD _raw_params=export ORACLE_SID={{ source_oracle_sid }}
export ORACLE_HOME={{ source_oracle_home }}
cd {{ source_dp_dir }}
{{ source_oracle_home }}/bin/expdp {{ source_system_user }}/{{ source_system_passwd }}@{{ source_srv }} parfile={{ exp_par_file }}
] ***
[WARNING]: Using world-readable permissions for temporary files Ansible needs
to create when becoming an unprivileged user. This may be insecure. For
information on securing this, see
https://docs.ansible.com/ansible/become.html#becoming-an-unprivileged-user
changed: [10.190.17.163]

TASK [meta_export : Wait for the metadata export job to finish jid={{ exp_async_job.ansible_job_id }}] ***
[WARNING]: Using world-readable permissions for temporary files Ansible needs
to create when becoming an unprivileged user. This may be insecure. For
information on securing this, see
https://docs.ansible.com/ansible/become.html#becoming-an-unprivileged-user
FAILED - RETRYING: Wait for the metadata export job to finish (20160 retries left).
FAILED - RETRYING: Wait for the metadata export job to finish (20159 retries left).
FAILED - RETRYING: Wait for the metadata export job to finish (20158 retries left).
FAILED - RETRYING: Wait for the metadata export job to finish (20157 retries left).
FAILED - RETRYING: Wait for the metadata export job to finish (20156 retries left).
FAILED - RETRYING: Wait for the metadata export job to finish (20155 retries left).
FAILED - RETRYING: Wait for the metadata export job to finish (20154 retries left).
FAILED - RETRYING: Wait for the metadata export job to finish (20153 retries left).
FAILED - RETRYING: Wait for the metadata export job to finish (20152 retries left).
FAILED - RETRYING: Wait for the metadata export job to finish (20151 retries left).
FAILED - RETRYING: Wait for the metadata export job to finish (20150 retries left).
FAILED - RETRYING: Wait for the metadata export job to finish (20149 retries left).
FAILED - RETRYING: Wait for the metadata export job to finish (20148 retries left).
FAILED - RETRYING: Wait for the metadata export job to finish (20147 retries left).
FAILED - RETRYING: Wait for the metadata export job to finish (20146 retries left).
FAILED - RETRYING: Wait for the metadata export job to finish (20145 retries left).
FAILED - RETRYING: Wait for the metadata export job to finish (20144 retries left).
FAILED - RETRYING: Wait for the metadata export job to finish (20143 retries left).
FAILED - RETRYING: Wait for the metadata export job to finish (20142 retries left).
FAILED - RETRYING: Wait for the metadata export job to finish (20141 retries left).
FAILED - RETRYING: Wait for the metadata export job to finish (20140 retries left).
FAILED - RETRYING: Wait for the metadata export job to finish (20139 retries left).
FAILED - RETRYING: Wait for the metadata export job to finish (20138 retries left).
FAILED - RETRYING: Wait for the metadata export job to finish (20137 retries left).
FAILED - RETRYING: Wait for the metadata export job to finish (20136 retries left).
FAILED - RETRYING: Wait for the metadata export job to finish (20135 retries left).
FAILED - RETRYING: Wait for the metadata export job to finish (20134 retries left).
FAILED - RETRYING: Wait for the metadata export job to finish (20133 retries left).
FAILED - RETRYING: Wait for the metadata export job to finish (20132 retries left).
FAILED - RETRYING: Wait for the metadata export job to finish (20131 retries left).
FAILED - RETRYING: Wait for the metadata export job to finish (20130 retries left).
FAILED - RETRYING: Wait for the metadata export job to finish (20129 retries left).
FAILED - RETRYING: Wait for the metadata export job to finish (20128 retries left).
FAILED - RETRYING: Wait for the metadata export job to finish (20127 retries left).
FAILED - RETRYING: Wait for the metadata export job to finish (20126 retries left).
FAILED - RETRYING: Wait for the metadata export job to finish (20125 retries left).
FAILED - RETRYING: Wait for the metadata export job to finish (20124 retries left).
FAILED - RETRYING: Wait for the metadata export job to finish (20123 retries left).
FAILED - RETRYING: Wait for the metadata export job to finish (20122 retries left).
FAILED - RETRYING: Wait for the metadata export job to finish (20121 retries left).
FAILED - RETRYING: Wait for the metadata export job to finish (20120 retries left).
FAILED - RETRYING: Wait for the metadata export job to finish (20119 retries left).
FAILED - RETRYING: Wait for the metadata export job to finish (20118 retries left).
FAILED - RETRYING: Wait for the metadata export job to finish (20117 retries left).
FAILED - RETRYING: Wait for the metadata export job to finish (20116 retries left).
FAILED - RETRYING: Wait for the metadata export job to finish (20115 retries left).
FAILED - RETRYING: Wait for the metadata export job to finish (20114 retries left).
FAILED - RETRYING: Wait for the metadata export job to finish (20113 retries left).
FAILED - RETRYING: Wait for the metadata export job to finish (20112 retries left).
FAILED - RETRYING: Wait for the metadata export job to finish (20111 retries left).
FAILED - RETRYING: Wait for the metadata export job to finish (20110 retries left).
FAILED - RETRYING: Wait for the metadata export job to finish (20109 retries left).
FAILED - RETRYING: Wait for the metadata export job to finish (20108 retries left).
FAILED - RETRYING: Wait for the metadata export job to finish (20107 retries left).
FAILED - RETRYING: Wait for the metadata export job to finish (20106 retries left).
FAILED - RETRYING: Wait for the metadata export job to finish (20105 retries left).
FAILED - RETRYING: Wait for the metadata export job to finish (20104 retries left).
FAILED - RETRYING: Wait for the metadata export job to finish (20103 retries left).
FAILED - RETRYING: Wait for the metadata export job to finish (20102 retries left).
FAILED - RETRYING: Wait for the metadata export job to finish (20101 retries left).
FAILED - RETRYING: Wait for the metadata export job to finish (20100 retries left).
FAILED - RETRYING: Wait for the metadata export job to finish (20099 retries left).
changed: [10.190.17.163]

TASK [meta_export : Validate if the metadata export has been successfully completed _raw_params=grep "successfully completed" {{ source_dp_dir }}/{{ exp_logfile }}] ***
[WARNING]: Using world-readable permissions for temporary files Ansible needs
to create when becoming an unprivileged user. This may be insecure. For
information on securing this, see
https://docs.ansible.com/ansible/become.html#becoming-an-unprivileged-user
changed: [10.190.17.163]

TASK [meta_export : Fail if the metadata export was not successful msg=Errors on export. Fix the issue and re-run the metadata export.] ***
skipping: [10.190.17.163]

TASK [meta_export : Display metadata export results msg={{ exp_validation.stdout_lines }}] ***
ok: [10.190.17.163] => {
    "msg": [
        "14-SEP-24 10:59:41.902: Job \"OCI_MIG\".\"SYS_EXPORT_FULL_01\" successfully completed at Sat Sep 14 10:59:41 2024 elapsed 0 00:35:18"
    ]
}

PLAY [do the  grants export on hrmaxpd2033.emea.hays.loc] **********************

PLAY [transfer the final incremental backups to the /mnt/foaexaukl1pdfss01/xtts_backup/version1/UKPD_xtts_scratch] ***

PLAY [transfer the full meta dumps to the /mnt/foaexaukl1pdfss01/xtts_backup/version1/UKPD_dump] ***

PLAY [do the final incremental restore on foaukl1pddb-4kxck1.otchukl1pdexcl.otchukl1pdvcn01.oraclevcn.com] ***

PLAY [find the datafiles on ASM on foaukl1pddb-4kxck1.otchukl1pdexcl.otchukl1pdvcn01.oraclevcn.com] ***

PLAY [do the metadata import on foaukl1pddb-4kxck1.otchukl1pdexcl.otchukl1pdvcn01.oraclevcn.com] ***

PLAY [do the grants import on foaukl1pddb-4kxck1.otchukl1pdexcl.otchukl1pdvcn01.oraclevcn.com] ***

PLAY [do the post migration check on foaukl1pddb-4kxck1.otchukl1pdexcl.otchukl1pdvcn01.oraclevcn.com] ***

PLAY RECAP *********************************************************************
10.190.17.163              : ok=7    changed=4    unreachable=0    failed=0    skipped=1    rescued=0    ignored=0   

Playbook run took 0 days, 0 hours, 36 minutes, 30 seconds
