
PLAY [do the final incremental backup on hrmaxpd2033.emea.hays.loc] ************

PLAY [do the  metadata export on hrmaxpd2033.emea.hays.loc] ********************

PLAY [do the  grants export on hrmaxpd2033.emea.hays.loc] **********************

PLAY [transfer the final incremental backups to the /mnt/foaexaukl1pdfss01/xtts_backup/version1/UKPD_xtts_scratch] ***

PLAY [transfer the full meta dumps to the /mnt/foaexaukl1pdfss01/xtts_backup/version1/UKPD_dump] ***

PLAY [do the final incremental restore on foaukl1pddb-4kxck1.otchukl1pdexcl.otchukl1pdvcn01.oraclevcn.com] ***

PLAY [find the datafiles on ASM on foaukl1pddb-4kxck1.otchukl1pdexcl.otchukl1pdvcn01.oraclevcn.com] ***

PLAY [do the metadata import on foaukl1pddb-4kxck1.otchukl1pdexcl.otchukl1pdvcn01.oraclevcn.com] ***

PLAY [do the grants import on foaukl1pddb-4kxck1.otchukl1pdexcl.otchukl1pdvcn01.oraclevcn.com] ***

PLAY [do the post migration check on foaukl1pddb-4kxck1.otchukl1pdexcl.otchukl1pdvcn01.oraclevcn.com] ***

TASK [post_mig_check : Execute DBMS_STATS.gather_database_stats with SKEWONLY _raw_params=. /home/oracle/{{ target_db }}.env
echo -e "SET TIME ON TIMING ON\n EXEC DBMS_STATS.gather_database_stats( method_opt => 'FOR ALL COLUMNS SIZE SKEWONLY',estimate_percent => DBMS_STATS.AUTO_SAMPLE_SIZE,cascade=>TRUE,degree => 16);" | {{ target_oracle_home }}/bin/sqlplus -s {{ target_conn_str }} as sysdba
] ***
changed: [10.100.36.15]

TASK [post_mig_check : Wait for DBMS_STATS.gather_database_stats with SKEWONLY to finish jid={{ gather_skewonly_stats_job.ansible_job_id }}] ***
FAILED - RETRYING: Wait for DBMS_STATS.gather_database_stats with SKEWONLY to finish (20160 retries left).
FAILED - RETRYING: Wait for DBMS_STATS.gather_database_stats with SKEWONLY to finish (20159 retries left).
FAILED - RETRYING: Wait for DBMS_STATS.gather_database_stats with SKEWONLY to finish (20158 retries left).
FAILED - RETRYING: Wait for DBMS_STATS.gather_database_stats with SKEWONLY to finish (20157 retries left).
FAILED - RETRYING: Wait for DBMS_STATS.gather_database_stats with SKEWONLY to finish (20156 retries left).
FAILED - RETRYING: Wait for DBMS_STATS.gather_database_stats with SKEWONLY to finish (20155 retries left).
FAILED - RETRYING: Wait for DBMS_STATS.gather_database_stats with SKEWONLY to finish (20154 retries left).
FAILED - RETRYING: Wait for DBMS_STATS.gather_database_stats with SKEWONLY to finish (20153 retries left).
FAILED - RETRYING: Wait for DBMS_STATS.gather_database_stats with SKEWONLY to finish (20152 retries left).
FAILED - RETRYING: Wait for DBMS_STATS.gather_database_stats with SKEWONLY to finish (20151 retries left).
FAILED - RETRYING: Wait for DBMS_STATS.gather_database_stats with SKEWONLY to finish (20150 retries left).
FAILED - RETRYING: Wait for DBMS_STATS.gather_database_stats with SKEWONLY to finish (20149 retries left).
FAILED - RETRYING: Wait for DBMS_STATS.gather_database_stats with SKEWONLY to finish (20148 retries left).
FAILED - RETRYING: Wait for DBMS_STATS.gather_database_stats with SKEWONLY to finish (20147 retries left).
FAILED - RETRYING: Wait for DBMS_STATS.gather_database_stats with SKEWONLY to finish (20146 retries left).
FAILED - RETRYING: Wait for DBMS_STATS.gather_database_stats with SKEWONLY to finish (20145 retries left).
FAILED - RETRYING: Wait for DBMS_STATS.gather_database_stats with SKEWONLY to finish (20144 retries left).
FAILED - RETRYING: Wait for DBMS_STATS.gather_database_stats with SKEWONLY to finish (20143 retries left).
FAILED - RETRYING: Wait for DBMS_STATS.gather_database_stats with SKEWONLY to finish (20142 retries left).
FAILED - RETRYING: Wait for DBMS_STATS.gather_database_stats with SKEWONLY to finish (20141 retries left).
FAILED - RETRYING: Wait for DBMS_STATS.gather_database_stats with SKEWONLY to finish (20140 retries left).
FAILED - RETRYING: Wait for DBMS_STATS.gather_database_stats with SKEWONLY to finish (20139 retries left).
FAILED - RETRYING: Wait for DBMS_STATS.gather_database_stats with SKEWONLY to finish (20138 retries left).
FAILED - RETRYING: Wait for DBMS_STATS.gather_database_stats with SKEWONLY to finish (20137 retries left).
FAILED - RETRYING: Wait for DBMS_STATS.gather_database_stats with SKEWONLY to finish (20136 retries left).
FAILED - RETRYING: Wait for DBMS_STATS.gather_database_stats with SKEWONLY to finish (20135 retries left).
FAILED - RETRYING: Wait for DBMS_STATS.gather_database_stats with SKEWONLY to finish (20134 retries left).
FAILED - RETRYING: Wait for DBMS_STATS.gather_database_stats with SKEWONLY to finish (20133 retries left).
FAILED - RETRYING: Wait for DBMS_STATS.gather_database_stats with SKEWONLY to finish (20132 retries left).
FAILED - RETRYING: Wait for DBMS_STATS.gather_database_stats with SKEWONLY to finish (20131 retries left).
FAILED - RETRYING: Wait for DBMS_STATS.gather_database_stats with SKEWONLY to finish (20130 retries left).
FAILED - RETRYING: Wait for DBMS_STATS.gather_database_stats with SKEWONLY to finish (20129 retries left).
FAILED - RETRYING: Wait for DBMS_STATS.gather_database_stats with SKEWONLY to finish (20128 retries left).
FAILED - RETRYING: Wait for DBMS_STATS.gather_database_stats with SKEWONLY to finish (20127 retries left).
FAILED - RETRYING: Wait for DBMS_STATS.gather_database_stats with SKEWONLY to finish (20126 retries left).
FAILED - RETRYING: Wait for DBMS_STATS.gather_database_stats with SKEWONLY to finish (20125 retries left).
FAILED - RETRYING: Wait for DBMS_STATS.gather_database_stats with SKEWONLY to finish (20124 retries left).
FAILED - RETRYING: Wait for DBMS_STATS.gather_database_stats with SKEWONLY to finish (20123 retries left).
FAILED - RETRYING: Wait for DBMS_STATS.gather_database_stats with SKEWONLY to finish (20122 retries left).
FAILED - RETRYING: Wait for DBMS_STATS.gather_database_stats with SKEWONLY to finish (20121 retries left).
FAILED - RETRYING: Wait for DBMS_STATS.gather_database_stats with SKEWONLY to finish (20120 retries left).
FAILED - RETRYING: Wait for DBMS_STATS.gather_database_stats with SKEWONLY to finish (20119 retries left).
FAILED - RETRYING: Wait for DBMS_STATS.gather_database_stats with SKEWONLY to finish (20118 retries left).
FAILED - RETRYING: Wait for DBMS_STATS.gather_database_stats with SKEWONLY to finish (20117 retries left).
FAILED - RETRYING: Wait for DBMS_STATS.gather_database_stats with SKEWONLY to finish (20116 retries left).
FAILED - RETRYING: Wait for DBMS_STATS.gather_database_stats with SKEWONLY to finish (20115 retries left).
FAILED - RETRYING: Wait for DBMS_STATS.gather_database_stats with SKEWONLY to finish (20114 retries left).
FAILED - RETRYING: Wait for DBMS_STATS.gather_database_stats with SKEWONLY to finish (20113 retries left).
FAILED - RETRYING: Wait for DBMS_STATS.gather_database_stats with SKEWONLY to finish (20112 retries left).
FAILED - RETRYING: Wait for DBMS_STATS.gather_database_stats with SKEWONLY to finish (20111 retries left).
FAILED - RETRYING: Wait for DBMS_STATS.gather_database_stats with SKEWONLY to finish (20110 retries left).
FAILED - RETRYING: Wait for DBMS_STATS.gather_database_stats with SKEWONLY to finish (20109 retries left).
FAILED - RETRYING: Wait for DBMS_STATS.gather_database_stats with SKEWONLY to finish (20108 retries left).
FAILED - RETRYING: Wait for DBMS_STATS.gather_database_stats with SKEWONLY to finish (20107 retries left).
FAILED - RETRYING: Wait for DBMS_STATS.gather_database_stats with SKEWONLY to finish (20106 retries left).
FAILED - RETRYING: Wait for DBMS_STATS.gather_database_stats with SKEWONLY to finish (20105 retries left).
FAILED - RETRYING: Wait for DBMS_STATS.gather_database_stats with SKEWONLY to finish (20104 retries left).
FAILED - RETRYING: Wait for DBMS_STATS.gather_database_stats with SKEWONLY to finish (20103 retries left).
FAILED - RETRYING: Wait for DBMS_STATS.gather_database_stats with SKEWONLY to finish (20102 retries left).
FAILED - RETRYING: Wait for DBMS_STATS.gather_database_stats with SKEWONLY to finish (20101 retries left).
FAILED - RETRYING: Wait for DBMS_STATS.gather_database_stats with SKEWONLY to finish (20100 retries left).
FAILED - RETRYING: Wait for DBMS_STATS.gather_database_stats with SKEWONLY to finish (20099 retries left).
FAILED - RETRYING: Wait for DBMS_STATS.gather_database_stats with SKEWONLY to finish (20098 retries left).
FAILED - RETRYING: Wait for DBMS_STATS.gather_database_stats with SKEWONLY to finish (20097 retries left).
FAILED - RETRYING: Wait for DBMS_STATS.gather_database_stats with SKEWONLY to finish (20096 retries left).
FAILED - RETRYING: Wait for DBMS_STATS.gather_database_stats with SKEWONLY to finish (20095 retries left).
FAILED - RETRYING: Wait for DBMS_STATS.gather_database_stats with SKEWONLY to finish (20094 retries left).
FAILED - RETRYING: Wait for DBMS_STATS.gather_database_stats with SKEWONLY to finish (20093 retries left).
FAILED - RETRYING: Wait for DBMS_STATS.gather_database_stats with SKEWONLY to finish (20092 retries left).
FAILED - RETRYING: Wait for DBMS_STATS.gather_database_stats with SKEWONLY to finish (20091 retries left).
FAILED - RETRYING: Wait for DBMS_STATS.gather_database_stats with SKEWONLY to finish (20090 retries left).
FAILED - RETRYING: Wait for DBMS_STATS.gather_database_stats with SKEWONLY to finish (20089 retries left).
FAILED - RETRYING: Wait for DBMS_STATS.gather_database_stats with SKEWONLY to finish (20088 retries left).
FAILED - RETRYING: Wait for DBMS_STATS.gather_database_stats with SKEWONLY to finish (20087 retries left).
FAILED - RETRYING: Wait for DBMS_STATS.gather_database_stats with SKEWONLY to finish (20086 retries left).
FAILED - RETRYING: Wait for DBMS_STATS.gather_database_stats with SKEWONLY to finish (20085 retries left).
FAILED - RETRYING: Wait for DBMS_STATS.gather_database_stats with SKEWONLY to finish (20084 retries left).
FAILED - RETRYING: Wait for DBMS_STATS.gather_database_stats with SKEWONLY to finish (20083 retries left).
FAILED - RETRYING: Wait for DBMS_STATS.gather_database_stats with SKEWONLY to finish (20082 retries left).
FAILED - RETRYING: Wait for DBMS_STATS.gather_database_stats with SKEWONLY to finish (20081 retries left).
FAILED - RETRYING: Wait for DBMS_STATS.gather_database_stats with SKEWONLY to finish (20080 retries left).
FAILED - RETRYING: Wait for DBMS_STATS.gather_database_stats with SKEWONLY to finish (20079 retries left).
FAILED - RETRYING: Wait for DBMS_STATS.gather_database_stats with SKEWONLY to finish (20078 retries left).
FAILED - RETRYING: Wait for DBMS_STATS.gather_database_stats with SKEWONLY to finish (20077 retries left).
FAILED - RETRYING: Wait for DBMS_STATS.gather_database_stats with SKEWONLY to finish (20076 retries left).
FAILED - RETRYING: Wait for DBMS_STATS.gather_database_stats with SKEWONLY to finish (20075 retries left).
FAILED - RETRYING: Wait for DBMS_STATS.gather_database_stats with SKEWONLY to finish (20074 retries left).
FAILED - RETRYING: Wait for DBMS_STATS.gather_database_stats with SKEWONLY to finish (20073 retries left).
FAILED - RETRYING: Wait for DBMS_STATS.gather_database_stats with SKEWONLY to finish (20072 retries left).
FAILED - RETRYING: Wait for DBMS_STATS.gather_database_stats with SKEWONLY to finish (20071 retries left).
FAILED - RETRYING: Wait for DBMS_STATS.gather_database_stats with SKEWONLY to finish (20070 retries left).
FAILED - RETRYING: Wait for DBMS_STATS.gather_database_stats with SKEWONLY to finish (20069 retries left).
FAILED - RETRYING: Wait for DBMS_STATS.gather_database_stats with SKEWONLY to finish (20068 retries left).
FAILED - RETRYING: Wait for DBMS_STATS.gather_database_stats with SKEWONLY to finish (20067 retries left).
FAILED - RETRYING: Wait for DBMS_STATS.gather_database_stats with SKEWONLY to finish (20066 retries left).
FAILED - RETRYING: Wait for DBMS_STATS.gather_database_stats with SKEWONLY to finish (20065 retries left).
FAILED - RETRYING: Wait for DBMS_STATS.gather_database_stats with SKEWONLY to finish (20064 retries left).
FAILED - RETRYING: Wait for DBMS_STATS.gather_database_stats with SKEWONLY to finish (20063 retries left).
FAILED - RETRYING: Wait for DBMS_STATS.gather_database_stats with SKEWONLY to finish (20062 retries left).
FAILED - RETRYING: Wait for DBMS_STATS.gather_database_stats with SKEWONLY to finish (20061 retries left).
FAILED - RETRYING: Wait for DBMS_STATS.gather_database_stats with SKEWONLY to finish (20060 retries left).
FAILED - RETRYING: Wait for DBMS_STATS.gather_database_stats with SKEWONLY to finish (20059 retries left).
FAILED - RETRYING: Wait for DBMS_STATS.gather_database_stats with SKEWONLY to finish (20058 retries left).
FAILED - RETRYING: Wait for DBMS_STATS.gather_database_stats with SKEWONLY to finish (20057 retries left).
FAILED - RETRYING: Wait for DBMS_STATS.gather_database_stats with SKEWONLY to finish (20056 retries left).
FAILED - RETRYING: Wait for DBMS_STATS.gather_database_stats with SKEWONLY to finish (20055 retries left).
FAILED - RETRYING: Wait for DBMS_STATS.gather_database_stats with SKEWONLY to finish (20054 retries left).
FAILED - RETRYING: Wait for DBMS_STATS.gather_database_stats with SKEWONLY to finish (20053 retries left).
FAILED - RETRYING: Wait for DBMS_STATS.gather_database_stats with SKEWONLY to finish (20052 retries left).
FAILED - RETRYING: Wait for DBMS_STATS.gather_database_stats with SKEWONLY to finish (20051 retries left).
FAILED - RETRYING: Wait for DBMS_STATS.gather_database_stats with SKEWONLY to finish (20050 retries left).
FAILED - RETRYING: Wait for DBMS_STATS.gather_database_stats with SKEWONLY to finish (20049 retries left).
FAILED - RETRYING: Wait for DBMS_STATS.gather_database_stats with SKEWONLY to finish (20048 retries left).
FAILED - RETRYING: Wait for DBMS_STATS.gather_database_stats with SKEWONLY to finish (20047 retries left).
FAILED - RETRYING: Wait for DBMS_STATS.gather_database_stats with SKEWONLY to finish (20046 retries left).
FAILED - RETRYING: Wait for DBMS_STATS.gather_database_stats with SKEWONLY to finish (20045 retries left).
FAILED - RETRYING: Wait for DBMS_STATS.gather_database_stats with SKEWONLY to finish (20044 retries left).
FAILED - RETRYING: Wait for DBMS_STATS.gather_database_stats with SKEWONLY to finish (20043 retries left).
FAILED - RETRYING: Wait for DBMS_STATS.gather_database_stats with SKEWONLY to finish (20042 retries left).
FAILED - RETRYING: Wait for DBMS_STATS.gather_database_stats with SKEWONLY to finish (20041 retries left).
FAILED - RETRYING: Wait for DBMS_STATS.gather_database_stats with SKEWONLY to finish (20040 retries left).
FAILED - RETRYING: Wait for DBMS_STATS.gather_database_stats with SKEWONLY to finish (20039 retries left).
FAILED - RETRYING: Wait for DBMS_STATS.gather_database_stats with SKEWONLY to finish (20038 retries left).
FAILED - RETRYING: Wait for DBMS_STATS.gather_database_stats with SKEWONLY to finish (20037 retries left).
FAILED - RETRYING: Wait for DBMS_STATS.gather_database_stats with SKEWONLY to finish (20036 retries left).
FAILED - RETRYING: Wait for DBMS_STATS.gather_database_stats with SKEWONLY to finish (20035 retries left).
FAILED - RETRYING: Wait for DBMS_STATS.gather_database_stats with SKEWONLY to finish (20034 retries left).
FAILED - RETRYING: Wait for DBMS_STATS.gather_database_stats with SKEWONLY to finish (20033 retries left).
FAILED - RETRYING: Wait for DBMS_STATS.gather_database_stats with SKEWONLY to finish (20032 retries left).
FAILED - RETRYING: Wait for DBMS_STATS.gather_database_stats with SKEWONLY to finish (20031 retries left).
FAILED - RETRYING: Wait for DBMS_STATS.gather_database_stats with SKEWONLY to finish (20030 retries left).
FAILED - RETRYING: Wait for DBMS_STATS.gather_database_stats with SKEWONLY to finish (20029 retries left).
FAILED - RETRYING: Wait for DBMS_STATS.gather_database_stats with SKEWONLY to finish (20028 retries left).
FAILED - RETRYING: Wait for DBMS_STATS.gather_database_stats with SKEWONLY to finish (20027 retries left).
FAILED - RETRYING: Wait for DBMS_STATS.gather_database_stats with SKEWONLY to finish (20026 retries left).
FAILED - RETRYING: Wait for DBMS_STATS.gather_database_stats with SKEWONLY to finish (20025 retries left).
FAILED - RETRYING: Wait for DBMS_STATS.gather_database_stats with SKEWONLY to finish (20024 retries left).
FAILED - RETRYING: Wait for DBMS_STATS.gather_database_stats with SKEWONLY to finish (20023 retries left).
FAILED - RETRYING: Wait for DBMS_STATS.gather_database_stats with SKEWONLY to finish (20022 retries left).
FAILED - RETRYING: Wait for DBMS_STATS.gather_database_stats with SKEWONLY to finish (20021 retries left).
FAILED - RETRYING: Wait for DBMS_STATS.gather_database_stats with SKEWONLY to finish (20020 retries left).
FAILED - RETRYING: Wait for DBMS_STATS.gather_database_stats with SKEWONLY to finish (20019 retries left).
FAILED - RETRYING: Wait for DBMS_STATS.gather_database_stats with SKEWONLY to finish (20018 retries left).
FAILED - RETRYING: Wait for DBMS_STATS.gather_database_stats with SKEWONLY to finish (20017 retries left).
FAILED - RETRYING: Wait for DBMS_STATS.gather_database_stats with SKEWONLY to finish (20016 retries left).
FAILED - RETRYING: Wait for DBMS_STATS.gather_database_stats with SKEWONLY to finish (20015 retries left).
FAILED - RETRYING: Wait for DBMS_STATS.gather_database_stats with SKEWONLY to finish (20014 retries left).
FAILED - RETRYING: Wait for DBMS_STATS.gather_database_stats with SKEWONLY to finish (20013 retries left).
FAILED - RETRYING: Wait for DBMS_STATS.gather_database_stats with SKEWONLY to finish (20012 retries left).
FAILED - RETRYING: Wait for DBMS_STATS.gather_database_stats with SKEWONLY to finish (20011 retries left).
FAILED - RETRYING: Wait for DBMS_STATS.gather_database_stats with SKEWONLY to finish (20010 retries left).
FAILED - RETRYING: Wait for DBMS_STATS.gather_database_stats with SKEWONLY to finish (20009 retries left).
FAILED - RETRYING: Wait for DBMS_STATS.gather_database_stats with SKEWONLY to finish (20008 retries left).
FAILED - RETRYING: Wait for DBMS_STATS.gather_database_stats with SKEWONLY to finish (20007 retries left).
FAILED - RETRYING: Wait for DBMS_STATS.gather_database_stats with SKEWONLY to finish (20006 retries left).
FAILED - RETRYING: Wait for DBMS_STATS.gather_database_stats with SKEWONLY to finish (20005 retries left).
FAILED - RETRYING: Wait for DBMS_STATS.gather_database_stats with SKEWONLY to finish (20004 retries left).
FAILED - RETRYING: Wait for DBMS_STATS.gather_database_stats with SKEWONLY to finish (20003 retries left).
FAILED - RETRYING: Wait for DBMS_STATS.gather_database_stats with SKEWONLY to finish (20002 retries left).
FAILED - RETRYING: Wait for DBMS_STATS.gather_database_stats with SKEWONLY to finish (20001 retries left).
FAILED - RETRYING: Wait for DBMS_STATS.gather_database_stats with SKEWONLY to finish (20000 retries left).
FAILED - RETRYING: Wait for DBMS_STATS.gather_database_stats with SKEWONLY to finish (19999 retries left).
FAILED - RETRYING: Wait for DBMS_STATS.gather_database_stats with SKEWONLY to finish (19998 retries left).
FAILED - RETRYING: Wait for DBMS_STATS.gather_database_stats with SKEWONLY to finish (19997 retries left).
FAILED - RETRYING: Wait for DBMS_STATS.gather_database_stats with SKEWONLY to finish (19996 retries left).
FAILED - RETRYING: Wait for DBMS_STATS.gather_database_stats with SKEWONLY to finish (19995 retries left).
FAILED - RETRYING: Wait for DBMS_STATS.gather_database_stats with SKEWONLY to finish (19994 retries left).
FAILED - RETRYING: Wait for DBMS_STATS.gather_database_stats with SKEWONLY to finish (19993 retries left).
FAILED - RETRYING: Wait for DBMS_STATS.gather_database_stats with SKEWONLY to finish (19992 retries left).
FAILED - RETRYING: Wait for DBMS_STATS.gather_database_stats with SKEWONLY to finish (19991 retries left).
FAILED - RETRYING: Wait for DBMS_STATS.gather_database_stats with SKEWONLY to finish (19990 retries left).
FAILED - RETRYING: Wait for DBMS_STATS.gather_database_stats with SKEWONLY to finish (19989 retries left).
FAILED - RETRYING: Wait for DBMS_STATS.gather_database_stats with SKEWONLY to finish (19988 retries left).
FAILED - RETRYING: Wait for DBMS_STATS.gather_database_stats with SKEWONLY to finish (19987 retries left).
FAILED - RETRYING: Wait for DBMS_STATS.gather_database_stats with SKEWONLY to finish (19986 retries left).
FAILED - RETRYING: Wait for DBMS_STATS.gather_database_stats with SKEWONLY to finish (19985 retries left).
FAILED - RETRYING: Wait for DBMS_STATS.gather_database_stats with SKEWONLY to finish (19984 retries left).
FAILED - RETRYING: Wait for DBMS_STATS.gather_database_stats with SKEWONLY to finish (19983 retries left).
FAILED - RETRYING: Wait for DBMS_STATS.gather_database_stats with SKEWONLY to finish (19982 retries left).
FAILED - RETRYING: Wait for DBMS_STATS.gather_database_stats with SKEWONLY to finish (19981 retries left).
FAILED - RETRYING: Wait for DBMS_STATS.gather_database_stats with SKEWONLY to finish (19980 retries left).
FAILED - RETRYING: Wait for DBMS_STATS.gather_database_stats with SKEWONLY to finish (19979 retries left).
FAILED - RETRYING: Wait for DBMS_STATS.gather_database_stats with SKEWONLY to finish (19978 retries left).
FAILED - RETRYING: Wait for DBMS_STATS.gather_database_stats with SKEWONLY to finish (19977 retries left).
FAILED - RETRYING: Wait for DBMS_STATS.gather_database_stats with SKEWONLY to finish (19976 retries left).
FAILED - RETRYING: Wait for DBMS_STATS.gather_database_stats with SKEWONLY to finish (19975 retries left).
FAILED - RETRYING: Wait for DBMS_STATS.gather_database_stats with SKEWONLY to finish (19974 retries left).
FAILED - RETRYING: Wait for DBMS_STATS.gather_database_stats with SKEWONLY to finish (19973 retries left).
FAILED - RETRYING: Wait for DBMS_STATS.gather_database_stats with SKEWONLY to finish (19972 retries left).
FAILED - RETRYING: Wait for DBMS_STATS.gather_database_stats with SKEWONLY to finish (19971 retries left).
FAILED - RETRYING: Wait for DBMS_STATS.gather_database_stats with SKEWONLY to finish (19970 retries left).
FAILED - RETRYING: Wait for DBMS_STATS.gather_database_stats with SKEWONLY to finish (19969 retries left).
FAILED - RETRYING: Wait for DBMS_STATS.gather_database_stats with SKEWONLY to finish (19968 retries left).
FAILED - RETRYING: Wait for DBMS_STATS.gather_database_stats with SKEWONLY to finish (19967 retries left).
FAILED - RETRYING: Wait for DBMS_STATS.gather_database_stats with SKEWONLY to finish (19966 retries left).
FAILED - RETRYING: Wait for DBMS_STATS.gather_database_stats with SKEWONLY to finish (19965 retries left).
FAILED - RETRYING: Wait for DBMS_STATS.gather_database_stats with SKEWONLY to finish (19964 retries left).
FAILED - RETRYING: Wait for DBMS_STATS.gather_database_stats with SKEWONLY to finish (19963 retries left).
FAILED - RETRYING: Wait for DBMS_STATS.gather_database_stats with SKEWONLY to finish (19962 retries left).
FAILED - RETRYING: Wait for DBMS_STATS.gather_database_stats with SKEWONLY to finish (19961 retries left).
FAILED - RETRYING: Wait for DBMS_STATS.gather_database_stats with SKEWONLY to finish (19960 retries left).
FAILED - RETRYING: Wait for DBMS_STATS.gather_database_stats with SKEWONLY to finish (19959 retries left).
FAILED - RETRYING: Wait for DBMS_STATS.gather_database_stats with SKEWONLY to finish (19958 retries left).
FAILED - RETRYING: Wait for DBMS_STATS.gather_database_stats with SKEWONLY to finish (19957 retries left).
FAILED - RETRYING: Wait for DBMS_STATS.gather_database_stats with SKEWONLY to finish (19956 retries left).
FAILED - RETRYING: Wait for DBMS_STATS.gather_database_stats with SKEWONLY to finish (19955 retries left).
FAILED - RETRYING: Wait for DBMS_STATS.gather_database_stats with SKEWONLY to finish (19954 retries left).
FAILED - RETRYING: Wait for DBMS_STATS.gather_database_stats with SKEWONLY to finish (19953 retries left).
FAILED - RETRYING: Wait for DBMS_STATS.gather_database_stats with SKEWONLY to finish (19952 retries left).
FAILED - RETRYING: Wait for DBMS_STATS.gather_database_stats with SKEWONLY to finish (19951 retries left).
FAILED - RETRYING: Wait for DBMS_STATS.gather_database_stats with SKEWONLY to finish (19950 retries left).
FAILED - RETRYING: Wait for DBMS_STATS.gather_database_stats with SKEWONLY to finish (19949 retries left).
FAILED - RETRYING: Wait for DBMS_STATS.gather_database_stats with SKEWONLY to finish (19948 retries left).
FAILED - RETRYING: Wait for DBMS_STATS.gather_database_stats with SKEWONLY to finish (19947 retries left).
FAILED - RETRYING: Wait for DBMS_STATS.gather_database_stats with SKEWONLY to finish (19946 retries left).
FAILED - RETRYING: Wait for DBMS_STATS.gather_database_stats with SKEWONLY to finish (19945 retries left).
FAILED - RETRYING: Wait for DBMS_STATS.gather_database_stats with SKEWONLY to finish (19944 retries left).
FAILED - RETRYING: Wait for DBMS_STATS.gather_database_stats with SKEWONLY to finish (19943 retries left).
FAILED - RETRYING: Wait for DBMS_STATS.gather_database_stats with SKEWONLY to finish (19942 retries left).
FAILED - RETRYING: Wait for DBMS_STATS.gather_database_stats with SKEWONLY to finish (19941 retries left).
FAILED - RETRYING: Wait for DBMS_STATS.gather_database_stats with SKEWONLY to finish (19940 retries left).
FAILED - RETRYING: Wait for DBMS_STATS.gather_database_stats with SKEWONLY to finish (19939 retries left).
FAILED - RETRYING: Wait for DBMS_STATS.gather_database_stats with SKEWONLY to finish (19938 retries left).
FAILED - RETRYING: Wait for DBMS_STATS.gather_database_stats with SKEWONLY to finish (19937 retries left).
FAILED - RETRYING: Wait for DBMS_STATS.gather_database_stats with SKEWONLY to finish (19936 retries left).
FAILED - RETRYING: Wait for DBMS_STATS.gather_database_stats with SKEWONLY to finish (19935 retries left).
FAILED - RETRYING: Wait for DBMS_STATS.gather_database_stats with SKEWONLY to finish (19934 retries left).
FAILED - RETRYING: Wait for DBMS_STATS.gather_database_stats with SKEWONLY to finish (19933 retries left).
FAILED - RETRYING: Wait for DBMS_STATS.gather_database_stats with SKEWONLY to finish (19932 retries left).
FAILED - RETRYING: Wait for DBMS_STATS.gather_database_stats with SKEWONLY to finish (19931 retries left).
FAILED - RETRYING: Wait for DBMS_STATS.gather_database_stats with SKEWONLY to finish (19930 retries left).
FAILED - RETRYING: Wait for DBMS_STATS.gather_database_stats with SKEWONLY to finish (19929 retries left).
FAILED - RETRYING: Wait for DBMS_STATS.gather_database_stats with SKEWONLY to finish (19928 retries left).
FAILED - RETRYING: Wait for DBMS_STATS.gather_database_stats with SKEWONLY to finish (19927 retries left).
FAILED - RETRYING: Wait for DBMS_STATS.gather_database_stats with SKEWONLY to finish (19926 retries left).
FAILED - RETRYING: Wait for DBMS_STATS.gather_database_stats with SKEWONLY to finish (19925 retries left).
FAILED - RETRYING: Wait for DBMS_STATS.gather_database_stats with SKEWONLY to finish (19924 retries left).
FAILED - RETRYING: Wait for DBMS_STATS.gather_database_stats with SKEWONLY to finish (19923 retries left).
FAILED - RETRYING: Wait for DBMS_STATS.gather_database_stats with SKEWONLY to finish (19922 retries left).
FAILED - RETRYING: Wait for DBMS_STATS.gather_database_stats with SKEWONLY to finish (19921 retries left).
FAILED - RETRYING: Wait for DBMS_STATS.gather_database_stats with SKEWONLY to finish (19920 retries left).
FAILED - RETRYING: Wait for DBMS_STATS.gather_database_stats with SKEWONLY to finish (19919 retries left).
FAILED - RETRYING: Wait for DBMS_STATS.gather_database_stats with SKEWONLY to finish (19918 retries left).
FAILED - RETRYING: Wait for DBMS_STATS.gather_database_stats with SKEWONLY to finish (19917 retries left).
FAILED - RETRYING: Wait for DBMS_STATS.gather_database_stats with SKEWONLY to finish (19916 retries left).
FAILED - RETRYING: Wait for DBMS_STATS.gather_database_stats with SKEWONLY to finish (19915 retries left).
FAILED - RETRYING: Wait for DBMS_STATS.gather_database_stats with SKEWONLY to finish (19914 retries left).
FAILED - RETRYING: Wait for DBMS_STATS.gather_database_stats with SKEWONLY to finish (19913 retries left).
FAILED - RETRYING: Wait for DBMS_STATS.gather_database_stats with SKEWONLY to finish (19912 retries left).
FAILED - RETRYING: Wait for DBMS_STATS.gather_database_stats with SKEWONLY to finish (19911 retries left).
FAILED - RETRYING: Wait for DBMS_STATS.gather_database_stats with SKEWONLY to finish (19910 retries left).
FAILED - RETRYING: Wait for DBMS_STATS.gather_database_stats with SKEWONLY to finish (19909 retries left).
FAILED - RETRYING: Wait for DBMS_STATS.gather_database_stats with SKEWONLY to finish (19908 retries left).
FAILED - RETRYING: Wait for DBMS_STATS.gather_database_stats with SKEWONLY to finish (19907 retries left).
FAILED - RETRYING: Wait for DBMS_STATS.gather_database_stats with SKEWONLY to finish (19906 retries left).
FAILED - RETRYING: Wait for DBMS_STATS.gather_database_stats with SKEWONLY to finish (19905 retries left).
FAILED - RETRYING: Wait for DBMS_STATS.gather_database_stats with SKEWONLY to finish (19904 retries left).
FAILED - RETRYING: Wait for DBMS_STATS.gather_database_stats with SKEWONLY to finish (19903 retries left).
FAILED - RETRYING: Wait for DBMS_STATS.gather_database_stats with SKEWONLY to finish (19902 retries left).
FAILED - RETRYING: Wait for DBMS_STATS.gather_database_stats with SKEWONLY to finish (19901 retries left).
FAILED - RETRYING: Wait for DBMS_STATS.gather_database_stats with SKEWONLY to finish (19900 retries left).
FAILED - RETRYING: Wait for DBMS_STATS.gather_database_stats with SKEWONLY to finish (19899 retries left).
FAILED - RETRYING: Wait for DBMS_STATS.gather_database_stats with SKEWONLY to finish (19898 retries left).
FAILED - RETRYING: Wait for DBMS_STATS.gather_database_stats with SKEWONLY to finish (19897 retries left).
FAILED - RETRYING: Wait for DBMS_STATS.gather_database_stats with SKEWONLY to finish (19896 retries left).
FAILED - RETRYING: Wait for DBMS_STATS.gather_database_stats with SKEWONLY to finish (19895 retries left).
FAILED - RETRYING: Wait for DBMS_STATS.gather_database_stats with SKEWONLY to finish (19894 retries left).
FAILED - RETRYING: Wait for DBMS_STATS.gather_database_stats with SKEWONLY to finish (19893 retries left).
FAILED - RETRYING: Wait for DBMS_STATS.gather_database_stats with SKEWONLY to finish (19892 retries left).
FAILED - RETRYING: Wait for DBMS_STATS.gather_database_stats with SKEWONLY to finish (19891 retries left).
FAILED - RETRYING: Wait for DBMS_STATS.gather_database_stats with SKEWONLY to finish (19890 retries left).
FAILED - RETRYING: Wait for DBMS_STATS.gather_database_stats with SKEWONLY to finish (19889 retries left).
FAILED - RETRYING: Wait for DBMS_STATS.gather_database_stats with SKEWONLY to finish (19888 retries left).
FAILED - RETRYING: Wait for DBMS_STATS.gather_database_stats with SKEWONLY to finish (19887 retries left).
FAILED - RETRYING: Wait for DBMS_STATS.gather_database_stats with SKEWONLY to finish (19886 retries left).
FAILED - RETRYING: Wait for DBMS_STATS.gather_database_stats with SKEWONLY to finish (19885 retries left).
FAILED - RETRYING: Wait for DBMS_STATS.gather_database_stats with SKEWONLY to finish (19884 retries left).
FAILED - RETRYING: Wait for DBMS_STATS.gather_database_stats with SKEWONLY to finish (19883 retries left).
FAILED - RETRYING: Wait for DBMS_STATS.gather_database_stats with SKEWONLY to finish (19882 retries left).
FAILED - RETRYING: Wait for DBMS_STATS.gather_database_stats with SKEWONLY to finish (19881 retries left).
FAILED - RETRYING: Wait for DBMS_STATS.gather_database_stats with SKEWONLY to finish (19880 retries left).
FAILED - RETRYING: Wait for DBMS_STATS.gather_database_stats with SKEWONLY to finish (19879 retries left).
FAILED - RETRYING: Wait for DBMS_STATS.gather_database_stats with SKEWONLY to finish (19878 retries left).
FAILED - RETRYING: Wait for DBMS_STATS.gather_database_stats with SKEWONLY to finish (19877 retries left).
FAILED - RETRYING: Wait for DBMS_STATS.gather_database_stats with SKEWONLY to finish (19876 retries left).
FAILED - RETRYING: Wait for DBMS_STATS.gather_database_stats with SKEWONLY to finish (19875 retries left).
FAILED - RETRYING: Wait for DBMS_STATS.gather_database_stats with SKEWONLY to finish (19874 retries left).
FAILED - RETRYING: Wait for DBMS_STATS.gather_database_stats with SKEWONLY to finish (19873 retries left).
FAILED - RETRYING: Wait for DBMS_STATS.gather_database_stats with SKEWONLY to finish (19872 retries left).
FAILED - RETRYING: Wait for DBMS_STATS.gather_database_stats with SKEWONLY to finish (19871 retries left).
FAILED - RETRYING: Wait for DBMS_STATS.gather_database_stats with SKEWONLY to finish (19870 retries left).
FAILED - RETRYING: Wait for DBMS_STATS.gather_database_stats with SKEWONLY to finish (19869 retries left).
FAILED - RETRYING: Wait for DBMS_STATS.gather_database_stats with SKEWONLY to finish (19868 retries left).
FAILED - RETRYING: Wait for DBMS_STATS.gather_database_stats with SKEWONLY to finish (19867 retries left).
FAILED - RETRYING: Wait for DBMS_STATS.gather_database_stats with SKEWONLY to finish (19866 retries left).
FAILED - RETRYING: Wait for DBMS_STATS.gather_database_stats with SKEWONLY to finish (19865 retries left).
FAILED - RETRYING: Wait for DBMS_STATS.gather_database_stats with SKEWONLY to finish (19864 retries left).
FAILED - RETRYING: Wait for DBMS_STATS.gather_database_stats with SKEWONLY to finish (19863 retries left).
FAILED - RETRYING: Wait for DBMS_STATS.gather_database_stats with SKEWONLY to finish (19862 retries left).
FAILED - RETRYING: Wait for DBMS_STATS.gather_database_stats with SKEWONLY to finish (19861 retries left).
FAILED - RETRYING: Wait for DBMS_STATS.gather_database_stats with SKEWONLY to finish (19860 retries left).
FAILED - RETRYING: Wait for DBMS_STATS.gather_database_stats with SKEWONLY to finish (19859 retries left).
FAILED - RETRYING: Wait for DBMS_STATS.gather_database_stats with SKEWONLY to finish (19858 retries left).
FAILED - RETRYING: Wait for DBMS_STATS.gather_database_stats with SKEWONLY to finish (19857 retries left).
FAILED - RETRYING: Wait for DBMS_STATS.gather_database_stats with SKEWONLY to finish (19856 retries left).
FAILED - RETRYING: Wait for DBMS_STATS.gather_database_stats with SKEWONLY to finish (19855 retries left).
FAILED - RETRYING: Wait for DBMS_STATS.gather_database_stats with SKEWONLY to finish (19854 retries left).
FAILED - RETRYING: Wait for DBMS_STATS.gather_database_stats with SKEWONLY to finish (19853 retries left).
FAILED - RETRYING: Wait for DBMS_STATS.gather_database_stats with SKEWONLY to finish (19852 retries left).
FAILED - RETRYING: Wait for DBMS_STATS.gather_database_stats with SKEWONLY to finish (19851 retries left).
FAILED - RETRYING: Wait for DBMS_STATS.gather_database_stats with SKEWONLY to finish (19850 retries left).
FAILED - RETRYING: Wait for DBMS_STATS.gather_database_stats with SKEWONLY to finish (19849 retries left).
FAILED - RETRYING: Wait for DBMS_STATS.gather_database_stats with SKEWONLY to finish (19848 retries left).
FAILED - RETRYING: Wait for DBMS_STATS.gather_database_stats with SKEWONLY to finish (19847 retries left).
FAILED - RETRYING: Wait for DBMS_STATS.gather_database_stats with SKEWONLY to finish (19846 retries left).
FAILED - RETRYING: Wait for DBMS_STATS.gather_database_stats with SKEWONLY to finish (19845 retries left).
FAILED - RETRYING: Wait for DBMS_STATS.gather_database_stats with SKEWONLY to finish (19844 retries left).
FAILED - RETRYING: Wait for DBMS_STATS.gather_database_stats with SKEWONLY to finish (19843 retries left).
FAILED - RETRYING: Wait for DBMS_STATS.gather_database_stats with SKEWONLY to finish (19842 retries left).
FAILED - RETRYING: Wait for DBMS_STATS.gather_database_stats with SKEWONLY to finish (19841 retries left).
FAILED - RETRYING: Wait for DBMS_STATS.gather_database_stats with SKEWONLY to finish (19840 retries left).
FAILED - RETRYING: Wait for DBMS_STATS.gather_database_stats with SKEWONLY to finish (19839 retries left).
FAILED - RETRYING: Wait for DBMS_STATS.gather_database_stats with SKEWONLY to finish (19838 retries left).
FAILED - RETRYING: Wait for DBMS_STATS.gather_database_stats with SKEWONLY to finish (19837 retries left).
FAILED - RETRYING: Wait for DBMS_STATS.gather_database_stats with SKEWONLY to finish (19836 retries left).
FAILED - RETRYING: Wait for DBMS_STATS.gather_database_stats with SKEWONLY to finish (19835 retries left).
FAILED - RETRYING: Wait for DBMS_STATS.gather_database_stats with SKEWONLY to finish (19834 retries left).
FAILED - RETRYING: Wait for DBMS_STATS.gather_database_stats with SKEWONLY to finish (19833 retries left).
FAILED - RETRYING: Wait for DBMS_STATS.gather_database_stats with SKEWONLY to finish (19832 retries left).
FAILED - RETRYING: Wait for DBMS_STATS.gather_database_stats with SKEWONLY to finish (19831 retries left).
FAILED - RETRYING: Wait for DBMS_STATS.gather_database_stats with SKEWONLY to finish (19830 retries left).
FAILED - RETRYING: Wait for DBMS_STATS.gather_database_stats with SKEWONLY to finish (19829 retries left).
FAILED - RETRYING: Wait for DBMS_STATS.gather_database_stats with SKEWONLY to finish (19828 retries left).
FAILED - RETRYING: Wait for DBMS_STATS.gather_database_stats with SKEWONLY to finish (19827 retries left).
FAILED - RETRYING: Wait for DBMS_STATS.gather_database_stats with SKEWONLY to finish (19826 retries left).
FAILED - RETRYING: Wait for DBMS_STATS.gather_database_stats with SKEWONLY to finish (19825 retries left).
FAILED - RETRYING: Wait for DBMS_STATS.gather_database_stats with SKEWONLY to finish (19824 retries left).
FAILED - RETRYING: Wait for DBMS_STATS.gather_database_stats with SKEWONLY to finish (19823 retries left).
FAILED - RETRYING: Wait for DBMS_STATS.gather_database_stats with SKEWONLY to finish (19822 retries left).
FAILED - RETRYING: Wait for DBMS_STATS.gather_database_stats with SKEWONLY to finish (19821 retries left).
FAILED - RETRYING: Wait for DBMS_STATS.gather_database_stats with SKEWONLY to finish (19820 retries left).
FAILED - RETRYING: Wait for DBMS_STATS.gather_database_stats with SKEWONLY to finish (19819 retries left).
FAILED - RETRYING: Wait for DBMS_STATS.gather_database_stats with SKEWONLY to finish (19818 retries left).
FAILED - RETRYING: Wait for DBMS_STATS.gather_database_stats with SKEWONLY to finish (19817 retries left).
FAILED - RETRYING: Wait for DBMS_STATS.gather_database_stats with SKEWONLY to finish (19816 retries left).
FAILED - RETRYING: Wait for DBMS_STATS.gather_database_stats with SKEWONLY to finish (19815 retries left).
FAILED - RETRYING: Wait for DBMS_STATS.gather_database_stats with SKEWONLY to finish (19814 retries left).
FAILED - RETRYING: Wait for DBMS_STATS.gather_database_stats with SKEWONLY to finish (19813 retries left).
FAILED - RETRYING: Wait for DBMS_STATS.gather_database_stats with SKEWONLY to finish (19812 retries left).
FAILED - RETRYING: Wait for DBMS_STATS.gather_database_stats with SKEWONLY to finish (19811 retries left).
FAILED - RETRYING: Wait for DBMS_STATS.gather_database_stats with SKEWONLY to finish (19810 retries left).
FAILED - RETRYING: Wait for DBMS_STATS.gather_database_stats with SKEWONLY to finish (19809 retries left).
FAILED - RETRYING: Wait for DBMS_STATS.gather_database_stats with SKEWONLY to finish (19808 retries left).
FAILED - RETRYING: Wait for DBMS_STATS.gather_database_stats with SKEWONLY to finish (19807 retries left).
FAILED - RETRYING: Wait for DBMS_STATS.gather_database_stats with SKEWONLY to finish (19806 retries left).
FAILED - RETRYING: Wait for DBMS_STATS.gather_database_stats with SKEWONLY to finish (19805 retries left).
FAILED - RETRYING: Wait for DBMS_STATS.gather_database_stats with SKEWONLY to finish (19804 retries left).
FAILED - RETRYING: Wait for DBMS_STATS.gather_database_stats with SKEWONLY to finish (19803 retries left).
FAILED - RETRYING: Wait for DBMS_STATS.gather_database_stats with SKEWONLY to finish (19802 retries left).
FAILED - RETRYING: Wait for DBMS_STATS.gather_database_stats with SKEWONLY to finish (19801 retries left).
FAILED - RETRYING: Wait for DBMS_STATS.gather_database_stats with SKEWONLY to finish (19800 retries left).
FAILED - RETRYING: Wait for DBMS_STATS.gather_database_stats with SKEWONLY to finish (19799 retries left).
FAILED - RETRYING: Wait for DBMS_STATS.gather_database_stats with SKEWONLY to finish (19798 retries left).
FAILED - RETRYING: Wait for DBMS_STATS.gather_database_stats with SKEWONLY to finish (19797 retries left).
FAILED - RETRYING: Wait for DBMS_STATS.gather_database_stats with SKEWONLY to finish (19796 retries left).
FAILED - RETRYING: Wait for DBMS_STATS.gather_database_stats with SKEWONLY to finish (19795 retries left).
FAILED - RETRYING: Wait for DBMS_STATS.gather_database_stats with SKEWONLY to finish (19794 retries left).
FAILED - RETRYING: Wait for DBMS_STATS.gather_database_stats with SKEWONLY to finish (19793 retries left).
FAILED - RETRYING: Wait for DBMS_STATS.gather_database_stats with SKEWONLY to finish (19792 retries left).
FAILED - RETRYING: Wait for DBMS_STATS.gather_database_stats with SKEWONLY to finish (19791 retries left).
FAILED - RETRYING: Wait for DBMS_STATS.gather_database_stats with SKEWONLY to finish (19790 retries left).
FAILED - RETRYING: Wait for DBMS_STATS.gather_database_stats with SKEWONLY to finish (19789 retries left).
FAILED - RETRYING: Wait for DBMS_STATS.gather_database_stats with SKEWONLY to finish (19788 retries left).
FAILED - RETRYING: Wait for DBMS_STATS.gather_database_stats with SKEWONLY to finish (19787 retries left).
FAILED - RETRYING: Wait for DBMS_STATS.gather_database_stats with SKEWONLY to finish (19786 retries left).
FAILED - RETRYING: Wait for DBMS_STATS.gather_database_stats with SKEWONLY to finish (19785 retries left).
FAILED - RETRYING: Wait for DBMS_STATS.gather_database_stats with SKEWONLY to finish (19784 retries left).
FAILED - RETRYING: Wait for DBMS_STATS.gather_database_stats with SKEWONLY to finish (19783 retries left).
FAILED - RETRYING: Wait for DBMS_STATS.gather_database_stats with SKEWONLY to finish (19782 retries left).
FAILED - RETRYING: Wait for DBMS_STATS.gather_database_stats with SKEWONLY to finish (19781 retries left).
FAILED - RETRYING: Wait for DBMS_STATS.gather_database_stats with SKEWONLY to finish (19780 retries left).
FAILED - RETRYING: Wait for DBMS_STATS.gather_database_stats with SKEWONLY to finish (19779 retries left).
FAILED - RETRYING: Wait for DBMS_STATS.gather_database_stats with SKEWONLY to finish (19778 retries left).
FAILED - RETRYING: Wait for DBMS_STATS.gather_database_stats with SKEWONLY to finish (19777 retries left).
FAILED - RETRYING: Wait for DBMS_STATS.gather_database_stats with SKEWONLY to finish (19776 retries left).
FAILED - RETRYING: Wait for DBMS_STATS.gather_database_stats with SKEWONLY to finish (19775 retries left).
FAILED - RETRYING: Wait for DBMS_STATS.gather_database_stats with SKEWONLY to finish (19774 retries left).
FAILED - RETRYING: Wait for DBMS_STATS.gather_database_stats with SKEWONLY to finish (19773 retries left).
FAILED - RETRYING: Wait for DBMS_STATS.gather_database_stats with SKEWONLY to finish (19772 retries left).
FAILED - RETRYING: Wait for DBMS_STATS.gather_database_stats with SKEWONLY to finish (19771 retries left).
FAILED - RETRYING: Wait for DBMS_STATS.gather_database_stats with SKEWONLY to finish (19770 retries left).
FAILED - RETRYING: Wait for DBMS_STATS.gather_database_stats with SKEWONLY to finish (19769 retries left).
FAILED - RETRYING: Wait for DBMS_STATS.gather_database_stats with SKEWONLY to finish (19768 retries left).
FAILED - RETRYING: Wait for DBMS_STATS.gather_database_stats with SKEWONLY to finish (19767 retries left).
FAILED - RETRYING: Wait for DBMS_STATS.gather_database_stats with SKEWONLY to finish (19766 retries left).
FAILED - RETRYING: Wait for DBMS_STATS.gather_database_stats with SKEWONLY to finish (19765 retries left).
FAILED - RETRYING: Wait for DBMS_STATS.gather_database_stats with SKEWONLY to finish (19764 retries left).
FAILED - RETRYING: Wait for DBMS_STATS.gather_database_stats with SKEWONLY to finish (19763 retries left).
FAILED - RETRYING: Wait for DBMS_STATS.gather_database_stats with SKEWONLY to finish (19762 retries left).
FAILED - RETRYING: Wait for DBMS_STATS.gather_database_stats with SKEWONLY to finish (19761 retries left).
FAILED - RETRYING: Wait for DBMS_STATS.gather_database_stats with SKEWONLY to finish (19760 retries left).
FAILED - RETRYING: Wait for DBMS_STATS.gather_database_stats with SKEWONLY to finish (19759 retries left).
FAILED - RETRYING: Wait for DBMS_STATS.gather_database_stats with SKEWONLY to finish (19758 retries left).
FAILED - RETRYING: Wait for DBMS_STATS.gather_database_stats with SKEWONLY to finish (19757 retries left).
FAILED - RETRYING: Wait for DBMS_STATS.gather_database_stats with SKEWONLY to finish (19756 retries left).
FAILED - RETRYING: Wait for DBMS_STATS.gather_database_stats with SKEWONLY to finish (19755 retries left).
FAILED - RETRYING: Wait for DBMS_STATS.gather_database_stats with SKEWONLY to finish (19754 retries left).
FAILED - RETRYING: Wait for DBMS_STATS.gather_database_stats with SKEWONLY to finish (19753 retries left).
FAILED - RETRYING: Wait for DBMS_STATS.gather_database_stats with SKEWONLY to finish (19752 retries left).
FAILED - RETRYING: Wait for DBMS_STATS.gather_database_stats with SKEWONLY to finish (19751 retries left).
FAILED - RETRYING: Wait for DBMS_STATS.gather_database_stats with SKEWONLY to finish (19750 retries left).
FAILED - RETRYING: Wait for DBMS_STATS.gather_database_stats with SKEWONLY to finish (19749 retries left).
FAILED - RETRYING: Wait for DBMS_STATS.gather_database_stats with SKEWONLY to finish (19748 retries left).
FAILED - RETRYING: Wait for DBMS_STATS.gather_database_stats with SKEWONLY to finish (19747 retries left).
FAILED - RETRYING: Wait for DBMS_STATS.gather_database_stats with SKEWONLY to finish (19746 retries left).
FAILED - RETRYING: Wait for DBMS_STATS.gather_database_stats with SKEWONLY to finish (19745 retries left).
FAILED - RETRYING: Wait for DBMS_STATS.gather_database_stats with SKEWONLY to finish (19744 retries left).
FAILED - RETRYING: Wait for DBMS_STATS.gather_database_stats with SKEWONLY to finish (19743 retries left).
FAILED - RETRYING: Wait for DBMS_STATS.gather_database_stats with SKEWONLY to finish (19742 retries left).
FAILED - RETRYING: Wait for DBMS_STATS.gather_database_stats with SKEWONLY to finish (19741 retries left).
FAILED - RETRYING: Wait for DBMS_STATS.gather_database_stats with SKEWONLY to finish (19740 retries left).
FAILED - RETRYING: Wait for DBMS_STATS.gather_database_stats with SKEWONLY to finish (19739 retries left).
FAILED - RETRYING: Wait for DBMS_STATS.gather_database_stats with SKEWONLY to finish (19738 retries left).
FAILED - RETRYING: Wait for DBMS_STATS.gather_database_stats with SKEWONLY to finish (19737 retries left).
FAILED - RETRYING: Wait for DBMS_STATS.gather_database_stats with SKEWONLY to finish (19736 retries left).
FAILED - RETRYING: Wait for DBMS_STATS.gather_database_stats with SKEWONLY to finish (19735 retries left).
FAILED - RETRYING: Wait for DBMS_STATS.gather_database_stats with SKEWONLY to finish (19734 retries left).
FAILED - RETRYING: Wait for DBMS_STATS.gather_database_stats with SKEWONLY to finish (19733 retries left).
FAILED - RETRYING: Wait for DBMS_STATS.gather_database_stats with SKEWONLY to finish (19732 retries left).
FAILED - RETRYING: Wait for DBMS_STATS.gather_database_stats with SKEWONLY to finish (19731 retries left).
FAILED - RETRYING: Wait for DBMS_STATS.gather_database_stats with SKEWONLY to finish (19730 retries left).
FAILED - RETRYING: Wait for DBMS_STATS.gather_database_stats with SKEWONLY to finish (19729 retries left).
FAILED - RETRYING: Wait for DBMS_STATS.gather_database_stats with SKEWONLY to finish (19728 retries left).
FAILED - RETRYING: Wait for DBMS_STATS.gather_database_stats with SKEWONLY to finish (19727 retries left).
FAILED - RETRYING: Wait for DBMS_STATS.gather_database_stats with SKEWONLY to finish (19726 retries left).
FAILED - RETRYING: Wait for DBMS_STATS.gather_database_stats with SKEWONLY to finish (19725 retries left).
FAILED - RETRYING: Wait for DBMS_STATS.gather_database_stats with SKEWONLY to finish (19724 retries left).
FAILED - RETRYING: Wait for DBMS_STATS.gather_database_stats with SKEWONLY to finish (19723 retries left).
FAILED - RETRYING: Wait for DBMS_STATS.gather_database_stats with SKEWONLY to finish (19722 retries left).
FAILED - RETRYING: Wait for DBMS_STATS.gather_database_stats with SKEWONLY to finish (19721 retries left).
FAILED - RETRYING: Wait for DBMS_STATS.gather_database_stats with SKEWONLY to finish (19720 retries left).
FAILED - RETRYING: Wait for DBMS_STATS.gather_database_stats with SKEWONLY to finish (19719 retries left).
FAILED - RETRYING: Wait for DBMS_STATS.gather_database_stats with SKEWONLY to finish (19718 retries left).
FAILED - RETRYING: Wait for DBMS_STATS.gather_database_stats with SKEWONLY to finish (19717 retries left).
FAILED - RETRYING: Wait for DBMS_STATS.gather_database_stats with SKEWONLY to finish (19716 retries left).
FAILED - RETRYING: Wait for DBMS_STATS.gather_database_stats with SKEWONLY to finish (19715 retries left).
FAILED - RETRYING: Wait for DBMS_STATS.gather_database_stats with SKEWONLY to finish (19714 retries left).
FAILED - RETRYING: Wait for DBMS_STATS.gather_database_stats with SKEWONLY to finish (19713 retries left).
FAILED - RETRYING: Wait for DBMS_STATS.gather_database_stats with SKEWONLY to finish (19712 retries left).
FAILED - RETRYING: Wait for DBMS_STATS.gather_database_stats with SKEWONLY to finish (19711 retries left).
FAILED - RETRYING: Wait for DBMS_STATS.gather_database_stats with SKEWONLY to finish (19710 retries left).
FAILED - RETRYING: Wait for DBMS_STATS.gather_database_stats with SKEWONLY to finish (19709 retries left).
FAILED - RETRYING: Wait for DBMS_STATS.gather_database_stats with SKEWONLY to finish (19708 retries left).
FAILED - RETRYING: Wait for DBMS_STATS.gather_database_stats with SKEWONLY to finish (19707 retries left).
FAILED - RETRYING: Wait for DBMS_STATS.gather_database_stats with SKEWONLY to finish (19706 retries left).
FAILED - RETRYING: Wait for DBMS_STATS.gather_database_stats with SKEWONLY to finish (19705 retries left).
FAILED - RETRYING: Wait for DBMS_STATS.gather_database_stats with SKEWONLY to finish (19704 retries left).
FAILED - RETRYING: Wait for DBMS_STATS.gather_database_stats with SKEWONLY to finish (19703 retries left).
FAILED - RETRYING: Wait for DBMS_STATS.gather_database_stats with SKEWONLY to finish (19702 retries left).
FAILED - RETRYING: Wait for DBMS_STATS.gather_database_stats with SKEWONLY to finish (19701 retries left).
FAILED - RETRYING: Wait for DBMS_STATS.gather_database_stats with SKEWONLY to finish (19700 retries left).
FAILED - RETRYING: Wait for DBMS_STATS.gather_database_stats with SKEWONLY to finish (19699 retries left).
FAILED - RETRYING: Wait for DBMS_STATS.gather_database_stats with SKEWONLY to finish (19698 retries left).
FAILED - RETRYING: Wait for DBMS_STATS.gather_database_stats with SKEWONLY to finish (19697 retries left).
FAILED - RETRYING: Wait for DBMS_STATS.gather_database_stats with SKEWONLY to finish (19696 retries left).
FAILED - RETRYING: Wait for DBMS_STATS.gather_database_stats with SKEWONLY to finish (19695 retries left).
FAILED - RETRYING: Wait for DBMS_STATS.gather_database_stats with SKEWONLY to finish (19694 retries left).
FAILED - RETRYING: Wait for DBMS_STATS.gather_database_stats with SKEWONLY to finish (19693 retries left).
FAILED - RETRYING: Wait for DBMS_STATS.gather_database_stats with SKEWONLY to finish (19692 retries left).
FAILED - RETRYING: Wait for DBMS_STATS.gather_database_stats with SKEWONLY to finish (19691 retries left).
FAILED - RETRYING: Wait for DBMS_STATS.gather_database_stats with SKEWONLY to finish (19690 retries left).
FAILED - RETRYING: Wait for DBMS_STATS.gather_database_stats with SKEWONLY to finish (19689 retries left).
FAILED - RETRYING: Wait for DBMS_STATS.gather_database_stats with SKEWONLY to finish (19688 retries left).
FAILED - RETRYING: Wait for DBMS_STATS.gather_database_stats with SKEWONLY to finish (19687 retries left).
FAILED - RETRYING: Wait for DBMS_STATS.gather_database_stats with SKEWONLY to finish (19686 retries left).
FAILED - RETRYING: Wait for DBMS_STATS.gather_database_stats with SKEWONLY to finish (19685 retries left).
FAILED - RETRYING: Wait for DBMS_STATS.gather_database_stats with SKEWONLY to finish (19684 retries left).
FAILED - RETRYING: Wait for DBMS_STATS.gather_database_stats with SKEWONLY to finish (19683 retries left).
FAILED - RETRYING: Wait for DBMS_STATS.gather_database_stats with SKEWONLY to finish (19682 retries left).
FAILED - RETRYING: Wait for DBMS_STATS.gather_database_stats with SKEWONLY to finish (19681 retries left).
FAILED - RETRYING: Wait for DBMS_STATS.gather_database_stats with SKEWONLY to finish (19680 retries left).
FAILED - RETRYING: Wait for DBMS_STATS.gather_database_stats with SKEWONLY to finish (19679 retries left).
FAILED - RETRYING: Wait for DBMS_STATS.gather_database_stats with SKEWONLY to finish (19678 retries left).
FAILED - RETRYING: Wait for DBMS_STATS.gather_database_stats with SKEWONLY to finish (19677 retries left).
FAILED - RETRYING: Wait for DBMS_STATS.gather_database_stats with SKEWONLY to finish (19676 retries left).
FAILED - RETRYING: Wait for DBMS_STATS.gather_database_stats with SKEWONLY to finish (19675 retries left).
FAILED - RETRYING: Wait for DBMS_STATS.gather_database_stats with SKEWONLY to finish (19674 retries left).
FAILED - RETRYING: Wait for DBMS_STATS.gather_database_stats with SKEWONLY to finish (19673 retries left).
FAILED - RETRYING: Wait for DBMS_STATS.gather_database_stats with SKEWONLY to finish (19672 retries left).
changed: [10.100.36.15]

TASK [post_mig_check : Display gather_database_stats with SKEWONLY result msg={{ gather_skewonly_stats_result.stdout_lines }}] ***
ok: [10.100.36.15] => {
    "msg": [
        "",
        "PL/SQL procedure successfully completed.",
        "",
        "Elapsed: 04:17:51.32"
    ]
}

TASK [post_mig_check : Execute DBMS_STATS.gather_dictionary_stats _raw_params=. /home/oracle/{{ target_db }}.env
echo -e "SET TIME ON TIMING ON\n EXEC DBMS_STATS.gather_dictionary_stats;" | {{ target_oracle_home }}/bin/sqlplus -s {{ target_conn_str }} as sysdba
] ***
changed: [10.100.36.15]

TASK [post_mig_check : Wait for DBMS_STATS.gather_dictionary_stats to finish jid={{ gather_dictionary_stats_job.ansible_job_id }}] ***
FAILED - RETRYING: Wait for DBMS_STATS.gather_dictionary_stats to finish (20160 retries left).
changed: [10.100.36.15]

TASK [post_mig_check : Display gather_dictionary_stats result msg={{ gather_dictionary_stats_result.stdout_lines }}] ***
ok: [10.100.36.15] => {
    "msg": [
        "",
        "PL/SQL procedure successfully completed.",
        "",
        "Elapsed: 00:00:24.77"
    ]
}

TASK [post_mig_check : Execute DBMS_STATS.gather_system_stats _raw_params=. /home/oracle/{{ target_db }}.env
echo -e "SET TIME ON TIMING ON\n EXEC DBMS_STATS.gather_system_stats;" | {{ target_oracle_home }}/bin/sqlplus -s {{ target_conn_str }} as sysdba
] ***
changed: [10.100.36.15]

TASK [post_mig_check : Wait for DBMS_STATS.gather_system_stats to finish jid={{ gather_system_stats_job.ansible_job_id }}] ***
FAILED - RETRYING: Wait for DBMS_STATS.gather_system_stats to finish (20160 retries left).
FAILED - RETRYING: Wait for DBMS_STATS.gather_system_stats to finish (20159 retries left).
FAILED - RETRYING: Wait for DBMS_STATS.gather_system_stats to finish (20158 retries left).
FAILED - RETRYING: Wait for DBMS_STATS.gather_system_stats to finish (20157 retries left).
changed: [10.100.36.15]

TASK [post_mig_check : Display gather_system_stats result msg={{ gather_system_stats_result.stdout_lines }}] ***
ok: [10.100.36.15] => {
    "msg": [
        "",
        "PL/SQL procedure successfully completed.",
        "",
        "Elapsed: 00:01:47.23"
    ]
}

TASK [post_mig_check : Execute DBMS_STATS.gather_fixed_objects_stats _raw_params=. /home/oracle/{{ target_db }}.env
echo -e "SET TIME ON TIMING ON\n EXEC DBMS_STATS.gather_fixed_objects_stats;" | {{ target_oracle_home }}/bin/sqlplus -s {{ target_conn_str }} as sysdba
] ***
changed: [10.100.36.15]

TASK [post_mig_check : Wait for DBMS_STATS.gather_fixed_objects_stats to finish jid={{ gather_fixed_objects_stats_job.ansible_job_id }}] ***
FAILED - RETRYING: Wait for DBMS_STATS.gather_fixed_objects_stats to finish (20160 retries left).
FAILED - RETRYING: Wait for DBMS_STATS.gather_fixed_objects_stats to finish (20159 retries left).
FAILED - RETRYING: Wait for DBMS_STATS.gather_fixed_objects_stats to finish (20158 retries left).
FAILED - RETRYING: Wait for DBMS_STATS.gather_fixed_objects_stats to finish (20157 retries left).
FAILED - RETRYING: Wait for DBMS_STATS.gather_fixed_objects_stats to finish (20156 retries left).
FAILED - RETRYING: Wait for DBMS_STATS.gather_fixed_objects_stats to finish (20155 retries left).
changed: [10.100.36.15]

TASK [post_mig_check : Display gather_fixed_objects_stats result msg={{ gather_fixed_objects_stats_result.stdout_lines }}] ***
ok: [10.100.36.15] => {
    "msg": [
        "",
        "PL/SQL procedure successfully completed.",
        "",
        "Elapsed: 00:03:00.66"
    ]
}

TASK [post_mig_check : Execute DBMS_STATS.gather_database_stats with AUTO _raw_params=. /home/oracle/{{ target_db }}.env
echo -e "SET TIME ON TIMING ON\n EXEC DBMS_STATS.gather_database_stats( method_opt => 'FOR ALL COLUMNS SIZE AUTO',estimate_percent => DBMS_STATS.AUTO_SAMPLE_SIZE,cascade=>TRUE,degree => 16);" | {{ target_oracle_home }}/bin/sqlplus -s {{ target_conn_str }} as sysdba
] ***
changed: [10.100.36.15]

TASK [post_mig_check : Wait for DBMS_STATS.gather_database_stats with AUTO to finish jid={{ gather_auto_stats_job.ansible_job_id }}] ***
FAILED - RETRYING: Wait for DBMS_STATS.gather_database_stats with AUTO to finish (20160 retries left).
FAILED - RETRYING: Wait for DBMS_STATS.gather_database_stats with AUTO to finish (20159 retries left).
FAILED - RETRYING: Wait for DBMS_STATS.gather_database_stats with AUTO to finish (20158 retries left).
FAILED - RETRYING: Wait for DBMS_STATS.gather_database_stats with AUTO to finish (20157 retries left).
FAILED - RETRYING: Wait for DBMS_STATS.gather_database_stats with AUTO to finish (20156 retries left).
FAILED - RETRYING: Wait for DBMS_STATS.gather_database_stats with AUTO to finish (20155 retries left).
FAILED - RETRYING: Wait for DBMS_STATS.gather_database_stats with AUTO to finish (20154 retries left).
FAILED - RETRYING: Wait for DBMS_STATS.gather_database_stats with AUTO to finish (20153 retries left).
FAILED - RETRYING: Wait for DBMS_STATS.gather_database_stats with AUTO to finish (20152 retries left).
FAILED - RETRYING: Wait for DBMS_STATS.gather_database_stats with AUTO to finish (20151 retries left).
FAILED - RETRYING: Wait for DBMS_STATS.gather_database_stats with AUTO to finish (20150 retries left).
FAILED - RETRYING: Wait for DBMS_STATS.gather_database_stats with AUTO to finish (20149 retries left).
FAILED - RETRYING: Wait for DBMS_STATS.gather_database_stats with AUTO to finish (20148 retries left).
FAILED - RETRYING: Wait for DBMS_STATS.gather_database_stats with AUTO to finish (20147 retries left).
FAILED - RETRYING: Wait for DBMS_STATS.gather_database_stats with AUTO to finish (20146 retries left).
FAILED - RETRYING: Wait for DBMS_STATS.gather_database_stats with AUTO to finish (20145 retries left).
FAILED - RETRYING: Wait for DBMS_STATS.gather_database_stats with AUTO to finish (20144 retries left).
FAILED - RETRYING: Wait for DBMS_STATS.gather_database_stats with AUTO to finish (20143 retries left).
FAILED - RETRYING: Wait for DBMS_STATS.gather_database_stats with AUTO to finish (20142 retries left).
FAILED - RETRYING: Wait for DBMS_STATS.gather_database_stats with AUTO to finish (20141 retries left).
FAILED - RETRYING: Wait for DBMS_STATS.gather_database_stats with AUTO to finish (20140 retries left).
FAILED - RETRYING: Wait for DBMS_STATS.gather_database_stats with AUTO to finish (20139 retries left).
FAILED - RETRYING: Wait for DBMS_STATS.gather_database_stats with AUTO to finish (20138 retries left).
FAILED - RETRYING: Wait for DBMS_STATS.gather_database_stats with AUTO to finish (20137 retries left).
FAILED - RETRYING: Wait for DBMS_STATS.gather_database_stats with AUTO to finish (20136 retries left).
FAILED - RETRYING: Wait for DBMS_STATS.gather_database_stats with AUTO to finish (20135 retries left).
FAILED - RETRYING: Wait for DBMS_STATS.gather_database_stats with AUTO to finish (20134 retries left).
FAILED - RETRYING: Wait for DBMS_STATS.gather_database_stats with AUTO to finish (20133 retries left).
FAILED - RETRYING: Wait for DBMS_STATS.gather_database_stats with AUTO to finish (20132 retries left).
FAILED - RETRYING: Wait for DBMS_STATS.gather_database_stats with AUTO to finish (20131 retries left).
FAILED - RETRYING: Wait for DBMS_STATS.gather_database_stats with AUTO to finish (20130 retries left).
FAILED - RETRYING: Wait for DBMS_STATS.gather_database_stats with AUTO to finish (20129 retries left).
FAILED - RETRYING: Wait for DBMS_STATS.gather_database_stats with AUTO to finish (20128 retries left).
FAILED - RETRYING: Wait for DBMS_STATS.gather_database_stats with AUTO to finish (20127 retries left).
FAILED - RETRYING: Wait for DBMS_STATS.gather_database_stats with AUTO to finish (20126 retries left).
FAILED - RETRYING: Wait for DBMS_STATS.gather_database_stats with AUTO to finish (20125 retries left).
FAILED - RETRYING: Wait for DBMS_STATS.gather_database_stats with AUTO to finish (20124 retries left).
FAILED - RETRYING: Wait for DBMS_STATS.gather_database_stats with AUTO to finish (20123 retries left).
FAILED - RETRYING: Wait for DBMS_STATS.gather_database_stats with AUTO to finish (20122 retries left).
FAILED - RETRYING: Wait for DBMS_STATS.gather_database_stats with AUTO to finish (20121 retries left).
FAILED - RETRYING: Wait for DBMS_STATS.gather_database_stats with AUTO to finish (20120 retries left).
FAILED - RETRYING: Wait for DBMS_STATS.gather_database_stats with AUTO to finish (20119 retries left).
FAILED - RETRYING: Wait for DBMS_STATS.gather_database_stats with AUTO to finish (20118 retries left).
FAILED - RETRYING: Wait for DBMS_STATS.gather_database_stats with AUTO to finish (20117 retries left).
FAILED - RETRYING: Wait for DBMS_STATS.gather_database_stats with AUTO to finish (20116 retries left).
FAILED - RETRYING: Wait for DBMS_STATS.gather_database_stats with AUTO to finish (20115 retries left).
FAILED - RETRYING: Wait for DBMS_STATS.gather_database_stats with AUTO to finish (20114 retries left).
FAILED - RETRYING: Wait for DBMS_STATS.gather_database_stats with AUTO to finish (20113 retries left).
FAILED - RETRYING: Wait for DBMS_STATS.gather_database_stats with AUTO to finish (20112 retries left).
FAILED - RETRYING: Wait for DBMS_STATS.gather_database_stats with AUTO to finish (20111 retries left).
FAILED - RETRYING: Wait for DBMS_STATS.gather_database_stats with AUTO to finish (20110 retries left).
FAILED - RETRYING: Wait for DBMS_STATS.gather_database_stats with AUTO to finish (20109 retries left).
FAILED - RETRYING: Wait for DBMS_STATS.gather_database_stats with AUTO to finish (20108 retries left).
FAILED - RETRYING: Wait for DBMS_STATS.gather_database_stats with AUTO to finish (20107 retries left).
FAILED - RETRYING: Wait for DBMS_STATS.gather_database_stats with AUTO to finish (20106 retries left).
FAILED - RETRYING: Wait for DBMS_STATS.gather_database_stats with AUTO to finish (20105 retries left).
FAILED - RETRYING: Wait for DBMS_STATS.gather_database_stats with AUTO to finish (20104 retries left).
FAILED - RETRYING: Wait for DBMS_STATS.gather_database_stats with AUTO to finish (20103 retries left).
FAILED - RETRYING: Wait for DBMS_STATS.gather_database_stats with AUTO to finish (20102 retries left).
FAILED - RETRYING: Wait for DBMS_STATS.gather_database_stats with AUTO to finish (20101 retries left).
FAILED - RETRYING: Wait for DBMS_STATS.gather_database_stats with AUTO to finish (20100 retries left).
FAILED - RETRYING: Wait for DBMS_STATS.gather_database_stats with AUTO to finish (20099 retries left).
FAILED - RETRYING: Wait for DBMS_STATS.gather_database_stats with AUTO to finish (20098 retries left).
FAILED - RETRYING: Wait for DBMS_STATS.gather_database_stats with AUTO to finish (20097 retries left).
FAILED - RETRYING: Wait for DBMS_STATS.gather_database_stats with AUTO to finish (20096 retries left).
FAILED - RETRYING: Wait for DBMS_STATS.gather_database_stats with AUTO to finish (20095 retries left).
FAILED - RETRYING: Wait for DBMS_STATS.gather_database_stats with AUTO to finish (20094 retries left).
FAILED - RETRYING: Wait for DBMS_STATS.gather_database_stats with AUTO to finish (20093 retries left).
FAILED - RETRYING: Wait for DBMS_STATS.gather_database_stats with AUTO to finish (20092 retries left).
FAILED - RETRYING: Wait for DBMS_STATS.gather_database_stats with AUTO to finish (20091 retries left).
FAILED - RETRYING: Wait for DBMS_STATS.gather_database_stats with AUTO to finish (20090 retries left).
FAILED - RETRYING: Wait for DBMS_STATS.gather_database_stats with AUTO to finish (20089 retries left).
FAILED - RETRYING: Wait for DBMS_STATS.gather_database_stats with AUTO to finish (20088 retries left).
FAILED - RETRYING: Wait for DBMS_STATS.gather_database_stats with AUTO to finish (20087 retries left).
FAILED - RETRYING: Wait for DBMS_STATS.gather_database_stats with AUTO to finish (20086 retries left).
FAILED - RETRYING: Wait for DBMS_STATS.gather_database_stats with AUTO to finish (20085 retries left).
FAILED - RETRYING: Wait for DBMS_STATS.gather_database_stats with AUTO to finish (20084 retries left).
FAILED - RETRYING: Wait for DBMS_STATS.gather_database_stats with AUTO to finish (20083 retries left).
FAILED - RETRYING: Wait for DBMS_STATS.gather_database_stats with AUTO to finish (20082 retries left).
FAILED - RETRYING: Wait for DBMS_STATS.gather_database_stats with AUTO to finish (20081 retries left).
FAILED - RETRYING: Wait for DBMS_STATS.gather_database_stats with AUTO to finish (20080 retries left).
FAILED - RETRYING: Wait for DBMS_STATS.gather_database_stats with AUTO to finish (20079 retries left).
FAILED - RETRYING: Wait for DBMS_STATS.gather_database_stats with AUTO to finish (20078 retries left).
FAILED - RETRYING: Wait for DBMS_STATS.gather_database_stats with AUTO to finish (20077 retries left).
FAILED - RETRYING: Wait for DBMS_STATS.gather_database_stats with AUTO to finish (20076 retries left).
FAILED - RETRYING: Wait for DBMS_STATS.gather_database_stats with AUTO to finish (20075 retries left).
FAILED - RETRYING: Wait for DBMS_STATS.gather_database_stats with AUTO to finish (20074 retries left).
FAILED - RETRYING: Wait for DBMS_STATS.gather_database_stats with AUTO to finish (20073 retries left).
FAILED - RETRYING: Wait for DBMS_STATS.gather_database_stats with AUTO to finish (20072 retries left).
FAILED - RETRYING: Wait for DBMS_STATS.gather_database_stats with AUTO to finish (20071 retries left).
FAILED - RETRYING: Wait for DBMS_STATS.gather_database_stats with AUTO to finish (20070 retries left).
FAILED - RETRYING: Wait for DBMS_STATS.gather_database_stats with AUTO to finish (20069 retries left).
FAILED - RETRYING: Wait for DBMS_STATS.gather_database_stats with AUTO to finish (20068 retries left).
FAILED - RETRYING: Wait for DBMS_STATS.gather_database_stats with AUTO to finish (20067 retries left).
FAILED - RETRYING: Wait for DBMS_STATS.gather_database_stats with AUTO to finish (20066 retries left).
FAILED - RETRYING: Wait for DBMS_STATS.gather_database_stats with AUTO to finish (20065 retries left).
FAILED - RETRYING: Wait for DBMS_STATS.gather_database_stats with AUTO to finish (20064 retries left).
FAILED - RETRYING: Wait for DBMS_STATS.gather_database_stats with AUTO to finish (20063 retries left).
FAILED - RETRYING: Wait for DBMS_STATS.gather_database_stats with AUTO to finish (20062 retries left).
FAILED - RETRYING: Wait for DBMS_STATS.gather_database_stats with AUTO to finish (20061 retries left).
FAILED - RETRYING: Wait for DBMS_STATS.gather_database_stats with AUTO to finish (20060 retries left).
FAILED - RETRYING: Wait for DBMS_STATS.gather_database_stats with AUTO to finish (20059 retries left).
FAILED - RETRYING: Wait for DBMS_STATS.gather_database_stats with AUTO to finish (20058 retries left).
FAILED - RETRYING: Wait for DBMS_STATS.gather_database_stats with AUTO to finish (20057 retries left).
FAILED - RETRYING: Wait for DBMS_STATS.gather_database_stats with AUTO to finish (20056 retries left).
FAILED - RETRYING: Wait for DBMS_STATS.gather_database_stats with AUTO to finish (20055 retries left).
FAILED - RETRYING: Wait for DBMS_STATS.gather_database_stats with AUTO to finish (20054 retries left).
FAILED - RETRYING: Wait for DBMS_STATS.gather_database_stats with AUTO to finish (20053 retries left).
FAILED - RETRYING: Wait for DBMS_STATS.gather_database_stats with AUTO to finish (20052 retries left).
FAILED - RETRYING: Wait for DBMS_STATS.gather_database_stats with AUTO to finish (20051 retries left).
FAILED - RETRYING: Wait for DBMS_STATS.gather_database_stats with AUTO to finish (20050 retries left).
FAILED - RETRYING: Wait for DBMS_STATS.gather_database_stats with AUTO to finish (20049 retries left).
FAILED - RETRYING: Wait for DBMS_STATS.gather_database_stats with AUTO to finish (20048 retries left).
FAILED - RETRYING: Wait for DBMS_STATS.gather_database_stats with AUTO to finish (20047 retries left).
FAILED - RETRYING: Wait for DBMS_STATS.gather_database_stats with AUTO to finish (20046 retries left).
FAILED - RETRYING: Wait for DBMS_STATS.gather_database_stats with AUTO to finish (20045 retries left).
FAILED - RETRYING: Wait for DBMS_STATS.gather_database_stats with AUTO to finish (20044 retries left).
FAILED - RETRYING: Wait for DBMS_STATS.gather_database_stats with AUTO to finish (20043 retries left).
FAILED - RETRYING: Wait for DBMS_STATS.gather_database_stats with AUTO to finish (20042 retries left).
FAILED - RETRYING: Wait for DBMS_STATS.gather_database_stats with AUTO to finish (20041 retries left).
FAILED - RETRYING: Wait for DBMS_STATS.gather_database_stats with AUTO to finish (20040 retries left).
FAILED - RETRYING: Wait for DBMS_STATS.gather_database_stats with AUTO to finish (20039 retries left).
FAILED - RETRYING: Wait for DBMS_STATS.gather_database_stats with AUTO to finish (20038 retries left).
FAILED - RETRYING: Wait for DBMS_STATS.gather_database_stats with AUTO to finish (20037 retries left).
FAILED - RETRYING: Wait for DBMS_STATS.gather_database_stats with AUTO to finish (20036 retries left).
FAILED - RETRYING: Wait for DBMS_STATS.gather_database_stats with AUTO to finish (20035 retries left).
FAILED - RETRYING: Wait for DBMS_STATS.gather_database_stats with AUTO to finish (20034 retries left).
FAILED - RETRYING: Wait for DBMS_STATS.gather_database_stats with AUTO to finish (20033 retries left).
FAILED - RETRYING: Wait for DBMS_STATS.gather_database_stats with AUTO to finish (20032 retries left).
FAILED - RETRYING: Wait for DBMS_STATS.gather_database_stats with AUTO to finish (20031 retries left).
FAILED - RETRYING: Wait for DBMS_STATS.gather_database_stats with AUTO to finish (20030 retries left).
FAILED - RETRYING: Wait for DBMS_STATS.gather_database_stats with AUTO to finish (20029 retries left).
FAILED - RETRYING: Wait for DBMS_STATS.gather_database_stats with AUTO to finish (20028 retries left).
FAILED - RETRYING: Wait for DBMS_STATS.gather_database_stats with AUTO to finish (20027 retries left).
FAILED - RETRYING: Wait for DBMS_STATS.gather_database_stats with AUTO to finish (20026 retries left).
FAILED - RETRYING: Wait for DBMS_STATS.gather_database_stats with AUTO to finish (20025 retries left).
FAILED - RETRYING: Wait for DBMS_STATS.gather_database_stats with AUTO to finish (20024 retries left).
FAILED - RETRYING: Wait for DBMS_STATS.gather_database_stats with AUTO to finish (20023 retries left).
FAILED - RETRYING: Wait for DBMS_STATS.gather_database_stats with AUTO to finish (20022 retries left).
FAILED - RETRYING: Wait for DBMS_STATS.gather_database_stats with AUTO to finish (20021 retries left).
FAILED - RETRYING: Wait for DBMS_STATS.gather_database_stats with AUTO to finish (20020 retries left).
FAILED - RETRYING: Wait for DBMS_STATS.gather_database_stats with AUTO to finish (20019 retries left).
FAILED - RETRYING: Wait for DBMS_STATS.gather_database_stats with AUTO to finish (20018 retries left).
FAILED - RETRYING: Wait for DBMS_STATS.gather_database_stats with AUTO to finish (20017 retries left).
FAILED - RETRYING: Wait for DBMS_STATS.gather_database_stats with AUTO to finish (20016 retries left).
FAILED - RETRYING: Wait for DBMS_STATS.gather_database_stats with AUTO to finish (20015 retries left).
FAILED - RETRYING: Wait for DBMS_STATS.gather_database_stats with AUTO to finish (20014 retries left).
FAILED - RETRYING: Wait for DBMS_STATS.gather_database_stats with AUTO to finish (20013 retries left).
FAILED - RETRYING: Wait for DBMS_STATS.gather_database_stats with AUTO to finish (20012 retries left).
FAILED - RETRYING: Wait for DBMS_STATS.gather_database_stats with AUTO to finish (20011 retries left).
FAILED - RETRYING: Wait for DBMS_STATS.gather_database_stats with AUTO to finish (20010 retries left).
FAILED - RETRYING: Wait for DBMS_STATS.gather_database_stats with AUTO to finish (20009 retries left).
FAILED - RETRYING: Wait for DBMS_STATS.gather_database_stats with AUTO to finish (20008 retries left).
FAILED - RETRYING: Wait for DBMS_STATS.gather_database_stats with AUTO to finish (20007 retries left).
FAILED - RETRYING: Wait for DBMS_STATS.gather_database_stats with AUTO to finish (20006 retries left).
FAILED - RETRYING: Wait for DBMS_STATS.gather_database_stats with AUTO to finish (20005 retries left).
FAILED - RETRYING: Wait for DBMS_STATS.gather_database_stats with AUTO to finish (20004 retries left).
FAILED - RETRYING: Wait for DBMS_STATS.gather_database_stats with AUTO to finish (20003 retries left).
FAILED - RETRYING: Wait for DBMS_STATS.gather_database_stats with AUTO to finish (20002 retries left).
FAILED - RETRYING: Wait for DBMS_STATS.gather_database_stats with AUTO to finish (20001 retries left).
FAILED - RETRYING: Wait for DBMS_STATS.gather_database_stats with AUTO to finish (20000 retries left).
FAILED - RETRYING: Wait for DBMS_STATS.gather_database_stats with AUTO to finish (19999 retries left).
FAILED - RETRYING: Wait for DBMS_STATS.gather_database_stats with AUTO to finish (19998 retries left).
FAILED - RETRYING: Wait for DBMS_STATS.gather_database_stats with AUTO to finish (19997 retries left).
FAILED - RETRYING: Wait for DBMS_STATS.gather_database_stats with AUTO to finish (19996 retries left).
FAILED - RETRYING: Wait for DBMS_STATS.gather_database_stats with AUTO to finish (19995 retries left).
FAILED - RETRYING: Wait for DBMS_STATS.gather_database_stats with AUTO to finish (19994 retries left).
FAILED - RETRYING: Wait for DBMS_STATS.gather_database_stats with AUTO to finish (19993 retries left).
FAILED - RETRYING: Wait for DBMS_STATS.gather_database_stats with AUTO to finish (19992 retries left).
FAILED - RETRYING: Wait for DBMS_STATS.gather_database_stats with AUTO to finish (19991 retries left).
FAILED - RETRYING: Wait for DBMS_STATS.gather_database_stats with AUTO to finish (19990 retries left).
FAILED - RETRYING: Wait for DBMS_STATS.gather_database_stats with AUTO to finish (19989 retries left).
FAILED - RETRYING: Wait for DBMS_STATS.gather_database_stats with AUTO to finish (19988 retries left).
FAILED - RETRYING: Wait for DBMS_STATS.gather_database_stats with AUTO to finish (19987 retries left).
FAILED - RETRYING: Wait for DBMS_STATS.gather_database_stats with AUTO to finish (19986 retries left).
FAILED - RETRYING: Wait for DBMS_STATS.gather_database_stats with AUTO to finish (19985 retries left).
FAILED - RETRYING: Wait for DBMS_STATS.gather_database_stats with AUTO to finish (19984 retries left).
FAILED - RETRYING: Wait for DBMS_STATS.gather_database_stats with AUTO to finish (19983 retries left).
FAILED - RETRYING: Wait for DBMS_STATS.gather_database_stats with AUTO to finish (19982 retries left).
FAILED - RETRYING: Wait for DBMS_STATS.gather_database_stats with AUTO to finish (19981 retries left).
FAILED - RETRYING: Wait for DBMS_STATS.gather_database_stats with AUTO to finish (19980 retries left).
FAILED - RETRYING: Wait for DBMS_STATS.gather_database_stats with AUTO to finish (19979 retries left).
FAILED - RETRYING: Wait for DBMS_STATS.gather_database_stats with AUTO to finish (19978 retries left).
FAILED - RETRYING: Wait for DBMS_STATS.gather_database_stats with AUTO to finish (19977 retries left).
FAILED - RETRYING: Wait for DBMS_STATS.gather_database_stats with AUTO to finish (19976 retries left).
FAILED - RETRYING: Wait for DBMS_STATS.gather_database_stats with AUTO to finish (19975 retries left).
FAILED - RETRYING: Wait for DBMS_STATS.gather_database_stats with AUTO to finish (19974 retries left).
FAILED - RETRYING: Wait for DBMS_STATS.gather_database_stats with AUTO to finish (19973 retries left).
FAILED - RETRYING: Wait for DBMS_STATS.gather_database_stats with AUTO to finish (19972 retries left).
FAILED - RETRYING: Wait for DBMS_STATS.gather_database_stats with AUTO to finish (19971 retries left).
FAILED - RETRYING: Wait for DBMS_STATS.gather_database_stats with AUTO to finish (19970 retries left).
FAILED - RETRYING: Wait for DBMS_STATS.gather_database_stats with AUTO to finish (19969 retries left).
FAILED - RETRYING: Wait for DBMS_STATS.gather_database_stats with AUTO to finish (19968 retries left).
FAILED - RETRYING: Wait for DBMS_STATS.gather_database_stats with AUTO to finish (19967 retries left).
FAILED - RETRYING: Wait for DBMS_STATS.gather_database_stats with AUTO to finish (19966 retries left).
FAILED - RETRYING: Wait for DBMS_STATS.gather_database_stats with AUTO to finish (19965 retries left).
FAILED - RETRYING: Wait for DBMS_STATS.gather_database_stats with AUTO to finish (19964 retries left).
FAILED - RETRYING: Wait for DBMS_STATS.gather_database_stats with AUTO to finish (19963 retries left).
FAILED - RETRYING: Wait for DBMS_STATS.gather_database_stats with AUTO to finish (19962 retries left).
FAILED - RETRYING: Wait for DBMS_STATS.gather_database_stats with AUTO to finish (19961 retries left).
FAILED - RETRYING: Wait for DBMS_STATS.gather_database_stats with AUTO to finish (19960 retries left).
FAILED - RETRYING: Wait for DBMS_STATS.gather_database_stats with AUTO to finish (19959 retries left).
FAILED - RETRYING: Wait for DBMS_STATS.gather_database_stats with AUTO to finish (19958 retries left).
FAILED - RETRYING: Wait for DBMS_STATS.gather_database_stats with AUTO to finish (19957 retries left).
FAILED - RETRYING: Wait for DBMS_STATS.gather_database_stats with AUTO to finish (19956 retries left).
FAILED - RETRYING: Wait for DBMS_STATS.gather_database_stats with AUTO to finish (19955 retries left).
FAILED - RETRYING: Wait for DBMS_STATS.gather_database_stats with AUTO to finish (19954 retries left).
FAILED - RETRYING: Wait for DBMS_STATS.gather_database_stats with AUTO to finish (19953 retries left).
FAILED - RETRYING: Wait for DBMS_STATS.gather_database_stats with AUTO to finish (19952 retries left).
FAILED - RETRYING: Wait for DBMS_STATS.gather_database_stats with AUTO to finish (19951 retries left).
FAILED - RETRYING: Wait for DBMS_STATS.gather_database_stats with AUTO to finish (19950 retries left).
FAILED - RETRYING: Wait for DBMS_STATS.gather_database_stats with AUTO to finish (19949 retries left).
FAILED - RETRYING: Wait for DBMS_STATS.gather_database_stats with AUTO to finish (19948 retries left).
FAILED - RETRYING: Wait for DBMS_STATS.gather_database_stats with AUTO to finish (19947 retries left).
FAILED - RETRYING: Wait for DBMS_STATS.gather_database_stats with AUTO to finish (19946 retries left).
FAILED - RETRYING: Wait for DBMS_STATS.gather_database_stats with AUTO to finish (19945 retries left).
FAILED - RETRYING: Wait for DBMS_STATS.gather_database_stats with AUTO to finish (19944 retries left).
FAILED - RETRYING: Wait for DBMS_STATS.gather_database_stats with AUTO to finish (19943 retries left).
FAILED - RETRYING: Wait for DBMS_STATS.gather_database_stats with AUTO to finish (19942 retries left).
FAILED - RETRYING: Wait for DBMS_STATS.gather_database_stats with AUTO to finish (19941 retries left).
FAILED - RETRYING: Wait for DBMS_STATS.gather_database_stats with AUTO to finish (19940 retries left).
FAILED - RETRYING: Wait for DBMS_STATS.gather_database_stats with AUTO to finish (19939 retries left).
FAILED - RETRYING: Wait for DBMS_STATS.gather_database_stats with AUTO to finish (19938 retries left).
FAILED - RETRYING: Wait for DBMS_STATS.gather_database_stats with AUTO to finish (19937 retries left).
FAILED - RETRYING: Wait for DBMS_STATS.gather_database_stats with AUTO to finish (19936 retries left).
FAILED - RETRYING: Wait for DBMS_STATS.gather_database_stats with AUTO to finish (19935 retries left).
FAILED - RETRYING: Wait for DBMS_STATS.gather_database_stats with AUTO to finish (19934 retries left).
FAILED - RETRYING: Wait for DBMS_STATS.gather_database_stats with AUTO to finish (19933 retries left).
FAILED - RETRYING: Wait for DBMS_STATS.gather_database_stats with AUTO to finish (19932 retries left).
FAILED - RETRYING: Wait for DBMS_STATS.gather_database_stats with AUTO to finish (19931 retries left).
FAILED - RETRYING: Wait for DBMS_STATS.gather_database_stats with AUTO to finish (19930 retries left).
FAILED - RETRYING: Wait for DBMS_STATS.gather_database_stats with AUTO to finish (19929 retries left).
FAILED - RETRYING: Wait for DBMS_STATS.gather_database_stats with AUTO to finish (19928 retries left).
FAILED - RETRYING: Wait for DBMS_STATS.gather_database_stats with AUTO to finish (19927 retries left).
FAILED - RETRYING: Wait for DBMS_STATS.gather_database_stats with AUTO to finish (19926 retries left).
FAILED - RETRYING: Wait for DBMS_STATS.gather_database_stats with AUTO to finish (19925 retries left).
FAILED - RETRYING: Wait for DBMS_STATS.gather_database_stats with AUTO to finish (19924 retries left).
FAILED - RETRYING: Wait for DBMS_STATS.gather_database_stats with AUTO to finish (19923 retries left).
FAILED - RETRYING: Wait for DBMS_STATS.gather_database_stats with AUTO to finish (19922 retries left).
FAILED - RETRYING: Wait for DBMS_STATS.gather_database_stats with AUTO to finish (19921 retries left).
FAILED - RETRYING: Wait for DBMS_STATS.gather_database_stats with AUTO to finish (19920 retries left).
FAILED - RETRYING: Wait for DBMS_STATS.gather_database_stats with AUTO to finish (19919 retries left).
FAILED - RETRYING: Wait for DBMS_STATS.gather_database_stats with AUTO to finish (19918 retries left).
FAILED - RETRYING: Wait for DBMS_STATS.gather_database_stats with AUTO to finish (19917 retries left).
FAILED - RETRYING: Wait for DBMS_STATS.gather_database_stats with AUTO to finish (19916 retries left).
FAILED - RETRYING: Wait for DBMS_STATS.gather_database_stats with AUTO to finish (19915 retries left).
FAILED - RETRYING: Wait for DBMS_STATS.gather_database_stats with AUTO to finish (19914 retries left).
FAILED - RETRYING: Wait for DBMS_STATS.gather_database_stats with AUTO to finish (19913 retries left).
FAILED - RETRYING: Wait for DBMS_STATS.gather_database_stats with AUTO to finish (19912 retries left).
FAILED - RETRYING: Wait for DBMS_STATS.gather_database_stats with AUTO to finish (19911 retries left).
FAILED - RETRYING: Wait for DBMS_STATS.gather_database_stats with AUTO to finish (19910 retries left).
FAILED - RETRYING: Wait for DBMS_STATS.gather_database_stats with AUTO to finish (19909 retries left).
FAILED - RETRYING: Wait for DBMS_STATS.gather_database_stats with AUTO to finish (19908 retries left).
FAILED - RETRYING: Wait for DBMS_STATS.gather_database_stats with AUTO to finish (19907 retries left).
FAILED - RETRYING: Wait for DBMS_STATS.gather_database_stats with AUTO to finish (19906 retries left).
FAILED - RETRYING: Wait for DBMS_STATS.gather_database_stats with AUTO to finish (19905 retries left).
FAILED - RETRYING: Wait for DBMS_STATS.gather_database_stats with AUTO to finish (19904 retries left).
FAILED - RETRYING: Wait for DBMS_STATS.gather_database_stats with AUTO to finish (19903 retries left).
FAILED - RETRYING: Wait for DBMS_STATS.gather_database_stats with AUTO to finish (19902 retries left).
FAILED - RETRYING: Wait for DBMS_STATS.gather_database_stats with AUTO to finish (19901 retries left).
FAILED - RETRYING: Wait for DBMS_STATS.gather_database_stats with AUTO to finish (19900 retries left).
FAILED - RETRYING: Wait for DBMS_STATS.gather_database_stats with AUTO to finish (19899 retries left).
FAILED - RETRYING: Wait for DBMS_STATS.gather_database_stats with AUTO to finish (19898 retries left).
FAILED - RETRYING: Wait for DBMS_STATS.gather_database_stats with AUTO to finish (19897 retries left).
FAILED - RETRYING: Wait for DBMS_STATS.gather_database_stats with AUTO to finish (19896 retries left).
FAILED - RETRYING: Wait for DBMS_STATS.gather_database_stats with AUTO to finish (19895 retries left).
FAILED - RETRYING: Wait for DBMS_STATS.gather_database_stats with AUTO to finish (19894 retries left).
FAILED - RETRYING: Wait for DBMS_STATS.gather_database_stats with AUTO to finish (19893 retries left).
FAILED - RETRYING: Wait for DBMS_STATS.gather_database_stats with AUTO to finish (19892 retries left).
FAILED - RETRYING: Wait for DBMS_STATS.gather_database_stats with AUTO to finish (19891 retries left).
FAILED - RETRYING: Wait for DBMS_STATS.gather_database_stats with AUTO to finish (19890 retries left).
FAILED - RETRYING: Wait for DBMS_STATS.gather_database_stats with AUTO to finish (19889 retries left).
FAILED - RETRYING: Wait for DBMS_STATS.gather_database_stats with AUTO to finish (19888 retries left).
FAILED - RETRYING: Wait for DBMS_STATS.gather_database_stats with AUTO to finish (19887 retries left).
FAILED - RETRYING: Wait for DBMS_STATS.gather_database_stats with AUTO to finish (19886 retries left).
FAILED - RETRYING: Wait for DBMS_STATS.gather_database_stats with AUTO to finish (19885 retries left).
FAILED - RETRYING: Wait for DBMS_STATS.gather_database_stats with AUTO to finish (19884 retries left).
FAILED - RETRYING: Wait for DBMS_STATS.gather_database_stats with AUTO to finish (19883 retries left).
FAILED - RETRYING: Wait for DBMS_STATS.gather_database_stats with AUTO to finish (19882 retries left).
FAILED - RETRYING: Wait for DBMS_STATS.gather_database_stats with AUTO to finish (19881 retries left).
FAILED - RETRYING: Wait for DBMS_STATS.gather_database_stats with AUTO to finish (19880 retries left).
FAILED - RETRYING: Wait for DBMS_STATS.gather_database_stats with AUTO to finish (19879 retries left).
FAILED - RETRYING: Wait for DBMS_STATS.gather_database_stats with AUTO to finish (19878 retries left).
FAILED - RETRYING: Wait for DBMS_STATS.gather_database_stats with AUTO to finish (19877 retries left).
FAILED - RETRYING: Wait for DBMS_STATS.gather_database_stats with AUTO to finish (19876 retries left).
FAILED - RETRYING: Wait for DBMS_STATS.gather_database_stats with AUTO to finish (19875 retries left).
FAILED - RETRYING: Wait for DBMS_STATS.gather_database_stats with AUTO to finish (19874 retries left).
FAILED - RETRYING: Wait for DBMS_STATS.gather_database_stats with AUTO to finish (19873 retries left).
FAILED - RETRYING: Wait for DBMS_STATS.gather_database_stats with AUTO to finish (19872 retries left).
FAILED - RETRYING: Wait for DBMS_STATS.gather_database_stats with AUTO to finish (19871 retries left).
FAILED - RETRYING: Wait for DBMS_STATS.gather_database_stats with AUTO to finish (19870 retries left).
FAILED - RETRYING: Wait for DBMS_STATS.gather_database_stats with AUTO to finish (19869 retries left).
FAILED - RETRYING: Wait for DBMS_STATS.gather_database_stats with AUTO to finish (19868 retries left).
FAILED - RETRYING: Wait for DBMS_STATS.gather_database_stats with AUTO to finish (19867 retries left).
FAILED - RETRYING: Wait for DBMS_STATS.gather_database_stats with AUTO to finish (19866 retries left).
FAILED - RETRYING: Wait for DBMS_STATS.gather_database_stats with AUTO to finish (19865 retries left).
FAILED - RETRYING: Wait for DBMS_STATS.gather_database_stats with AUTO to finish (19864 retries left).
FAILED - RETRYING: Wait for DBMS_STATS.gather_database_stats with AUTO to finish (19863 retries left).
FAILED - RETRYING: Wait for DBMS_STATS.gather_database_stats with AUTO to finish (19862 retries left).
FAILED - RETRYING: Wait for DBMS_STATS.gather_database_stats with AUTO to finish (19861 retries left).
FAILED - RETRYING: Wait for DBMS_STATS.gather_database_stats with AUTO to finish (19860 retries left).
FAILED - RETRYING: Wait for DBMS_STATS.gather_database_stats with AUTO to finish (19859 retries left).
FAILED - RETRYING: Wait for DBMS_STATS.gather_database_stats with AUTO to finish (19858 retries left).
FAILED - RETRYING: Wait for DBMS_STATS.gather_database_stats with AUTO to finish (19857 retries left).
FAILED - RETRYING: Wait for DBMS_STATS.gather_database_stats with AUTO to finish (19856 retries left).
FAILED - RETRYING: Wait for DBMS_STATS.gather_database_stats with AUTO to finish (19855 retries left).
FAILED - RETRYING: Wait for DBMS_STATS.gather_database_stats with AUTO to finish (19854 retries left).
FAILED - RETRYING: Wait for DBMS_STATS.gather_database_stats with AUTO to finish (19853 retries left).
FAILED - RETRYING: Wait for DBMS_STATS.gather_database_stats with AUTO to finish (19852 retries left).
FAILED - RETRYING: Wait for DBMS_STATS.gather_database_stats with AUTO to finish (19851 retries left).
FAILED - RETRYING: Wait for DBMS_STATS.gather_database_stats with AUTO to finish (19850 retries left).
FAILED - RETRYING: Wait for DBMS_STATS.gather_database_stats with AUTO to finish (19849 retries left).
FAILED - RETRYING: Wait for DBMS_STATS.gather_database_stats with AUTO to finish (19848 retries left).
FAILED - RETRYING: Wait for DBMS_STATS.gather_database_stats with AUTO to finish (19847 retries left).
FAILED - RETRYING: Wait for DBMS_STATS.gather_database_stats with AUTO to finish (19846 retries left).
FAILED - RETRYING: Wait for DBMS_STATS.gather_database_stats with AUTO to finish (19845 retries left).
FAILED - RETRYING: Wait for DBMS_STATS.gather_database_stats with AUTO to finish (19844 retries left).
FAILED - RETRYING: Wait for DBMS_STATS.gather_database_stats with AUTO to finish (19843 retries left).
FAILED - RETRYING: Wait for DBMS_STATS.gather_database_stats with AUTO to finish (19842 retries left).
FAILED - RETRYING: Wait for DBMS_STATS.gather_database_stats with AUTO to finish (19841 retries left).
FAILED - RETRYING: Wait for DBMS_STATS.gather_database_stats with AUTO to finish (19840 retries left).
FAILED - RETRYING: Wait for DBMS_STATS.gather_database_stats with AUTO to finish (19839 retries left).
FAILED - RETRYING: Wait for DBMS_STATS.gather_database_stats with AUTO to finish (19838 retries left).
FAILED - RETRYING: Wait for DBMS_STATS.gather_database_stats with AUTO to finish (19837 retries left).
FAILED - RETRYING: Wait for DBMS_STATS.gather_database_stats with AUTO to finish (19836 retries left).
FAILED - RETRYING: Wait for DBMS_STATS.gather_database_stats with AUTO to finish (19835 retries left).
FAILED - RETRYING: Wait for DBMS_STATS.gather_database_stats with AUTO to finish (19834 retries left).
FAILED - RETRYING: Wait for DBMS_STATS.gather_database_stats with AUTO to finish (19833 retries left).
FAILED - RETRYING: Wait for DBMS_STATS.gather_database_stats with AUTO to finish (19832 retries left).
FAILED - RETRYING: Wait for DBMS_STATS.gather_database_stats with AUTO to finish (19831 retries left).
FAILED - RETRYING: Wait for DBMS_STATS.gather_database_stats with AUTO to finish (19830 retries left).
FAILED - RETRYING: Wait for DBMS_STATS.gather_database_stats with AUTO to finish (19829 retries left).
FAILED - RETRYING: Wait for DBMS_STATS.gather_database_stats with AUTO to finish (19828 retries left).
FAILED - RETRYING: Wait for DBMS_STATS.gather_database_stats with AUTO to finish (19827 retries left).
FAILED - RETRYING: Wait for DBMS_STATS.gather_database_stats with AUTO to finish (19826 retries left).
FAILED - RETRYING: Wait for DBMS_STATS.gather_database_stats with AUTO to finish (19825 retries left).
FAILED - RETRYING: Wait for DBMS_STATS.gather_database_stats with AUTO to finish (19824 retries left).
FAILED - RETRYING: Wait for DBMS_STATS.gather_database_stats with AUTO to finish (19823 retries left).
FAILED - RETRYING: Wait for DBMS_STATS.gather_database_stats with AUTO to finish (19822 retries left).
FAILED - RETRYING: Wait for DBMS_STATS.gather_database_stats with AUTO to finish (19821 retries left).
FAILED - RETRYING: Wait for DBMS_STATS.gather_database_stats with AUTO to finish (19820 retries left).
FAILED - RETRYING: Wait for DBMS_STATS.gather_database_stats with AUTO to finish (19819 retries left).
FAILED - RETRYING: Wait for DBMS_STATS.gather_database_stats with AUTO to finish (19818 retries left).
FAILED - RETRYING: Wait for DBMS_STATS.gather_database_stats with AUTO to finish (19817 retries left).
FAILED - RETRYING: Wait for DBMS_STATS.gather_database_stats with AUTO to finish (19816 retries left).
FAILED - RETRYING: Wait for DBMS_STATS.gather_database_stats with AUTO to finish (19815 retries left).
FAILED - RETRYING: Wait for DBMS_STATS.gather_database_stats with AUTO to finish (19814 retries left).
FAILED - RETRYING: Wait for DBMS_STATS.gather_database_stats with AUTO to finish (19813 retries left).
FAILED - RETRYING: Wait for DBMS_STATS.gather_database_stats with AUTO to finish (19812 retries left).
FAILED - RETRYING: Wait for DBMS_STATS.gather_database_stats with AUTO to finish (19811 retries left).
FAILED - RETRYING: Wait for DBMS_STATS.gather_database_stats with AUTO to finish (19810 retries left).
FAILED - RETRYING: Wait for DBMS_STATS.gather_database_stats with AUTO to finish (19809 retries left).
FAILED - RETRYING: Wait for DBMS_STATS.gather_database_stats with AUTO to finish (19808 retries left).
FAILED - RETRYING: Wait for DBMS_STATS.gather_database_stats with AUTO to finish (19807 retries left).
FAILED - RETRYING: Wait for DBMS_STATS.gather_database_stats with AUTO to finish (19806 retries left).
FAILED - RETRYING: Wait for DBMS_STATS.gather_database_stats with AUTO to finish (19805 retries left).
FAILED - RETRYING: Wait for DBMS_STATS.gather_database_stats with AUTO to finish (19804 retries left).
FAILED - RETRYING: Wait for DBMS_STATS.gather_database_stats with AUTO to finish (19803 retries left).
FAILED - RETRYING: Wait for DBMS_STATS.gather_database_stats with AUTO to finish (19802 retries left).
FAILED - RETRYING: Wait for DBMS_STATS.gather_database_stats with AUTO to finish (19801 retries left).
FAILED - RETRYING: Wait for DBMS_STATS.gather_database_stats with AUTO to finish (19800 retries left).
FAILED - RETRYING: Wait for DBMS_STATS.gather_database_stats with AUTO to finish (19799 retries left).
FAILED - RETRYING: Wait for DBMS_STATS.gather_database_stats with AUTO to finish (19798 retries left).
FAILED - RETRYING: Wait for DBMS_STATS.gather_database_stats with AUTO to finish (19797 retries left).
FAILED - RETRYING: Wait for DBMS_STATS.gather_database_stats with AUTO to finish (19796 retries left).
FAILED - RETRYING: Wait for DBMS_STATS.gather_database_stats with AUTO to finish (19795 retries left).
FAILED - RETRYING: Wait for DBMS_STATS.gather_database_stats with AUTO to finish (19794 retries left).
FAILED - RETRYING: Wait for DBMS_STATS.gather_database_stats with AUTO to finish (19793 retries left).
FAILED - RETRYING: Wait for DBMS_STATS.gather_database_stats with AUTO to finish (19792 retries left).
FAILED - RETRYING: Wait for DBMS_STATS.gather_database_stats with AUTO to finish (19791 retries left).
FAILED - RETRYING: Wait for DBMS_STATS.gather_database_stats with AUTO to finish (19790 retries left).
FAILED - RETRYING: Wait for DBMS_STATS.gather_database_stats with AUTO to finish (19789 retries left).
FAILED - RETRYING: Wait for DBMS_STATS.gather_database_stats with AUTO to finish (19788 retries left).
FAILED - RETRYING: Wait for DBMS_STATS.gather_database_stats with AUTO to finish (19787 retries left).
FAILED - RETRYING: Wait for DBMS_STATS.gather_database_stats with AUTO to finish (19786 retries left).
FAILED - RETRYING: Wait for DBMS_STATS.gather_database_stats with AUTO to finish (19785 retries left).
FAILED - RETRYING: Wait for DBMS_STATS.gather_database_stats with AUTO to finish (19784 retries left).
FAILED - RETRYING: Wait for DBMS_STATS.gather_database_stats with AUTO to finish (19783 retries left).
FAILED - RETRYING: Wait for DBMS_STATS.gather_database_stats with AUTO to finish (19782 retries left).
FAILED - RETRYING: Wait for DBMS_STATS.gather_database_stats with AUTO to finish (19781 retries left).
FAILED - RETRYING: Wait for DBMS_STATS.gather_database_stats with AUTO to finish (19780 retries left).
FAILED - RETRYING: Wait for DBMS_STATS.gather_database_stats with AUTO to finish (19779 retries left).
FAILED - RETRYING: Wait for DBMS_STATS.gather_database_stats with AUTO to finish (19778 retries left).
FAILED - RETRYING: Wait for DBMS_STATS.gather_database_stats with AUTO to finish (19777 retries left).
FAILED - RETRYING: Wait for DBMS_STATS.gather_database_stats with AUTO to finish (19776 retries left).
FAILED - RETRYING: Wait for DBMS_STATS.gather_database_stats with AUTO to finish (19775 retries left).
FAILED - RETRYING: Wait for DBMS_STATS.gather_database_stats with AUTO to finish (19774 retries left).
FAILED - RETRYING: Wait for DBMS_STATS.gather_database_stats with AUTO to finish (19773 retries left).
FAILED - RETRYING: Wait for DBMS_STATS.gather_database_stats with AUTO to finish (19772 retries left).
FAILED - RETRYING: Wait for DBMS_STATS.gather_database_stats with AUTO to finish (19771 retries left).
FAILED - RETRYING: Wait for DBMS_STATS.gather_database_stats with AUTO to finish (19770 retries left).
FAILED - RETRYING: Wait for DBMS_STATS.gather_database_stats with AUTO to finish (19769 retries left).
FAILED - RETRYING: Wait for DBMS_STATS.gather_database_stats with AUTO to finish (19768 retries left).
changed: [10.100.36.15]

TASK [post_mig_check : Display gather_database_stats with AUTO result msg={{ gather_auto_stats_result.stdout_lines }}] ***
ok: [10.100.36.15] => {
    "msg": [
        "",
        "PL/SQL procedure successfully completed.",
        "",
        "Elapsed: 03:22:51.28"
    ]
}

PLAY RECAP *********************************************************************
10.100.36.15               : ok=15   changed=10   unreachable=0    failed=0    skipped=0    rescued=0    ignored=0   

Playbook run took 0 days, 7 hours, 47 minutes, 6 seconds
