nohup: ignoring input

PLAY [do the final incremental backup on hrmaxpd2035.emea.hays.loc] ************

TASK [Gathering Facts gather_subset=['all'], gather_timeout=10] ****************
Saturday 23 November 2024  08:04:55 +0000 (0:00:00.060)       0:00:00.060 ***** 
[WARNING]: Using world-readable permissions for temporary files Ansible needs
to create when becoming an unprivileged user. This may be insecure. For
information on securing this, see
https://docs.ansible.com/ansible/become.html#becoming-an-unprivileged-user
[WARNING]: Platform aix on host 10.190.17.156 is using the discovered Python
interpreter at /usr/bin/python, but future installation of another Python
interpreter could change this. See https://docs.ansible.com/ansible/2.9/referen
ce_appendices/interpreter_discovery.html for more information.
ok: [10.190.17.156]

TASK [final_backup : purge the recyclebin _raw_params=export ORACLE_SID={{source_oracle_sid}}
export ORACLE_HOME={{source_oracle_home}}
printf "SET PAGESIZE 0 VERIFY OFF HEADING OFF ECHO OFF\n purge dba_recyclebin;" | {{ source_oracle_home }}/bin/sqlplus -s {{source_conn_str}} as sysdba
] ***
Saturday 23 November 2024  08:05:19 +0000 (0:00:24.236)       0:00:24.297 ***** 
[WARNING]: Using world-readable permissions for temporary files Ansible needs
to create when becoming an unprivileged user. This may be insecure. For
information on securing this, see
https://docs.ansible.com/ansible/become.html#becoming-an-unprivileged-user
changed: [10.190.17.156]

TASK [final_backup : display recyclebin_out msg={{recyclebin_out.stdout_lines}}] ***
Saturday 23 November 2024  08:05:24 +0000 (0:00:05.108)       0:00:29.405 ***** 
ok: [10.190.17.156] => {
    "msg": [
        "",
        "DBA Recyclebin purged."
    ]
}

TASK [final_backup : list tablespaces msg=['{{tablespaces}}']] *****************
Saturday 23 November 2024  08:05:24 +0000 (0:00:00.030)       0:00:29.435 ***** 
ok: [10.190.17.156] => {
    "msg": [
        "ADAPTDOMAIN1_DATA,ADAPT_DATA,ADAPTINTOUCH,ADAPT_USERS,BOISJMSDB,DHC_ROLLBACK_TRANSIENT,FUZZY_SEARCH,OT_SCHD_DATA,SPMSGBRK_DATA,WEBINT_DATA"
    ]
}

TASK [final_backup : alter the provided user tablspaces to read only _raw_params=export ORACLE_SID={{source_oracle_sid}}
export ORACLE_HOME={{source_oracle_home}}
printf "SET PAGESIZE 0 VERIFY OFF HEADING OFF ECHO OFF\n alter tablespace {{item}} read only;" | {{ source_oracle_home }}/bin/sqlplus -s {{source_conn_str}} as sysdba  
] ***
Saturday 23 November 2024  08:05:24 +0000 (0:00:00.028)       0:00:29.464 ***** 
[WARNING]: Using world-readable permissions for temporary files Ansible needs
to create when becoming an unprivileged user. This may be insecure. For
information on securing this, see
https://docs.ansible.com/ansible/become.html#becoming-an-unprivileged-user
changed: [10.190.17.156] => (item=ADAPTDOMAIN1_DATA)
changed: [10.190.17.156] => (item=ADAPT_DATA)
changed: [10.190.17.156] => (item=ADAPTINTOUCH)
changed: [10.190.17.156] => (item=ADAPT_USERS)
changed: [10.190.17.156] => (item=BOISJMSDB)
changed: [10.190.17.156] => (item=DHC_ROLLBACK_TRANSIENT)
changed: [10.190.17.156] => (item=FUZZY_SEARCH)
changed: [10.190.17.156] => (item=OT_SCHD_DATA)
changed: [10.190.17.156] => (item=SPMSGBRK_DATA)
changed: [10.190.17.156] => (item=WEBINT_DATA)

TASK [final_backup : display tbs_out msg={{item.stdout_lines}}] ****************
Saturday 23 November 2024  08:06:15 +0000 (0:00:51.123)       0:01:20.587 ***** 
ok: [10.190.17.156] => (item={'cmd': 'export ORACLE_SID=ARW10PDF1\nexport ORACLE_HOME=/u01/app/oracle/product/19c\nprintf "SET PAGESIZE 0 VERIFY OFF HEADING OFF ECHO OFF\\n alter tablespace ADAPTDOMAIN1_DATA read only;" | /u01/app/oracle/product/19c/bin/sqlplus -s oci_mig/version1_Oc1_M1g@XTTS_ARW10PDF1 as sysdba  \n', 'stdout': '\nTablespace altered.', 'stderr': '', 'rc': 0, 'start': '2024-11-23 08:05:28.475693', 'end': '2024-11-23 08:05:29.032191', 'delta': '0:00:00.556498', 'changed': True, 'invocation': {'module_args': {'_raw_params': 'export ORACLE_SID=ARW10PDF1\nexport ORACLE_HOME=/u01/app/oracle/product/19c\nprintf "SET PAGESIZE 0 VERIFY OFF HEADING OFF ECHO OFF\\n alter tablespace ADAPTDOMAIN1_DATA read only;" | /u01/app/oracle/product/19c/bin/sqlplus -s oci_mig/version1_Oc1_M1g@XTTS_ARW10PDF1 as sysdba  \n', '_uses_shell': True, 'warn': True, 'stdin_add_newline': True, 'strip_empty_ends': True, 'argv': None, 'chdir': None, 'executable': None, 'creates': None, 'removes': None, 'stdin': None}}, 'stdout_lines': ['', 'Tablespace altered.'], 'stderr_lines': [], 'failed': False, 'item': 'ADAPTDOMAIN1_DATA', 'ansible_loop_var': 'item'}) => {
    "msg": [
        "",
        "Tablespace altered."
    ]
}
ok: [10.190.17.156] => (item={'cmd': 'export ORACLE_SID=ARW10PDF1\nexport ORACLE_HOME=/u01/app/oracle/product/19c\nprintf "SET PAGESIZE 0 VERIFY OFF HEADING OFF ECHO OFF\\n alter tablespace ADAPT_DATA read only;" | /u01/app/oracle/product/19c/bin/sqlplus -s oci_mig/version1_Oc1_M1g@XTTS_ARW10PDF1 as sysdba  \n', 'stdout': '\nTablespace altered.', 'stderr': '', 'rc': 0, 'start': '2024-11-23 08:05:33.279251', 'end': '2024-11-23 08:05:35.319505', 'delta': '0:00:02.040254', 'changed': True, 'invocation': {'module_args': {'_raw_params': 'export ORACLE_SID=ARW10PDF1\nexport ORACLE_HOME=/u01/app/oracle/product/19c\nprintf "SET PAGESIZE 0 VERIFY OFF HEADING OFF ECHO OFF\\n alter tablespace ADAPT_DATA read only;" | /u01/app/oracle/product/19c/bin/sqlplus -s oci_mig/version1_Oc1_M1g@XTTS_ARW10PDF1 as sysdba  \n', '_uses_shell': True, 'warn': True, 'stdin_add_newline': True, 'strip_empty_ends': True, 'argv': None, 'chdir': None, 'executable': None, 'creates': None, 'removes': None, 'stdin': None}}, 'stdout_lines': ['', 'Tablespace altered.'], 'stderr_lines': [], 'failed': False, 'item': 'ADAPT_DATA', 'ansible_loop_var': 'item'}) => {
    "msg": [
        "",
        "Tablespace altered."
    ]
}
ok: [10.190.17.156] => (item={'cmd': 'export ORACLE_SID=ARW10PDF1\nexport ORACLE_HOME=/u01/app/oracle/product/19c\nprintf "SET PAGESIZE 0 VERIFY OFF HEADING OFF ECHO OFF\\n alter tablespace ADAPTINTOUCH read only;" | /u01/app/oracle/product/19c/bin/sqlplus -s oci_mig/version1_Oc1_M1g@XTTS_ARW10PDF1 as sysdba  \n', 'stdout': '\nTablespace altered.', 'stderr': '', 'rc': 0, 'start': '2024-11-23 08:05:39.732140', 'end': '2024-11-23 08:05:40.260639', 'delta': '0:00:00.528499', 'changed': True, 'invocation': {'module_args': {'_raw_params': 'export ORACLE_SID=ARW10PDF1\nexport ORACLE_HOME=/u01/app/oracle/product/19c\nprintf "SET PAGESIZE 0 VERIFY OFF HEADING OFF ECHO OFF\\n alter tablespace ADAPTINTOUCH read only;" | /u01/app/oracle/product/19c/bin/sqlplus -s oci_mig/version1_Oc1_M1g@XTTS_ARW10PDF1 as sysdba  \n', '_uses_shell': True, 'warn': True, 'stdin_add_newline': True, 'strip_empty_ends': True, 'argv': None, 'chdir': None, 'executable': None, 'creates': None, 'removes': None, 'stdin': None}}, 'stdout_lines': ['', 'Tablespace altered.'], 'stderr_lines': [], 'failed': False, 'item': 'ADAPTINTOUCH', 'ansible_loop_var': 'item'}) => {
    "msg": [
        "",
        "Tablespace altered."
    ]
}
ok: [10.190.17.156] => (item={'cmd': 'export ORACLE_SID=ARW10PDF1\nexport ORACLE_HOME=/u01/app/oracle/product/19c\nprintf "SET PAGESIZE 0 VERIFY OFF HEADING OFF ECHO OFF\\n alter tablespace ADAPT_USERS read only;" | /u01/app/oracle/product/19c/bin/sqlplus -s oci_mig/version1_Oc1_M1g@XTTS_ARW10PDF1 as sysdba  \n', 'stdout': '\nTablespace altered.', 'stderr': '', 'rc': 0, 'start': '2024-11-23 08:05:44.595264', 'end': '2024-11-23 08:05:45.106183', 'delta': '0:00:00.510919', 'changed': True, 'invocation': {'module_args': {'_raw_params': 'export ORACLE_SID=ARW10PDF1\nexport ORACLE_HOME=/u01/app/oracle/product/19c\nprintf "SET PAGESIZE 0 VERIFY OFF HEADING OFF ECHO OFF\\n alter tablespace ADAPT_USERS read only;" | /u01/app/oracle/product/19c/bin/sqlplus -s oci_mig/version1_Oc1_M1g@XTTS_ARW10PDF1 as sysdba  \n', '_uses_shell': True, 'warn': True, 'stdin_add_newline': True, 'strip_empty_ends': True, 'argv': None, 'chdir': None, 'executable': None, 'creates': None, 'removes': None, 'stdin': None}}, 'stdout_lines': ['', 'Tablespace altered.'], 'stderr_lines': [], 'failed': False, 'item': 'ADAPT_USERS', 'ansible_loop_var': 'item'}) => {
    "msg": [
        "",
        "Tablespace altered."
    ]
}
ok: [10.190.17.156] => (item={'cmd': 'export ORACLE_SID=ARW10PDF1\nexport ORACLE_HOME=/u01/app/oracle/product/19c\nprintf "SET PAGESIZE 0 VERIFY OFF HEADING OFF ECHO OFF\\n alter tablespace BOISJMSDB read only;" | /u01/app/oracle/product/19c/bin/sqlplus -s oci_mig/version1_Oc1_M1g@XTTS_ARW10PDF1 as sysdba  \n', 'stdout': '\nTablespace altered.', 'stderr': '', 'rc': 0, 'start': '2024-11-23 08:05:49.706628', 'end': '2024-11-23 08:05:50.209282', 'delta': '0:00:00.502654', 'changed': True, 'invocation': {'module_args': {'_raw_params': 'export ORACLE_SID=ARW10PDF1\nexport ORACLE_HOME=/u01/app/oracle/product/19c\nprintf "SET PAGESIZE 0 VERIFY OFF HEADING OFF ECHO OFF\\n alter tablespace BOISJMSDB read only;" | /u01/app/oracle/product/19c/bin/sqlplus -s oci_mig/version1_Oc1_M1g@XTTS_ARW10PDF1 as sysdba  \n', '_uses_shell': True, 'warn': True, 'stdin_add_newline': True, 'strip_empty_ends': True, 'argv': None, 'chdir': None, 'executable': None, 'creates': None, 'removes': None, 'stdin': None}}, 'stdout_lines': ['', 'Tablespace altered.'], 'stderr_lines': [], 'failed': False, 'item': 'BOISJMSDB', 'ansible_loop_var': 'item'}) => {
    "msg": [
        "",
        "Tablespace altered."
    ]
}
ok: [10.190.17.156] => (item={'cmd': 'export ORACLE_SID=ARW10PDF1\nexport ORACLE_HOME=/u01/app/oracle/product/19c\nprintf "SET PAGESIZE 0 VERIFY OFF HEADING OFF ECHO OFF\\n alter tablespace DHC_ROLLBACK_TRANSIENT read only;" | /u01/app/oracle/product/19c/bin/sqlplus -s oci_mig/version1_Oc1_M1g@XTTS_ARW10PDF1 as sysdba  \n', 'stdout': '\nTablespace altered.', 'stderr': '', 'rc': 0, 'start': '2024-11-23 08:05:54.805797', 'end': '2024-11-23 08:05:55.423308', 'delta': '0:00:00.617511', 'changed': True, 'invocation': {'module_args': {'_raw_params': 'export ORACLE_SID=ARW10PDF1\nexport ORACLE_HOME=/u01/app/oracle/product/19c\nprintf "SET PAGESIZE 0 VERIFY OFF HEADING OFF ECHO OFF\\n alter tablespace DHC_ROLLBACK_TRANSIENT read only;" | /u01/app/oracle/product/19c/bin/sqlplus -s oci_mig/version1_Oc1_M1g@XTTS_ARW10PDF1 as sysdba  \n', '_uses_shell': True, 'warn': True, 'stdin_add_newline': True, 'strip_empty_ends': True, 'argv': None, 'chdir': None, 'executable': None, 'creates': None, 'removes': None, 'stdin': None}}, 'stdout_lines': ['', 'Tablespace altered.'], 'stderr_lines': [], 'failed': False, 'item': 'DHC_ROLLBACK_TRANSIENT', 'ansible_loop_var': 'item'}) => {
    "msg": [
        "",
        "Tablespace altered."
    ]
}
ok: [10.190.17.156] => (item={'cmd': 'export ORACLE_SID=ARW10PDF1\nexport ORACLE_HOME=/u01/app/oracle/product/19c\nprintf "SET PAGESIZE 0 VERIFY OFF HEADING OFF ECHO OFF\\n alter tablespace FUZZY_SEARCH read only;" | /u01/app/oracle/product/19c/bin/sqlplus -s oci_mig/version1_Oc1_M1g@XTTS_ARW10PDF1 as sysdba  \n', 'stdout': '\nTablespace altered.', 'stderr': '', 'rc': 0, 'start': '2024-11-23 08:05:59.753663', 'end': '2024-11-23 08:06:00.180580', 'delta': '0:00:00.426917', 'changed': True, 'invocation': {'module_args': {'_raw_params': 'export ORACLE_SID=ARW10PDF1\nexport ORACLE_HOME=/u01/app/oracle/product/19c\nprintf "SET PAGESIZE 0 VERIFY OFF HEADING OFF ECHO OFF\\n alter tablespace FUZZY_SEARCH read only;" | /u01/app/oracle/product/19c/bin/sqlplus -s oci_mig/version1_Oc1_M1g@XTTS_ARW10PDF1 as sysdba  \n', '_uses_shell': True, 'warn': True, 'stdin_add_newline': True, 'strip_empty_ends': True, 'argv': None, 'chdir': None, 'executable': None, 'creates': None, 'removes': None, 'stdin': None}}, 'stdout_lines': ['', 'Tablespace altered.'], 'stderr_lines': [], 'failed': False, 'item': 'FUZZY_SEARCH', 'ansible_loop_var': 'item'}) => {
    "msg": [
        "",
        "Tablespace altered."
    ]
}
ok: [10.190.17.156] => (item={'cmd': 'export ORACLE_SID=ARW10PDF1\nexport ORACLE_HOME=/u01/app/oracle/product/19c\nprintf "SET PAGESIZE 0 VERIFY OFF HEADING OFF ECHO OFF\\n alter tablespace OT_SCHD_DATA read only;" | /u01/app/oracle/product/19c/bin/sqlplus -s oci_mig/version1_Oc1_M1g@XTTS_ARW10PDF1 as sysdba  \n', 'stdout': '\nTablespace altered.', 'stderr': '', 'rc': 0, 'start': '2024-11-23 08:06:04.413933', 'end': '2024-11-23 08:06:04.869635', 'delta': '0:00:00.455702', 'changed': True, 'invocation': {'module_args': {'_raw_params': 'export ORACLE_SID=ARW10PDF1\nexport ORACLE_HOME=/u01/app/oracle/product/19c\nprintf "SET PAGESIZE 0 VERIFY OFF HEADING OFF ECHO OFF\\n alter tablespace OT_SCHD_DATA read only;" | /u01/app/oracle/product/19c/bin/sqlplus -s oci_mig/version1_Oc1_M1g@XTTS_ARW10PDF1 as sysdba  \n', '_uses_shell': True, 'warn': True, 'stdin_add_newline': True, 'strip_empty_ends': True, 'argv': None, 'chdir': None, 'executable': None, 'creates': None, 'removes': None, 'stdin': None}}, 'stdout_lines': ['', 'Tablespace altered.'], 'stderr_lines': [], 'failed': False, 'item': 'OT_SCHD_DATA', 'ansible_loop_var': 'item'}) => {
    "msg": [
        "",
        "Tablespace altered."
    ]
}
ok: [10.190.17.156] => (item={'cmd': 'export ORACLE_SID=ARW10PDF1\nexport ORACLE_HOME=/u01/app/oracle/product/19c\nprintf "SET PAGESIZE 0 VERIFY OFF HEADING OFF ECHO OFF\\n alter tablespace SPMSGBRK_DATA read only;" | /u01/app/oracle/product/19c/bin/sqlplus -s oci_mig/version1_Oc1_M1g@XTTS_ARW10PDF1 as sysdba  \n', 'stdout': '\nTablespace altered.', 'stderr': '', 'rc': 0, 'start': '2024-11-23 08:06:09.549125', 'end': '2024-11-23 08:06:09.984782', 'delta': '0:00:00.435657', 'changed': True, 'invocation': {'module_args': {'_raw_params': 'export ORACLE_SID=ARW10PDF1\nexport ORACLE_HOME=/u01/app/oracle/product/19c\nprintf "SET PAGESIZE 0 VERIFY OFF HEADING OFF ECHO OFF\\n alter tablespace SPMSGBRK_DATA read only;" | /u01/app/oracle/product/19c/bin/sqlplus -s oci_mig/version1_Oc1_M1g@XTTS_ARW10PDF1 as sysdba  \n', '_uses_shell': True, 'warn': True, 'stdin_add_newline': True, 'strip_empty_ends': True, 'argv': None, 'chdir': None, 'executable': None, 'creates': None, 'removes': None, 'stdin': None}}, 'stdout_lines': ['', 'Tablespace altered.'], 'stderr_lines': [], 'failed': False, 'item': 'SPMSGBRK_DATA', 'ansible_loop_var': 'item'}) => {
    "msg": [
        "",
        "Tablespace altered."
    ]
}
ok: [10.190.17.156] => (item={'cmd': 'export ORACLE_SID=ARW10PDF1\nexport ORACLE_HOME=/u01/app/oracle/product/19c\nprintf "SET PAGESIZE 0 VERIFY OFF HEADING OFF ECHO OFF\\n alter tablespace WEBINT_DATA read only;" | /u01/app/oracle/product/19c/bin/sqlplus -s oci_mig/version1_Oc1_M1g@XTTS_ARW10PDF1 as sysdba  \n', 'stdout': '\nTablespace altered.', 'stderr': '', 'rc': 0, 'start': '2024-11-23 08:06:14.464566', 'end': '2024-11-23 08:06:14.982284', 'delta': '0:00:00.517718', 'changed': True, 'invocation': {'module_args': {'_raw_params': 'export ORACLE_SID=ARW10PDF1\nexport ORACLE_HOME=/u01/app/oracle/product/19c\nprintf "SET PAGESIZE 0 VERIFY OFF HEADING OFF ECHO OFF\\n alter tablespace WEBINT_DATA read only;" | /u01/app/oracle/product/19c/bin/sqlplus -s oci_mig/version1_Oc1_M1g@XTTS_ARW10PDF1 as sysdba  \n', '_uses_shell': True, 'warn': True, 'stdin_add_newline': True, 'strip_empty_ends': True, 'argv': None, 'chdir': None, 'executable': None, 'creates': None, 'removes': None, 'stdin': None}}, 'stdout_lines': ['', 'Tablespace altered.'], 'stderr_lines': [], 'failed': False, 'item': 'WEBINT_DATA', 'ansible_loop_var': 'item'}) => {
    "msg": [
        "",
        "Tablespace altered."
    ]
}

TASK [final_backup : run the verification scripts capture the source db objects details _raw_params=export ORACLE_SID={{source_oracle_sid}}
export ORACLE_HOME={{source_oracle_home}}
cd {{source_verification_dir}}
printf '@{{ item }}' | {{ source_oracle_home }}/bin/sqlplus -s {{source_conn_str}} as sysdba
] ***
Saturday 23 November 2024  08:06:15 +0000 (0:00:00.100)       0:01:20.688 ***** 
[WARNING]: Using world-readable permissions for temporary files Ansible needs
to create when becoming an unprivileged user. This may be insecure. For
information on securing this, see
https://docs.ansible.com/ansible/become.html#becoming-an-unprivileged-user
changed: [10.190.17.156] => (item=/home/oracle/version1/ADRW10PD_verification/Application_Objects_In_System_Sysaux.sql)
changed: [10.190.17.156] => (item=/home/oracle/version1/ADRW10PD_verification/DB_Links_Details.sql)
changed: [10.190.17.156] => (item=/home/oracle/version1/ADRW10PD_verification/Granted_Roles.sql)
changed: [10.190.17.156] => (item=/home/oracle/version1/ADRW10PD_verification/Invalid_Objects.sql)
changed: [10.190.17.156] => (item=/home/oracle/version1/ADRW10PD_verification/List_Schemas_And_Default_TBS.sql)
changed: [10.190.17.156] => (item=/home/oracle/version1/ADRW10PD_verification/Object_Count_Per_Schema.sql)
changed: [10.190.17.156] => (item=/home/oracle/version1/ADRW10PD_verification/Schedules_jobs.sql)

TASK [final_backup : display sql_out msg={{item.stdout_lines}}] ****************
Saturday 23 November 2024  08:06:50 +0000 (0:00:34.746)       0:01:55.434 ***** 
ok: [10.190.17.156] => (item={'cmd': "export ORACLE_SID=ARW10PDF1\nexport ORACLE_HOME=/u01/app/oracle/product/19c\ncd /home/oracle/version1/ADRW10PD_verification\nprintf '@/home/oracle/version1/ADRW10PD_verification/Application_Objects_In_System_Sysaux.sql' | /u01/app/oracle/product/19c/bin/sqlplus -s oci_mig/version1_Oc1_M1g@XTTS_ARW10PDF1 as sysdba\n", 'stdout': '', 'stderr': '', 'rc': 0, 'start': '2024-11-23 08:06:19.480430', 'end': '2024-11-23 08:06:20.100739', 'delta': '0:00:00.620309', 'changed': True, 'invocation': {'module_args': {'_raw_params': "export ORACLE_SID=ARW10PDF1\nexport ORACLE_HOME=/u01/app/oracle/product/19c\ncd /home/oracle/version1/ADRW10PD_verification\nprintf '@/home/oracle/version1/ADRW10PD_verification/Application_Objects_In_System_Sysaux.sql' | /u01/app/oracle/product/19c/bin/sqlplus -s oci_mig/version1_Oc1_M1g@XTTS_ARW10PDF1 as sysdba\n", '_uses_shell': True, 'warn': True, 'stdin_add_newline': True, 'strip_empty_ends': True, 'argv': None, 'chdir': None, 'executable': None, 'creates': None, 'removes': None, 'stdin': None}}, 'stdout_lines': [], 'stderr_lines': [], 'failed': False, 'item': '/home/oracle/version1/ADRW10PD_verification/Application_Objects_In_System_Sysaux.sql', 'ansible_loop_var': 'item'}) => {
    "msg": []
}
ok: [10.190.17.156] => (item={'cmd': "export ORACLE_SID=ARW10PDF1\nexport ORACLE_HOME=/u01/app/oracle/product/19c\ncd /home/oracle/version1/ADRW10PD_verification\nprintf '@/home/oracle/version1/ADRW10PD_verification/DB_Links_Details.sql' | /u01/app/oracle/product/19c/bin/sqlplus -s oci_mig/version1_Oc1_M1g@XTTS_ARW10PDF1 as sysdba\n", 'stdout': '', 'stderr': '', 'rc': 0, 'start': '2024-11-23 08:06:24.270538', 'end': '2024-11-23 08:06:24.642721', 'delta': '0:00:00.372183', 'changed': True, 'invocation': {'module_args': {'_raw_params': "export ORACLE_SID=ARW10PDF1\nexport ORACLE_HOME=/u01/app/oracle/product/19c\ncd /home/oracle/version1/ADRW10PD_verification\nprintf '@/home/oracle/version1/ADRW10PD_verification/DB_Links_Details.sql' | /u01/app/oracle/product/19c/bin/sqlplus -s oci_mig/version1_Oc1_M1g@XTTS_ARW10PDF1 as sysdba\n", '_uses_shell': True, 'warn': True, 'stdin_add_newline': True, 'strip_empty_ends': True, 'argv': None, 'chdir': None, 'executable': None, 'creates': None, 'removes': None, 'stdin': None}}, 'stdout_lines': [], 'stderr_lines': [], 'failed': False, 'item': '/home/oracle/version1/ADRW10PD_verification/DB_Links_Details.sql', 'ansible_loop_var': 'item'}) => {
    "msg": []
}
ok: [10.190.17.156] => (item={'cmd': "export ORACLE_SID=ARW10PDF1\nexport ORACLE_HOME=/u01/app/oracle/product/19c\ncd /home/oracle/version1/ADRW10PD_verification\nprintf '@/home/oracle/version1/ADRW10PD_verification/Granted_Roles.sql' | /u01/app/oracle/product/19c/bin/sqlplus -s oci_mig/version1_Oc1_M1g@XTTS_ARW10PDF1 as sysdba\n", 'stdout': '', 'stderr': '', 'rc': 0, 'start': '2024-11-23 08:06:28.888331', 'end': '2024-11-23 08:06:29.327516', 'delta': '0:00:00.439185', 'changed': True, 'invocation': {'module_args': {'_raw_params': "export ORACLE_SID=ARW10PDF1\nexport ORACLE_HOME=/u01/app/oracle/product/19c\ncd /home/oracle/version1/ADRW10PD_verification\nprintf '@/home/oracle/version1/ADRW10PD_verification/Granted_Roles.sql' | /u01/app/oracle/product/19c/bin/sqlplus -s oci_mig/version1_Oc1_M1g@XTTS_ARW10PDF1 as sysdba\n", '_uses_shell': True, 'warn': True, 'stdin_add_newline': True, 'strip_empty_ends': True, 'argv': None, 'chdir': None, 'executable': None, 'creates': None, 'removes': None, 'stdin': None}}, 'stdout_lines': [], 'stderr_lines': [], 'failed': False, 'item': '/home/oracle/version1/ADRW10PD_verification/Granted_Roles.sql', 'ansible_loop_var': 'item'}) => {
    "msg": []
}
ok: [10.190.17.156] => (item={'cmd': "export ORACLE_SID=ARW10PDF1\nexport ORACLE_HOME=/u01/app/oracle/product/19c\ncd /home/oracle/version1/ADRW10PD_verification\nprintf '@/home/oracle/version1/ADRW10PD_verification/Invalid_Objects.sql' | /u01/app/oracle/product/19c/bin/sqlplus -s oci_mig/version1_Oc1_M1g@XTTS_ARW10PDF1 as sysdba\n", 'stdout': '', 'stderr': '', 'rc': 0, 'start': '2024-11-23 08:06:33.461786', 'end': '2024-11-23 08:06:33.854362', 'delta': '0:00:00.392576', 'changed': True, 'invocation': {'module_args': {'_raw_params': "export ORACLE_SID=ARW10PDF1\nexport ORACLE_HOME=/u01/app/oracle/product/19c\ncd /home/oracle/version1/ADRW10PD_verification\nprintf '@/home/oracle/version1/ADRW10PD_verification/Invalid_Objects.sql' | /u01/app/oracle/product/19c/bin/sqlplus -s oci_mig/version1_Oc1_M1g@XTTS_ARW10PDF1 as sysdba\n", '_uses_shell': True, 'warn': True, 'stdin_add_newline': True, 'strip_empty_ends': True, 'argv': None, 'chdir': None, 'executable': None, 'creates': None, 'removes': None, 'stdin': None}}, 'stdout_lines': [], 'stderr_lines': [], 'failed': False, 'item': '/home/oracle/version1/ADRW10PD_verification/Invalid_Objects.sql', 'ansible_loop_var': 'item'}) => {
    "msg": []
}
ok: [10.190.17.156] => (item={'cmd': "export ORACLE_SID=ARW10PDF1\nexport ORACLE_HOME=/u01/app/oracle/product/19c\ncd /home/oracle/version1/ADRW10PD_verification\nprintf '@/home/oracle/version1/ADRW10PD_verification/List_Schemas_And_Default_TBS.sql' | /u01/app/oracle/product/19c/bin/sqlplus -s oci_mig/version1_Oc1_M1g@XTTS_ARW10PDF1 as sysdba\n", 'stdout': '', 'stderr': '', 'rc': 0, 'start': '2024-11-23 08:06:38.964972', 'end': '2024-11-23 08:06:39.457431', 'delta': '0:00:00.492459', 'changed': True, 'invocation': {'module_args': {'_raw_params': "export ORACLE_SID=ARW10PDF1\nexport ORACLE_HOME=/u01/app/oracle/product/19c\ncd /home/oracle/version1/ADRW10PD_verification\nprintf '@/home/oracle/version1/ADRW10PD_verification/List_Schemas_And_Default_TBS.sql' | /u01/app/oracle/product/19c/bin/sqlplus -s oci_mig/version1_Oc1_M1g@XTTS_ARW10PDF1 as sysdba\n", '_uses_shell': True, 'warn': True, 'stdin_add_newline': True, 'strip_empty_ends': True, 'argv': None, 'chdir': None, 'executable': None, 'creates': None, 'removes': None, 'stdin': None}}, 'stdout_lines': [], 'stderr_lines': [], 'failed': False, 'item': '/home/oracle/version1/ADRW10PD_verification/List_Schemas_And_Default_TBS.sql', 'ansible_loop_var': 'item'}) => {
    "msg": []
}
ok: [10.190.17.156] => (item={'cmd': "export ORACLE_SID=ARW10PDF1\nexport ORACLE_HOME=/u01/app/oracle/product/19c\ncd /home/oracle/version1/ADRW10PD_verification\nprintf '@/home/oracle/version1/ADRW10PD_verification/Object_Count_Per_Schema.sql' | /u01/app/oracle/product/19c/bin/sqlplus -s oci_mig/version1_Oc1_M1g@XTTS_ARW10PDF1 as sysdba\n", 'stdout': '', 'stderr': '', 'rc': 0, 'start': '2024-11-23 08:06:43.879033', 'end': '2024-11-23 08:06:44.686595', 'delta': '0:00:00.807562', 'changed': True, 'invocation': {'module_args': {'_raw_params': "export ORACLE_SID=ARW10PDF1\nexport ORACLE_HOME=/u01/app/oracle/product/19c\ncd /home/oracle/version1/ADRW10PD_verification\nprintf '@/home/oracle/version1/ADRW10PD_verification/Object_Count_Per_Schema.sql' | /u01/app/oracle/product/19c/bin/sqlplus -s oci_mig/version1_Oc1_M1g@XTTS_ARW10PDF1 as sysdba\n", '_uses_shell': True, 'warn': True, 'stdin_add_newline': True, 'strip_empty_ends': True, 'argv': None, 'chdir': None, 'executable': None, 'creates': None, 'removes': None, 'stdin': None}}, 'stdout_lines': [], 'stderr_lines': [], 'failed': False, 'item': '/home/oracle/version1/ADRW10PD_verification/Object_Count_Per_Schema.sql', 'ansible_loop_var': 'item'}) => {
    "msg": []
}
ok: [10.190.17.156] => (item={'cmd': "export ORACLE_SID=ARW10PDF1\nexport ORACLE_HOME=/u01/app/oracle/product/19c\ncd /home/oracle/version1/ADRW10PD_verification\nprintf '@/home/oracle/version1/ADRW10PD_verification/Schedules_jobs.sql' | /u01/app/oracle/product/19c/bin/sqlplus -s oci_mig/version1_Oc1_M1g@XTTS_ARW10PDF1 as sysdba\n", 'stdout': '', 'stderr': '', 'rc': 0, 'start': '2024-11-23 08:06:49.120194', 'end': '2024-11-23 08:06:49.869467', 'delta': '0:00:00.749273', 'changed': True, 'invocation': {'module_args': {'_raw_params': "export ORACLE_SID=ARW10PDF1\nexport ORACLE_HOME=/u01/app/oracle/product/19c\ncd /home/oracle/version1/ADRW10PD_verification\nprintf '@/home/oracle/version1/ADRW10PD_verification/Schedules_jobs.sql' | /u01/app/oracle/product/19c/bin/sqlplus -s oci_mig/version1_Oc1_M1g@XTTS_ARW10PDF1 as sysdba\n", '_uses_shell': True, 'warn': True, 'stdin_add_newline': True, 'strip_empty_ends': True, 'argv': None, 'chdir': None, 'executable': None, 'creates': None, 'removes': None, 'stdin': None}}, 'stdout_lines': [], 'stderr_lines': [], 'failed': False, 'item': '/home/oracle/version1/ADRW10PD_verification/Schedules_jobs.sql', 'ansible_loop_var': 'item'}) => {
    "msg": []
}

TASK [final_backup : create a directory on Ansible controller node to store the db verification log files path=/home/ansibleadmin/db_reconciliation/{{ source_db }}, state=directory] ***
Saturday 23 November 2024  08:06:50 +0000 (0:00:00.082)       0:01:55.516 ***** 
changed: [10.190.17.156 -> localhost]

TASK [final_backup : find the.log files from "/home/oracle/version1/ADRW10PD_verification" directory paths={{source_verification_dir}}/, patterns=*.log] ***
Saturday 23 November 2024  08:06:50 +0000 (0:00:00.297)       0:01:55.814 ***** 
[WARNING]: Using world-readable permissions for temporary files Ansible needs
to create when becoming an unprivileged user. This may be insecure. For
information on securing this, see
https://docs.ansible.com/ansible/become.html#becoming-an-unprivileged-user
ok: [10.190.17.156]

TASK [final_backup : copy the verification log files from the source db to Ansible-controller for reconciliation src={{ item.path }}, dest=/home/ansibleadmin/db_reconciliation/{{ source_db }}/, flat=True] ***
Saturday 23 November 2024  08:06:55 +0000 (0:00:04.625)       0:02:00.439 ***** 
[WARNING]: Using world-readable permissions for temporary files Ansible needs
to create when becoming an unprivileged user. This may be insecure. For
information on securing this, see
https://docs.ansible.com/ansible/become.html#becoming-an-unprivileged-user
changed: [10.190.17.156] => (item={'path': '/home/oracle/version1/ADRW10PD_verification/Application_Objects_ARW10PDF1_hrmaxpd2035.log', 'mode': '0644', 'isdir': False, 'ischr': False, 'isblk': False, 'isreg': True, 'isfifo': False, 'islnk': False, 'issock': False, 'uid': 1100, 'gid': 1000, 'size': 0, 'inode': 49519, 'dev': -9223371993905102840, 'nlink': 1, 'atime': 1732349179.7943363, 'mtime': 1732349179.7943363, 'ctime': 1732349179.7943363, 'gr_name': 'oinstall', 'pw_name': 'oracle', 'wusr': True, 'rusr': True, 'xusr': False, 'wgrp': False, 'rgrp': True, 'xgrp': False, 'woth': False, 'roth': True, 'xoth': False, 'isuid': False, 'isgid': False})
changed: [10.190.17.156] => (item={'path': '/home/oracle/version1/ADRW10PD_verification/DB_Links_ARW10PDF1_hrmaxpd2035.log', 'mode': '0644', 'isdir': False, 'ischr': False, 'isblk': False, 'isreg': True, 'isfifo': False, 'islnk': False, 'issock': False, 'uid': 1100, 'gid': 1000, 'size': 34035, 'inode': 49520, 'dev': -9223371993905102840, 'nlink': 1, 'atime': 1732349184.6218045, 'mtime': 1732349184.6347485, 'ctime': 1732349184.6347485, 'gr_name': 'oinstall', 'pw_name': 'oracle', 'wusr': True, 'rusr': True, 'xusr': False, 'wgrp': False, 'rgrp': True, 'xgrp': False, 'woth': False, 'roth': True, 'xoth': False, 'isuid': False, 'isgid': False})
changed: [10.190.17.156] => (item={'path': '/home/oracle/version1/ADRW10PD_verification/Scheduled_Jobs_ARW10PDF1_hrmaxpd2035.log', 'mode': '0644', 'isdir': False, 'ischr': False, 'isblk': False, 'isreg': True, 'isfifo': False, 'islnk': False, 'issock': False, 'uid': 1100, 'gid': 1000, 'size': 18577, 'inode': 49576, 'dev': -9223371993905102840, 'nlink': 1, 'atime': 1732349209.558903, 'mtime': 1732349209.8644547, 'ctime': 1732349209.8644547, 'gr_name': 'oinstall', 'pw_name': 'oracle', 'wusr': True, 'rusr': True, 'xusr': False, 'wgrp': False, 'rgrp': True, 'xgrp': False, 'woth': False, 'roth': True, 'xoth': False, 'isuid': False, 'isgid': False})
changed: [10.190.17.156] => (item={'path': '/home/oracle/version1/ADRW10PD_verification/Schemas_and_def_tablespace_ARW10PDF1_hrmaxpd2035.log', 'mode': '0644', 'isdir': False, 'ischr': False, 'isblk': False, 'isreg': True, 'isfifo': False, 'islnk': False, 'issock': False, 'uid': 1100, 'gid': 1000, 'size': 43588, 'inode': 49574, 'dev': -9223371993905102840, 'nlink': 1, 'atime': 1732349199.424317, 'mtime': 1732349199.4517114, 'ctime': 1732349199.4517114, 'gr_name': 'oinstall', 'pw_name': 'oracle', 'wusr': True, 'rusr': True, 'xusr': False, 'wgrp': False, 'rgrp': True, 'xgrp': False, 'woth': False, 'roth': True, 'xoth': False, 'isuid': False, 'isgid': False})
changed: [10.190.17.156] => (item={'path': '/home/oracle/version1/ADRW10PD_verification/granted_roles_ARW10PDF1_hrmaxpd2035.log', 'mode': '0644', 'isdir': False, 'ischr': False, 'isblk': False, 'isreg': True, 'isfifo': False, 'islnk': False, 'issock': False, 'uid': 1100, 'gid': 1000, 'size': 18243, 'inode': 49572, 'dev': -9223371993905102840, 'nlink': 1, 'atime': 1732349189.2964413, 'mtime': 1732349189.3217905, 'ctime': 1732349189.3217905, 'gr_name': 'oinstall', 'pw_name': 'oracle', 'wusr': True, 'rusr': True, 'xusr': False, 'wgrp': False, 'rgrp': True, 'xgrp': False, 'woth': False, 'roth': True, 'xoth': False, 'isuid': False, 'isgid': False})
changed: [10.190.17.156] => (item={'path': '/home/oracle/version1/ADRW10PD_verification/invalid_objects_ARW10PDF1_hrmaxpd2035.log', 'mode': '0644', 'isdir': False, 'ischr': False, 'isblk': False, 'isreg': True, 'isfifo': False, 'islnk': False, 'issock': False, 'uid': 1100, 'gid': 1000, 'size': 360299, 'inode': 49573, 'dev': -9223371993905102840, 'nlink': 1, 'atime': 1732349193.7814634, 'mtime': 1732349193.8455234, 'ctime': 1732349193.8455234, 'gr_name': 'oinstall', 'pw_name': 'oracle', 'wusr': True, 'rusr': True, 'xusr': False, 'wgrp': False, 'rgrp': True, 'xgrp': False, 'woth': False, 'roth': True, 'xoth': False, 'isuid': False, 'isgid': False})
changed: [10.190.17.156] => (item={'path': '/home/oracle/version1/ADRW10PD_verification/object_countsByType_ARW10PDF1_hrmaxpd2035.log', 'mode': '0644', 'isdir': False, 'ischr': False, 'isblk': False, 'isreg': True, 'isfifo': False, 'islnk': False, 'issock': False, 'uid': 1100, 'gid': 1000, 'size': 115565, 'inode': 49575, 'dev': -9223371993905102840, 'nlink': 1, 'atime': 1732349204.306307, 'mtime': 1732349204.6770866, 'ctime': 1732349204.6770866, 'gr_name': 'oinstall', 'pw_name': 'oracle', 'wusr': True, 'rusr': True, 'xusr': False, 'wgrp': False, 'rgrp': True, 'xgrp': False, 'woth': False, 'roth': True, 'xoth': False, 'isuid': False, 'isgid': False})

TASK [final_backup : Do the final incremental backup on hrmaxpd2035.emea.hays.loc _raw_params=export TMPDIR={{ source_xtts_scripts_dir }}
export ORACLE_SID={{ source_oracle_sid }}
export ORACLE_HOME={{ source_oracle_home }}
export NLS_LANG={{ nls_lang }}
cd {{ source_xtts_scripts_dir }}
{{ source_oracle_home }}/perl/bin/perl xttdriver.pl --backup
] ***
Saturday 23 November 2024  08:07:27 +0000 (0:00:32.209)       0:02:32.649 ***** 
[WARNING]: Using world-readable permissions for temporary files Ansible needs
to create when becoming an unprivileged user. This may be insecure. For
information on securing this, see
https://docs.ansible.com/ansible/become.html#becoming-an-unprivileged-user
changed: [10.190.17.156]

TASK [final_backup : Wait for the final incremental backup job to finish jid={{ backup_async_job.ansible_job_id }}] ***
Saturday 23 November 2024  08:07:32 +0000 (0:00:04.811)       0:02:37.461 ***** 
[WARNING]: Using world-readable permissions for temporary files Ansible needs
to create when becoming an unprivileged user. This may be insecure. For
information on securing this, see
https://docs.ansible.com/ansible/become.html#becoming-an-unprivileged-user
FAILED - RETRYING: Wait for the final incremental backup job to finish (20160 retries left).
FAILED - RETRYING: Wait for the final incremental backup job to finish (20159 retries left).
FAILED - RETRYING: Wait for the final incremental backup job to finish (20158 retries left).
FAILED - RETRYING: Wait for the final incremental backup job to finish (20157 retries left).
FAILED - RETRYING: Wait for the final incremental backup job to finish (20156 retries left).
FAILED - RETRYING: Wait for the final incremental backup job to finish (20155 retries left).
FAILED - RETRYING: Wait for the final incremental backup job to finish (20154 retries left).
FAILED - RETRYING: Wait for the final incremental backup job to finish (20153 retries left).
FAILED - RETRYING: Wait for the final incremental backup job to finish (20152 retries left).
changed: [10.190.17.156]

TASK [final_backup : Validate if the final incremental backup has been completed successfully msg=['Final incremental backup has now been completed', '{{ backup_out.stdout_lines }}']] ***
Saturday 23 November 2024  08:12:50 +0000 (0:05:18.366)       0:07:55.827 ***** 
ok: [10.190.17.156] => {
    "msg": [
        "Final incremental backup has now been completed",
        [
            "============================================================",
            "trace file is /home/oracle/version1/ADRW10PD_xtts/backup_Nov23_Sat_08_07_32_573//Nov23_Sat_08_07_32_573_.log",
            "=============================================================",
            "",
            "--------------------------------------------------------------------",
            "Parsing properties",
            "--------------------------------------------------------------------",
            "",
            "",
            "--------------------------------------------------------------------",
            "Done parsing properties",
            "--------------------------------------------------------------------",
            "",
            "",
            "--------------------------------------------------------------------",
            "Checking properties",
            "--------------------------------------------------------------------",
            "",
            "",
            "--------------------------------------------------------------------",
            "Maximum 8 files will be fetched in parallel",
            "--------------------------------------------------------------------",
            "",
            "",
            "--------------------------------------------------------------------",
            "Done checking properties",
            "--------------------------------------------------------------------",
            "",
            "",
            "--------------------------------------------------------------------",
            "Backup incremental",
            "--------------------------------------------------------------------",
            "",
            "scalar(or10",
            "XXX: adding here for 2, 0, ADAPTDOMAIN1_DATA,ADAPT_DATA,ADAPTINTOUCH,ADAPT_USERS,BOISJMSDB,DHC_ROLLBACK_TRANSIENT,FUZZY_SEARCH,OT_SCHD_DATA,SPMSGBRK_DATA,WEBINT_DATA",
            "Prepare newscn for Tablespaces: 'ADAPTDOMAIN1_DATA'",
            "Prepare newscn for Tablespaces: 'ADAPT_DATA'",
            "Prepare newscn for Tablespaces: 'ADAPTINTOUCH'",
            "Prepare newscn for Tablespaces: 'ADAPT_USERS'",
            "Prepare newscn for Tablespaces: 'BOISJMSDB'",
            "Prepare newscn for Tablespaces: 'DHC_ROLLBACK_TRANSIENT'",
            "Prepare newscn for Tablespaces: 'FUZZY_SEARCH'",
            "Prepare newscn for Tablespaces: 'OT_SCHD_DATA'",
            "Prepare newscn for Tablespaces: 'SPMSGBRK_DATA'",
            "Prepare newscn for Tablespaces: 'WEBINT_DATA'",
            "",
            "--------------------------------------------------------------------",
            "Starting incremental backup",
            "--------------------------------------------------------------------",
            "",
            "",
            "--------------------------------------------------------------------",
            "Done backing up incrementals",
            "--------------------------------------------------------------------",
            "",
            "Prepare newscn for Tablespaces: 'ADAPTDOMAIN1_DATA'",
            "DECLARE*",
            "ERROR at line 1:",
            "ORA-20001: TABLESPACE(S) IS READONLY OR,",
            "OFFLINE JUST CONVERT, COPY",
            "ORA-06512: at line 284",
            "",
            "####################################################################",
            "Warning:",
            "------",
            "Warnings found in executing /home/oracle/version1/ADRW10PD_xtts/backup_Nov23_Sat_08_07_32_573//xttpreparenextiter.sql",
            "####################################################################",
            "Prepare newscn for Tablespaces: 'ADAPT_DATA'",
            "DECLARE*",
            "ERROR at line 1:",
            "ORA-20001: TABLESPACE(S) IS READONLY OR,",
            "OFFLINE JUST CONVERT, COPY",
            "ORA-06512: at line 284",
            "",
            "####################################################################",
            "Warning:",
            "------",
            "Warnings found in executing /home/oracle/version1/ADRW10PD_xtts/backup_Nov23_Sat_08_07_32_573//xttpreparenextiter.sql",
            "####################################################################",
            "Prepare newscn for Tablespaces: 'ADAPTINTOUCH'",
            "DECLARE*",
            "ERROR at line 1:",
            "ORA-20001: TABLESPACE(S) IS READONLY OR,",
            "OFFLINE JUST CONVERT, COPY",
            "ORA-06512: at line 284",
            "",
            "####################################################################",
            "Warning:",
            "------",
            "Warnings found in executing /home/oracle/version1/ADRW10PD_xtts/backup_Nov23_Sat_08_07_32_573//xttpreparenextiter.sql",
            "####################################################################",
            "Prepare newscn for Tablespaces: 'ADAPT_USERS'",
            "DECLARE*",
            "ERROR at line 1:",
            "ORA-20001: TABLESPACE(S) IS READONLY OR,",
            "OFFLINE JUST CONVERT, COPY",
            "ORA-06512: at line 284",
            "",
            "####################################################################",
            "Warning:",
            "------",
            "Warnings found in executing /home/oracle/version1/ADRW10PD_xtts/backup_Nov23_Sat_08_07_32_573//xttpreparenextiter.sql",
            "####################################################################",
            "Prepare newscn for Tablespaces: 'BOISJMSDB'",
            "DECLARE*",
            "ERROR at line 1:",
            "ORA-20001: TABLESPACE(S) IS READONLY OR,",
            "OFFLINE JUST CONVERT, COPY",
            "ORA-06512: at line 284",
            "",
            "####################################################################",
            "Warning:",
            "------",
            "Warnings found in executing /home/oracle/version1/ADRW10PD_xtts/backup_Nov23_Sat_08_07_32_573//xttpreparenextiter.sql",
            "####################################################################",
            "Prepare newscn for Tablespaces: 'DHC_ROLLBACK_TRANSIENT'",
            "DECLARE*",
            "ERROR at line 1:",
            "ORA-20001: TABLESPACE(S) IS READONLY OR,",
            "OFFLINE JUST CONVERT, COPY",
            "ORA-06512: at line 284",
            "",
            "####################################################################",
            "Warning:",
            "------",
            "Warnings found in executing /home/oracle/version1/ADRW10PD_xtts/backup_Nov23_Sat_08_07_32_573//xttpreparenextiter.sql",
            "####################################################################",
            "Prepare newscn for Tablespaces: 'FUZZY_SEARCH'",
            "DECLARE*",
            "ERROR at line 1:",
            "ORA-20001: TABLESPACE(S) IS READONLY OR,",
            "OFFLINE JUST CONVERT, COPY",
            "ORA-06512: at line 284",
            "",
            "####################################################################",
            "Warning:",
            "------",
            "Warnings found in executing /home/oracle/version1/ADRW10PD_xtts/backup_Nov23_Sat_08_07_32_573//xttpreparenextiter.sql",
            "####################################################################",
            "Prepare newscn for Tablespaces: 'OT_SCHD_DATA'",
            "DECLARE*",
            "ERROR at line 1:",
            "ORA-20001: TABLESPACE(S) IS READONLY OR,",
            "OFFLINE JUST CONVERT, COPY",
            "ORA-06512: at line 284",
            "",
            "####################################################################",
            "Warning:",
            "------",
            "Warnings found in executing /home/oracle/version1/ADRW10PD_xtts/backup_Nov23_Sat_08_07_32_573//xttpreparenextiter.sql",
            "####################################################################",
            "Prepare newscn for Tablespaces: 'SPMSGBRK_DATA'",
            "DECLARE*",
            "ERROR at line 1:",
            "ORA-20001: TABLESPACE(S) IS READONLY OR,",
            "OFFLINE JUST CONVERT, COPY",
            "ORA-06512: at line 284",
            "",
            "####################################################################",
            "Warning:",
            "------",
            "Warnings found in executing /home/oracle/version1/ADRW10PD_xtts/backup_Nov23_Sat_08_07_32_573//xttpreparenextiter.sql",
            "####################################################################",
            "Prepare newscn for Tablespaces: 'WEBINT_DATA'",
            "DECLARE*",
            "ERROR at line 1:",
            "ORA-20001: TABLESPACE(S) IS READONLY OR,",
            "OFFLINE JUST CONVERT, COPY",
            "ORA-06512: at line 284",
            "",
            "####################################################################",
            "Warning:",
            "------",
            "Warnings found in executing /home/oracle/version1/ADRW10PD_xtts/backup_Nov23_Sat_08_07_32_573//xttpreparenextiter.sql",
            "####################################################################",
            "New /home/oracle/version1/ADRW10PD_xtts/xttplan.txt with FROM SCN's generated"
        ]
    ]
}

PLAY [do the  metadata export on hrmaxpd2035.emea.hays.loc] ********************

PLAY [do the  grants export on hrmaxpd2035.emea.hays.loc] **********************

PLAY [transfer the final incremental backups to the /mnt/foaexaukl1pdfss01/xtts_backup/version1/CAPD_xtts_scratch] ***

PLAY [transfer the full meta dumps to the /mnt/foaexaukl1pdfss01/xtts_backup/version1/CAPD_dump] ***

PLAY [do the final incremental restore on foaukl1pddb-4kxck1.otchukl1pdexcl.otchukl1pdvcn01.oraclevcn.com] ***

PLAY [find the datafiles on ASM on foaukl1pddb-4kxck1.otchukl1pdexcl.otchukl1pdvcn01.oraclevcn.com] ***

PLAY [do the metadata import on foaukl1pddb-4kxck1.otchukl1pdexcl.otchukl1pdvcn01.oraclevcn.com] ***

PLAY [do the grants import on foaukl1pddb-4kxck1.otchukl1pdexcl.otchukl1pdvcn01.oraclevcn.com] ***

PLAY [do the post migration check on foaukl1pddb-4kxck1.otchukl1pdexcl.otchukl1pdvcn01.oraclevcn.com] ***

PLAY RECAP *********************************************************************
10.190.17.156              : ok=14   changed=7    unreachable=0    failed=0    skipped=0    rescued=0    ignored=0   

Saturday 23 November 2024  08:12:50 +0000 (0:00:00.079)       0:07:55.907 ***** 
=============================================================================== 
final_backup : Wait for the final incremental backup job to finish ---- 318.37s
final_backup : alter the provided user tablspaces to read only --------- 51.12s
final_backup : run the verification scripts capture the source db objects details -- 34.75s
final_backup : copy the verification log files from the source db to Ansible-controller for reconciliation -- 32.21s
Gathering Facts -------------------------------------------------------- 24.24s
final_backup : purge the recyclebin ------------------------------------- 5.11s
final_backup : Do the final incremental backup on hrmaxpd2035.emea.hays.loc --- 4.81s
final_backup : find the.log files from "/home/oracle/version1/ADRW10PD_verification" directory --- 4.63s
final_backup : create a directory on Ansible controller node to store the db verification log files --- 0.30s
final_backup : display tbs_out ------------------------------------------ 0.10s
final_backup : display sql_out ------------------------------------------ 0.08s
final_backup : Validate if the final incremental backup has been completed successfully --- 0.08s
final_backup : display recyclebin_out ----------------------------------- 0.03s
final_backup : list tablespaces ----------------------------------------- 0.03s
