nohup: ignoring input

PLAY [do level 1 backup on hrmaxpd2035.emea.hays.loc] **************************

TASK [Gathering Facts gather_subset=['all'], gather_timeout=10] ****************
Friday 22 November 2024  08:29:53 +0000 (0:00:00.042)       0:00:00.042 ******* 
[WARNING]: Using world-readable permissions for temporary files Ansible needs
to create when becoming an unprivileged user. This may be insecure. For
information on securing this, see
https://docs.ansible.com/ansible/become.html#becoming-an-unprivileged-user
[WARNING]: Platform aix on host 10.190.17.156 is using the discovered Python
interpreter at /usr/bin/python, but future installation of another Python
interpreter could change this. See https://docs.ansible.com/ansible/2.9/referen
ce_appendices/interpreter_discovery.html for more information.
ok: [10.190.17.156]

TASK [level_1_backup : first check if res.txt exists on /home/oracle/version1/ADRW10PD_xtts path={{source_xtts_scripts_dir}}/res.txt] ***
Friday 22 November 2024  08:30:28 +0000 (0:00:35.619)       0:00:35.662 ******* 
[WARNING]: Using world-readable permissions for temporary files Ansible needs
to create when becoming an unprivileged user. This may be insecure. For
information on securing this, see
https://docs.ansible.com/ansible/become.html#becoming-an-unprivileged-user
ok: [10.190.17.156]

TASK [level_1_backup : fail msg=res.txt file not found. Investigate if level 0 backup has been taken successfully before] ***
Friday 22 November 2024  08:30:35 +0000 (0:00:06.568)       0:00:42.231 ******* 
skipping: [10.190.17.156]

TASK [level_1_backup : fail msg=res.txt file is empty. Investigate if level 0 backup has been taken successfully before] ***
Friday 22 November 2024  08:30:35 +0000 (0:00:00.027)       0:00:42.258 ******* 
skipping: [10.190.17.156]

TASK [level_1_backup : shell _raw_params=cat {{source_xtts_scripts_dir}}/res.txt] ***
Friday 22 November 2024  08:30:35 +0000 (0:00:00.028)       0:00:42.286 ******* 
[WARNING]: Using world-readable permissions for temporary files Ansible needs
to create when becoming an unprivileged user. This may be insecure. For
information on securing this, see
https://docs.ansible.com/ansible/become.html#becoming-an-unprivileged-user
changed: [10.190.17.156]

TASK [level_1_backup : debug msg={{cat_out.stdout_lines}}] *********************
Friday 22 November 2024  08:30:42 +0000 (0:00:07.107)       0:00:49.394 ******* 
ok: [10.190.17.156] => {
    "msg": [
        "#0:::9,6,ADAPTDOMAIN1_DATA_9_4j3ag03s_376979_1_1.bkp,0,15628953087065,0,0,0,ADAPTDOMAIN1_DATA,ADAPTDOMAIN1_DATA_9.dbf",
        "#0:::6,6,ADAPT_DATA_134_4o3ag05i_376984_1_1.bkp,0,15628953087065,0,0,0,ADAPT_DATA,ADAPT_DATA_6.dbf",
        "#0:::15,6,ADAPT_DATA_130_4s3ag05j_376988_1_1.bkp,0,15628953087065,0,0,0,ADAPT_DATA,ADAPT_DATA_15.dbf",
        "#0:::16,6,ADAPT_DATA_138_4k3ag05h_376980_1_1.bkp,0,15628953087065,0,0,0,ADAPT_DATA,ADAPT_DATA_16.dbf",
        "#0:::17,6,ADAPT_DATA_132_4q3ag05i_376986_1_1.bkp,0,15628953087065,0,0,0,ADAPT_DATA,ADAPT_DATA_17.dbf",
        "#0:::18,6,ADAPT_DATA_133_4p3ag05i_376985_1_1.bkp,0,15628953087065,0,0,0,ADAPT_DATA,ADAPT_DATA_18.dbf",
        "#0:::19,6,ADAPT_DATA_131_4r3ag05j_376987_1_1.bkp,0,15628953087065,0,0,0,ADAPT_DATA,ADAPT_DATA_19.dbf",
        "#0:::20,6,ADAPT_DATA_135_4m3ag05i_376982_1_1.bkp,0,15628953087065,0,0,0,ADAPT_DATA,ADAPT_DATA_20.dbf",
        "#0:::21,6,ADAPT_DATA_136_4n3ag05i_376983_1_1.bkp,0,15628953087065,0,0,0,ADAPT_DATA,ADAPT_DATA_21.dbf",
        "#0:::25,6,ADAPT_DATA_131_4r3ag05j_376987_1_1.bkp,0,15628953087065,0,0,0,ADAPT_DATA,ADAPT_DATA_25.dbf",
        "#0:::26,6,ADAPT_DATA_133_4p3ag05i_376985_1_1.bkp,0,15628953087065,0,0,0,ADAPT_DATA,ADAPT_DATA_26.dbf",
        "#0:::30,6,ADAPT_DATA_135_4m3ag05i_376982_1_1.bkp,0,15628953087065,0,0,0,ADAPT_DATA,ADAPT_DATA_30.dbf",
        "#0:::31,6,ADAPT_DATA_136_4n3ag05i_376983_1_1.bkp,0,15628953087065,0,0,0,ADAPT_DATA,ADAPT_DATA_31.dbf",
        "#0:::32,6,ADAPT_DATA_138_4k3ag05h_376980_1_1.bkp,0,15628953087065,0,0,0,ADAPT_DATA,ADAPT_DATA_32.dbf",
        "#0:::33,6,ADAPT_DATA_134_4o3ag05i_376984_1_1.bkp,0,15628953087065,0,0,0,ADAPT_DATA,ADAPT_DATA_33.dbf",
        "#0:::34,6,ADAPT_DATA_132_4q3ag05i_376986_1_1.bkp,0,15628953087065,0,0,0,ADAPT_DATA,ADAPT_DATA_34.dbf",
        "#0:::35,6,ADAPT_DATA_133_4p3ag05i_376985_1_1.bkp,0,15628953087065,0,0,0,ADAPT_DATA,ADAPT_DATA_35.dbf",
        "#0:::41,6,ADAPT_DATA_135_4m3ag05i_376982_1_1.bkp,0,15628953087065,0,0,0,ADAPT_DATA,ADAPT_DATA_41.dbf",
        "#0:::42,6,ADAPT_DATA_136_4n3ag05i_376983_1_1.bkp,0,15628953087065,0,0,0,ADAPT_DATA,ADAPT_DATA_42.dbf",
        "#0:::43,6,ADAPT_DATA_137_4l3ag05h_376981_1_1.bkp,0,15628953087065,0,0,0,ADAPT_DATA,ADAPT_DATA_43.dbf",
        "#0:::44,6,ADAPT_DATA_138_4k3ag05h_376980_1_1.bkp,0,15628953087065,0,0,0,ADAPT_DATA,ADAPT_DATA_44.dbf",
        "#0:::45,6,ADAPT_DATA_130_4s3ag05j_376988_1_1.bkp,0,15628953087065,0,0,0,ADAPT_DATA,ADAPT_DATA_45.dbf",
        "#0:::46,6,ADAPT_DATA_130_4s3ag05j_376988_1_1.bkp,0,15628953087065,0,0,0,ADAPT_DATA,ADAPT_DATA_46.dbf",
        "#0:::47,6,ADAPT_DATA_131_4r3ag05j_376987_1_1.bkp,0,15628953087065,0,0,0,ADAPT_DATA,ADAPT_DATA_47.dbf",
        "#0:::48,6,ADAPT_DATA_130_4s3ag05j_376988_1_1.bkp,0,15628953087065,0,0,0,ADAPT_DATA,ADAPT_DATA_48.dbf",
        "#0:::49,6,ADAPT_DATA_133_4p3ag05i_376985_1_1.bkp,0,15628953087065,0,0,0,ADAPT_DATA,ADAPT_DATA_49.dbf",
        "#0:::50,6,ADAPT_DATA_132_4q3ag05i_376986_1_1.bkp,0,15628953087065,0,0,0,ADAPT_DATA,ADAPT_DATA_50.dbf",
        "#0:::51,6,ADAPT_DATA_137_4l3ag05h_376981_1_1.bkp,0,15628953087065,0,0,0,ADAPT_DATA,ADAPT_DATA_51.dbf",
        "#0:::52,6,ADAPT_DATA_134_4o3ag05i_376984_1_1.bkp,0,15628953087065,0,0,0,ADAPT_DATA,ADAPT_DATA_52.dbf",
        "#0:::58,6,ADAPT_DATA_137_4l3ag05h_376981_1_1.bkp,0,15628953087065,0,0,0,ADAPT_DATA,ADAPT_DATA_58.dbf",
        "#0:::59,6,ADAPT_DATA_134_4o3ag05i_376984_1_1.bkp,0,15628953087065,0,0,0,ADAPT_DATA,ADAPT_DATA_59.dbf",
        "#0:::60,6,ADAPT_DATA_132_4q3ag05i_376986_1_1.bkp,0,15628953087065,0,0,0,ADAPT_DATA,ADAPT_DATA_60.dbf",
        "#0:::61,6,ADAPT_DATA_135_4m3ag05i_376982_1_1.bkp,0,15628953087065,0,0,0,ADAPT_DATA,ADAPT_DATA_61.dbf",
        "#0:::62,6,ADAPT_DATA_136_4n3ag05i_376983_1_1.bkp,0,15628953087065,0,0,0,ADAPT_DATA,ADAPT_DATA_62.dbf",
        "#0:::63,6,ADAPT_DATA_137_4l3ag05h_376981_1_1.bkp,0,15628953087065,0,0,0,ADAPT_DATA,ADAPT_DATA_63.dbf",
        "#0:::64,6,ADAPT_DATA_138_4k3ag05h_376980_1_1.bkp,0,15628953087065,0,0,0,ADAPT_DATA,ADAPT_DATA_64.dbf",
        "#0:::65,6,ADAPT_DATA_131_4r3ag05j_376987_1_1.bkp,0,15628953087065,0,0,0,ADAPT_DATA,ADAPT_DATA_65.dbf",
        "#0:::75,6,ADAPT_DATA_130_4s3ag05j_376988_1_1.bkp,0,15628953087065,0,0,0,ADAPT_DATA,ADAPT_DATA_75.dbf",
        "#0:::76,6,ADAPT_DATA_131_4r3ag05j_376987_1_1.bkp,0,15628953087065,0,0,0,ADAPT_DATA,ADAPT_DATA_76.dbf",
        "#0:::77,6,ADAPT_DATA_132_4q3ag05i_376986_1_1.bkp,0,15628953087065,0,0,0,ADAPT_DATA,ADAPT_DATA_77.dbf",
        "#0:::78,6,ADAPT_DATA_133_4p3ag05i_376985_1_1.bkp,0,15628953087065,0,0,0,ADAPT_DATA,ADAPT_DATA_78.dbf",
        "#0:::79,6,ADAPT_DATA_134_4o3ag05i_376984_1_1.bkp,0,15628953087065,0,0,0,ADAPT_DATA,ADAPT_DATA_79.dbf",
        "#0:::80,6,ADAPT_DATA_135_4m3ag05i_376982_1_1.bkp,0,15628953087065,0,0,0,ADAPT_DATA,ADAPT_DATA_80.dbf",
        "#0:::81,6,ADAPT_DATA_136_4n3ag05i_376983_1_1.bkp,0,15628953087065,0,0,0,ADAPT_DATA,ADAPT_DATA_81.dbf",
        "#0:::82,6,ADAPT_DATA_137_4l3ag05h_376981_1_1.bkp,0,15628953087065,0,0,0,ADAPT_DATA,ADAPT_DATA_82.dbf",
        "#0:::105,6,ADAPT_DATA_138_4k3ag05h_376980_1_1.bkp,0,15628953087065,0,0,0,ADAPT_DATA,ADAPT_DATA_105.dbf",
        "#0:::112,6,ADAPT_DATA_130_4s3ag05j_376988_1_1.bkp,0,15628953087065,0,0,0,ADAPT_DATA,ADAPT_DATA_112.dbf",
        "#0:::113,6,ADAPT_DATA_131_4r3ag05j_376987_1_1.bkp,0,15628953087065,0,0,0,ADAPT_DATA,ADAPT_DATA_113.dbf",
        "#0:::114,6,ADAPT_DATA_132_4q3ag05i_376986_1_1.bkp,0,15628953087065,0,0,0,ADAPT_DATA,ADAPT_DATA_114.dbf",
        "#0:::115,6,ADAPT_DATA_133_4p3ag05i_376985_1_1.bkp,0,15628953087065,0,0,0,ADAPT_DATA,ADAPT_DATA_115.dbf",
        "#0:::116,6,ADAPT_DATA_134_4o3ag05i_376984_1_1.bkp,0,15628953087065,0,0,0,ADAPT_DATA,ADAPT_DATA_116.dbf",
        "#0:::117,6,ADAPT_DATA_135_4m3ag05i_376982_1_1.bkp,0,15628953087065,0,0,0,ADAPT_DATA,ADAPT_DATA_117.dbf",
        "#0:::118,6,ADAPT_DATA_136_4n3ag05i_376983_1_1.bkp,0,15628953087065,0,0,0,ADAPT_DATA,ADAPT_DATA_118.dbf",
        "#0:::119,6,ADAPT_DATA_137_4l3ag05h_376981_1_1.bkp,0,15628953087065,0,0,0,ADAPT_DATA,ADAPT_DATA_119.dbf",
        "#0:::120,6,ADAPT_DATA_138_4k3ag05h_376980_1_1.bkp,0,15628953087065,0,0,0,ADAPT_DATA,ADAPT_DATA_120.dbf",
        "#0:::121,6,ADAPT_DATA_130_4s3ag05j_376988_1_1.bkp,0,15628953087065,0,0,0,ADAPT_DATA,ADAPT_DATA_121.dbf",
        "#0:::122,6,ADAPT_DATA_131_4r3ag05j_376987_1_1.bkp,0,15628953087065,0,0,0,ADAPT_DATA,ADAPT_DATA_122.dbf",
        "#0:::123,6,ADAPT_DATA_132_4q3ag05i_376986_1_1.bkp,0,15628953087065,0,0,0,ADAPT_DATA,ADAPT_DATA_123.dbf",
        "#0:::124,6,ADAPT_DATA_133_4p3ag05i_376985_1_1.bkp,0,15628953087065,0,0,0,ADAPT_DATA,ADAPT_DATA_124.dbf",
        "#0:::125,6,ADAPT_DATA_134_4o3ag05i_376984_1_1.bkp,0,15628953087065,0,0,0,ADAPT_DATA,ADAPT_DATA_125.dbf",
        "#0:::126,6,ADAPT_DATA_135_4m3ag05i_376982_1_1.bkp,0,15628953087065,0,0,0,ADAPT_DATA,ADAPT_DATA_126.dbf",
        "#0:::127,6,ADAPT_DATA_136_4n3ag05i_376983_1_1.bkp,0,15628953087065,0,0,0,ADAPT_DATA,ADAPT_DATA_127.dbf",
        "#0:::128,6,ADAPT_DATA_137_4l3ag05h_376981_1_1.bkp,0,15628953087065,0,0,0,ADAPT_DATA,ADAPT_DATA_128.dbf",
        "#0:::129,6,ADAPT_DATA_138_4k3ag05h_376980_1_1.bkp,0,15628953087065,0,0,0,ADAPT_DATA,ADAPT_DATA_129.dbf",
        "#0:::130,6,ADAPT_DATA_130_4s3ag05j_376988_1_1.bkp,0,15628953087065,0,0,0,ADAPT_DATA,ADAPT_DATA_130.dbf",
        "#0:::131,6,ADAPT_DATA_131_4r3ag05j_376987_1_1.bkp,0,15628953087065,0,0,0,ADAPT_DATA,ADAPT_DATA_131.dbf",
        "#0:::132,6,ADAPT_DATA_132_4q3ag05i_376986_1_1.bkp,0,15628953087065,0,0,0,ADAPT_DATA,ADAPT_DATA_132.dbf",
        "#0:::133,6,ADAPT_DATA_133_4p3ag05i_376985_1_1.bkp,0,15628953087065,0,0,0,ADAPT_DATA,ADAPT_DATA_133.dbf",
        "#0:::134,6,ADAPT_DATA_134_4o3ag05i_376984_1_1.bkp,0,15628953087065,0,0,0,ADAPT_DATA,ADAPT_DATA_134.dbf",
        "#0:::135,6,ADAPT_DATA_135_4m3ag05i_376982_1_1.bkp,0,15628953087065,0,0,0,ADAPT_DATA,ADAPT_DATA_135.dbf",
        "#0:::136,6,ADAPT_DATA_136_4n3ag05i_376983_1_1.bkp,0,15628953087065,0,0,0,ADAPT_DATA,ADAPT_DATA_136.dbf",
        "#0:::137,6,ADAPT_DATA_137_4l3ag05h_376981_1_1.bkp,0,15628953087065,0,0,0,ADAPT_DATA,ADAPT_DATA_137.dbf",
        "#0:::138,6,ADAPT_DATA_138_4k3ag05h_376980_1_1.bkp,0,15628953087065,0,0,0,ADAPT_DATA,ADAPT_DATA_138.dbf",
        "#0:::29,6,ADAPTINTOUCH_29_4t3ag1nb_376989_1_1.bkp,0,15628955425825,0,0,0,ADAPTINTOUCH,ADAPTINTOUCH_29.dbf",
        "#0:::7,6,ADAPT_USERS_7_4u3ag1o5_376990_1_1.bkp,0,15628955425825,0,0,0,ADAPT_USERS,ADAPT_USERS_7.dbf",
        "#0:::72,6,ADAPT_USERS_72_4v3ag1o5_376991_1_1.bkp,0,15628955425825,0,0,0,ADAPT_USERS,ADAPT_USERS_72.dbf",
        "#0:::13,6,BOISJMSDB_13_503ag1p3_376992_1_1.bkp,0,15628955425825,0,0,0,BOISJMSDB,BOISJMSDB_13.dbf",
        "#0:::85,6,DHC_ROLLBACK_TRANSIENT_96_533ag1rb_376995_1_1.bkp,0,15628955425825,0,0,0,DHC_ROLLBACK_TRANSIENT,DHC_ROLLBACK_TRANSIENT_85.dbf",
        "#0:::86,6,DHC_ROLLBACK_TRANSIENT_101_543ag1rb_376996_1_1.bkp,0,15628955425825,0,0,0,DHC_ROLLBACK_TRANSIENT,DHC_ROLLBACK_TRANSIENT_86.dbf",
        "#0:::87,6,DHC_ROLLBACK_TRANSIENT_102_553ag1rb_376997_1_1.bkp,0,15628955425825,0,0,0,DHC_ROLLBACK_TRANSIENT,DHC_ROLLBACK_TRANSIENT_87.dbf",
        "#0:::88,6,DHC_ROLLBACK_TRANSIENT_89_593ag1rc_377001_1_1.bkp,0,15628955425825,0,0,0,DHC_ROLLBACK_TRANSIENT,DHC_ROLLBACK_TRANSIENT_88.dbf",
        "#0:::89,6,DHC_ROLLBACK_TRANSIENT_89_593ag1rc_377001_1_1.bkp,0,15628955425825,0,0,0,DHC_ROLLBACK_TRANSIENT,DHC_ROLLBACK_TRANSIENT_89.dbf",
        "#0:::90,6,DHC_ROLLBACK_TRANSIENT_90_5a3ag1rc_377002_1_1.bkp,0,15628955425825,0,0,0,DHC_ROLLBACK_TRANSIENT,DHC_ROLLBACK_TRANSIENT_90.dbf",
        "#0:::91,6,DHC_ROLLBACK_TRANSIENT_91_563ag1rc_376998_1_1.bkp,0,15628955425825,0,0,0,DHC_ROLLBACK_TRANSIENT,DHC_ROLLBACK_TRANSIENT_91.dbf",
        "#0:::92,6,DHC_ROLLBACK_TRANSIENT_92_573ag1rc_376999_1_1.bkp,0,15628955425825,0,0,0,DHC_ROLLBACK_TRANSIENT,DHC_ROLLBACK_TRANSIENT_92.dbf",
        "#0:::93,6,DHC_ROLLBACK_TRANSIENT_93_583ag1rc_377000_1_1.bkp,0,15628955425825,0,0,0,DHC_ROLLBACK_TRANSIENT,DHC_ROLLBACK_TRANSIENT_93.dbf",
        "#0:::94,6,DHC_ROLLBACK_TRANSIENT_90_5a3ag1rc_377002_1_1.bkp,0,15628955425825,0,0,0,DHC_ROLLBACK_TRANSIENT,DHC_ROLLBACK_TRANSIENT_94.dbf",
        "#0:::95,6,DHC_ROLLBACK_TRANSIENT_91_563ag1rc_376998_1_1.bkp,0,15628955425825,0,0,0,DHC_ROLLBACK_TRANSIENT,DHC_ROLLBACK_TRANSIENT_95.dbf",
        "#0:::96,6,DHC_ROLLBACK_TRANSIENT_96_533ag1rb_376995_1_1.bkp,0,15628955425825,0,0,0,DHC_ROLLBACK_TRANSIENT,DHC_ROLLBACK_TRANSIENT_96.dbf",
        "#0:::97,6,DHC_ROLLBACK_TRANSIENT_103_523ag1rb_376994_1_1.bkp,0,15628955425825,0,0,0,DHC_ROLLBACK_TRANSIENT,DHC_ROLLBACK_TRANSIENT_97.dbf",
        "#0:::98,6,DHC_ROLLBACK_TRANSIENT_92_573ag1rc_376999_1_1.bkp,0,15628955425825,0,0,0,DHC_ROLLBACK_TRANSIENT,DHC_ROLLBACK_TRANSIENT_98.dbf",
        "#0:::99,6,DHC_ROLLBACK_TRANSIENT_104_513ag1rb_376993_1_1.bkp,0,15628955425825,0,0,0,DHC_ROLLBACK_TRANSIENT,DHC_ROLLBACK_TRANSIENT_99.dbf",
        "#0:::100,6,DHC_ROLLBACK_TRANSIENT_93_583ag1rc_377000_1_1.bkp,0,15628955425825,0,0,0,DHC_ROLLBACK_TRANSIENT,DHC_ROLLBACK_TRANSIENT_100.dbf",
        "#0:::101,6,DHC_ROLLBACK_TRANSIENT_101_543ag1rb_376996_1_1.bkp,0,15628955425825,0,0,0,DHC_ROLLBACK_TRANSIENT,DHC_ROLLBACK_TRANSIENT_101.dbf",
        "#0:::102,6,DHC_ROLLBACK_TRANSIENT_102_553ag1rb_376997_1_1.bkp,0,15628955425825,0,0,0,DHC_ROLLBACK_TRANSIENT,DHC_ROLLBACK_TRANSIENT_102.dbf",
        "#0:::103,6,DHC_ROLLBACK_TRANSIENT_103_523ag1rb_376994_1_1.bkp,0,15628955425825,0,0,0,DHC_ROLLBACK_TRANSIENT,DHC_ROLLBACK_TRANSIENT_103.dbf",
        "#0:::104,6,DHC_ROLLBACK_TRANSIENT_104_513ag1rb_376993_1_1.bkp,0,15628955425825,0,0,0,DHC_ROLLBACK_TRANSIENT,DHC_ROLLBACK_TRANSIENT_104.dbf",
        "#0:::11,6,FUZZY_SEARCH_11_5b3ag1sn_377003_1_1.bkp,0,15628955466292,0,0,0,FUZZY_SEARCH,FUZZY_SEARCH_11.dbf",
        "#0:::12,6,OT_SCHD_DATA_12_5c3ag1u0_377004_1_1.bkp,0,15628955466292,0,0,0,OT_SCHD_DATA,OT_SCHD_DATA_12.dbf",
        "#0:::37,6,SPMSGBRK_DATA_37_5d3ag1ut_377005_1_1.bkp,0,15628955466292,0,0,0,SPMSGBRK_DATA,SPMSGBRK_DATA_37.dbf",
        "#0:::14,6,WEBINT_DATA_110_5e3ag1vr_377006_1_1.bkp,0,15628955466292,0,0,0,WEBINT_DATA,WEBINT_DATA_14.dbf",
        "#0:::24,6,WEBINT_DATA_111_5f3ag1vr_377007_1_1.bkp,0,15628955466292,0,0,0,WEBINT_DATA,WEBINT_DATA_24.dbf",
        "#0:::53,6,WEBINT_DATA_108_5h3ag1vr_377009_1_1.bkp,0,15628955466292,0,0,0,WEBINT_DATA,WEBINT_DATA_53.dbf",
        "#0:::54,6,WEBINT_DATA_106_5g3ag1vr_377008_1_1.bkp,0,15628955466292,0,0,0,WEBINT_DATA,WEBINT_DATA_54.dbf",
        "#0:::55,6,WEBINT_DATA_109_5i3ag1vr_377010_1_1.bkp,0,15628955466292,0,0,0,WEBINT_DATA,WEBINT_DATA_55.dbf",
        "#0:::83,6,WEBINT_DATA_107_5j3ag1vr_377011_1_1.bkp,0,15628955466292,0,0,0,WEBINT_DATA,WEBINT_DATA_83.dbf",
        "#0:::106,6,WEBINT_DATA_106_5g3ag1vr_377008_1_1.bkp,0,15628955466292,0,0,0,WEBINT_DATA,WEBINT_DATA_106.dbf",
        "#0:::107,6,WEBINT_DATA_107_5j3ag1vr_377011_1_1.bkp,0,15628955466292,0,0,0,WEBINT_DATA,WEBINT_DATA_107.dbf",
        "#0:::108,6,WEBINT_DATA_108_5h3ag1vr_377009_1_1.bkp,0,15628955466292,0,0,0,WEBINT_DATA,WEBINT_DATA_108.dbf",
        "#0:::109,6,WEBINT_DATA_109_5i3ag1vr_377010_1_1.bkp,0,15628955466292,0,0,0,WEBINT_DATA,WEBINT_DATA_109.dbf",
        "#0:::110,6,WEBINT_DATA_110_5e3ag1vr_377006_1_1.bkp,0,15628955466292,0,0,0,WEBINT_DATA,WEBINT_DATA_110.dbf",
        "#0:::111,6,WEBINT_DATA_111_5f3ag1vr_377007_1_1.bkp,0,15628955466292,0,0,0,WEBINT_DATA,WEBINT_DATA_111.dbf",
        "#1:::130,6,5t3ajc8p_377021_1_1,15628953087065,15629041484060,0,0,0,ADAPT_DATA_130.dbf,ADAPT_DATA_130.dbf",
        "#1:::119,6,5m3ajc8o_377014_1_1,15628953087065,15629041484060,0,0,0,ADAPT_DATA_119.dbf,ADAPT_DATA_119.dbf",
        "#1:::93,6,693ajcc8_377033_1_1,15628955425825,15629041484060,0,0,0,DHC_ROLLBACK_TRANSIENT_93.dbf,DHC_ROLLBACK_TRANSIENT_93.dbf",
        "#1:::127,6,5o3ajc8p_377016_1_1,15628953087065,15629041484060,0,0,0,ADAPT_DATA_127.dbf,ADAPT_DATA_127.dbf",
        "#1:::111,6,6g3ajceo_377040_1_1,15628955466292,15629041484060,0,0,0,WEBINT_DATA_111.dbf,WEBINT_DATA_111.dbf",
        "#1:::116,6,5p3ajc8p_377017_1_1,15628953087065,15629041484060,0,0,0,ADAPT_DATA_116.dbf,ADAPT_DATA_116.dbf",
        "#1:::79,6,5p3ajc8p_377017_1_1,15628953087065,15629041484060,0,0,0,ADAPT_DATA_79.dbf,ADAPT_DATA_79.dbf",
        "#1:::98,6,683ajcc8_377032_1_1,15628955425825,15629041484060,0,0,0,DHC_ROLLBACK_TRANSIENT_98.dbf,DHC_ROLLBACK_TRANSIENT_98.dbf",
        "#1:::11,6,6c3ajccu_377036_1_1,15628955466292,15629041484060,0,0,0,FUZZY_SEARCH_11.dbf,FUZZY_SEARCH_11.dbf",
        "#1:::16,6,5l3ajc8o_377013_1_1,15628953087065,15629041484060,0,0,0,ADAPT_DATA_16.dbf,ADAPT_DATA_16.dbf",
        "#1:::12,6,6d3ajcdh_377037_1_1,15628955466292,15629041484060,0,0,0,OT_SCHD_DATA_12.dbf,OT_SCHD_DATA_12.dbf",
        "#1:::50,6,5r3ajc8p_377019_1_1,15628953087065,15629041484060,0,0,0,ADAPT_DATA_50.dbf,ADAPT_DATA_50.dbf",
        "#1:::54,6,6h3ajcep_377041_1_1,15628955466292,15629041484060,0,0,0,WEBINT_DATA_54.dbf,WEBINT_DATA_54.dbf",
        "#1:::89,6,6a3ajcc9_377034_1_1,15628955425825,15629041484060,0,0,0,DHC_ROLLBACK_TRANSIENT_89.dbf,DHC_ROLLBACK_TRANSIENT_89.dbf",
        "#1:::59,6,5p3ajc8p_377017_1_1,15628953087065,15629041484060,0,0,0,ADAPT_DATA_59.dbf,ADAPT_DATA_59.dbf",
        "#1:::33,6,5p3ajc8p_377017_1_1,15628953087065,15629041484060,0,0,0,ADAPT_DATA_33.dbf,ADAPT_DATA_33.dbf",
        "#1:::60,6,5r3ajc8p_377019_1_1,15628953087065,15629041484060,0,0,0,ADAPT_DATA_60.dbf,ADAPT_DATA_60.dbf",
        "#1:::121,6,5t3ajc8p_377021_1_1,15628953087065,15629041484060,0,0,0,ADAPT_DATA_121.dbf,ADAPT_DATA_121.dbf",
        "#1:::64,6,5l3ajc8o_377013_1_1,15628953087065,15629041484060,0,0,0,ADAPT_DATA_64.dbf,ADAPT_DATA_64.dbf",
        "#1:::80,6,5n3ajc8p_377015_1_1,15628953087065,15629041484060,0,0,0,ADAPT_DATA_80.dbf,ADAPT_DATA_80.dbf",
        "#1:::126,6,5n3ajc8p_377015_1_1,15628953087065,15629041484060,0,0,0,ADAPT_DATA_126.dbf,ADAPT_DATA_126.dbf",
        "#1:::104,6,623ajcc8_377026_1_1,15628955425825,15629041484060,0,0,0,DHC_ROLLBACK_TRANSIENT_104.dbf,DHC_ROLLBACK_TRANSIENT_104.dbf",
        "#1:::117,6,5n3ajc8p_377015_1_1,15628953087065,15629041484060,0,0,0,ADAPT_DATA_117.dbf,ADAPT_DATA_117.dbf",
        "#1:::44,6,5l3ajc8o_377013_1_1,15628953087065,15629041484060,0,0,0,ADAPT_DATA_44.dbf,ADAPT_DATA_44.dbf",
        "#1:::133,6,5q3ajc8p_377018_1_1,15628953087065,15629041484060,0,0,0,ADAPT_DATA_133.dbf,ADAPT_DATA_133.dbf",
        "#1:::49,6,5q3ajc8p_377018_1_1,15628953087065,15629041484060,0,0,0,ADAPT_DATA_49.dbf,ADAPT_DATA_49.dbf",
        "#1:::129,6,5l3ajc8o_377013_1_1,15628953087065,15629041484060,0,0,0,ADAPT_DATA_129.dbf,ADAPT_DATA_129.dbf",
        "#1:::17,6,5r3ajc8p_377019_1_1,15628953087065,15629041484060,0,0,0,ADAPT_DATA_17.dbf,ADAPT_DATA_17.dbf",
        "#1:::102,6,663ajcc8_377030_1_1,15628955425825,15629041484060,0,0,0,DHC_ROLLBACK_TRANSIENT_102.dbf,DHC_ROLLBACK_TRANSIENT_102.dbf",
        "#1:::105,6,5l3ajc8o_377013_1_1,15628953087065,15629041484060,0,0,0,ADAPT_DATA_105.dbf,ADAPT_DATA_105.dbf",
        "#1:::110,6,6f3ajceo_377039_1_1,15628955466292,15629041484060,0,0,0,WEBINT_DATA_110.dbf,WEBINT_DATA_110.dbf",
        "#1:::7,6,5v3ajcav_377023_1_1,15628955425825,15629041484060,0,0,0,ADAPT_USERS_7.dbf,ADAPT_USERS_7.dbf",
        "#1:::75,6,5t3ajc8p_377021_1_1,15628953087065,15629041484060,0,0,0,ADAPT_DATA_75.dbf,ADAPT_DATA_75.dbf",
        "#1:::18,6,5q3ajc8p_377018_1_1,15628953087065,15629041484060,0,0,0,ADAPT_DATA_18.dbf,ADAPT_DATA_18.dbf",
        "#1:::96,6,643ajcc8_377028_1_1,15628955425825,15629041484060,0,0,0,DHC_ROLLBACK_TRANSIENT_96.dbf,DHC_ROLLBACK_TRANSIENT_96.dbf",
        "#1:::91,6,673ajcc8_377031_1_1,15628955425825,15629041484060,0,0,0,DHC_ROLLBACK_TRANSIENT_91.dbf,DHC_ROLLBACK_TRANSIENT_91.dbf",
        "#1:::123,6,5r3ajc8p_377019_1_1,15628953087065,15629041484060,0,0,0,ADAPT_DATA_123.dbf,ADAPT_DATA_123.dbf",
        "#1:::37,6,6e3ajce4_377038_1_1,15628955466292,15629041484060,0,0,0,SPMSGBRK_DATA_37.dbf,SPMSGBRK_DATA_37.dbf",
        "#1:::32,6,5l3ajc8o_377013_1_1,15628953087065,15629041484060,0,0,0,ADAPT_DATA_32.dbf,ADAPT_DATA_32.dbf",
        "#1:::136,6,5o3ajc8p_377016_1_1,15628953087065,15629041484060,0,0,0,ADAPT_DATA_136.dbf,ADAPT_DATA_136.dbf",
        "#1:::108,6,6i3ajcep_377042_1_1,15628955466292,15629041484060,0,0,0,WEBINT_DATA_108.dbf,WEBINT_DATA_108.dbf",
        "#1:::131,6,5s3ajc8p_377020_1_1,15628953087065,15629041484060,0,0,0,ADAPT_DATA_131.dbf,ADAPT_DATA_131.dbf",
        "#1:::13,6,613ajcbj_377025_1_1,15628955425825,15629041484060,0,0,0,BOISJMSDB_13.dbf,BOISJMSDB_13.dbf",
        "#1:::45,6,5t3ajc8p_377021_1_1,15628953087065,15629041484060,0,0,0,ADAPT_DATA_45.dbf,ADAPT_DATA_45.dbf",
        "#1:::26,6,5q3ajc8p_377018_1_1,15628953087065,15629041484060,0,0,0,ADAPT_DATA_26.dbf,ADAPT_DATA_26.dbf",
        "#1:::97,6,633ajcc8_377027_1_1,15628955425825,15629041484060,0,0,0,DHC_ROLLBACK_TRANSIENT_97.dbf,DHC_ROLLBACK_TRANSIENT_97.dbf",
        "#1:::21,6,5o3ajc8p_377016_1_1,15628953087065,15629041484060,0,0,0,ADAPT_DATA_21.dbf,ADAPT_DATA_21.dbf",
        "#1:::31,6,5o3ajc8p_377016_1_1,15628953087065,15629041484060,0,0,0,ADAPT_DATA_31.dbf,ADAPT_DATA_31.dbf",
        "#1:::113,6,5s3ajc8p_377020_1_1,15628953087065,15629041484060,0,0,0,ADAPT_DATA_113.dbf,ADAPT_DATA_113.dbf",
        "#1:::92,6,683ajcc8_377032_1_1,15628955425825,15629041484060,0,0,0,DHC_ROLLBACK_TRANSIENT_92.dbf,DHC_ROLLBACK_TRANSIENT_92.dbf",
        "#1:::137,6,5m3ajc8o_377014_1_1,15628953087065,15629041484060,0,0,0,ADAPT_DATA_137.dbf,ADAPT_DATA_137.dbf",
        "#1:::55,6,6j3ajcep_377043_1_1,15628955466292,15629041484060,0,0,0,WEBINT_DATA_55.dbf,WEBINT_DATA_55.dbf",
        "#1:::85,6,643ajcc8_377028_1_1,15628955425825,15629041484060,0,0,0,DHC_ROLLBACK_TRANSIENT_85.dbf,DHC_ROLLBACK_TRANSIENT_85.dbf",
        "#1:::6,6,5p3ajc8p_377017_1_1,15628953087065,15629041484060,0,0,0,ADAPT_DATA_6.dbf,ADAPT_DATA_6.dbf",
        "#1:::120,6,5l3ajc8o_377013_1_1,15628953087065,15629041484060,0,0,0,ADAPT_DATA_120.dbf,ADAPT_DATA_120.dbf",
        "#1:::65,6,5s3ajc8p_377020_1_1,15628953087065,15629041484060,0,0,0,ADAPT_DATA_65.dbf,ADAPT_DATA_65.dbf",
        "#1:::103,6,633ajcc8_377027_1_1,15628955425825,15629041484060,0,0,0,DHC_ROLLBACK_TRANSIENT_103.dbf,DHC_ROLLBACK_TRANSIENT_103.dbf",
        "#1:::58,6,5m3ajc8o_377014_1_1,15628953087065,15629041484060,0,0,0,ADAPT_DATA_58.dbf,ADAPT_DATA_58.dbf",
        "#1:::134,6,5p3ajc8p_377017_1_1,15628953087065,15629041484060,0,0,0,ADAPT_DATA_134.dbf,ADAPT_DATA_134.dbf",
        "#1:::43,6,5m3ajc8o_377014_1_1,15628953087065,15629041484060,0,0,0,ADAPT_DATA_43.dbf,ADAPT_DATA_43.dbf",
        "#1:::132,6,5r3ajc8p_377019_1_1,15628953087065,15629041484060,0,0,0,ADAPT_DATA_132.dbf,ADAPT_DATA_132.dbf",
        "#1:::88,6,6a3ajcc9_377034_1_1,15628955425825,15629041484060,0,0,0,DHC_ROLLBACK_TRANSIENT_88.dbf,DHC_ROLLBACK_TRANSIENT_88.dbf",
        "#1:::125,6,5p3ajc8p_377017_1_1,15628953087065,15629041484060,0,0,0,ADAPT_DATA_125.dbf,ADAPT_DATA_125.dbf",
        "#1:::29,6,5u3ajcad_377022_1_1,15628955425825,15629041484060,0,0,0,ADAPTINTOUCH_29.dbf,ADAPTINTOUCH_29.dbf",
        "#1:::48,6,5t3ajc8p_377021_1_1,15628953087065,15629041484060,0,0,0,ADAPT_DATA_48.dbf,ADAPT_DATA_48.dbf",
        "#1:::53,6,6i3ajcep_377042_1_1,15628955466292,15629041484060,0,0,0,WEBINT_DATA_53.dbf,WEBINT_DATA_53.dbf",
        "#1:::24,6,6g3ajceo_377040_1_1,15628955466292,15629041484060,0,0,0,WEBINT_DATA_24.dbf,WEBINT_DATA_24.dbf",
        "#1:::83,6,6k3ajcep_377044_1_1,15628955466292,15629041484060,0,0,0,WEBINT_DATA_83.dbf,WEBINT_DATA_83.dbf",
        "#1:::128,6,5m3ajc8o_377014_1_1,15628953087065,15629041484060,0,0,0,ADAPT_DATA_128.dbf,ADAPT_DATA_128.dbf",
        "#1:::34,6,5r3ajc8p_377019_1_1,15628953087065,15629041484060,0,0,0,ADAPT_DATA_34.dbf,ADAPT_DATA_34.dbf",
        "#1:::30,6,5n3ajc8p_377015_1_1,15628953087065,15629041484060,0,0,0,ADAPT_DATA_30.dbf,ADAPT_DATA_30.dbf",
        "#1:::63,6,5m3ajc8o_377014_1_1,15628953087065,15629041484060,0,0,0,ADAPT_DATA_63.dbf,ADAPT_DATA_63.dbf",
        "#1:::20,6,5n3ajc8p_377015_1_1,15628953087065,15629041484060,0,0,0,ADAPT_DATA_20.dbf,ADAPT_DATA_20.dbf",
        "#1:::118,6,5o3ajc8p_377016_1_1,15628953087065,15629041484060,0,0,0,ADAPT_DATA_118.dbf,ADAPT_DATA_118.dbf",
        "#1:::100,6,693ajcc8_377033_1_1,15628955425825,15629041484060,0,0,0,DHC_ROLLBACK_TRANSIENT_100.dbf,DHC_ROLLBACK_TRANSIENT_100.dbf",
        "#1:::115,6,5q3ajc8p_377018_1_1,15628953087065,15629041484060,0,0,0,ADAPT_DATA_115.dbf,ADAPT_DATA_115.dbf",
        "#1:::99,6,623ajcc8_377026_1_1,15628955425825,15629041484060,0,0,0,DHC_ROLLBACK_TRANSIENT_99.dbf,DHC_ROLLBACK_TRANSIENT_99.dbf",
        "#1:::78,6,5q3ajc8p_377018_1_1,15628953087065,15629041484060,0,0,0,ADAPT_DATA_78.dbf,ADAPT_DATA_78.dbf",
        "#1:::94,6,6b3ajcc9_377035_1_1,15628955425825,15629041484060,0,0,0,DHC_ROLLBACK_TRANSIENT_94.dbf,DHC_ROLLBACK_TRANSIENT_94.dbf",
        "#1:::15,6,5t3ajc8p_377021_1_1,15628953087065,15629041484060,0,0,0,ADAPT_DATA_15.dbf,ADAPT_DATA_15.dbf",
        "#1:::90,6,6b3ajcc9_377035_1_1,15628955425825,15629041484060,0,0,0,DHC_ROLLBACK_TRANSIENT_90.dbf,DHC_ROLLBACK_TRANSIENT_90.dbf",
        "#1:::41,6,5n3ajc8p_377015_1_1,15628953087065,15629041484060,0,0,0,ADAPT_DATA_41.dbf,ADAPT_DATA_41.dbf",
        "#1:::114,6,5r3ajc8p_377019_1_1,15628953087065,15629041484060,0,0,0,ADAPT_DATA_114.dbf,ADAPT_DATA_114.dbf",
        "#1:::46,6,5t3ajc8p_377021_1_1,15628953087065,15629041484060,0,0,0,ADAPT_DATA_46.dbf,ADAPT_DATA_46.dbf",
        "#1:::107,6,6k3ajcep_377044_1_1,15628955466292,15629041484060,0,0,0,WEBINT_DATA_107.dbf,WEBINT_DATA_107.dbf",
        "#1:::77,6,5r3ajc8p_377019_1_1,15628953087065,15629041484060,0,0,0,ADAPT_DATA_77.dbf,ADAPT_DATA_77.dbf",
        "#1:::35,6,5q3ajc8p_377018_1_1,15628953087065,15629041484060,0,0,0,ADAPT_DATA_35.dbf,ADAPT_DATA_35.dbf",
        "#1:::25,6,5s3ajc8p_377020_1_1,15628953087065,15629041484060,0,0,0,ADAPT_DATA_25.dbf,ADAPT_DATA_25.dbf",
        "#1:::112,6,5t3ajc8p_377021_1_1,15628953087065,15629041484060,0,0,0,ADAPT_DATA_112.dbf,ADAPT_DATA_112.dbf",
        "#1:::51,6,5m3ajc8o_377014_1_1,15628953087065,15629041484060,0,0,0,ADAPT_DATA_51.dbf,ADAPT_DATA_51.dbf",
        "#1:::61,6,5n3ajc8p_377015_1_1,15628953087065,15629041484060,0,0,0,ADAPT_DATA_61.dbf,ADAPT_DATA_61.dbf",
        "#1:::72,6,603ajcav_377024_1_1,15628955425825,15629041484060,0,0,0,ADAPT_USERS_72.dbf,ADAPT_USERS_72.dbf",
        "#1:::86,6,653ajcc8_377029_1_1,15628955425825,15629041484060,0,0,0,DHC_ROLLBACK_TRANSIENT_86.dbf,DHC_ROLLBACK_TRANSIENT_86.dbf",
        "#1:::81,6,5o3ajc8p_377016_1_1,15628953087065,15629041484060,0,0,0,ADAPT_DATA_81.dbf,ADAPT_DATA_81.dbf",
        "#1:::106,6,6h3ajcep_377041_1_1,15628955466292,15629041484060,0,0,0,WEBINT_DATA_106.dbf,WEBINT_DATA_106.dbf",
        "#1:::76,6,5s3ajc8p_377020_1_1,15628953087065,15629041484060,0,0,0,ADAPT_DATA_76.dbf,ADAPT_DATA_76.dbf",
        "#1:::47,6,5s3ajc8p_377020_1_1,15628953087065,15629041484060,0,0,0,ADAPT_DATA_47.dbf,ADAPT_DATA_47.dbf",
        "#1:::138,6,5l3ajc8o_377013_1_1,15628953087065,15629041484060,0,0,0,ADAPT_DATA_138.dbf,ADAPT_DATA_138.dbf",
        "#1:::82,6,5m3ajc8o_377014_1_1,15628953087065,15629041484060,0,0,0,ADAPT_DATA_82.dbf,ADAPT_DATA_82.dbf",
        "#1:::101,6,653ajcc8_377029_1_1,15628955425825,15629041484060,0,0,0,DHC_ROLLBACK_TRANSIENT_101.dbf,DHC_ROLLBACK_TRANSIENT_101.dbf",
        "#1:::19,6,5s3ajc8p_377020_1_1,15628953087065,15629041484060,0,0,0,ADAPT_DATA_19.dbf,ADAPT_DATA_19.dbf",
        "#1:::62,6,5o3ajc8p_377016_1_1,15628953087065,15629041484060,0,0,0,ADAPT_DATA_62.dbf,ADAPT_DATA_62.dbf",
        "#1:::14,6,6f3ajceo_377039_1_1,15628955466292,15629041484060,0,0,0,WEBINT_DATA_14.dbf,WEBINT_DATA_14.dbf",
        "#1:::95,6,673ajcc8_377031_1_1,15628955425825,15629041484060,0,0,0,DHC_ROLLBACK_TRANSIENT_95.dbf,DHC_ROLLBACK_TRANSIENT_95.dbf",
        "#1:::52,6,5p3ajc8p_377017_1_1,15628953087065,15629041484060,0,0,0,ADAPT_DATA_52.dbf,ADAPT_DATA_52.dbf",
        "#1:::9,6,5k3ajc81_377012_1_1,15628953087065,15629041484060,0,0,0,ADAPTDOMAIN1_DATA_9.dbf,ADAPTDOMAIN1_DATA_9.dbf",
        "#1:::122,6,5s3ajc8p_377020_1_1,15628953087065,15629041484060,0,0,0,ADAPT_DATA_122.dbf,ADAPT_DATA_122.dbf",
        "#1:::135,6,5n3ajc8p_377015_1_1,15628953087065,15629041484060,0,0,0,ADAPT_DATA_135.dbf,ADAPT_DATA_135.dbf",
        "#1:::109,6,6j3ajcep_377043_1_1,15628955466292,15629041484060,0,0,0,WEBINT_DATA_109.dbf,WEBINT_DATA_109.dbf",
        "#1:::42,6,5o3ajc8p_377016_1_1,15628953087065,15629041484060,0,0,0,ADAPT_DATA_42.dbf,ADAPT_DATA_42.dbf",
        "#1:::124,6,5q3ajc8p_377018_1_1,15628953087065,15629041484060,0,0,0,ADAPT_DATA_124.dbf,ADAPT_DATA_124.dbf",
        "#1:::87,6,663ajcc8_377030_1_1,15628955425825,15629041484060,0,0,0,DHC_ROLLBACK_TRANSIENT_87.dbf,DHC_ROLLBACK_TRANSIENT_87.dbf",
        "#2:::92,6,793alus5_377065_1_1,15629041484060,15629108901715,0,0,0,DHC_ROLLBACK_TRANSIENT_92.dbf,DHC_ROLLBACK_TRANSIENT_92.dbf",
        "#2:::137,6,6n3aluni_377047_1_1,15629041484060,15629108901715,0,0,0,ADAPT_DATA_137.dbf,ADAPT_DATA_137.dbf",
        "#2:::83,6,7l3aluup_377077_1_1,15629041484060,15629108901715,0,0,0,WEBINT_DATA_83.dbf,WEBINT_DATA_83.dbf",
        "#2:::46,6,6u3alunj_377054_1_1,15629041484060,15629108901715,0,0,0,ADAPT_DATA_46.dbf,ADAPT_DATA_46.dbf",
        "#2:::79,6,6q3aluni_377050_1_1,15629041484060,15629108901715,0,0,0,ADAPT_DATA_79.dbf,ADAPT_DATA_79.dbf",
        "#2:::13,6,723alurg_377058_1_1,15629041484060,15629108901715,0,0,0,BOISJMSDB_13.dbf,BOISJMSDB_13.dbf",
        "#2:::55,6,7k3aluup_377076_1_1,15629041484060,15629108901715,0,0,0,WEBINT_DATA_55.dbf,WEBINT_DATA_55.dbf",
        "#2:::122,6,6t3alunj_377053_1_1,15629041484060,15629108901715,0,0,0,ADAPT_DATA_122.dbf,ADAPT_DATA_122.dbf",
        "#2:::49,6,6r3aluni_377051_1_1,15629041484060,15629108901715,0,0,0,ADAPT_DATA_49.dbf,ADAPT_DATA_49.dbf",
        "#2:::128,6,6n3aluni_377047_1_1,15629041484060,15629108901715,0,0,0,ADAPT_DATA_128.dbf,ADAPT_DATA_128.dbf",
        "#2:::94,6,7c3alus5_377068_1_1,15629041484060,15629108901715,0,0,0,DHC_ROLLBACK_TRANSIENT_94.dbf,DHC_ROLLBACK_TRANSIENT_94.dbf",
        "#2:::61,6,6o3aluni_377048_1_1,15629041484060,15629108901715,0,0,0,ADAPT_DATA_61.dbf,ADAPT_DATA_61.dbf",
        "#2:::76,6,6t3alunj_377053_1_1,15629041484060,15629108901715,0,0,0,ADAPT_DATA_76.dbf,ADAPT_DATA_76.dbf",
        "#2:::80,6,6o3aluni_377048_1_1,15629041484060,15629108901715,0,0,0,ADAPT_DATA_80.dbf,ADAPT_DATA_80.dbf",
        "#2:::107,6,7l3aluup_377077_1_1,15629041484060,15629108901715,0,0,0,WEBINT_DATA_107.dbf,WEBINT_DATA_107.dbf",
        "#2:::97,6,743alus5_377060_1_1,15629041484060,15629108901715,0,0,0,DHC_ROLLBACK_TRANSIENT_97.dbf,DHC_ROLLBACK_TRANSIENT_97.dbf",
        "#2:::126,6,6o3aluni_377048_1_1,15629041484060,15629108901715,0,0,0,ADAPT_DATA_126.dbf,ADAPT_DATA_126.dbf",
        "#2:::48,6,6u3alunj_377054_1_1,15629041484060,15629108901715,0,0,0,ADAPT_DATA_48.dbf,ADAPT_DATA_48.dbf",
        "#2:::29,6,6v3aluq4_377055_1_1,15629041484060,15629108901715,0,0,0,ADAPTINTOUCH_29.dbf,ADAPTINTOUCH_29.dbf",
        "#2:::63,6,6n3aluni_377047_1_1,15629041484060,15629108901715,0,0,0,ADAPT_DATA_63.dbf,ADAPT_DATA_63.dbf",
        "#2:::81,6,6p3aluni_377049_1_1,15629041484060,15629108901715,0,0,0,ADAPT_DATA_81.dbf,ADAPT_DATA_81.dbf",
        "#2:::117,6,6o3aluni_377048_1_1,15629041484060,15629108901715,0,0,0,ADAPT_DATA_117.dbf,ADAPT_DATA_117.dbf",
        "#2:::60,6,6s3alunj_377052_1_1,15629041484060,15629108901715,0,0,0,ADAPT_DATA_60.dbf,ADAPT_DATA_60.dbf",
        "#2:::78,6,6r3aluni_377051_1_1,15629041484060,15629108901715,0,0,0,ADAPT_DATA_78.dbf,ADAPT_DATA_78.dbf",
        "#2:::26,6,6r3aluni_377051_1_1,15629041484060,15629108901715,0,0,0,ADAPT_DATA_26.dbf,ADAPT_DATA_26.dbf",
        "#2:::129,6,6m3aluni_377046_1_1,15629041484060,15629108901715,0,0,0,ADAPT_DATA_129.dbf,ADAPT_DATA_129.dbf",
        "#2:::11,6,7d3alusp_377069_1_1,15629041484060,15629108901715,0,0,0,FUZZY_SEARCH_11.dbf,FUZZY_SEARCH_11.dbf",
        "#2:::6,6,6q3aluni_377050_1_1,15629041484060,15629108901715,0,0,0,ADAPT_DATA_6.dbf,ADAPT_DATA_6.dbf",
        "#2:::111,6,7h3aluup_377073_1_1,15629041484060,15629108901715,0,0,0,WEBINT_DATA_111.dbf,WEBINT_DATA_111.dbf",
        "#2:::65,6,6t3alunj_377053_1_1,15629041484060,15629108901715,0,0,0,ADAPT_DATA_65.dbf,ADAPT_DATA_65.dbf",
        "#2:::120,6,6m3aluni_377046_1_1,15629041484060,15629108901715,0,0,0,ADAPT_DATA_120.dbf,ADAPT_DATA_120.dbf",
        "#2:::77,6,6s3alunj_377052_1_1,15629041484060,15629108901715,0,0,0,ADAPT_DATA_77.dbf,ADAPT_DATA_77.dbf",
        "#2:::37,6,7f3aluu4_377071_1_1,15629041484060,15629108901715,0,0,0,SPMSGBRK_DATA_37.dbf,SPMSGBRK_DATA_37.dbf",
        "#2:::98,6,793alus5_377065_1_1,15629041484060,15629108901715,0,0,0,DHC_ROLLBACK_TRANSIENT_98.dbf,DHC_ROLLBACK_TRANSIENT_98.dbf",
        "#2:::51,6,6n3aluni_377047_1_1,15629041484060,15629108901715,0,0,0,ADAPT_DATA_51.dbf,ADAPT_DATA_51.dbf",
        "#2:::114,6,6s3alunj_377052_1_1,15629041484060,15629108901715,0,0,0,ADAPT_DATA_114.dbf,ADAPT_DATA_114.dbf",
        "#2:::24,6,7h3aluup_377073_1_1,15629041484060,15629108901715,0,0,0,WEBINT_DATA_24.dbf,WEBINT_DATA_24.dbf",
        "#2:::47,6,6t3alunj_377053_1_1,15629041484060,15629108901715,0,0,0,ADAPT_DATA_47.dbf,ADAPT_DATA_47.dbf",
        "#2:::125,6,6q3aluni_377050_1_1,15629041484060,15629108901715,0,0,0,ADAPT_DATA_125.dbf,ADAPT_DATA_125.dbf",
        "#2:::15,6,6u3alunj_377054_1_1,15629041484060,15629108901715,0,0,0,ADAPT_DATA_15.dbf,ADAPT_DATA_15.dbf",
        "#2:::72,6,713aluqo_377057_1_1,15629041484060,15629108901715,0,0,0,ADAPT_USERS_72.dbf,ADAPT_USERS_72.dbf",
        "#2:::53,6,7j3aluup_377075_1_1,15629041484060,15629108901715,0,0,0,WEBINT_DATA_53.dbf,WEBINT_DATA_53.dbf",
        "#2:::134,6,6q3aluni_377050_1_1,15629041484060,15629108901715,0,0,0,ADAPT_DATA_134.dbf,ADAPT_DATA_134.dbf",
        "#2:::123,6,6s3alunj_377052_1_1,15629041484060,15629108901715,0,0,0,ADAPT_DATA_123.dbf,ADAPT_DATA_123.dbf",
        "#2:::44,6,6m3aluni_377046_1_1,15629041484060,15629108901715,0,0,0,ADAPT_DATA_44.dbf,ADAPT_DATA_44.dbf",
        "#2:::85,6,753alus5_377061_1_1,15629041484060,15629108901715,0,0,0,DHC_ROLLBACK_TRANSIENT_85.dbf,DHC_ROLLBACK_TRANSIENT_85.dbf",
        "#2:::99,6,733alus5_377059_1_1,15629041484060,15629108901715,0,0,0,DHC_ROLLBACK_TRANSIENT_99.dbf,DHC_ROLLBACK_TRANSIENT_99.dbf",
        "#2:::101,6,763alus5_377062_1_1,15629041484060,15629108901715,0,0,0,DHC_ROLLBACK_TRANSIENT_101.dbf,DHC_ROLLBACK_TRANSIENT_101.dbf",
        "#2:::32,6,6m3aluni_377046_1_1,15629041484060,15629108901715,0,0,0,ADAPT_DATA_32.dbf,ADAPT_DATA_32.dbf",
        "#2:::131,6,6t3alunj_377053_1_1,15629041484060,15629108901715,0,0,0,ADAPT_DATA_131.dbf,ADAPT_DATA_131.dbf",
        "#2:::34,6,6s3alunj_377052_1_1,15629041484060,15629108901715,0,0,0,ADAPT_DATA_34.dbf,ADAPT_DATA_34.dbf",
        "#2:::96,6,753alus5_377061_1_1,15629041484060,15629108901715,0,0,0,DHC_ROLLBACK_TRANSIENT_96.dbf,DHC_ROLLBACK_TRANSIENT_96.dbf",
        "#2:::104,6,733alus5_377059_1_1,15629041484060,15629108901715,0,0,0,DHC_ROLLBACK_TRANSIENT_104.dbf,DHC_ROLLBACK_TRANSIENT_104.dbf",
        "#2:::50,6,6s3alunj_377052_1_1,15629041484060,15629108901715,0,0,0,ADAPT_DATA_50.dbf,ADAPT_DATA_50.dbf",
        "#2:::42,6,6p3aluni_377049_1_1,15629041484060,15629108901715,0,0,0,ADAPT_DATA_42.dbf,ADAPT_DATA_42.dbf",
        "#2:::118,6,6p3aluni_377049_1_1,15629041484060,15629108901715,0,0,0,ADAPT_DATA_118.dbf,ADAPT_DATA_118.dbf",
        "#2:::87,6,773alus5_377063_1_1,15629041484060,15629108901715,0,0,0,DHC_ROLLBACK_TRANSIENT_87.dbf,DHC_ROLLBACK_TRANSIENT_87.dbf",
        "#2:::109,6,7k3aluup_377076_1_1,15629041484060,15629108901715,0,0,0,WEBINT_DATA_109.dbf,WEBINT_DATA_109.dbf",
        "#2:::112,6,6u3alunj_377054_1_1,15629041484060,15629108901715,0,0,0,ADAPT_DATA_112.dbf,ADAPT_DATA_112.dbf",
        "#2:::136,6,6p3aluni_377049_1_1,15629041484060,15629108901715,0,0,0,ADAPT_DATA_136.dbf,ADAPT_DATA_136.dbf",
        "#2:::17,6,6s3alunj_377052_1_1,15629041484060,15629108901715,0,0,0,ADAPT_DATA_17.dbf,ADAPT_DATA_17.dbf",
        "#2:::62,6,6p3aluni_377049_1_1,15629041484060,15629108901715,0,0,0,ADAPT_DATA_62.dbf,ADAPT_DATA_62.dbf",
        "#2:::25,6,6t3alunj_377053_1_1,15629041484060,15629108901715,0,0,0,ADAPT_DATA_25.dbf,ADAPT_DATA_25.dbf",
        "#2:::106,6,7i3aluup_377074_1_1,15629041484060,15629108901715,0,0,0,WEBINT_DATA_106.dbf,WEBINT_DATA_106.dbf",
        "#2:::91,6,783alus5_377064_1_1,15629041484060,15629108901715,0,0,0,DHC_ROLLBACK_TRANSIENT_91.dbf,DHC_ROLLBACK_TRANSIENT_91.dbf",
        "#2:::58,6,6n3aluni_377047_1_1,15629041484060,15629108901715,0,0,0,ADAPT_DATA_58.dbf,ADAPT_DATA_58.dbf",
        "#2:::64,6,6m3aluni_377046_1_1,15629041484060,15629108901715,0,0,0,ADAPT_DATA_64.dbf,ADAPT_DATA_64.dbf",
        "#2:::93,6,7a3alus5_377066_1_1,15629041484060,15629108901715,0,0,0,DHC_ROLLBACK_TRANSIENT_93.dbf,DHC_ROLLBACK_TRANSIENT_93.dbf",
        "#2:::35,6,6r3aluni_377051_1_1,15629041484060,15629108901715,0,0,0,ADAPT_DATA_35.dbf,ADAPT_DATA_35.dbf",
        "#2:::127,6,6p3aluni_377049_1_1,15629041484060,15629108901715,0,0,0,ADAPT_DATA_127.dbf,ADAPT_DATA_127.dbf",
        "#2:::82,6,6n3aluni_377047_1_1,15629041484060,15629108901715,0,0,0,ADAPT_DATA_82.dbf,ADAPT_DATA_82.dbf",
        "#2:::102,6,773alus5_377063_1_1,15629041484060,15629108901715,0,0,0,DHC_ROLLBACK_TRANSIENT_102.dbf,DHC_ROLLBACK_TRANSIENT_102.dbf",
        "#2:::59,6,6q3aluni_377050_1_1,15629041484060,15629108901715,0,0,0,ADAPT_DATA_59.dbf,ADAPT_DATA_59.dbf",
        "#2:::108,6,7j3aluup_377075_1_1,15629041484060,15629108901715,0,0,0,WEBINT_DATA_108.dbf,WEBINT_DATA_108.dbf",
        "#2:::75,6,6u3alunj_377054_1_1,15629041484060,15629108901715,0,0,0,ADAPT_DATA_75.dbf,ADAPT_DATA_75.dbf",
        "#2:::12,6,7e3alutg_377070_1_1,15629041484060,15629108901715,0,0,0,OT_SCHD_DATA_12.dbf,OT_SCHD_DATA_12.dbf",
        "#2:::119,6,6n3aluni_377047_1_1,15629041484060,15629108901715,0,0,0,ADAPT_DATA_119.dbf,ADAPT_DATA_119.dbf",
        "#2:::45,6,6u3alunj_377054_1_1,15629041484060,15629108901715,0,0,0,ADAPT_DATA_45.dbf,ADAPT_DATA_45.dbf",
        "#2:::132,6,6s3alunj_377052_1_1,15629041484060,15629108901715,0,0,0,ADAPT_DATA_132.dbf,ADAPT_DATA_132.dbf",
        "#2:::14,6,7g3aluuo_377072_1_1,15629041484060,15629108901715,0,0,0,WEBINT_DATA_14.dbf,WEBINT_DATA_14.dbf",
        "#2:::9,6,6l3alumr_377045_1_1,15629041484060,15629108901715,0,0,0,ADAPTDOMAIN1_DATA_9.dbf,ADAPTDOMAIN1_DATA_9.dbf",
        "#2:::138,6,6m3aluni_377046_1_1,15629041484060,15629108901715,0,0,0,ADAPT_DATA_138.dbf,ADAPT_DATA_138.dbf",
        "#2:::90,6,7c3alus5_377068_1_1,15629041484060,15629108901715,0,0,0,DHC_ROLLBACK_TRANSIENT_90.dbf,DHC_ROLLBACK_TRANSIENT_90.dbf",
        "#2:::116,6,6q3aluni_377050_1_1,15629041484060,15629108901715,0,0,0,ADAPT_DATA_116.dbf,ADAPT_DATA_116.dbf",
        "#2:::124,6,6r3aluni_377051_1_1,15629041484060,15629108901715,0,0,0,ADAPT_DATA_124.dbf,ADAPT_DATA_124.dbf",
        "#2:::52,6,6q3aluni_377050_1_1,15629041484060,15629108901715,0,0,0,ADAPT_DATA_52.dbf,ADAPT_DATA_52.dbf",
        "#2:::19,6,6t3alunj_377053_1_1,15629041484060,15629108901715,0,0,0,ADAPT_DATA_19.dbf,ADAPT_DATA_19.dbf",
        "#2:::133,6,6r3aluni_377051_1_1,15629041484060,15629108901715,0,0,0,ADAPT_DATA_133.dbf,ADAPT_DATA_133.dbf",
        "#2:::89,6,7b3alus5_377067_1_1,15629041484060,15629108901715,0,0,0,DHC_ROLLBACK_TRANSIENT_89.dbf,DHC_ROLLBACK_TRANSIENT_89.dbf",
        "#2:::95,6,783alus5_377064_1_1,15629041484060,15629108901715,0,0,0,DHC_ROLLBACK_TRANSIENT_95.dbf,DHC_ROLLBACK_TRANSIENT_95.dbf",
        "#2:::115,6,6r3aluni_377051_1_1,15629041484060,15629108901715,0,0,0,ADAPT_DATA_115.dbf,ADAPT_DATA_115.dbf",
        "#2:::33,6,6q3aluni_377050_1_1,15629041484060,15629108901715,0,0,0,ADAPT_DATA_33.dbf,ADAPT_DATA_33.dbf",
        "#2:::110,6,7g3aluuo_377072_1_1,15629041484060,15629108901715,0,0,0,WEBINT_DATA_110.dbf,WEBINT_DATA_110.dbf",
        "#2:::7,6,703aluqo_377056_1_1,15629041484060,15629108901715,0,0,0,ADAPT_USERS_7.dbf,ADAPT_USERS_7.dbf",
        "#2:::16,6,6m3aluni_377046_1_1,15629041484060,15629108901715,0,0,0,ADAPT_DATA_16.dbf,ADAPT_DATA_16.dbf",
        "#2:::121,6,6u3alunj_377054_1_1,15629041484060,15629108901715,0,0,0,ADAPT_DATA_121.dbf,ADAPT_DATA_121.dbf",
        "#2:::30,6,6o3aluni_377048_1_1,15629041484060,15629108901715,0,0,0,ADAPT_DATA_30.dbf,ADAPT_DATA_30.dbf",
        "#2:::21,6,6p3aluni_377049_1_1,15629041484060,15629108901715,0,0,0,ADAPT_DATA_21.dbf,ADAPT_DATA_21.dbf",
        "#2:::54,6,7i3aluup_377074_1_1,15629041484060,15629108901715,0,0,0,WEBINT_DATA_54.dbf,WEBINT_DATA_54.dbf",
        "#2:::43,6,6n3aluni_377047_1_1,15629041484060,15629108901715,0,0,0,ADAPT_DATA_43.dbf,ADAPT_DATA_43.dbf",
        "#2:::103,6,743alus5_377060_1_1,15629041484060,15629108901715,0,0,0,DHC_ROLLBACK_TRANSIENT_103.dbf,DHC_ROLLBACK_TRANSIENT_103.dbf",
        "#2:::86,6,763alus5_377062_1_1,15629041484060,15629108901715,0,0,0,DHC_ROLLBACK_TRANSIENT_86.dbf,DHC_ROLLBACK_TRANSIENT_86.dbf",
        "#2:::105,6,6m3aluni_377046_1_1,15629041484060,15629108901715,0,0,0,ADAPT_DATA_105.dbf,ADAPT_DATA_105.dbf",
        "#2:::130,6,6u3alunj_377054_1_1,15629041484060,15629108901715,0,0,0,ADAPT_DATA_130.dbf,ADAPT_DATA_130.dbf",
        "#2:::41,6,6o3aluni_377048_1_1,15629041484060,15629108901715,0,0,0,ADAPT_DATA_41.dbf,ADAPT_DATA_41.dbf",
        "#2:::88,6,7b3alus5_377067_1_1,15629041484060,15629108901715,0,0,0,DHC_ROLLBACK_TRANSIENT_88.dbf,DHC_ROLLBACK_TRANSIENT_88.dbf",
        "#2:::113,6,6t3alunj_377053_1_1,15629041484060,15629108901715,0,0,0,ADAPT_DATA_113.dbf,ADAPT_DATA_113.dbf",
        "#2:::135,6,6o3aluni_377048_1_1,15629041484060,15629108901715,0,0,0,ADAPT_DATA_135.dbf,ADAPT_DATA_135.dbf",
        "#2:::31,6,6p3aluni_377049_1_1,15629041484060,15629108901715,0,0,0,ADAPT_DATA_31.dbf,ADAPT_DATA_31.dbf",
        "#2:::18,6,6r3aluni_377051_1_1,15629041484060,15629108901715,0,0,0,ADAPT_DATA_18.dbf,ADAPT_DATA_18.dbf",
        "#2:::20,6,6o3aluni_377048_1_1,15629041484060,15629108901715,0,0,0,ADAPT_DATA_20.dbf,ADAPT_DATA_20.dbf",
        "#2:::100,6,7a3alus5_377066_1_1,15629041484060,15629108901715,0,0,0,DHC_ROLLBACK_TRANSIENT_100.dbf,DHC_ROLLBACK_TRANSIENT_100.dbf"
    ]
}

TASK [level_1_backup : Do a level 1 backup on hrmaxpd2035.emea.hays.loc _raw_params=export TMPDIR={{ source_xtts_scripts_dir }}
export ORACLE_SID={{ source_oracle_sid }}
export ORACLE_HOME={{ source_oracle_home }}
export NLS_LANG={{ nls_lang }}
cd {{ source_xtts_scripts_dir }}
{{ source_oracle_home }}/perl/bin/perl xttdriver.pl --backup
] ***
Friday 22 November 2024  08:30:42 +0000 (0:00:00.037)       0:00:49.432 ******* 
[WARNING]: Using world-readable permissions for temporary files Ansible needs
to create when becoming an unprivileged user. This may be insecure. For
information on securing this, see
https://docs.ansible.com/ansible/become.html#becoming-an-unprivileged-user
changed: [10.190.17.156]

TASK [level_1_backup : Wait for the level 1 backup job to finish jid={{ backup_async_job.ansible_job_id }}] ***
Friday 22 November 2024  08:30:48 +0000 (0:00:05.914)       0:00:55.346 ******* 
[WARNING]: Using world-readable permissions for temporary files Ansible needs
to create when becoming an unprivileged user. This may be insecure. For
information on securing this, see
https://docs.ansible.com/ansible/become.html#becoming-an-unprivileged-user
FAILED - RETRYING: Wait for the level 1 backup job to finish (20160 retries left).
FAILED - RETRYING: Wait for the level 1 backup job to finish (20159 retries left).
FAILED - RETRYING: Wait for the level 1 backup job to finish (20158 retries left).
FAILED - RETRYING: Wait for the level 1 backup job to finish (20157 retries left).
FAILED - RETRYING: Wait for the level 1 backup job to finish (20156 retries left).
FAILED - RETRYING: Wait for the level 1 backup job to finish (20155 retries left).
FAILED - RETRYING: Wait for the level 1 backup job to finish (20154 retries left).
FAILED - RETRYING: Wait for the level 1 backup job to finish (20153 retries left).
changed: [10.190.17.156]

TASK [level_1_backup : Validate if the level 1 backup has been completed successfully msg={{ backup_out.stdout_lines }}] ***
Friday 22 November 2024  08:35:31 +0000 (0:04:43.059)       0:05:38.406 ******* 
ok: [10.190.17.156] => {
    "msg": [
        "============================================================",
        "trace file is /home/oracle/version1/ADRW10PD_xtts/backup_Nov22_Fri_08_30_49_513//Nov22_Fri_08_30_49_513_.log",
        "=============================================================",
        "",
        "--------------------------------------------------------------------",
        "Parsing properties",
        "--------------------------------------------------------------------",
        "",
        "",
        "--------------------------------------------------------------------",
        "Done parsing properties",
        "--------------------------------------------------------------------",
        "",
        "",
        "--------------------------------------------------------------------",
        "Checking properties",
        "--------------------------------------------------------------------",
        "",
        "",
        "--------------------------------------------------------------------",
        "Maximum 8 files will be fetched in parallel",
        "--------------------------------------------------------------------",
        "",
        "",
        "--------------------------------------------------------------------",
        "Done checking properties",
        "--------------------------------------------------------------------",
        "",
        "",
        "--------------------------------------------------------------------",
        "Backup incremental",
        "--------------------------------------------------------------------",
        "",
        "scalar(or10",
        "XXX: adding here for 2, 0, ADAPTDOMAIN1_DATA,ADAPT_DATA,ADAPTINTOUCH,ADAPT_USERS,BOISJMSDB,DHC_ROLLBACK_TRANSIENT,FUZZY_SEARCH,OT_SCHD_DATA,SPMSGBRK_DATA,WEBINT_DATA",
        "Prepare newscn for Tablespaces: 'ADAPTDOMAIN1_DATA'",
        "Prepare newscn for Tablespaces: 'ADAPT_DATA'",
        "Prepare newscn for Tablespaces: 'ADAPTINTOUCH'",
        "Prepare newscn for Tablespaces: 'ADAPT_USERS'",
        "Prepare newscn for Tablespaces: 'BOISJMSDB'",
        "Prepare newscn for Tablespaces: 'DHC_ROLLBACK_TRANSIENT'",
        "Prepare newscn for Tablespaces: 'FUZZY_SEARCH'",
        "Prepare newscn for Tablespaces: 'OT_SCHD_DATA'",
        "Prepare newscn for Tablespaces: 'SPMSGBRK_DATA'",
        "Prepare newscn for Tablespaces: 'WEBINT_DATA'",
        "",
        "--------------------------------------------------------------------",
        "Starting incremental backup",
        "--------------------------------------------------------------------",
        "",
        "",
        "--------------------------------------------------------------------",
        "Done backing up incrementals",
        "--------------------------------------------------------------------",
        "",
        "Prepare newscn for Tablespaces: 'ADAPTDOMAIN1_DATA'",
        "Prepare newscn for Tablespaces: 'ADAPT_DATA'",
        "Prepare newscn for Tablespaces: 'ADAPTINTOUCH'",
        "Prepare newscn for Tablespaces: 'ADAPT_USERS'",
        "Prepare newscn for Tablespaces: 'BOISJMSDB'",
        "Prepare newscn for Tablespaces: 'DHC_ROLLBACK_TRANSIENT'",
        "Prepare newscn for Tablespaces: 'FUZZY_SEARCH'",
        "Prepare newscn for Tablespaces: 'OT_SCHD_DATA'",
        "Prepare newscn for Tablespaces: 'SPMSGBRK_DATA'",
        "Prepare newscn for Tablespaces: 'WEBINT_DATA'",
        "New /home/oracle/version1/ADRW10PD_xtts/xttplan.txt with FROM SCN's generated"
    ]
}

PLAY [transfer the level_1 backups to the /mnt/foaexaukl1pdfss01/xtts_backup/version1/CAPD_xtts_scratch] ***

PLAY [do level 1 restore on foaukl1pddb-4kxck1.otchukl1pdexcl.otchukl1pdvcn01.oraclevcn.com] ***

PLAY RECAP *********************************************************************
10.190.17.156              : ok=7    changed=3    unreachable=0    failed=0    skipped=2    rescued=0    ignored=0   

Friday 22 November 2024  08:35:31 +0000 (0:00:00.032)       0:05:38.439 ******* 
=============================================================================== 
level_1_backup : Wait for the level 1 backup job to finish ------------ 283.06s
Gathering Facts -------------------------------------------------------- 35.62s
level_1_backup : shell -------------------------------------------------- 7.11s
level_1_backup : first check if res.txt exists on /home/oracle/version1/ADRW10PD_xtts --- 6.57s
level_1_backup : Do a level 1 backup on hrmaxpd2035.emea.hays.loc ------- 5.91s
level_1_backup : debug -------------------------------------------------- 0.04s
level_1_backup : Validate if the level 1 backup has been completed successfully --- 0.03s
level_1_backup : fail --------------------------------------------------- 0.03s
level_1_backup : fail --------------------------------------------------- 0.03s
