nohup: ignoring input

PLAY [do level 1 backup on hrmaxpd2035.emea.hays.loc] **************************

PLAY [transfer the level_1 backups to the /mnt/foaexaukl1pdfss01/xtts_backup/version1/CAPD_xtts_scratch] ***

TASK [Gathering Facts gather_subset=['all'], gather_timeout=10] ****************
Friday 22 November 2024  08:38:22 +0000 (0:00:00.065)       0:00:00.065 ******* 
[WARNING]: Using world-readable permissions for temporary files Ansible needs
to create when becoming an unprivileged user. This may be insecure. For
information on securing this, see
https://docs.ansible.com/ansible/become.html#becoming-an-unprivileged-user
[WARNING]: Platform aix on host 10.190.17.156 is using the discovered Python
interpreter at /usr/bin/python, but future installation of another Python
interpreter could change this. See https://docs.ansible.com/ansible/2.9/referen
ce_appendices/interpreter_discovery.html for more information.
ok: [10.190.17.156]

TASK [backup_transfer : Execute the rsync_backup transfer script _raw_params={{ source_xtts_scripts_dir }}/rsync_parallel_backup_transfer_v4.sh > {{ source_xtts_scripts_dir  }}/rsync_parallel_backup_transfer_v4.log] ***
Friday 22 November 2024  08:38:41 +0000 (0:00:19.137)       0:00:19.203 ******* 
[WARNING]: Using world-readable permissions for temporary files Ansible needs
to create when becoming an unprivileged user. This may be insecure. For
information on securing this, see
https://docs.ansible.com/ansible/become.html#becoming-an-unprivileged-user
changed: [10.190.17.156]

TASK [backup_transfer : Wait for rsync_backup task to complete jid={{ rsync_task.ansible_job_id }}] ***
Friday 22 November 2024  08:38:46 +0000 (0:00:04.969)       0:00:24.173 ******* 
[WARNING]: Using world-readable permissions for temporary files Ansible needs
to create when becoming an unprivileged user. This may be insecure. For
information on securing this, see
https://docs.ansible.com/ansible/become.html#becoming-an-unprivileged-user
FAILED - RETRYING: Wait for rsync_backup task to complete (20160 retries left).
changed: [10.190.17.156]

TASK [backup_transfer : display the rsync status var=rsync_task] ***************
Friday 22 November 2024  08:39:27 +0000 (0:00:40.901)       0:01:05.075 ******* 
ok: [10.190.17.156] => {
    "rsync_task": {
        "ansible_job_id": "351334034936.42074790",
        "changed": true,
        "failed": false,
        "finished": 0,
        "results_file": "/home/oracle/.ansible_async/351334034936.42074790",
        "started": 1
    }
}

TASK [check rsync_parallel_backup_transfer_v4.log _raw_params=grep "encountered an error" {{ source_xtts_scripts_dir }}/rsync_parallel_backup_transfer_v4.log] ***
Friday 22 November 2024  08:39:27 +0000 (0:00:00.032)       0:01:05.107 ******* 
[WARNING]: Using world-readable permissions for temporary files Ansible needs
to create when becoming an unprivileged user. This may be insecure. For
information on securing this, see
https://docs.ansible.com/ansible/become.html#becoming-an-unprivileged-user
fatal: [10.190.17.156]: FAILED! => {"changed": true, "cmd": "grep \"encountered an error\" /home/oracle/version1/ADRW10PD_xtts/rsync_parallel_backup_transfer_v4.log", "delta": "0:00:00.050287", "end": "2024-11-22 08:39:31.771369", "msg": "non-zero return code", "rc": 1, "start": "2024-11-22 08:39:31.721082", "stderr": "", "stderr_lines": [], "stdout": "", "stdout_lines": []}
...ignoring

TASK [backup_transfer : display the rsync errors msg={{rsync_error_out.stdout_lines}}] ***
Friday 22 November 2024  08:39:32 +0000 (0:00:04.561)       0:01:09.668 ******* 
skipping: [10.190.17.156]

TASK [backup_transfer : fail msg=errors while transferring the backups] ********
Friday 22 November 2024  08:39:32 +0000 (0:00:00.029)       0:01:09.697 ******* 
skipping: [10.190.17.156]

TASK [read the rsync_parallel_backup_transfer_v4.log src={{ source_xtts_scripts_dir }}/rsync_parallel_backup_transfer_v4.log] ***
Friday 22 November 2024  08:39:32 +0000 (0:00:00.026)       0:01:09.724 ******* 
[WARNING]: Using world-readable permissions for temporary files Ansible needs
to create when becoming an unprivileged user. This may be insecure. For
information on securing this, see
https://docs.ansible.com/ansible/become.html#becoming-an-unprivileged-user
ok: [10.190.17.156]

TASK [backup_transfer : Decode the log file content log_content_decoded={{ log_content.content | b64decode }}] ***
Friday 22 November 2024  08:39:36 +0000 (0:00:04.535)       0:01:14.259 ******* 
ok: [10.190.17.156]

TASK [backup_transfer : Display the log file content msg={{ log_content_decoded }}] ***
Friday 22 November 2024  08:39:36 +0000 (0:00:00.033)       0:01:14.293 ******* 
ok: [10.190.17.156] => {
    "msg": "Start time: 22-11-2024_08:38:47\nStart time in seconds: 1732264727\n22-11-2024_08:38:47:  Rsync for /xtts/backup/version1/ADRW10PD_xtts_scratch/843aok71_377092_1_1 transfer started.\n22-11-2024_08:38:47:  Rsync for /xtts/backup/version1/ADRW10PD_xtts_scratch/803aok5a_377088_1_1 transfer started.\n22-11-2024_08:38:47:  Rsync for /xtts/backup/version1/ADRW10PD_xtts_scratch/7u3aok3c_377086_1_1 transfer started.\n22-11-2024_08:38:47:  Rsync for /xtts/backup/version1/ADRW10PD_xtts_scratch/8c3aok71_377100_1_1 transfer started.\n22-11-2024_08:38:47:  Rsync for /xtts/backup/version1/ADRW10PD_xtts_scratch/7m3aok2d_377078_1_1 transfer started.\n22-11-2024_08:38:47:  Rsync for /xtts/backup/version1/ADRW10PD_xtts_scratch/8f3aok8b_377103_1_1 transfer started.\n22-11-2024_08:38:47:  Rsync for /xtts/backup/version1/ADRW10PD_xtts_scratch/7s3aok3c_377084_1_1 transfer started.\n22-11-2024_08:38:47:  Rsync for /xtts/backup/version1/ADRW10PD_xtts_scratch/8h3aok9e_377105_1_1 transfer started.\n22-11-2024_08:38:47:  Rsync for /xtts/backup/version1/ADRW10PD_xtts_scratch/8k3aok9e_377108_1_1 transfer started.\n22-11-2024_08:38:47:  Rsync for /xtts/backup/version1/ADRW10PD_xtts_scratch/823aok5r_377090_1_1 transfer started.\n8h3aok9e_377105_1_1\n\r         32.77K  10%    0.00kB/s    0:00:00  7u3aok3c_377086_1_1\n\r         32.77K   0%    0.00kB/s    0:00:00  8f3aok8b_377103_1_1\n7m3aok2d_377078_1_1\n\r        311.30K 100%   33.20MB/s    0:00:00 (xfr#1, to-chk=0/1)\n\r         32.77K   2%    0.00kB/s    0:00:00  \r         32.77K  57%    0.00kB/s    0:00:00  \r         57.34K 100%   23.44MB/s    0:00:00 (xfr#1, to-chk=0/1)\n803aok5a_377088_1_1\n\r         32.77K  57%    0.00kB/s    0:00:00  \r         57.34K 100%   23.44MB/s    0:00:00 (xfr#1, to-chk=0/1)\n8c3aok71_377100_1_1\n\r         32.77K  44%    0.00kB/s    0:00:00  843aok71_377092_1_1\n\r         73.73K 100%   39.06MB/s    0:00:00 (xfr#1, to-chk=0/1)\n7s3aok3c_377084_1_1\n\r         32.77K  44%    0.00kB/s    0:00:00  8k3aok9e_377108_1_1\n\r         73.73K 100%   39.06MB/s    0:00:00 (xfr#1, to-chk=0/1)\n\r         32.77K   0%    0.00kB/s    0:00:00  \r         32.77K  14%    0.00kB/s    0:00:00  \r        229.38K 100%   37.50MB/s    0:00:00 (xfr#1, to-chk=0/1)\n\r          1.34M 100%   48.08MB/s    0:00:00 (xfr#1, to-chk=0/1)\n\nsent 739 bytes  received 35 bytes  1.55K bytes/sec\ntotal size is 57.34K  speedup is 74.09\n22-11-2024_08:38:47:  Rsync for /xtts/backup/version1/ADRW10PD_xtts_scratch/803aok5a_377088_1_1 completed successfully.\n\nsent 880 bytes  received 35 bytes  1.83K bytes/sec\ntotal size is 73.73K  speedup is 80.58\n22-11-2024_08:38:47:  Rsync for /xtts/backup/version1/ADRW10PD_xtts_scratch/8c3aok71_377100_1_1 completed successfully.\n\nsent 747 bytes  received 35 bytes  1.56K bytes/sec\ntotal size is 57.34K  speedup is 73.33\n22-11-2024_08:38:47:  Rsync for /xtts/backup/version1/ADRW10PD_xtts_scratch/7m3aok2d_377078_1_1 completed successfully.\n\nsent 41.75K bytes  received 35 bytes  83.58K bytes/sec\ntotal size is 311.30K  speedup is 7.45\n22-11-2024_08:38:47:  Rsync for /xtts/backup/version1/ADRW10PD_xtts_scratch/8h3aok9e_377105_1_1 completed successfully.\n\nsent 29.01K bytes  received 35 bytes  58.09K bytes/sec\ntotal size is 229.38K  speedup is 7.90\n22-11-2024_08:38:47:  Rsync for /xtts/backup/version1/ADRW10PD_xtts_scratch/8k3aok9e_377108_1_1 completed successfully.\n\nsent 74.36K bytes  received 35 bytes  148.79K bytes/sec\ntotal size is 1.34M  speedup is 18.06\n22-11-2024_08:38:47:  Rsync for /xtts/backup/version1/ADRW10PD_xtts_scratch/8f3aok8b_377103_1_1 completed successfully.\n22-11-2024_08:38:48:  Rsync for /xtts/backup/version1/ADRW10PD_xtts_scratch/7v3aok3d_377087_1_1 transfer started.\n22-11-2024_08:38:48:  Rsync for /xtts/backup/version1/ADRW10PD_xtts_scratch/7q3aok3c_377082_1_1 transfer started.\n22-11-2024_08:38:48:  Rsync for /xtts/backup/version1/ADRW10PD_xtts_scratch/7o3aok3b_377080_1_1 transfer started.\n22-11-2024_08:38:48:  Rsync for /xtts/backup/version1/ADRW10PD_xtts_scratch/8g3aok8s_377104_1_1 transfer started.\n22-11-2024_08:38:48:  Rsync for /xtts/backup/version1/ADRW10PD_xtts_scratch/8d3aok71_377101_1_1 transfer started.\n22-11-2024_08:38:48:  Rsync for /xtts/backup/version1/ADRW10PD_xtts_scratch/863aok71_377094_1_1 transfer started.\n823aok5r_377090_1_1\n\r         32.77K   0%    0.00kB/s    0:00:00  7v3aok3d_377087_1_1\n\r         32.77K   0%    0.00kB/s    0:00:00  863aok71_377094_1_1\n\r         32.77K  44%    0.00kB/s    0:00:00  \r         73.73K 100%   39.06MB/s    0:00:00 (xfr#1, to-chk=0/1)\n\r         17.37M   7%   16.53MB/s    0:00:12  8g3aok8s_377104_1_1\n\r         32.77K  22%    0.00kB/s    0:00:00  \r        147.46K 100%   54.69MB/s    0:00:00 (xfr#1, to-chk=0/1)\n7o3aok3b_377080_1_1\n8d3aok71_377101_1_1\n\r         19.76M   8%   18.81MB/s    0:00:11  \r         32.77K  44%    0.00kB/s    0:00:00  \r         32.77K   0%    0.00kB/s    0:00:00  \r         73.73K 100%   39.06MB/s    0:00:00 (xfr#1, to-chk=0/1)\n\nsent 884 bytes  received 35 bytes  1.84K bytes/sec\ntotal size is 73.73K  speedup is 80.23\n22-11-2024_08:38:48:  Rsync for /xtts/backup/version1/ADRW10PD_xtts_scratch/863aok71_377094_1_1 completed successfully.\n\nsent 882 bytes  received 35 bytes  1.83K bytes/sec\ntotal size is 73.73K  speedup is 80.40\n22-11-2024_08:38:48:  Rsync for /xtts/backup/version1/ADRW10PD_xtts_scratch/8d3aok71_377101_1_1 completed successfully.\n\nsent 5.33K bytes  received 35 bytes  10.73K bytes/sec\ntotal size is 147.46K  speedup is 27.48\n22-11-2024_08:38:48:  Rsync for /xtts/backup/version1/ADRW10PD_xtts_scratch/8g3aok8s_377104_1_1 completed successfully.\n\nsent 891 bytes  received 35 bytes  617.33 bytes/sec\ntotal size is 73.73K  speedup is 79.62\n22-11-2024_08:38:48:  Rsync for /xtts/backup/version1/ADRW10PD_xtts_scratch/843aok71_377092_1_1 completed successfully.\n7q3aok3c_377082_1_1\n\r         32.77K   0%    0.00kB/s    0:00:00  \r          8.81M 100%   26.01MB/s    0:00:00 (xfr#1, to-chk=0/1)\n\nsent 1.65M bytes  received 35 bytes  1.10M bytes/sec\ntotal size is 8.81M  speedup is 5.34\n22-11-2024_08:38:48:  Rsync for /xtts/backup/version1/ADRW10PD_xtts_scratch/823aok5r_377090_1_1 completed successfully.\n22-11-2024_08:38:49:  Rsync for /xtts/backup/version1/ADRW10PD_xtts_scratch/7p3aok3b_377081_1_1 transfer started.\n22-11-2024_08:38:49:  Rsync for /xtts/backup/version1/ADRW10PD_xtts_scratch/813aok5r_377089_1_1 transfer started.\n22-11-2024_08:38:49:  Rsync for /xtts/backup/version1/ADRW10PD_xtts_scratch/883aok71_377096_1_1 transfer started.\n22-11-2024_08:38:49:  Rsync for /xtts/backup/version1/ADRW10PD_xtts_scratch/7r3aok3c_377083_1_1 transfer started.\n22-11-2024_08:38:49:  Rsync for /xtts/backup/version1/ADRW10PD_xtts_scratch/893aok71_377097_1_1 transfer started.\n7r3aok3c_377083_1_1\n\r         32.77K   0%    0.00kB/s    0:00:00  \r         17.69M   7%   16.84MB/s    0:00:13  813aok5r_377089_1_1\n\r         32.77K   0%    0.00kB/s    0:00:00  883aok71_377096_1_1\n\r         36.44M  16%   17.37MB/s    0:00:10  \r         32.77K  44%    0.00kB/s    0:00:00  \r         73.73K 100%   39.06MB/s    0:00:00 (xfr#1, to-chk=0/1)\n7p3aok3b_377081_1_1\n\r         32.77K   0%    0.00kB/s    0:00:00  \r         36.86M  15%   17.56MB/s    0:00:11  \r         16.06M   5%   15.27MB/s    0:00:17  \nsent 871 bytes  received 35 bytes  1.81K bytes/sec\ntotal size is 73.73K  speedup is 81.38\n22-11-2024_08:38:49:  Rsync for /xtts/backup/version1/ADRW10PD_xtts_scratch/883aok71_377096_1_1 completed successfully.\n893aok71_377097_1_1\n\r         32.77K  44%    0.00kB/s    0:00:00  \r         73.73K 100%   39.06MB/s    0:00:00 (xfr#1, to-chk=0/1)\n\r         15.99M   5%   15.20MB/s    0:00:17  \nsent 887 bytes  received 35 bytes  1.84K bytes/sec\ntotal size is 73.73K  speedup is 79.97\n22-11-2024_08:38:49:  Rsync for /xtts/backup/version1/ADRW10PD_xtts_scratch/893aok71_377097_1_1 completed successfully.\n22-11-2024_08:38:50:  Rsync for /xtts/backup/version1/ADRW10PD_xtts_scratch/8j3aok9e_377107_1_1 transfer started.\n22-11-2024_08:38:50:  Rsync for /xtts/backup/version1/ADRW10PD_xtts_scratch/8l3aok9e_377109_1_1 transfer started.\n\r         11.76M   3%   11.19MB/s    0:00:26  \r         31.20M  12%   14.86MB/s    0:00:14  \r         17.79M  48%   16.94MB/s    0:00:01  \r         52.13M  23%   16.57MB/s    0:00:10  \r         12.03M   3%   11.40MB/s    0:00:26  \r         53.64M  22%   17.04MB/s    0:00:10  \r         31.92M  10%   15.20MB/s    0:00:16  \r         32.37M  11%   15.41MB/s    0:00:15  8l3aok9e_377109_1_1\n\r         32.77K  12%    0.00kB/s    0:00:00  \r        253.95K 100%   23.44MB/s    0:00:00 (xfr#1, to-chk=0/1)\n8j3aok9e_377107_1_1\n\r         32.77K   4%    0.00kB/s    0:00:00  \r        679.94K 100%   21.28MB/s    0:00:00 (xfr#1, to-chk=0/1)\n\nsent 43.31K bytes  received 35 bytes  86.68K bytes/sec\ntotal size is 253.95K  speedup is 5.86\n22-11-2024_08:38:50:  Rsync for /xtts/backup/version1/ADRW10PD_xtts_scratch/8l3aok9e_377109_1_1 completed successfully.\n\nsent 164.61K bytes  received 35 bytes  329.30K bytes/sec\ntotal size is 679.94K  speedup is 4.13\n22-11-2024_08:38:50:  Rsync for /xtts/backup/version1/ADRW10PD_xtts_scratch/8j3aok9e_377107_1_1 completed successfully.\n22-11-2024_08:38:51:  Rsync for /xtts/backup/version1/ADRW10PD_xtts_scratch/8m3aok9e_377110_1_1 transfer started.\n22-11-2024_08:38:51:  Rsync for /xtts/backup/version1/ADRW10PD_xtts_scratch/8a3aok71_377098_1_1 transfer started.\n\r         24.87M   7%   11.84MB/s    0:00:23  \r         47.48M  19%   15.08MB/s    0:00:12  \r         34.28M  93%   16.33MB/s    0:00:00  \r         66.91M  29%   15.95MB/s    0:00:09  \r         27.49M   8%   13.07MB/s    0:00:22  \r         68.22M  28%   16.26MB/s    0:00:10  \r         45.84M  15%   14.56MB/s    0:00:16  \r         36.83M 100%   16.08MB/s    0:00:02 (xfr#1, to-chk=0/1)\n8m3aok9e_377110_1_1\n\r         45.78M  16%   14.54MB/s    0:00:15  \r         32.77K   5%    0.00kB/s    0:00:00  8a3aok71_377098_1_1\n\r         32.77K  44%    0.00kB/s    0:00:00  \r         73.73K 100%   39.06MB/s    0:00:00 (xfr#1, to-chk=0/1)\n\r        655.36K 100%   31.25MB/s    0:00:00 (xfr#1, to-chk=0/1)\n\nsent 7.59M bytes  received 35 bytes  3.03M bytes/sec\ntotal size is 36.83M  speedup is 4.86\n22-11-2024_08:38:51:  Rsync for /xtts/backup/version1/ADRW10PD_xtts_scratch/813aok5r_377089_1_1 completed successfully.\n\nsent 82.43K bytes  received 35 bytes  164.93K bytes/sec\ntotal size is 655.36K  speedup is 7.95\n22-11-2024_08:38:51:  Rsync for /xtts/backup/version1/ADRW10PD_xtts_scratch/8m3aok9e_377110_1_1 completed successfully.\n\nsent 887 bytes  received 35 bytes  1.84K bytes/sec\ntotal size is 73.73K  speedup is 79.97\n22-11-2024_08:38:51:  Rsync for /xtts/backup/version1/ADRW10PD_xtts_scratch/8a3aok71_377098_1_1 completed successfully.\n22-11-2024_08:38:52:  Rsync for /xtts/backup/version1/ADRW10PD_xtts_scratch/7n3aok3b_377079_1_1 transfer started.\n22-11-2024_08:38:52:  Rsync for /xtts/backup/version1/ADRW10PD_xtts_scratch/8b3aok71_377099_1_1 transfer started.\n22-11-2024_08:38:52:  Rsync for /xtts/backup/version1/ADRW10PD_xtts_scratch/7t3aok3c_377085_1_1 transfer started.\n\r         44.07M  14%   14.00MB/s    0:00:18  \r         65.47M  26%   15.60MB/s    0:00:11  \r         87.20M  38%   16.65MB/s    0:00:08  \r         45.45M  14%   14.42MB/s    0:00:18  \r         87.92M  37%   16.25MB/s    0:00:08  \r         63.18M  21%   15.05MB/s    0:00:14  7n3aok3b_377079_1_1\n\r         32.77K   0%    0.00kB/s    0:00:00  8b3aok71_377099_1_1\n\r         32.77K  44%    0.00kB/s    0:00:00  \r         73.73K 100%   39.06MB/s    0:00:00 (xfr#1, to-chk=0/1)\n\nsent 886 bytes  received 35 bytes  1.84K bytes/sec\ntotal size is 73.73K  speedup is 80.05\n22-11-2024_08:38:52:  Rsync for /xtts/backup/version1/ADRW10PD_xtts_scratch/8b3aok71_377099_1_1 completed successfully.\n\r         63.47M  22%   15.12MB/s    0:00:14  7t3aok3c_377085_1_1\n\r         32.77K   0%    0.00kB/s    0:00:00  22-11-2024_08:38:53:  Rsync for /xtts/backup/version1/ADRW10PD_xtts_scratch/8i3aok9e_377106_1_1 transfer started.\n\r         60.10M  19%   14.32MB/s    0:00:17  \r         80.28M  32%   14.92MB/s    0:00:10  \r        101.84M  45%   15.59MB/s    0:00:07  \r         63.93M  19%   15.22MB/s    0:00:16  \r        102.47M  43%   15.64MB/s    0:00:08  \r         81.99M  28%   15.72MB/s    0:00:13  \r         15.14M   4%   14.41MB/s    0:00:21  \r         80.25M  28%   15.32MB/s    0:00:12  \r         13.11M   4%   12.47MB/s    0:00:23  8i3aok9e_377106_1_1\n\r         32.77K   9%    0.00kB/s    0:00:00  \r        344.06K 100%   14.84MB/s    0:00:00 (xfr#1, to-chk=0/1)\n\nsent 48.98K bytes  received 35 bytes  98.02K bytes/sec\ntotal size is 344.06K  speedup is 7.02\n22-11-2024_08:38:53:  Rsync for /xtts/backup/version1/ADRW10PD_xtts_scratch/8i3aok9e_377106_1_1 completed successfully.\n22-11-2024_08:38:54:  Rsync for /xtts/backup/version1/ADRW10PD_xtts_scratch/8e3aok7k_377102_1_1 transfer started.\n\r         71.66M  23%   14.27MB/s    0:00:16  \r         94.31M  38%   15.05MB/s    0:00:09  \r        115.11M  51%   15.02MB/s    0:00:07  \r         77.53M  24%   15.60MB/s    0:00:15  \r        114.66M  48%   14.55MB/s    0:00:08  \r         92.96M  31%   14.55MB/s    0:00:13  \r         26.90M   8%   12.81MB/s    0:00:22  \r         90.67M  32%   13.90MB/s    0:00:13  8e3aok7k_377102_1_1\n\r         32.77K   0%    0.00kB/s    0:00:00  \r         22.05M   7%   10.49MB/s    0:00:27  \r         84.08M  27%   14.11MB/s    0:00:15  \r        104.99M  42%   13.71MB/s    0:00:09  \r        127.57M  56%   14.46MB/s    0:00:06  \r         90.90M  28%   15.11MB/s    0:00:14  \r        126.65M  53%   13.93MB/s    0:00:07  \r        105.51M  36%   14.23MB/s    0:00:12  \r         40.67M  12%   12.91MB/s    0:00:21  \r        106.89M  37%   14.57MB/s    0:00:11  \r         10.29M  40%    9.77MB/s    0:00:01  \r         34.18M  10%   10.85MB/s    0:00:25  \r         94.63M  30%   12.05MB/s    0:00:17  \r        115.77M  47%   11.99MB/s    0:00:10  \r        142.61M  63%   13.20MB/s    0:00:06  \r        102.17M  31%   13.52MB/s    0:00:15  \r        116.10M  39%   12.62MB/s    0:00:13  \r        140.35M  59%   12.50MB/s    0:00:07  \r         54.20M  16%   12.91MB/s    0:00:20  \r        114.46M  40%   12.16MB/s    0:00:13  \r         19.27M  75%    9.17MB/s    0:00:00  \r         43.52M  13%   10.36MB/s    0:00:25  \r         25.67M 100%    9.65MB/s    0:00:02 (xfr#1, to-chk=0/1)\n\nsent 8.16M bytes  received 35 bytes  2.33M bytes/sec\ntotal size is 25.67M  speedup is 3.15\n22-11-2024_08:38:57:  Rsync for /xtts/backup/version1/ADRW10PD_xtts_scratch/8e3aok7k_377102_1_1 completed successfully.\n\r        107.71M  34%   11.34MB/s    0:00:17  \r        129.70M  52%   11.78MB/s    0:00:09  \r        153.75M  68%   12.38MB/s    0:00:05  \r        118.46M  36%   12.99MB/s    0:00:15  \r        132.38M  45%   12.02MB/s    0:00:12  \r        153.22M  64%   12.10MB/s    0:00:06  \r         65.63M  20%   12.03MB/s    0:00:21  \r        128.91M  45%   11.60MB/s    0:00:12  \r         62.32M  19%   11.72MB/s    0:00:21  22-11-2024_08:38:58:  Rsync for /xtts/backup/version1/ADRW10PD_xtts_scratch/873aok71_377095_1_1 transfer started.\n\r        124.39M  40%   12.57MB/s    0:00:14  \r        145.98M  59%   12.31MB/s    0:00:07  \r        170.36M  75%   13.17MB/s    0:00:04  \r        132.94M  41%   13.21MB/s    0:00:13  \r        166.13M  70%   12.27MB/s    0:00:05  \r        143.43M  49%   12.03MB/s    0:00:12  \r         83.07M  25%   13.39MB/s    0:00:17  873aok71_377095_1_1\n\r         32.77K  44%    0.00kB/s    0:00:00  \r         73.73K 100%   39.06MB/s    0:00:00 (xfr#1, to-chk=0/1)\n\r        141.82M  50%   12.20MB/s    0:00:11  \nsent 892 bytes  received 35 bytes  1.85K bytes/sec\ntotal size is 73.73K  speedup is 79.53\n22-11-2024_08:38:58:  Rsync for /xtts/backup/version1/ADRW10PD_xtts_scratch/873aok71_377095_1_1 completed successfully.\n\r         78.54M  24%   13.46MB/s    0:00:17  22-11-2024_08:38:59:  Rsync for /xtts/backup/version1/ADRW10PD_xtts_scratch/853aok71_377093_1_1 transfer started.\n\r        139.53M  44%   13.22MB/s    0:00:12  \r        157.78M  64%   12.59MB/s    0:00:06  \r        183.76M  81%   13.39MB/s    0:00:03  \r        147.88M  45%   13.59MB/s    0:00:12  \r        157.42M  53%   12.38MB/s    0:00:10  \r        186.12M  78%   14.17MB/s    0:00:03  \r         99.81M  30%   14.10MB/s    0:00:15  853aok71_377093_1_1\n\r         32.77K  44%    0.00kB/s    0:00:00  \r         73.73K 100%   39.06MB/s    0:00:00 (xfr#1, to-chk=0/1)\n\r        157.45M  55%   12.05MB/s    0:00:10  \r         94.70M  30%   14.43MB/s    0:00:14  \nsent 883 bytes  received 35 bytes  1.84K bytes/sec\ntotal size is 73.73K  speedup is 80.31\n22-11-2024_08:38:59:  Rsync for /xtts/backup/version1/ADRW10PD_xtts_scratch/853aok71_377093_1_1 completed successfully.\n22-11-2024_08:39:00:  Rsync for /xtts/backup/version1/ADRW10PD_xtts_scratch/833aok6e_377091_1_1 transfer started.\n\r        154.89M  49%   14.37MB/s    0:00:10  \r        170.20M  69%   12.98MB/s    0:00:05  \r        197.62M  87%   13.11MB/s    0:00:02  \r        160.27M  49%   13.85MB/s    0:00:11  \r        198.80M  83%   13.92MB/s    0:00:02  \r        169.54M  58%   12.72MB/s    0:00:09  \r        112.53M  34%   13.91MB/s    0:00:14  833aok6e_377091_1_1\n\r         32.77K  57%    0.00kB/s    0:00:00  \r         57.34K 100%   23.44MB/s    0:00:00 (xfr#1, to-chk=0/1)\n\r        169.12M  59%   13.01MB/s    0:00:08  \nsent 731 bytes  received 35 bytes  1.53K bytes/sec\ntotal size is 57.34K  speedup is 74.86\n22-11-2024_08:39:00:  Rsync for /xtts/backup/version1/ADRW10PD_xtts_scratch/833aok6e_377091_1_1 completed successfully.\n\r        107.77M  34%   15.31MB/s    0:00:13  \r        168.33M  54%   14.45MB/s    0:00:09  \r        178.19M  72%   11.56MB/s    0:00:05  \r        207.32M  92%   12.77MB/s    0:00:01  \r        167.94M  52%   11.79MB/s    0:00:12  \r        207.22M  87%   12.86MB/s    0:00:02  \r        178.72M  61%   11.03MB/s    0:00:10  \r        121.90M  37%   13.42MB/s    0:00:14  \r        175.96M  62%   11.21MB/s    0:00:09  \r        116.98M  37%   13.03MB/s    0:00:14  \r        177.18M  56%   12.59MB/s    0:00:10  \r        191.66M  78%   10.89MB/s    0:00:04  \r        217.81M  96%   11.31MB/s    0:00:00  \r        179.08M  55%   10.99MB/s    0:00:12  \r        218.20M  91%   12.40MB/s    0:00:01  \r        191.04M  65%   11.34MB/s    0:00:08  \r        134.84M  41%   12.34MB/s    0:00:15  \r        187.60M  66%   10.90MB/s    0:00:08  \r        127.43M  40%   11.66MB/s    0:00:15  \r        225.13M 100%   13.73MB/s    0:00:15 (xfr#1, to-chk=0/1)\n\nsent 81.69M bytes  received 35 bytes  4.95M bytes/sec\ntotal size is 225.13M  speedup is 2.76\n22-11-2024_08:39:03:  Rsync for /xtts/backup/version1/ADRW10PD_xtts_scratch/7u3aok3c_377086_1_1 completed successfully.\n\r        188.68M  60%   11.72MB/s    0:00:10  \r        205.19M  83%   11.31MB/s    0:00:03  \r        193.79M  60%   10.94MB/s    0:00:11  \r        231.21M  97%   10.74MB/s    0:00:00  \r        203.00M  69%   10.85MB/s    0:00:07  \r        150.21M  46%   12.02MB/s    0:00:14  \r        201.75M  71%   10.55MB/s    0:00:07  \r        142.51M  45%   11.40MB/s    0:00:14  \r        237.21M 100%   13.77MB/s    0:00:16 (xfr#1, to-chk=0/1)\n\nsent 91.50M bytes  received 35 bytes  5.23M bytes/sec\ntotal size is 237.21M  speedup is 2.59\n22-11-2024_08:39:04:  Rsync for /xtts/backup/version1/ADRW10PD_xtts_scratch/7s3aok3c_377084_1_1 completed successfully.\n\r        206.47M  66%   12.30MB/s    0:00:08  \r        222.95M  90%   12.58MB/s    0:00:01  \r        210.60M  65%   12.00MB/s    0:00:09  \r        217.87M  74%   11.52MB/s    0:00:06  \r        167.15M  51%   13.01MB/s    0:00:11  \r        219.28M  77%   11.96MB/s    0:00:05  \r        161.91M  51%   12.91MB/s    0:00:11  \r        225.77M  72%   13.70MB/s    0:00:06  \r        233.80M  95%   13.26MB/s    0:00:00  \r        226.89M  70%   14.05MB/s    0:00:06  \r        234.00M  80%   13.18MB/s    0:00:04  \r        180.09M  55%   13.87MB/s    0:00:10  \r        236.39M  83%   14.40MB/s    0:00:03  \r        180.88M  57%   15.25MB/s    0:00:08  \r        245.33M 100%   13.37MB/s    0:00:17 (xfr#1, to-chk=0/1)\n\nsent 86.26M bytes  received 35 bytes  4.66M bytes/sec\ntotal size is 245.33M  speedup is 2.84\n22-11-2024_08:39:06:  Rsync for /xtts/backup/version1/ADRW10PD_xtts_scratch/7v3aok3d_377087_1_1 completed successfully.\n\r        243.34M  78%   15.78MB/s    0:00:04  \r        246.32M  76%   16.03MB/s    0:00:04  \r        251.72M  86%   14.47MB/s    0:00:02  \r        196.12M  60%   14.60MB/s    0:00:08  \r        256.84M  91%   16.51MB/s    0:00:01  \r        199.82M  63%   17.27MB/s    0:00:06  \r        259.03M  83%   16.78MB/s    0:00:03  \r        264.83M  82%   16.94MB/s    0:00:03  \r        268.14M  91%   15.53MB/s    0:00:01  \r        212.93M  65%   14.95MB/s    0:00:07  \r        271.45M  96%   16.62MB/s    0:00:00  \r        216.07M  68%   17.55MB/s    0:00:05  \r        281.99M 100%   13.73MB/s    0:00:19 (xfr#1, to-chk=0/1)\n\r        276.17M  88%   16.62MB/s    0:00:02  \r        282.76M  87%   17.19MB/s    0:00:02  \r        285.21M  97%   16.06MB/s    0:00:00  \nsent 99.41M bytes  received 35 bytes  4.85M bytes/sec\ntotal size is 281.99M  speedup is 2.84\n22-11-2024_08:39:08:  Rsync for /xtts/backup/version1/ADRW10PD_xtts_scratch/7q3aok3c_377082_1_1 completed successfully.\n\r        231.83M  71%   15.42MB/s    0:00:05  \r        230.75M  73%   16.41MB/s    0:00:05  \r        291.82M 100%   13.52MB/s    0:00:20 (xfr#1, to-chk=0/1)\n\nsent 103.14M bytes  received 35 bytes  4.80M bytes/sec\ntotal size is 291.82M  speedup is 2.83\n22-11-2024_08:39:09:  Rsync for /xtts/backup/version1/ADRW10PD_xtts_scratch/7o3aok3b_377080_1_1 completed successfully.\n\r        296.48M  95%   16.86MB/s    0:00:00  \r        298.98M  92%   17.18MB/s    0:00:01  \r        249.79M  76%   16.62MB/s    0:00:04  \r        250.31M  79%   16.55MB/s    0:00:03  \r        310.90M 100%   14.19MB/s    0:00:20 (xfr#1, to-chk=0/1)\n\r        314.80M  97%   16.32MB/s    0:00:00  \r        267.19M  82%   16.95MB/s    0:00:03  \nsent 119.04M bytes  received 35 bytes  5.54M bytes/sec\ntotal size is 310.90M  speedup is 2.61\n22-11-2024_08:39:10:  Rsync for /xtts/backup/version1/ADRW10PD_xtts_scratch/7r3aok3c_377083_1_1 completed successfully.\n\r        266.17M  84%   15.82MB/s    0:00:03  \r        322.30M 100%   14.28MB/s    0:00:21 (xfr#1, to-chk=0/1)\n\nsent 116.97M bytes  received 35 bytes  5.20M bytes/sec\ntotal size is 322.30M  speedup is 2.76\n22-11-2024_08:39:11:  Rsync for /xtts/backup/version1/ADRW10PD_xtts_scratch/7p3aok3b_377081_1_1 completed successfully.\n\r        284.30M  87%   17.02MB/s    0:00:02  \r        284.46M  90%   16.30MB/s    0:00:01  \r        302.42M  92%   16.83MB/s    0:00:01  \r        301.53M  95%   16.87MB/s    0:00:00  \r        319.85M  98%   16.71MB/s    0:00:00  \r        315.02M 100%   14.34MB/s    0:00:20 (xfr#1, to-chk=0/1)\n\r        325.55M 100%   14.51MB/s    0:00:21 (xfr#1, to-chk=0/1)\n\nsent 126.04M bytes  received 35 bytes  5.60M bytes/sec\ntotal size is 315.02M  speedup is 2.50\n22-11-2024_08:39:14:  Rsync for /xtts/backup/version1/ADRW10PD_xtts_scratch/7t3aok3c_377085_1_1 completed successfully.\n\nsent 130.60M bytes  received 35 bytes  5.80M bytes/sec\ntotal size is 325.55M  speedup is 2.49\n22-11-2024_08:39:14:  Rsync for /xtts/backup/version1/ADRW10PD_xtts_scratch/7n3aok3b_377079_1_1 completed successfully.\nEnd time: 22-11-2024_08:38:47\nEnd time in seconds: 1732264754\nTotal transfer time: 27 seconds\n"
}

TASK [backup_transfer : Get current timestamp _raw_params=date +%Y%m%d%H%M%S] ***
Friday 22 November 2024  08:39:36 +0000 (0:00:00.030)       0:01:14.323 ******* 
[WARNING]: Using world-readable permissions for temporary files Ansible needs
to create when becoming an unprivileged user. This may be insecure. For
information on securing this, see
https://docs.ansible.com/ansible/become.html#becoming-an-unprivileged-user
changed: [10.190.17.156]

TASK [rename rsync_parallel_backup_transfer_v4.log with the current timestamp _raw_params=mv "{{ source_xtts_scripts_dir }}/rsync_parallel_backup_transfer_v4.log" "{{ source_xtts_scripts_dir }}/rsync_parallel_backup_transfer_v4_{{timestamp.stdout}}.log"] ***
Friday 22 November 2024  08:39:41 +0000 (0:00:04.338)       0:01:18.662 ******* 
[WARNING]: Using world-readable permissions for temporary files Ansible needs
to create when becoming an unprivileged user. This may be insecure. For
information on securing this, see
https://docs.ansible.com/ansible/become.html#becoming-an-unprivileged-user
changed: [10.190.17.156]

TASK [backup_transfer : Additionally transfer the incrbackups.txt to the /home/oracle/version1/CAPD_xtts directory for the validation. _raw_params=rsync -vzh {{source_xtts_scripts_dir}}/incrbackups.txt {{dest_user}}@{{target_ip_address}}:{{target_xtts_scripts_dir}}] ***
Friday 22 November 2024  08:39:45 +0000 (0:00:04.400)       0:01:23.062 ******* 
[WARNING]: Using world-readable permissions for temporary files Ansible needs
to create when becoming an unprivileged user. This may be insecure. For
information on securing this, see
https://docs.ansible.com/ansible/become.html#becoming-an-unprivileged-user
changed: [10.190.17.156]

TASK [backup_transfer : fail msg=errors while transferring the incrbackups.txt file] ***
Friday 22 November 2024  08:39:50 +0000 (0:00:04.997)       0:01:28.060 ******* 
skipping: [10.190.17.156]

TASK [backup_transfer : display incrbackups_transfer_out msg={{ incrbackups_transfer_out.stdout_lines }}] ***
Friday 22 November 2024  08:39:50 +0000 (0:00:00.027)       0:01:28.087 ******* 
ok: [10.190.17.156] => {
    "msg": [
        "incrbackups.txt",
        "",
        "sent 363 bytes  received 59 bytes  281.33 bytes/sec",
        "total size is 2.11K  speedup is 5.00"
    ]
}

TASK [backup_transfer : finally copy the res.txt file to the /home/oracle/version1/CAPD_xtts _raw_params=rsync -vzh --partial --progress --append {{source_xtts_scripts_dir}}/res.txt {{dest_user}}@{{target_ip_address}}:{{target_xtts_scripts_dir}}] ***
Friday 22 November 2024  08:39:50 +0000 (0:00:00.034)       0:01:28.121 ******* 
[WARNING]: Using world-readable permissions for temporary files Ansible needs
to create when becoming an unprivileged user. This may be insecure. For
information on securing this, see
https://docs.ansible.com/ansible/become.html#becoming-an-unprivileged-user
changed: [10.190.17.156]

TASK [backup_transfer : fail msg=errors while transferring the res.txt file] ***
Friday 22 November 2024  08:39:55 +0000 (0:00:04.738)       0:01:32.859 ******* 
skipping: [10.190.17.156]

TASK [backup_transfer : display res file transfer status msg={{ res_transfer_out.stdout_lines }}] ***
Friday 22 November 2024  08:39:55 +0000 (0:00:00.027)       0:01:32.886 ******* 
ok: [10.190.17.156] => {
    "msg": [
        "res.txt",
        "",
        "         48.38K 100%    0.00kB/s    0:00:00  ",
        "         48.38K 100%    0.00kB/s    0:00:00 (xfr#1, to-chk=0/1)",
        "",
        "sent 1.55K bytes  received 35 bytes  3.17K bytes/sec",
        "total size is 48.38K  speedup is 30.56"
    ]
}

PLAY [do level 1 restore on foaukl1pddb-4kxck1.otchukl1pdexcl.otchukl1pdvcn01.oraclevcn.com] ***

PLAY RECAP *********************************************************************
10.190.17.156              : ok=14   changed=7    unreachable=0    failed=0    skipped=4    rescued=0    ignored=1   

Friday 22 November 2024  08:39:55 +0000 (0:00:00.024)       0:01:32.911 ******* 
=============================================================================== 
backup_transfer : Wait for rsync_backup task to complete --------------- 40.90s
Gathering Facts -------------------------------------------------------- 19.14s
backup_transfer : Additionally transfer the incrbackups.txt to the /home/oracle/version1/CAPD_xtts directory for the validation. --- 5.00s
backup_transfer : Execute the rsync_backup transfer script -------------- 4.97s
backup_transfer : finally copy the res.txt file to the /home/oracle/version1/CAPD_xtts --- 4.74s
check rsync_parallel_backup_transfer_v4.log ----------------------------- 4.56s
read the rsync_parallel_backup_transfer_v4.log -------------------------- 4.54s
rename rsync_parallel_backup_transfer_v4.log with the current timestamp --- 4.40s
backup_transfer : Get current timestamp --------------------------------- 4.34s
backup_transfer : display incrbackups_transfer_out ---------------------- 0.03s
backup_transfer : Decode the log file content --------------------------- 0.03s
backup_transfer : display the rsync status ------------------------------ 0.03s
backup_transfer : Display the log file content -------------------------- 0.03s
backup_transfer : display the rsync errors ------------------------------ 0.03s
backup_transfer : fail -------------------------------------------------- 0.03s
backup_transfer : fail -------------------------------------------------- 0.03s
backup_transfer : fail -------------------------------------------------- 0.03s
backup_transfer : display res file transfer status ---------------------- 0.03s
