nohup: ignoring input

PLAY [do level 1 backup on hrmaxpd2035.emea.hays.loc] **************************

PLAY [transfer the level_1 backups to the /mnt/foaexaukl1pdfss01/xtts_backup/version1/CAPD_xtts_scratch] ***

TASK [Gathering Facts gather_subset=['all'], gather_timeout=10] ****************
Thursday 21 November 2024  08:23:16 +0000 (0:00:00.063)       0:00:00.063 ***** 
[WARNING]: Using world-readable permissions for temporary files Ansible needs
to create when becoming an unprivileged user. This may be insecure. For
information on securing this, see
https://docs.ansible.com/ansible/become.html#becoming-an-unprivileged-user
[WARNING]: Platform aix on host 10.190.17.156 is using the discovered Python
interpreter at /usr/bin/python, but future installation of another Python
interpreter could change this. See https://docs.ansible.com/ansible/2.9/referen
ce_appendices/interpreter_discovery.html for more information.
ok: [10.190.17.156]

TASK [backup_transfer : Execute the rsync_backup transfer script _raw_params={{ source_xtts_scripts_dir }}/rsync_parallel_backup_transfer_v4.sh > {{ source_xtts_scripts_dir  }}/rsync_parallel_backup_transfer_v4.log] ***
Thursday 21 November 2024  08:23:35 +0000 (0:00:18.440)       0:00:18.504 ***** 
[WARNING]: Using world-readable permissions for temporary files Ansible needs
to create when becoming an unprivileged user. This may be insecure. For
information on securing this, see
https://docs.ansible.com/ansible/become.html#becoming-an-unprivileged-user
changed: [10.190.17.156]

TASK [backup_transfer : Wait for rsync_backup task to complete jid={{ rsync_task.ansible_job_id }}] ***
Thursday 21 November 2024  08:23:40 +0000 (0:00:05.184)       0:00:23.688 ***** 
[WARNING]: Using world-readable permissions for temporary files Ansible needs
to create when becoming an unprivileged user. This may be insecure. For
information on securing this, see
https://docs.ansible.com/ansible/become.html#becoming-an-unprivileged-user
FAILED - RETRYING: Wait for rsync_backup task to complete (20160 retries left).
changed: [10.190.17.156]

TASK [backup_transfer : display the rsync status var=rsync_task] ***************
Thursday 21 November 2024  08:24:19 +0000 (0:00:39.276)       0:01:02.965 ***** 
ok: [10.190.17.156] => {
    "rsync_task": {
        "ansible_job_id": "573563451125.36307330",
        "changed": true,
        "failed": false,
        "finished": 0,
        "results_file": "/home/oracle/.ansible_async/573563451125.36307330",
        "started": 1
    }
}

TASK [check rsync_parallel_backup_transfer_v4.log _raw_params=grep "encountered an error" {{ source_xtts_scripts_dir }}/rsync_parallel_backup_transfer_v4.log] ***
Thursday 21 November 2024  08:24:19 +0000 (0:00:00.031)       0:01:02.996 ***** 
[WARNING]: Using world-readable permissions for temporary files Ansible needs
to create when becoming an unprivileged user. This may be insecure. For
information on securing this, see
https://docs.ansible.com/ansible/become.html#becoming-an-unprivileged-user
fatal: [10.190.17.156]: FAILED! => {"changed": true, "cmd": "grep \"encountered an error\" /home/oracle/version1/ADRW10PD_xtts/rsync_parallel_backup_transfer_v4.log", "delta": "0:00:00.047918", "end": "2024-11-21 08:24:23.694380", "msg": "non-zero return code", "rc": 1, "start": "2024-11-21 08:24:23.646462", "stderr": "", "stderr_lines": [], "stdout": "", "stdout_lines": []}
...ignoring

TASK [backup_transfer : display the rsync errors msg={{rsync_error_out.stdout_lines}}] ***
Thursday 21 November 2024  08:24:24 +0000 (0:00:04.555)       0:01:07.551 ***** 
skipping: [10.190.17.156]

TASK [backup_transfer : fail msg=errors while transferring the backups] ********
Thursday 21 November 2024  08:24:24 +0000 (0:00:00.030)       0:01:07.582 ***** 
skipping: [10.190.17.156]

TASK [read the rsync_parallel_backup_transfer_v4.log src={{ source_xtts_scripts_dir }}/rsync_parallel_backup_transfer_v4.log] ***
Thursday 21 November 2024  08:24:24 +0000 (0:00:00.026)       0:01:07.609 ***** 
[WARNING]: Using world-readable permissions for temporary files Ansible needs
to create when becoming an unprivileged user. This may be insecure. For
information on securing this, see
https://docs.ansible.com/ansible/become.html#becoming-an-unprivileged-user
ok: [10.190.17.156]

TASK [backup_transfer : Decode the log file content log_content_decoded={{ log_content.content | b64decode }}] ***
Thursday 21 November 2024  08:24:28 +0000 (0:00:04.541)       0:01:12.151 ***** 
ok: [10.190.17.156]

TASK [backup_transfer : Display the log file content msg={{ log_content_decoded }}] ***
Thursday 21 November 2024  08:24:28 +0000 (0:00:00.031)       0:01:12.182 ***** 
ok: [10.190.17.156] => {
    "msg": "Start time: 21-11-2024_08:23:40\nStart time in seconds: 1732177420\n21-11-2024_08:23:40:  Rsync for /xtts/backup/version1/ADRW10PD_xtts_scratch/6u3alunj_377054_1_1 transfer started.\n21-11-2024_08:23:40:  Rsync for /xtts/backup/version1/ADRW10PD_xtts_scratch/763alus5_377062_1_1 transfer started.\n21-11-2024_08:23:40:  Rsync for /xtts/backup/version1/ADRW10PD_xtts_scratch/7a3alus5_377066_1_1 transfer started.\n21-11-2024_08:23:40:  Rsync for /xtts/backup/version1/ADRW10PD_xtts_scratch/7b3alus5_377067_1_1 transfer started.\n21-11-2024_08:23:40:  Rsync for /xtts/backup/version1/ADRW10PD_xtts_scratch/7c3alus5_377068_1_1 transfer started.\n21-11-2024_08:23:40:  Rsync for /xtts/backup/version1/ADRW10PD_xtts_scratch/6l3alumr_377045_1_1 transfer started.\n21-11-2024_08:23:40:  Rsync for /xtts/backup/version1/ADRW10PD_xtts_scratch/723alurg_377058_1_1 transfer started.\n21-11-2024_08:23:40:  Rsync for /xtts/backup/version1/ADRW10PD_xtts_scratch/6t3alunj_377053_1_1 transfer started.\n21-11-2024_08:23:40:  Rsync for /xtts/backup/version1/ADRW10PD_xtts_scratch/743alus5_377060_1_1 transfer started.\n21-11-2024_08:23:40:  Rsync for /xtts/backup/version1/ADRW10PD_xtts_scratch/6o3aluni_377048_1_1 transfer started.\n743alus5_377060_1_1\n6u3alunj_377054_1_1\n\r         32.77K  44%    0.00kB/s    0:00:00  \r         32.77K   0%    0.00kB/s    0:00:00  \r         73.73K 100%   39.06MB/s    0:00:00 (xfr#1, to-chk=0/1)\n6o3aluni_377048_1_1\n6t3alunj_377053_1_1\n763alus5_377062_1_1\n\r         32.77K   0%    0.00kB/s    0:00:00  \r         32.77K  44%    0.00kB/s    0:00:00  \r         32.77K   0%    0.00kB/s    0:00:00  \r         73.73K 100%   39.06MB/s    0:00:00 (xfr#1, to-chk=0/1)\n723alurg_377058_1_1\n\r         32.77K  57%    0.00kB/s    0:00:00  \r         57.34K 100%   23.44MB/s    0:00:00 (xfr#1, to-chk=0/1)\n6l3alumr_377045_1_1\n7c3alus5_377068_1_1\n7a3alus5_377066_1_1\n\r         32.77K  57%    0.00kB/s    0:00:00  \r         32.77K  44%    0.00kB/s    0:00:00  \r         32.77K  44%    0.00kB/s    0:00:00  \r         57.34K 100%   23.44MB/s    0:00:00 (xfr#1, to-chk=0/1)\n\r         73.73K 100%   39.06MB/s    0:00:00 (xfr#1, to-chk=0/1)\n\r         73.73K 100%   39.06MB/s    0:00:00 (xfr#1, to-chk=0/1)\n7b3alus5_377067_1_1\n\r         32.77K  44%    0.00kB/s    0:00:00  \r         73.73K 100%   39.06MB/s    0:00:00 (xfr#1, to-chk=0/1)\n\nsent 896 bytes  received 35 bytes  620.67 bytes/sec\ntotal size is 73.73K  speedup is 79.19\n21-11-2024_08:23:41:  Rsync for /xtts/backup/version1/ADRW10PD_xtts_scratch/763alus5_377062_1_1 completed successfully.\n\nsent 877 bytes  received 35 bytes  608.00 bytes/sec\ntotal size is 73.73K  speedup is 80.84\n\nsent 888 bytes  received 35 bytes  615.33 bytes/sec\ntotal size is 73.73K  speedup is 79.88\n21-11-2024_08:23:41:  Rsync for /xtts/backup/version1/ADRW10PD_xtts_scratch/743alus5_377060_1_1 completed successfully.\n21-11-2024_08:23:41:  Rsync for /xtts/backup/version1/ADRW10PD_xtts_scratch/7a3alus5_377066_1_1 completed successfully.\n\nsent 745 bytes  received 35 bytes  520.00 bytes/sec\ntotal size is 57.34K  speedup is 73.52\n21-11-2024_08:23:41:  Rsync for /xtts/backup/version1/ADRW10PD_xtts_scratch/6l3alumr_377045_1_1 completed successfully.\n\nsent 733 bytes  received 35 bytes  512.00 bytes/sec\ntotal size is 57.34K  speedup is 74.67\n21-11-2024_08:23:41:  Rsync for /xtts/backup/version1/ADRW10PD_xtts_scratch/723alurg_377058_1_1 completed successfully.\n\nsent 881 bytes  received 35 bytes  610.67 bytes/sec\ntotal size is 73.73K  speedup is 80.49\n21-11-2024_08:23:41:  Rsync for /xtts/backup/version1/ADRW10PD_xtts_scratch/7b3alus5_377067_1_1 completed successfully.\n\nsent 879 bytes  received 35 bytes  609.33 bytes/sec\ntotal size is 73.73K  speedup is 80.67\n21-11-2024_08:23:41:  Rsync for /xtts/backup/version1/ADRW10PD_xtts_scratch/7c3alus5_377068_1_1 completed successfully.\n21-11-2024_08:23:41:  Rsync for /xtts/backup/version1/ADRW10PD_xtts_scratch/7k3aluup_377076_1_1 transfer started.\n21-11-2024_08:23:41:  Rsync for /xtts/backup/version1/ADRW10PD_xtts_scratch/703aluqo_377056_1_1 transfer started.\n21-11-2024_08:23:41:  Rsync for /xtts/backup/version1/ADRW10PD_xtts_scratch/6p3aluni_377049_1_1 transfer started.\n21-11-2024_08:23:41:  Rsync for /xtts/backup/version1/ADRW10PD_xtts_scratch/7d3alusp_377069_1_1 transfer started.\n21-11-2024_08:23:41:  Rsync for /xtts/backup/version1/ADRW10PD_xtts_scratch/753alus5_377061_1_1 transfer started.\n21-11-2024_08:23:41:  Rsync for /xtts/backup/version1/ADRW10PD_xtts_scratch/783alus5_377064_1_1 transfer started.\n21-11-2024_08:23:41:  Rsync for /xtts/backup/version1/ADRW10PD_xtts_scratch/7e3alutg_377070_1_1 transfer started.\n783alus5_377064_1_1\n\r         32.77K  44%    0.00kB/s    0:00:00  \r         73.73K 100%   39.06MB/s    0:00:00 (xfr#1, to-chk=0/1)\n7e3alutg_377070_1_1\n\r         32.77K   2%    0.00kB/s    0:00:00  \r         19.86M   7%   18.91MB/s    0:00:12  703aluqo_377056_1_1\n7d3alusp_377069_1_1\n753alus5_377061_1_1\n\r         32.77K   0%    0.00kB/s    0:00:00  \r         32.77K   0%    0.00kB/s    0:00:00  \r         32.77K  44%    0.00kB/s    0:00:00  \r         73.73K 100%   39.06MB/s    0:00:00 (xfr#1, to-chk=0/1)\n6p3aluni_377049_1_1\n\r         32.77K   0%    0.00kB/s    0:00:00  \r         17.56M   3%   16.72MB/s    0:00:26  \r         19.20M   7%   18.28MB/s    0:00:12  7k3aluup_377076_1_1\n\r         32.77K  10%    0.00kB/s    0:00:00  \r        303.10K 100%   25.78MB/s    0:00:00 (xfr#1, to-chk=0/1)\n\r          1.44M 100%   43.35MB/s    0:00:00 (xfr#1, to-chk=0/1)\n\nsent 886 bytes  received 35 bytes  1.84K bytes/sec\ntotal size is 73.73K  speedup is 80.05\n21-11-2024_08:23:42:  Rsync for /xtts/backup/version1/ADRW10PD_xtts_scratch/783alus5_377064_1_1 completed successfully.\n\nsent 47.73K bytes  received 35 bytes  31.84K bytes/sec\ntotal size is 303.10K  speedup is 6.35\n21-11-2024_08:23:42:  Rsync for /xtts/backup/version1/ADRW10PD_xtts_scratch/7k3aluup_377076_1_1 completed successfully.\n\nsent 873 bytes  received 35 bytes  605.33 bytes/sec\ntotal size is 73.73K  speedup is 81.20\n21-11-2024_08:23:42:  Rsync for /xtts/backup/version1/ADRW10PD_xtts_scratch/753alus5_377061_1_1 completed successfully.\n\nsent 79.94K bytes  received 35 bytes  53.32K bytes/sec\ntotal size is 1.44M  speedup is 18.03\n21-11-2024_08:23:42:  Rsync for /xtts/backup/version1/ADRW10PD_xtts_scratch/7e3alutg_377070_1_1 completed successfully.\n21-11-2024_08:23:42:  Rsync for /xtts/backup/version1/ADRW10PD_xtts_scratch/773alus5_377063_1_1 transfer started.\n21-11-2024_08:23:42:  Rsync for /xtts/backup/version1/ADRW10PD_xtts_scratch/7g3aluuo_377072_1_1 transfer started.\n21-11-2024_08:23:42:  Rsync for /xtts/backup/version1/ADRW10PD_xtts_scratch/6q3aluni_377050_1_1 transfer started.\n21-11-2024_08:23:42:  Rsync for /xtts/backup/version1/ADRW10PD_xtts_scratch/793alus5_377065_1_1 transfer started.\n\r         41.78M  15%   19.92MB/s    0:00:11  \r         25.76M  87%   24.53MB/s    0:00:00  \r         13.53M  50%   12.88MB/s    0:00:01  7g3aluuo_377072_1_1\n773alus5_377063_1_1\n\r         32.77K   6%    0.00kB/s    0:00:00  \r         32.77K  44%    0.00kB/s    0:00:00  \r         73.73K 100%   39.06MB/s    0:00:00 (xfr#1, to-chk=0/1)\n\r         34.44M   7%   16.41MB/s    0:00:26  793alus5_377065_1_1\n\r         32.77K  44%    0.00kB/s    0:00:00  \r         39.32M  15%   18.73MB/s    0:00:10  \r         73.73K 100%   39.06MB/s    0:00:00 (xfr#1, to-chk=0/1)\n6q3aluni_377050_1_1\n\r         32.77K   0%    0.00kB/s    0:00:00  \r        532.48K 100%   26.48MB/s    0:00:00 (xfr#1, to-chk=0/1)\n\nsent 889 bytes  received 35 bytes  616.00 bytes/sec\ntotal size is 73.73K  speedup is 79.79\n21-11-2024_08:23:43:  Rsync for /xtts/backup/version1/ADRW10PD_xtts_scratch/793alus5_377065_1_1 completed successfully.\n\nsent 93.70K bytes  received 35 bytes  62.49K bytes/sec\ntotal size is 532.48K  speedup is 5.68\n21-11-2024_08:23:43:  Rsync for /xtts/backup/version1/ADRW10PD_xtts_scratch/7g3aluuo_377072_1_1 completed successfully.\n\r         29.33M 100%   23.32MB/s    0:00:01 (xfr#1, to-chk=0/1)\n\nsent 885 bytes  received 35 bytes  613.33 bytes/sec\ntotal size is 73.73K  speedup is 80.14\n21-11-2024_08:23:43:  Rsync for /xtts/backup/version1/ADRW10PD_xtts_scratch/773alus5_377063_1_1 completed successfully.\n\nsent 5.24M bytes  received 35 bytes  2.10M bytes/sec\ntotal size is 29.33M  speedup is 5.60\n21-11-2024_08:23:43:  Rsync for /xtts/backup/version1/ADRW10PD_xtts_scratch/703aluqo_377056_1_1 completed successfully.\n21-11-2024_08:23:43:  Rsync for /xtts/backup/version1/ADRW10PD_xtts_scratch/6r3aluni_377051_1_1 transfer started.\n21-11-2024_08:23:43:  Rsync for /xtts/backup/version1/ADRW10PD_xtts_scratch/7f3aluu4_377071_1_1 transfer started.\n21-11-2024_08:23:43:  Rsync for /xtts/backup/version1/ADRW10PD_xtts_scratch/7h3aluup_377073_1_1 transfer started.\n21-11-2024_08:23:43:  Rsync for /xtts/backup/version1/ADRW10PD_xtts_scratch/7i3aluup_377074_1_1 transfer started.\n\r         57.28M  21%   18.20MB/s    0:00:11  \r         26.92M 100%   12.83MB/s    0:00:01 (xfr#1, to-chk=0/1)\n6r3aluni_377051_1_1\n\r         32.77K   0%    0.00kB/s    0:00:00  \r         31.23M   8%   14.88MB/s    0:00:22  \r         48.04M  10%   15.26MB/s    0:00:27  \r         54.10M  21%   17.19MB/s    0:00:11  \r         14.55M   3%   13.84MB/s    0:00:24  \nsent 8.68M bytes  received 35 bytes  2.48M bytes/sec\ntotal size is 26.92M  speedup is 3.10\n21-11-2024_08:23:44:  Rsync for /xtts/backup/version1/ADRW10PD_xtts_scratch/7d3alusp_377069_1_1 completed successfully.\n7i3aluup_377074_1_1\n\r         32.77K   4%    0.00kB/s    0:00:00  7f3aluu4_377071_1_1\n\r         32.77K  25%    0.00kB/s    0:00:00  \r        131.07K 100%   93.75MB/s    0:00:00 (xfr#1, to-chk=0/1)\n7h3aluup_377073_1_1\n\r         32.77K   5%    0.00kB/s    0:00:00  \r        679.94K 100%   22.86MB/s    0:00:00 (xfr#1, to-chk=0/1)\n\r        573.44K 100%   25.78MB/s    0:00:00 (xfr#1, to-chk=0/1)\n\nsent 4.26K bytes  received 35 bytes  2.86K bytes/sec\ntotal size is 131.07K  speedup is 30.54\n21-11-2024_08:23:44:  Rsync for /xtts/backup/version1/ADRW10PD_xtts_scratch/7f3aluu4_377071_1_1 completed successfully.\n\nsent 154.11K bytes  received 35 bytes  102.76K bytes/sec\ntotal size is 679.94K  speedup is 4.41\n21-11-2024_08:23:44:  Rsync for /xtts/backup/version1/ADRW10PD_xtts_scratch/7i3aluup_377074_1_1 completed successfully.\n\nsent 101.04K bytes  received 35 bytes  67.38K bytes/sec\ntotal size is 573.44K  speedup is 5.67\n21-11-2024_08:23:44:  Rsync for /xtts/backup/version1/ADRW10PD_xtts_scratch/7h3aluup_377073_1_1 completed successfully.\n21-11-2024_08:23:44:  Rsync for /xtts/backup/version1/ADRW10PD_xtts_scratch/7j3aluup_377075_1_1 transfer started.\n21-11-2024_08:23:44:  Rsync for /xtts/backup/version1/ADRW10PD_xtts_scratch/6v3aluq4_377055_1_1 transfer started.\n21-11-2024_08:23:44:  Rsync for /xtts/backup/version1/ADRW10PD_xtts_scratch/7l3aluup_377077_1_1 transfer started.\n21-11-2024_08:23:44:  Rsync for /xtts/backup/version1/ADRW10PD_xtts_scratch/6s3alunj_377052_1_1 transfer started.\n\r         75.37M  27%   17.97MB/s    0:00:10  \r         15.66M   7%   14.91MB/s    0:00:13  \r         65.60M  13%   15.63MB/s    0:00:25  \r         71.04M  28%   16.93MB/s    0:00:10  \r         46.20M  12%   14.66MB/s    0:00:21  \r         30.67M   8%   14.61MB/s    0:00:22  7l3aluup_377077_1_1\n\r         32.77K   5%    0.00kB/s    0:00:00  6v3aluq4_377055_1_1\n7j3aluup_377075_1_1\n6s3alunj_377052_1_1\n\r         32.77K  57%    0.00kB/s    0:00:00  \r         32.77K  17%    0.00kB/s    0:00:00  \r         32.77K   0%    0.00kB/s    0:00:00  \r         57.34K 100%   23.44MB/s    0:00:00 (xfr#1, to-chk=0/1)\n\r        188.42K 100%   21.21MB/s    0:00:00 (xfr#1, to-chk=0/1)\n\r        573.44K 100%   20.62MB/s    0:00:00 (xfr#1, to-chk=0/1)\n\nsent 739 bytes  received 35 bytes  516.00 bytes/sec\ntotal size is 57.34K  speedup is 74.09\n21-11-2024_08:23:45:  Rsync for /xtts/backup/version1/ADRW10PD_xtts_scratch/6v3aluq4_377055_1_1 completed successfully.\n\nsent 67.76K bytes  received 35 bytes  45.20K bytes/sec\ntotal size is 573.44K  speedup is 8.46\n\nsent 20.56K bytes  received 35 bytes  13.73K bytes/sec\ntotal size is 188.42K  speedup is 9.15\n21-11-2024_08:23:45:  Rsync for /xtts/backup/version1/ADRW10PD_xtts_scratch/7l3aluup_377077_1_1 completed successfully.\n21-11-2024_08:23:45:  Rsync for /xtts/backup/version1/ADRW10PD_xtts_scratch/7j3aluup_377075_1_1 completed successfully.\n21-11-2024_08:23:45:  Rsync for /xtts/backup/version1/ADRW10PD_xtts_scratch/713aluqo_377057_1_1 transfer started.\n21-11-2024_08:23:45:  Rsync for /xtts/backup/version1/ADRW10PD_xtts_scratch/733alus5_377059_1_1 transfer started.\n21-11-2024_08:23:45:  Rsync for /xtts/backup/version1/ADRW10PD_xtts_scratch/6m3aluni_377046_1_1 transfer started.\n\r         88.70M  32%   16.42MB/s    0:00:10  \r         32.54M  14%   15.49MB/s    0:00:12  \r         87.06M  35%   16.18MB/s    0:00:09  \r         62.39M  16%   14.86MB/s    0:00:20  \r         44.79M  12%   14.23MB/s    0:00:22  \r         83.10M  17%   15.62MB/s    0:00:24  713aluqo_377057_1_1\n\r         32.77K   0%    0.00kB/s    0:00:00  6m3aluni_377046_1_1\n\r         32.77K   0%    0.00kB/s    0:00:00  733alus5_377059_1_1\n\r         32.77K  44%    0.00kB/s    0:00:00  \r         73.73K 100%   39.06MB/s    0:00:00 (xfr#1, to-chk=0/1)\n\nsent 890 bytes  received 35 bytes  616.67 bytes/sec\ntotal size is 73.73K  speedup is 79.71\n21-11-2024_08:23:46:  Rsync for /xtts/backup/version1/ADRW10PD_xtts_scratch/733alus5_377059_1_1 completed successfully.\n\r         13.17M   3%   12.53MB/s    0:00:26  \r          8.18M 100%   20.17MB/s    0:00:00 (xfr#1, to-chk=0/1)\n\nsent 1.42M bytes  received 35 bytes  948.20K bytes/sec\ntotal size is 8.18M  speedup is 5.75\n21-11-2024_08:23:46:  Rsync for /xtts/backup/version1/ADRW10PD_xtts_scratch/713aluqo_377057_1_1 completed successfully.\n21-11-2024_08:23:46:  Rsync for /xtts/backup/version1/ADRW10PD_xtts_scratch/6n3aluni_377047_1_1 transfer started.\n\r        103.65M  38%   14.75MB/s    0:00:11  \r         75.76M  20%   14.10MB/s    0:00:20  \r         50.53M  22%   16.04MB/s    0:00:10  \r        103.58M  41%   15.32MB/s    0:00:09  \r         98.53M  20%   15.27MB/s    0:00:24  \r         11.80M   3%   11.22MB/s    0:00:27  6n3aluni_377047_1_1\n\r         32.77K   0%    0.00kB/s    0:00:00  \r         24.74M   6%   11.78MB/s    0:00:27  \r        117.70M  43%   14.41MB/s    0:00:10  \r         62.55M  27%   14.90MB/s    0:00:10  \r         88.28M  24%   13.60MB/s    0:00:20  \r        118.26M  47%   15.30MB/s    0:00:08  \r        113.61M  23%   15.63MB/s    0:00:22  \r         26.77M   8%   12.75MB/s    0:00:23  \r         15.17M   5%   14.44MB/s    0:00:16  \r         41.39M  11%   13.15MB/s    0:00:23  \r        131.50M  48%   13.38MB/s    0:00:10  \r         91.29M  24%   14.46MB/s    0:00:18  \r        127.57M  26%   14.77MB/s    0:00:22  \r        106.73M  29%   14.43MB/s    0:00:17  \r         78.48M  35%   14.97MB/s    0:00:09  \r        132.12M  53%   14.56MB/s    0:00:07  \r         42.40M  12%   13.47MB/s    0:00:20  \r         29.00M  10%   13.81MB/s    0:00:16  \r         56.13M  15%   13.38MB/s    0:00:21  \r        145.49M  53%   13.53MB/s    0:00:09  \r        106.40M  28%   14.69MB/s    0:00:17  \r        141.13M  29%   13.84MB/s    0:00:23  \r        122.09M  33%   14.23MB/s    0:00:16  \r        146.60M  59%   14.20MB/s    0:00:06  \r         90.64M  40%   13.85MB/s    0:00:09  \r         58.06M  17%   13.84MB/s    0:00:19  \r         43.52M  16%   13.82MB/s    0:00:15  \r         69.73M  19%   13.49MB/s    0:00:20  \r        160.43M  59%   13.53MB/s    0:00:07  \r        128.29M  34%   15.63MB/s    0:00:14  \r        106.92M  47%   13.45MB/s    0:00:08  \r        163.61M  65%   14.31MB/s    0:00:05  \r        141.75M  38%   15.73MB/s    0:00:14  \r        155.94M  32%   13.69MB/s    0:00:22  \r         76.74M  23%   15.48MB/s    0:00:15  \r         61.15M  23%   14.57MB/s    0:00:13  \r         87.13M  24%   14.88MB/s    0:00:17  \r        173.90M  64%   13.39MB/s    0:00:07  \r        178.75M  72%   14.42MB/s    0:00:04  \r        169.44M  35%   13.31MB/s    0:00:22  \r        155.25M  42%   15.97MB/s    0:00:12  \r        120.59M  53%   13.83MB/s    0:00:07  \r        142.90M  38%   15.96MB/s    0:00:13  \r         94.11M  28%   16.05MB/s    0:00:14  \r         76.74M  28%   14.68MB/s    0:00:12  \r        106.36M  29%   15.49MB/s    0:00:15  \r        188.58M  69%   13.61MB/s    0:00:05  \r        191.53M  77%   14.17MB/s    0:00:03  \r        135.00M  60%   13.48MB/s    0:00:06  \r        185.01M  38%   13.70MB/s    0:00:20  \r        173.18M  47%   15.84MB/s    0:00:11  \r        157.55M  42%   15.79MB/s    0:00:12  \r        110.43M  33%   16.22MB/s    0:00:13  \r         93.88M  35%   15.47MB/s    0:00:10  \r        122.42M  34%   15.80MB/s    0:00:14  \r        203.72M  75%   13.88MB/s    0:00:04  \r        151.45M  67%   14.50MB/s    0:00:04  \r        206.21M  83%   14.21MB/s    0:00:02  \r        205.49M  43%   15.34MB/s    0:00:17  \r        189.92M  51%   16.17MB/s    0:00:10  \r        176.23M  48%   16.64MB/s    0:00:11  \r        125.30M  38%   16.03MB/s    0:00:12  \r        110.40M  41%   15.95MB/s    0:00:09  \r        136.09M  38%   15.82MB/s    0:00:13  \r        215.65M  79%   13.17MB/s    0:00:04  \r        221.51M  89%   13.80MB/s    0:00:01  \r        164.92M  73%   13.83MB/s    0:00:04  \r        220.99M  46%   15.51MB/s    0:00:16  \r        206.54M  56%   15.45MB/s    0:00:10  \r        197.53M  53%   16.50MB/s    0:00:10  \r        138.02M  42%   14.61MB/s    0:00:12  \r        125.08M  47%   15.24MB/s    0:00:08  \r        153.45M  43%   15.81MB/s    0:00:12  \r        229.90M  84%   13.35MB/s    0:00:03  \r        238.78M  50%   16.53MB/s    0:00:13  \r        235.24M  94%   13.47MB/s    0:00:00  \r        177.47M  79%   13.56MB/s    0:00:03  \r        218.27M  59%   15.02MB/s    0:00:09  \r        216.27M  58%   17.49MB/s    0:00:08  \r        151.88M  46%   13.77MB/s    0:00:12  \r        138.15M  52%   14.64MB/s    0:00:08  \r        175.54M  49%   16.50MB/s    0:00:10  \r        248.23M 100%   14.96MB/s    0:00:15 (xfr#1, to-chk=0/1)\n\r        243.20M  89%   13.02MB/s    0:00:02  \r        258.77M  54%   17.59MB/s    0:00:12  \r        192.68M  86%   13.75MB/s    0:00:02  \r        233.57M  63%   14.39MB/s    0:00:09  \r        235.24M  64%   18.52MB/s    0:00:06  \r        165.81M  50%   13.20MB/s    0:00:12  \r        151.98M  57%   13.86MB/s    0:00:07  \nsent 87.42M bytes  received 35 bytes  5.00M bytes/sec\ntotal size is 248.23M  speedup is 2.84\n21-11-2024_08:23:57:  Rsync for /xtts/backup/version1/ADRW10PD_xtts_scratch/6t3alunj_377053_1_1 completed successfully.\n\r        198.12M  55%   18.06MB/s    0:00:08  \r        261.39M  96%   13.75MB/s    0:00:00  \r        272.73M  57%   16.04MB/s    0:00:12  \r        207.62M  92%   13.38MB/s    0:00:01  \r        249.07M  67%   14.10MB/s    0:00:08  \r        250.74M  68%   17.77MB/s    0:00:06  \r        180.45M  54%   13.15MB/s    0:00:11  \r        165.41M  62%   13.12MB/s    0:00:07  \r        214.79M  60%   18.78MB/s    0:00:07  \r        271.01M 100%   14.76MB/s    0:00:17 (xfr#1, to-chk=0/1)\n\nsent 102.39M bytes  received 35 bytes  5.53M bytes/sec\ntotal size is 271.01M  speedup is 2.65\n21-11-2024_08:23:58:  Rsync for /xtts/backup/version1/ADRW10PD_xtts_scratch/6u3alunj_377054_1_1 completed successfully.\n\r        290.32M  61%   16.53MB/s    0:00:10  \r        262.57M  71%   13.36MB/s    0:00:07  \r        263.95M  71%   15.84MB/s    0:00:06  \r        220.27M  98%   13.19MB/s    0:00:00  \r        195.36M  59%   13.67MB/s    0:00:09  \r        178.16M  67%   12.66MB/s    0:00:06  \r        228.88M  64%   17.99MB/s    0:00:06  \r        223.71M 100%   13.91MB/s    0:00:15 (xfr#1, to-chk=0/1)\n\nsent 83.69M bytes  received 35 bytes  5.07M bytes/sec\ntotal size is 223.71M  speedup is 2.67\n21-11-2024_08:23:59:  Rsync for /xtts/backup/version1/ADRW10PD_xtts_scratch/6r3aluni_377051_1_1 completed successfully.\n\r        305.76M  64%   15.97MB/s    0:00:10  \r        276.17M  75%   13.81MB/s    0:00:06  \r        277.48M  75%   14.59MB/s    0:00:05  \r        210.70M  64%   14.02MB/s    0:00:08  \r        189.63M  71%   12.27MB/s    0:00:06  \r        239.30M  67%   15.20MB/s    0:00:07  \r        314.87M  66%   13.37MB/s    0:00:11  \r        286.49M  78%   12.22MB/s    0:00:06  \r        286.46M  77%   12.61MB/s    0:00:06  \r        222.92M  67%   13.62MB/s    0:00:07  \r        196.67M  74%   10.65MB/s    0:00:06  \r        247.01M  69%   11.66MB/s    0:00:09  \r        296.65M  80%   10.95MB/s    0:00:06  \r        324.86M  68%   12.42MB/s    0:00:11  \r        294.62M  80%   10.86MB/s    0:00:06  \r        235.77M  71%   13.19MB/s    0:00:06  \r        206.54M  77%    9.80MB/s    0:00:05  \r        256.34M  71%    9.91MB/s    0:00:09  \r        341.93M  71%   12.30MB/s    0:00:10  \r        310.15M  84%   11.34MB/s    0:00:04  \r        313.33M  85%   11.77MB/s    0:00:04  \r        253.30M  77%   13.81MB/s    0:00:05  \r        220.95M  83%   10.20MB/s    0:00:04  \r        271.19M  76%   10.09MB/s    0:00:08  \r        327.06M  89%   12.13MB/s    0:00:03  \r        360.45M  75%   13.03MB/s    0:00:08  \r        328.53M  89%   12.17MB/s    0:00:03  \r        262.67M  79%   12.39MB/s    0:00:05  \r        232.85M  87%   10.30MB/s    0:00:03  \r        281.90M  79%   10.16MB/s    0:00:07  \r        343.18M  93%   13.52MB/s    0:00:01  \r        377.39M  79%   14.91MB/s    0:00:06  \r        339.97M  92%   12.75MB/s    0:00:02  \r        274.40M  83%   12.27MB/s    0:00:04  \r        245.50M  92%   11.64MB/s    0:00:01  \r        297.80M  83%   12.11MB/s    0:00:04  \r        393.97M  82%   16.48MB/s    0:00:04  \r        354.55M  96%   13.80MB/s    0:00:00  \r        359.33M  97%   15.43MB/s    0:00:00  \r        288.19M  87%   12.50MB/s    0:00:03  \r        257.79M  97%   12.22MB/s    0:00:00  \r        313.62M  87%   13.65MB/s    0:00:03  \r        367.37M 100%   14.29MB/s    0:00:24 (xfr#1, to-chk=0/1)\n\nsent 119.93M bytes  received 35 bytes  4.70M bytes/sec\ntotal size is 367.37M  speedup is 3.06\n21-11-2024_08:24:06:  Rsync for /xtts/backup/version1/ADRW10PD_xtts_scratch/6p3aluni_377049_1_1 completed successfully.\n\r        265.04M 100%   12.93MB/s    0:00:19 (xfr#1, to-chk=0/1)\n\r        408.32M  85%   15.83MB/s    0:00:04  \r        364.61M  99%   12.23MB/s    0:00:00  \nsent 90.39M bytes  received 35 bytes  4.41M bytes/sec\ntotal size is 265.04M  speedup is 2.93\n21-11-2024_08:24:07:  Rsync for /xtts/backup/version1/ADRW10PD_xtts_scratch/6n3aluni_377047_1_1 completed successfully.\n\r        366.99M 100%   14.47MB/s    0:00:24 (xfr#1, to-chk=0/1)\n\r        301.50M  91%   11.49MB/s    0:00:02  \r        326.86M  91%   13.27MB/s    0:00:02  \nsent 130.78M bytes  received 35 bytes  5.13M bytes/sec\ntotal size is 366.99M  speedup is 2.81\n21-11-2024_08:24:07:  Rsync for /xtts/backup/version1/ADRW10PD_xtts_scratch/6q3aluni_377050_1_1 completed successfully.\n\r        424.54M  89%   15.28MB/s    0:00:03  \r        317.55M  96%   13.09MB/s    0:00:00  \r        341.08M  95%   14.11MB/s    0:00:01  \r        438.60M  92%   14.59MB/s    0:00:02  \r        328.61M 100%   13.74MB/s    0:00:22 (xfr#1, to-chk=0/1)\n\nsent 123.46M bytes  received 35 bytes  5.04M bytes/sec\ntotal size is 328.61M  speedup is 2.66\n21-11-2024_08:24:09:  Rsync for /xtts/backup/version1/ADRW10PD_xtts_scratch/6m3aluni_377046_1_1 completed successfully.\n\r        356.47M 100%   14.17MB/s    0:00:23 (xfr#1, to-chk=0/1)\n\nsent 116.46M bytes  received 35 bytes  4.57M bytes/sec\ntotal size is 356.47M  speedup is 3.06\n21-11-2024_08:24:09:  Rsync for /xtts/backup/version1/ADRW10PD_xtts_scratch/6s3alunj_377052_1_1 completed successfully.\n\r        453.08M  95%   14.09MB/s    0:00:01  \r        472.35M  99%   15.26MB/s    0:00:00  \r        475.28M 100%   15.02MB/s    0:00:30 (xfr#1, to-chk=0/1)\n\nsent 174.90M bytes  received 35 bytes  5.55M bytes/sec\ntotal size is 475.28M  speedup is 2.72\n21-11-2024_08:24:11:  Rsync for /xtts/backup/version1/ADRW10PD_xtts_scratch/6o3aluni_377048_1_1 completed successfully.\nEnd time: 21-11-2024_08:23:40\nEnd time in seconds: 1732177451\nTotal transfer time: 31 seconds\n"
}

TASK [backup_transfer : Get current timestamp _raw_params=date +%Y%m%d%H%M%S] ***
Thursday 21 November 2024  08:24:28 +0000 (0:00:00.028)       0:01:12.211 ***** 
[WARNING]: Using world-readable permissions for temporary files Ansible needs
to create when becoming an unprivileged user. This may be insecure. For
information on securing this, see
https://docs.ansible.com/ansible/become.html#becoming-an-unprivileged-user
changed: [10.190.17.156]

TASK [rename rsync_parallel_backup_transfer_v4.log with the current timestamp _raw_params=mv "{{ source_xtts_scripts_dir }}/rsync_parallel_backup_transfer_v4.log" "{{ source_xtts_scripts_dir }}/rsync_parallel_backup_transfer_v4_{{timestamp.stdout}}.log"] ***
Thursday 21 November 2024  08:24:33 +0000 (0:00:04.545)       0:01:16.756 ***** 
[WARNING]: Using world-readable permissions for temporary files Ansible needs
to create when becoming an unprivileged user. This may be insecure. For
information on securing this, see
https://docs.ansible.com/ansible/become.html#becoming-an-unprivileged-user
changed: [10.190.17.156]

TASK [backup_transfer : Additionally transfer the incrbackups.txt to the /home/oracle/version1/CAPD_xtts directory for the validation. _raw_params=rsync -vzh {{source_xtts_scripts_dir}}/incrbackups.txt {{dest_user}}@{{target_ip_address}}:{{target_xtts_scripts_dir}}] ***
Thursday 21 November 2024  08:24:37 +0000 (0:00:04.422)       0:01:21.179 ***** 
[WARNING]: Using world-readable permissions for temporary files Ansible needs
to create when becoming an unprivileged user. This may be insecure. For
information on securing this, see
https://docs.ansible.com/ansible/become.html#becoming-an-unprivileged-user
changed: [10.190.17.156]

TASK [backup_transfer : fail msg=errors while transferring the incrbackups.txt file] ***
Thursday 21 November 2024  08:24:42 +0000 (0:00:04.778)       0:01:25.958 ***** 
skipping: [10.190.17.156]

TASK [backup_transfer : display incrbackups_transfer_out msg={{ incrbackups_transfer_out.stdout_lines }}] ***
Thursday 21 November 2024  08:24:42 +0000 (0:00:00.028)       0:01:25.987 ***** 
ok: [10.190.17.156] => {
    "msg": [
        "incrbackups.txt",
        "",
        "sent 363 bytes  received 59 bytes  281.33 bytes/sec",
        "total size is 2.11K  speedup is 5.00"
    ]
}

TASK [backup_transfer : finally copy the res.txt file to the /home/oracle/version1/CAPD_xtts _raw_params=rsync -vzh --partial --progress --append {{source_xtts_scripts_dir}}/res.txt {{dest_user}}@{{target_ip_address}}:{{target_xtts_scripts_dir}}] ***
Thursday 21 November 2024  08:24:42 +0000 (0:00:00.033)       0:01:26.020 ***** 
[WARNING]: Using world-readable permissions for temporary files Ansible needs
to create when becoming an unprivileged user. This may be insecure. For
information on securing this, see
https://docs.ansible.com/ansible/become.html#becoming-an-unprivileged-user
changed: [10.190.17.156]

TASK [backup_transfer : fail msg=errors while transferring the res.txt file] ***
Thursday 21 November 2024  08:24:47 +0000 (0:00:05.134)       0:01:31.155 ***** 
skipping: [10.190.17.156]

TASK [backup_transfer : display res file transfer status msg={{ res_transfer_out.stdout_lines }}] ***
Thursday 21 November 2024  08:24:47 +0000 (0:00:00.028)       0:01:31.183 ***** 
ok: [10.190.17.156] => {
    "msg": [
        "res.txt",
        "",
        "         36.31K 100%    0.00kB/s    0:00:00  ",
        "         36.31K 100%    0.00kB/s    0:00:00 (xfr#1, to-chk=0/1)",
        "",
        "sent 1.54K bytes  received 35 bytes  1.05K bytes/sec",
        "total size is 36.31K  speedup is 23.02"
    ]
}

PLAY [do level 1 restore on foaukl1pddb-4kxck1.otchukl1pdexcl.otchukl1pdvcn01.oraclevcn.com] ***

PLAY RECAP *********************************************************************
10.190.17.156              : ok=14   changed=7    unreachable=0    failed=0    skipped=4    rescued=0    ignored=1   

Thursday 21 November 2024  08:24:47 +0000 (0:00:00.021)       0:01:31.205 ***** 
=============================================================================== 
backup_transfer : Wait for rsync_backup task to complete --------------- 39.28s
Gathering Facts -------------------------------------------------------- 18.44s
backup_transfer : Execute the rsync_backup transfer script -------------- 5.18s
backup_transfer : finally copy the res.txt file to the /home/oracle/version1/CAPD_xtts --- 5.13s
backup_transfer : Additionally transfer the incrbackups.txt to the /home/oracle/version1/CAPD_xtts directory for the validation. --- 4.78s
check rsync_parallel_backup_transfer_v4.log ----------------------------- 4.56s
backup_transfer : Get current timestamp --------------------------------- 4.55s
read the rsync_parallel_backup_transfer_v4.log -------------------------- 4.54s
rename rsync_parallel_backup_transfer_v4.log with the current timestamp --- 4.42s
backup_transfer : display incrbackups_transfer_out ---------------------- 0.03s
backup_transfer : Decode the log file content --------------------------- 0.03s
backup_transfer : display the rsync status ------------------------------ 0.03s
backup_transfer : display the rsync errors ------------------------------ 0.03s
backup_transfer : fail -------------------------------------------------- 0.03s
backup_transfer : Display the log file content -------------------------- 0.03s
backup_transfer : fail -------------------------------------------------- 0.03s
backup_transfer : fail -------------------------------------------------- 0.03s
backup_transfer : display res file transfer status ---------------------- 0.02s
