nohup: ignoring input

PLAY [do the final incremental backup on hrmaxpd2035.emea.hays.loc] ************

PLAY [do the  metadata export on hrmaxpd2035.emea.hays.loc] ********************

TASK [Gathering Facts gather_subset=['all'], gather_timeout=10] ****************
Saturday 23 November 2024  08:35:41 +0000 (0:00:00.067)       0:00:00.067 ***** 
[WARNING]: Using world-readable permissions for temporary files Ansible needs
to create when becoming an unprivileged user. This may be insecure. For
information on securing this, see
https://docs.ansible.com/ansible/become.html#becoming-an-unprivileged-user
[WARNING]: Platform aix on host 10.190.17.156 is using the discovered Python
interpreter at /usr/bin/python, but future installation of another Python
interpreter could change this. See https://docs.ansible.com/ansible/2.9/referen
ce_appendices/interpreter_discovery.html for more information.
ok: [10.190.17.156]

TASK [meta_export : create data pump directory XTTS_DUMP and grant permission to system user on XTTS_DUMP _raw_params=export ORACLE_SID={{source_oracle_sid}}
export ORACLE_HOME={{source_oracle_home}}
printf "SET PAGESIZE 0 VERIFY OFF HEADING OFF ECHO OFF\n CREATE OR REPLACE DIRECTORY {{dump_dir}} as '{{source_dp_dir}}';" | {{ source_oracle_home }}/bin/sqlplus -s {{source_conn_str}} as sysdba  
printf "SET PAGESIZE 0 VERIFY OFF HEADING OFF ECHO OFF\n grant read, write on directory {{dump_dir}} to {{ source_system_user }};" | {{ source_oracle_home }}/bin/sqlplus -s {{source_conn_str}} as sysdba  
] ***
Saturday 23 November 2024  08:35:59 +0000 (0:00:18.682)       0:00:18.749 ***** 
[WARNING]: Using world-readable permissions for temporary files Ansible needs
to create when becoming an unprivileged user. This may be insecure. For
information on securing this, see
https://docs.ansible.com/ansible/become.html#becoming-an-unprivileged-user
changed: [10.190.17.156]

TASK [meta_export : debug msg={{dir_out.stdout_lines}}] ************************
Saturday 23 November 2024  08:36:05 +0000 (0:00:05.935)       0:00:24.685 ***** 
ok: [10.190.17.156] => {
    "msg": [
        "",
        "Directory created.",
        "",
        "",
        "Grant succeeded."
    ]
}

TASK [meta_export : Do metadata export on ADRW10PD _raw_params=export ORACLE_SID={{ source_oracle_sid }}
export ORACLE_HOME={{ source_oracle_home }}
cd {{ source_dp_dir }}
{{ source_oracle_home }}/bin/expdp {{ source_system_user }}/{{ source_system_passwd }}@{{ source_srv }} parfile={{ exp_par_file }}
] ***
Saturday 23 November 2024  08:36:05 +0000 (0:00:00.041)       0:00:24.727 ***** 
[WARNING]: Using world-readable permissions for temporary files Ansible needs
to create when becoming an unprivileged user. This may be insecure. For
information on securing this, see
https://docs.ansible.com/ansible/become.html#becoming-an-unprivileged-user
changed: [10.190.17.156]

TASK [meta_export : Wait for the metadata export job to finish jid={{ exp_async_job.ansible_job_id }}] ***
Saturday 23 November 2024  08:36:11 +0000 (0:00:05.385)       0:00:30.112 ***** 
[WARNING]: Using world-readable permissions for temporary files Ansible needs
to create when becoming an unprivileged user. This may be insecure. For
information on securing this, see
https://docs.ansible.com/ansible/become.html#becoming-an-unprivileged-user
FAILED - RETRYING: Wait for the metadata export job to finish (20160 retries left).
FAILED - RETRYING: Wait for the metadata export job to finish (20159 retries left).
FAILED - RETRYING: Wait for the metadata export job to finish (20158 retries left).
FAILED - RETRYING: Wait for the metadata export job to finish (20157 retries left).
FAILED - RETRYING: Wait for the metadata export job to finish (20156 retries left).
FAILED - RETRYING: Wait for the metadata export job to finish (20155 retries left).
FAILED - RETRYING: Wait for the metadata export job to finish (20154 retries left).
FAILED - RETRYING: Wait for the metadata export job to finish (20153 retries left).
FAILED - RETRYING: Wait for the metadata export job to finish (20152 retries left).
FAILED - RETRYING: Wait for the metadata export job to finish (20151 retries left).
FAILED - RETRYING: Wait for the metadata export job to finish (20150 retries left).
FAILED - RETRYING: Wait for the metadata export job to finish (20149 retries left).
FAILED - RETRYING: Wait for the metadata export job to finish (20148 retries left).
FAILED - RETRYING: Wait for the metadata export job to finish (20147 retries left).
FAILED - RETRYING: Wait for the metadata export job to finish (20146 retries left).
FAILED - RETRYING: Wait for the metadata export job to finish (20145 retries left).
FAILED - RETRYING: Wait for the metadata export job to finish (20144 retries left).
FAILED - RETRYING: Wait for the metadata export job to finish (20143 retries left).
FAILED - RETRYING: Wait for the metadata export job to finish (20142 retries left).
FAILED - RETRYING: Wait for the metadata export job to finish (20141 retries left).
FAILED - RETRYING: Wait for the metadata export job to finish (20140 retries left).
FAILED - RETRYING: Wait for the metadata export job to finish (20139 retries left).
changed: [10.190.17.156]

TASK [meta_export : Validate if the metadata export has been successfully completed _raw_params=grep "successfully completed" {{ source_dp_dir }}/{{ exp_logfile }}] ***
Saturday 23 November 2024  08:49:14 +0000 (0:13:03.105)       0:13:33.218 ***** 
[WARNING]: Using world-readable permissions for temporary files Ansible needs
to create when becoming an unprivileged user. This may be insecure. For
information on securing this, see
https://docs.ansible.com/ansible/become.html#becoming-an-unprivileged-user
changed: [10.190.17.156]

TASK [meta_export : Fail if the metadata export was not successful msg=Errors on export. Fix the issue and re-run the metadata export.] ***
Saturday 23 November 2024  08:49:19 +0000 (0:00:05.589)       0:13:38.807 ***** 
skipping: [10.190.17.156]

TASK [meta_export : Display metadata export results msg={{ exp_validation.stdout_lines }}] ***
Saturday 23 November 2024  08:49:19 +0000 (0:00:00.028)       0:13:38.835 ***** 
ok: [10.190.17.156] => {
    "msg": [
        "23-NOV-24 08:48:39.719: Job \"OCI_MIG\".\"SYS_EXPORT_FULL_01\" successfully completed at Sat Nov 23 08:48:39 2024 elapsed 0 00:12:21"
    ]
}

PLAY [do the  grants export on hrmaxpd2035.emea.hays.loc] **********************

PLAY [transfer the final incremental backups to the /mnt/foaexaukl1pdfss01/xtts_backup/version1/CAPD_xtts_scratch] ***

PLAY [transfer the full meta dumps to the /mnt/foaexaukl1pdfss01/xtts_backup/version1/CAPD_dump] ***

PLAY [do the final incremental restore on foaukl1pddb-4kxck1.otchukl1pdexcl.otchukl1pdvcn01.oraclevcn.com] ***

PLAY [find the datafiles on ASM on foaukl1pddb-4kxck1.otchukl1pdexcl.otchukl1pdvcn01.oraclevcn.com] ***

PLAY [do the metadata import on foaukl1pddb-4kxck1.otchukl1pdexcl.otchukl1pdvcn01.oraclevcn.com] ***

PLAY [do the grants import on foaukl1pddb-4kxck1.otchukl1pdexcl.otchukl1pdvcn01.oraclevcn.com] ***

PLAY [do the post migration check on foaukl1pddb-4kxck1.otchukl1pdexcl.otchukl1pdvcn01.oraclevcn.com] ***

PLAY RECAP *********************************************************************
10.190.17.156              : ok=7    changed=4    unreachable=0    failed=0    skipped=1    rescued=0    ignored=0   

Saturday 23 November 2024  08:49:19 +0000 (0:00:00.068)       0:13:38.904 ***** 
=============================================================================== 
meta_export : Wait for the metadata export job to finish -------------- 783.11s
Gathering Facts -------------------------------------------------------- 18.68s
meta_export : create data pump directory XTTS_DUMP and grant permission to system user on XTTS_DUMP --- 5.94s
meta_export : Validate if the metadata export has been successfully completed --- 5.59s
meta_export : Do metadata export on ADRW10PD ---------------------------- 5.39s
meta_export : Display metadata export results --------------------------- 0.07s
meta_export : debug ----------------------------------------------------- 0.04s
meta_export : Fail if the metadata export was not successful ------------ 0.03s
