
PLAY [do the final incremental backup on hrmaxpd2035.emea.hays.loc] ************

PLAY [do the  metadata export on hrmaxpd2035.emea.hays.loc] ********************

PLAY [do the  grants export on hrmaxpd2035.emea.hays.loc] **********************

PLAY [transfer the final incremental backups to the /mnt/foaexaukl1pdfss01/xtts_backup/version1/CAPD_xtts_scratch] ***

PLAY [transfer the full meta dumps to the /mnt/foaexaukl1pdfss01/xtts_backup/version1/CAPD_dump] ***

PLAY [do the final incremental restore on foaukl1pddb-4kxck1.otchukl1pdexcl.otchukl1pdvcn01.oraclevcn.com] ***

PLAY [find the datafiles on ASM on foaukl1pddb-4kxck1.otchukl1pdexcl.otchukl1pdvcn01.oraclevcn.com] ***

PLAY [do the metadata import on foaukl1pddb-4kxck1.otchukl1pdexcl.otchukl1pdvcn01.oraclevcn.com] ***

PLAY [do the grants import on foaukl1pddb-4kxck1.otchukl1pdexcl.otchukl1pdvcn01.oraclevcn.com] ***

PLAY [do the post migration check on foaukl1pddb-4kxck1.otchukl1pdexcl.otchukl1pdvcn01.oraclevcn.com] ***

TASK [post_mig_check : Encrypt the migrated tablespaces in parallel _raw_params=. /home/oracle/{{ target_db }}.env
echo -e "SET TIME ON TIMING ON\n alter tablespace {{ item }} encryption online encrypt;" | {{ target_oracle_home }}/bin/sqlplus -s {{ target_conn_str }} as sysdba
] ***
Saturday 23 November 2024  14:54:59 +0000 (0:00:00.110)       0:00:00.110 ***** 
changed: [10.100.36.15] => (item=ADAPTDOMAIN1_DATA)
changed: [10.100.36.15] => (item=ADAPT_DATA)
changed: [10.100.36.15] => (item=ADAPTINTOUCH)
changed: [10.100.36.15] => (item=ADAPT_USERS)
changed: [10.100.36.15] => (item=BOISJMSDB)
changed: [10.100.36.15] => (item=DHC_ROLLBACK_TRANSIENT)
changed: [10.100.36.15] => (item=FUZZY_SEARCH)
changed: [10.100.36.15] => (item=OT_SCHD_DATA)
changed: [10.100.36.15] => (item=SPMSGBRK_DATA)
changed: [10.100.36.15] => (item=WEBINT_DATA)

TASK [post_mig_check : Wait for all async jobs to finish jid={{ item.ansible_job_id }}] ***
Saturday 23 November 2024  14:55:12 +0000 (0:00:12.840)       0:00:12.951 ***** 
FAILED - RETRYING: Wait for all async jobs to finish (20160 retries left).
changed: [10.100.36.15] => (item={'started': 1, 'finished': 0, 'ansible_job_id': '556296324537.299709', 'results_file': '/home/oracle/.ansible_async/556296324537.299709', 'changed': True, 'ansible_facts': {'discovered_interpreter_python': '/usr/bin/python'}, 'failed': False, 'item': 'ADAPTDOMAIN1_DATA', 'ansible_loop_var': 'item'})
FAILED - RETRYING: Wait for all async jobs to finish (20160 retries left).
FAILED - RETRYING: Wait for all async jobs to finish (20159 retries left).
FAILED - RETRYING: Wait for all async jobs to finish (20158 retries left).
FAILED - RETRYING: Wait for all async jobs to finish (20157 retries left).
FAILED - RETRYING: Wait for all async jobs to finish (20156 retries left).
FAILED - RETRYING: Wait for all async jobs to finish (20155 retries left).
FAILED - RETRYING: Wait for all async jobs to finish (20154 retries left).
FAILED - RETRYING: Wait for all async jobs to finish (20153 retries left).
FAILED - RETRYING: Wait for all async jobs to finish (20152 retries left).
FAILED - RETRYING: Wait for all async jobs to finish (20151 retries left).
FAILED - RETRYING: Wait for all async jobs to finish (20150 retries left).
FAILED - RETRYING: Wait for all async jobs to finish (20149 retries left).
FAILED - RETRYING: Wait for all async jobs to finish (20148 retries left).
FAILED - RETRYING: Wait for all async jobs to finish (20147 retries left).
FAILED - RETRYING: Wait for all async jobs to finish (20146 retries left).
FAILED - RETRYING: Wait for all async jobs to finish (20145 retries left).
FAILED - RETRYING: Wait for all async jobs to finish (20144 retries left).
FAILED - RETRYING: Wait for all async jobs to finish (20143 retries left).
FAILED - RETRYING: Wait for all async jobs to finish (20142 retries left).
FAILED - RETRYING: Wait for all async jobs to finish (20141 retries left).
FAILED - RETRYING: Wait for all async jobs to finish (20140 retries left).
FAILED - RETRYING: Wait for all async jobs to finish (20139 retries left).
FAILED - RETRYING: Wait for all async jobs to finish (20138 retries left).
FAILED - RETRYING: Wait for all async jobs to finish (20137 retries left).
FAILED - RETRYING: Wait for all async jobs to finish (20136 retries left).
FAILED - RETRYING: Wait for all async jobs to finish (20135 retries left).
FAILED - RETRYING: Wait for all async jobs to finish (20134 retries left).
FAILED - RETRYING: Wait for all async jobs to finish (20133 retries left).
FAILED - RETRYING: Wait for all async jobs to finish (20132 retries left).
FAILED - RETRYING: Wait for all async jobs to finish (20131 retries left).
FAILED - RETRYING: Wait for all async jobs to finish (20130 retries left).
FAILED - RETRYING: Wait for all async jobs to finish (20129 retries left).
FAILED - RETRYING: Wait for all async jobs to finish (20128 retries left).
FAILED - RETRYING: Wait for all async jobs to finish (20127 retries left).
FAILED - RETRYING: Wait for all async jobs to finish (20126 retries left).
FAILED - RETRYING: Wait for all async jobs to finish (20125 retries left).
FAILED - RETRYING: Wait for all async jobs to finish (20124 retries left).
FAILED - RETRYING: Wait for all async jobs to finish (20123 retries left).
FAILED - RETRYING: Wait for all async jobs to finish (20122 retries left).
FAILED - RETRYING: Wait for all async jobs to finish (20121 retries left).
FAILED - RETRYING: Wait for all async jobs to finish (20120 retries left).
FAILED - RETRYING: Wait for all async jobs to finish (20119 retries left).
FAILED - RETRYING: Wait for all async jobs to finish (20118 retries left).
FAILED - RETRYING: Wait for all async jobs to finish (20117 retries left).
FAILED - RETRYING: Wait for all async jobs to finish (20116 retries left).
FAILED - RETRYING: Wait for all async jobs to finish (20115 retries left).
FAILED - RETRYING: Wait for all async jobs to finish (20114 retries left).
FAILED - RETRYING: Wait for all async jobs to finish (20113 retries left).
FAILED - RETRYING: Wait for all async jobs to finish (20112 retries left).
FAILED - RETRYING: Wait for all async jobs to finish (20111 retries left).
FAILED - RETRYING: Wait for all async jobs to finish (20110 retries left).
FAILED - RETRYING: Wait for all async jobs to finish (20109 retries left).
FAILED - RETRYING: Wait for all async jobs to finish (20108 retries left).
FAILED - RETRYING: Wait for all async jobs to finish (20107 retries left).
FAILED - RETRYING: Wait for all async jobs to finish (20106 retries left).
FAILED - RETRYING: Wait for all async jobs to finish (20105 retries left).
FAILED - RETRYING: Wait for all async jobs to finish (20104 retries left).
FAILED - RETRYING: Wait for all async jobs to finish (20103 retries left).
FAILED - RETRYING: Wait for all async jobs to finish (20102 retries left).
FAILED - RETRYING: Wait for all async jobs to finish (20101 retries left).
FAILED - RETRYING: Wait for all async jobs to finish (20100 retries left).
FAILED - RETRYING: Wait for all async jobs to finish (20099 retries left).
FAILED - RETRYING: Wait for all async jobs to finish (20098 retries left).
FAILED - RETRYING: Wait for all async jobs to finish (20097 retries left).
FAILED - RETRYING: Wait for all async jobs to finish (20096 retries left).
FAILED - RETRYING: Wait for all async jobs to finish (20095 retries left).
FAILED - RETRYING: Wait for all async jobs to finish (20094 retries left).
FAILED - RETRYING: Wait for all async jobs to finish (20093 retries left).
FAILED - RETRYING: Wait for all async jobs to finish (20092 retries left).
FAILED - RETRYING: Wait for all async jobs to finish (20091 retries left).
FAILED - RETRYING: Wait for all async jobs to finish (20090 retries left).
FAILED - RETRYING: Wait for all async jobs to finish (20089 retries left).
FAILED - RETRYING: Wait for all async jobs to finish (20088 retries left).
FAILED - RETRYING: Wait for all async jobs to finish (20087 retries left).
FAILED - RETRYING: Wait for all async jobs to finish (20086 retries left).
FAILED - RETRYING: Wait for all async jobs to finish (20085 retries left).
FAILED - RETRYING: Wait for all async jobs to finish (20084 retries left).
FAILED - RETRYING: Wait for all async jobs to finish (20083 retries left).
FAILED - RETRYING: Wait for all async jobs to finish (20082 retries left).
FAILED - RETRYING: Wait for all async jobs to finish (20081 retries left).
FAILED - RETRYING: Wait for all async jobs to finish (20080 retries left).
FAILED - RETRYING: Wait for all async jobs to finish (20079 retries left).
FAILED - RETRYING: Wait for all async jobs to finish (20078 retries left).
FAILED - RETRYING: Wait for all async jobs to finish (20077 retries left).
FAILED - RETRYING: Wait for all async jobs to finish (20076 retries left).
FAILED - RETRYING: Wait for all async jobs to finish (20075 retries left).
FAILED - RETRYING: Wait for all async jobs to finish (20074 retries left).
FAILED - RETRYING: Wait for all async jobs to finish (20073 retries left).
FAILED - RETRYING: Wait for all async jobs to finish (20072 retries left).
FAILED - RETRYING: Wait for all async jobs to finish (20071 retries left).
FAILED - RETRYING: Wait for all async jobs to finish (20070 retries left).
FAILED - RETRYING: Wait for all async jobs to finish (20069 retries left).
FAILED - RETRYING: Wait for all async jobs to finish (20068 retries left).
FAILED - RETRYING: Wait for all async jobs to finish (20067 retries left).
FAILED - RETRYING: Wait for all async jobs to finish (20066 retries left).
FAILED - RETRYING: Wait for all async jobs to finish (20065 retries left).
FAILED - RETRYING: Wait for all async jobs to finish (20064 retries left).
FAILED - RETRYING: Wait for all async jobs to finish (20063 retries left).
FAILED - RETRYING: Wait for all async jobs to finish (20062 retries left).
FAILED - RETRYING: Wait for all async jobs to finish (20061 retries left).
FAILED - RETRYING: Wait for all async jobs to finish (20060 retries left).
FAILED - RETRYING: Wait for all async jobs to finish (20059 retries left).
FAILED - RETRYING: Wait for all async jobs to finish (20058 retries left).
FAILED - RETRYING: Wait for all async jobs to finish (20057 retries left).
FAILED - RETRYING: Wait for all async jobs to finish (20056 retries left).
FAILED - RETRYING: Wait for all async jobs to finish (20055 retries left).
FAILED - RETRYING: Wait for all async jobs to finish (20054 retries left).
FAILED - RETRYING: Wait for all async jobs to finish (20053 retries left).
FAILED - RETRYING: Wait for all async jobs to finish (20052 retries left).
FAILED - RETRYING: Wait for all async jobs to finish (20051 retries left).
FAILED - RETRYING: Wait for all async jobs to finish (20050 retries left).
FAILED - RETRYING: Wait for all async jobs to finish (20049 retries left).
FAILED - RETRYING: Wait for all async jobs to finish (20048 retries left).
FAILED - RETRYING: Wait for all async jobs to finish (20047 retries left).
FAILED - RETRYING: Wait for all async jobs to finish (20046 retries left).
FAILED - RETRYING: Wait for all async jobs to finish (20045 retries left).
FAILED - RETRYING: Wait for all async jobs to finish (20044 retries left).
FAILED - RETRYING: Wait for all async jobs to finish (20043 retries left).
FAILED - RETRYING: Wait for all async jobs to finish (20042 retries left).
FAILED - RETRYING: Wait for all async jobs to finish (20041 retries left).
FAILED - RETRYING: Wait for all async jobs to finish (20040 retries left).
FAILED - RETRYING: Wait for all async jobs to finish (20039 retries left).
FAILED - RETRYING: Wait for all async jobs to finish (20038 retries left).
FAILED - RETRYING: Wait for all async jobs to finish (20037 retries left).
FAILED - RETRYING: Wait for all async jobs to finish (20036 retries left).
FAILED - RETRYING: Wait for all async jobs to finish (20035 retries left).
FAILED - RETRYING: Wait for all async jobs to finish (20034 retries left).
FAILED - RETRYING: Wait for all async jobs to finish (20033 retries left).
FAILED - RETRYING: Wait for all async jobs to finish (20032 retries left).
FAILED - RETRYING: Wait for all async jobs to finish (20031 retries left).
FAILED - RETRYING: Wait for all async jobs to finish (20030 retries left).
FAILED - RETRYING: Wait for all async jobs to finish (20029 retries left).
FAILED - RETRYING: Wait for all async jobs to finish (20028 retries left).
FAILED - RETRYING: Wait for all async jobs to finish (20027 retries left).
FAILED - RETRYING: Wait for all async jobs to finish (20026 retries left).
FAILED - RETRYING: Wait for all async jobs to finish (20025 retries left).
FAILED - RETRYING: Wait for all async jobs to finish (20024 retries left).
FAILED - RETRYING: Wait for all async jobs to finish (20023 retries left).
FAILED - RETRYING: Wait for all async jobs to finish (20022 retries left).
FAILED - RETRYING: Wait for all async jobs to finish (20021 retries left).
FAILED - RETRYING: Wait for all async jobs to finish (20020 retries left).
FAILED - RETRYING: Wait for all async jobs to finish (20019 retries left).
FAILED - RETRYING: Wait for all async jobs to finish (20018 retries left).
FAILED - RETRYING: Wait for all async jobs to finish (20017 retries left).
FAILED - RETRYING: Wait for all async jobs to finish (20016 retries left).
FAILED - RETRYING: Wait for all async jobs to finish (20015 retries left).
FAILED - RETRYING: Wait for all async jobs to finish (20014 retries left).
FAILED - RETRYING: Wait for all async jobs to finish (20013 retries left).
FAILED - RETRYING: Wait for all async jobs to finish (20012 retries left).
FAILED - RETRYING: Wait for all async jobs to finish (20011 retries left).
FAILED - RETRYING: Wait for all async jobs to finish (20010 retries left).
FAILED - RETRYING: Wait for all async jobs to finish (20009 retries left).
FAILED - RETRYING: Wait for all async jobs to finish (20008 retries left).
FAILED - RETRYING: Wait for all async jobs to finish (20007 retries left).
FAILED - RETRYING: Wait for all async jobs to finish (20006 retries left).
FAILED - RETRYING: Wait for all async jobs to finish (20005 retries left).
FAILED - RETRYING: Wait for all async jobs to finish (20004 retries left).
FAILED - RETRYING: Wait for all async jobs to finish (20003 retries left).
FAILED - RETRYING: Wait for all async jobs to finish (20002 retries left).
FAILED - RETRYING: Wait for all async jobs to finish (20001 retries left).
FAILED - RETRYING: Wait for all async jobs to finish (20000 retries left).
FAILED - RETRYING: Wait for all async jobs to finish (19999 retries left).
FAILED - RETRYING: Wait for all async jobs to finish (19998 retries left).
FAILED - RETRYING: Wait for all async jobs to finish (19997 retries left).
FAILED - RETRYING: Wait for all async jobs to finish (19996 retries left).
FAILED - RETRYING: Wait for all async jobs to finish (19995 retries left).
FAILED - RETRYING: Wait for all async jobs to finish (19994 retries left).
FAILED - RETRYING: Wait for all async jobs to finish (19993 retries left).
FAILED - RETRYING: Wait for all async jobs to finish (19992 retries left).
FAILED - RETRYING: Wait for all async jobs to finish (19991 retries left).
FAILED - RETRYING: Wait for all async jobs to finish (19990 retries left).
FAILED - RETRYING: Wait for all async jobs to finish (19989 retries left).
FAILED - RETRYING: Wait for all async jobs to finish (19988 retries left).
FAILED - RETRYING: Wait for all async jobs to finish (19987 retries left).
FAILED - RETRYING: Wait for all async jobs to finish (19986 retries left).
FAILED - RETRYING: Wait for all async jobs to finish (19985 retries left).
FAILED - RETRYING: Wait for all async jobs to finish (19984 retries left).
FAILED - RETRYING: Wait for all async jobs to finish (19983 retries left).
FAILED - RETRYING: Wait for all async jobs to finish (19982 retries left).
FAILED - RETRYING: Wait for all async jobs to finish (19981 retries left).
FAILED - RETRYING: Wait for all async jobs to finish (19980 retries left).
FAILED - RETRYING: Wait for all async jobs to finish (19979 retries left).
FAILED - RETRYING: Wait for all async jobs to finish (19978 retries left).
FAILED - RETRYING: Wait for all async jobs to finish (19977 retries left).
FAILED - RETRYING: Wait for all async jobs to finish (19976 retries left).
FAILED - RETRYING: Wait for all async jobs to finish (19975 retries left).
FAILED - RETRYING: Wait for all async jobs to finish (19974 retries left).
FAILED - RETRYING: Wait for all async jobs to finish (19973 retries left).
FAILED - RETRYING: Wait for all async jobs to finish (19972 retries left).
FAILED - RETRYING: Wait for all async jobs to finish (19971 retries left).
FAILED - RETRYING: Wait for all async jobs to finish (19970 retries left).
FAILED - RETRYING: Wait for all async jobs to finish (19969 retries left).
FAILED - RETRYING: Wait for all async jobs to finish (19968 retries left).
FAILED - RETRYING: Wait for all async jobs to finish (19967 retries left).
FAILED - RETRYING: Wait for all async jobs to finish (19966 retries left).
FAILED - RETRYING: Wait for all async jobs to finish (19965 retries left).
FAILED - RETRYING: Wait for all async jobs to finish (19964 retries left).
FAILED - RETRYING: Wait for all async jobs to finish (19963 retries left).
FAILED - RETRYING: Wait for all async jobs to finish (19962 retries left).
FAILED - RETRYING: Wait for all async jobs to finish (19961 retries left).
FAILED - RETRYING: Wait for all async jobs to finish (19960 retries left).
FAILED - RETRYING: Wait for all async jobs to finish (19959 retries left).
FAILED - RETRYING: Wait for all async jobs to finish (19958 retries left).
FAILED - RETRYING: Wait for all async jobs to finish (19957 retries left).
FAILED - RETRYING: Wait for all async jobs to finish (19956 retries left).
FAILED - RETRYING: Wait for all async jobs to finish (19955 retries left).
FAILED - RETRYING: Wait for all async jobs to finish (19954 retries left).
FAILED - RETRYING: Wait for all async jobs to finish (19953 retries left).
FAILED - RETRYING: Wait for all async jobs to finish (19952 retries left).
FAILED - RETRYING: Wait for all async jobs to finish (19951 retries left).
FAILED - RETRYING: Wait for all async jobs to finish (19950 retries left).
FAILED - RETRYING: Wait for all async jobs to finish (19949 retries left).
FAILED - RETRYING: Wait for all async jobs to finish (19948 retries left).
FAILED - RETRYING: Wait for all async jobs to finish (19947 retries left).
FAILED - RETRYING: Wait for all async jobs to finish (19946 retries left).
FAILED - RETRYING: Wait for all async jobs to finish (19945 retries left).
FAILED - RETRYING: Wait for all async jobs to finish (19944 retries left).
FAILED - RETRYING: Wait for all async jobs to finish (19943 retries left).
FAILED - RETRYING: Wait for all async jobs to finish (19942 retries left).
FAILED - RETRYING: Wait for all async jobs to finish (19941 retries left).
FAILED - RETRYING: Wait for all async jobs to finish (19940 retries left).
FAILED - RETRYING: Wait for all async jobs to finish (19939 retries left).
FAILED - RETRYING: Wait for all async jobs to finish (19938 retries left).
FAILED - RETRYING: Wait for all async jobs to finish (19937 retries left).
FAILED - RETRYING: Wait for all async jobs to finish (19936 retries left).
FAILED - RETRYING: Wait for all async jobs to finish (19935 retries left).
FAILED - RETRYING: Wait for all async jobs to finish (19934 retries left).
FAILED - RETRYING: Wait for all async jobs to finish (19933 retries left).
FAILED - RETRYING: Wait for all async jobs to finish (19932 retries left).
FAILED - RETRYING: Wait for all async jobs to finish (19931 retries left).
FAILED - RETRYING: Wait for all async jobs to finish (19930 retries left).
FAILED - RETRYING: Wait for all async jobs to finish (19929 retries left).
FAILED - RETRYING: Wait for all async jobs to finish (19928 retries left).
FAILED - RETRYING: Wait for all async jobs to finish (19927 retries left).
FAILED - RETRYING: Wait for all async jobs to finish (19926 retries left).
FAILED - RETRYING: Wait for all async jobs to finish (19925 retries left).
FAILED - RETRYING: Wait for all async jobs to finish (19924 retries left).
FAILED - RETRYING: Wait for all async jobs to finish (19923 retries left).
FAILED - RETRYING: Wait for all async jobs to finish (19922 retries left).
FAILED - RETRYING: Wait for all async jobs to finish (19921 retries left).
FAILED - RETRYING: Wait for all async jobs to finish (19920 retries left).
FAILED - RETRYING: Wait for all async jobs to finish (19919 retries left).
FAILED - RETRYING: Wait for all async jobs to finish (19918 retries left).
FAILED - RETRYING: Wait for all async jobs to finish (19917 retries left).
FAILED - RETRYING: Wait for all async jobs to finish (19916 retries left).
FAILED - RETRYING: Wait for all async jobs to finish (19915 retries left).
FAILED - RETRYING: Wait for all async jobs to finish (19914 retries left).
FAILED - RETRYING: Wait for all async jobs to finish (19913 retries left).
FAILED - RETRYING: Wait for all async jobs to finish (19912 retries left).
FAILED - RETRYING: Wait for all async jobs to finish (19911 retries left).
FAILED - RETRYING: Wait for all async jobs to finish (19910 retries left).
FAILED - RETRYING: Wait for all async jobs to finish (19909 retries left).
FAILED - RETRYING: Wait for all async jobs to finish (19908 retries left).
FAILED - RETRYING: Wait for all async jobs to finish (19907 retries left).
FAILED - RETRYING: Wait for all async jobs to finish (19906 retries left).
FAILED - RETRYING: Wait for all async jobs to finish (19905 retries left).
FAILED - RETRYING: Wait for all async jobs to finish (19904 retries left).
FAILED - RETRYING: Wait for all async jobs to finish (19903 retries left).
FAILED - RETRYING: Wait for all async jobs to finish (19902 retries left).
FAILED - RETRYING: Wait for all async jobs to finish (19901 retries left).
FAILED - RETRYING: Wait for all async jobs to finish (19900 retries left).
FAILED - RETRYING: Wait for all async jobs to finish (19899 retries left).
FAILED - RETRYING: Wait for all async jobs to finish (19898 retries left).
FAILED - RETRYING: Wait for all async jobs to finish (19897 retries left).
FAILED - RETRYING: Wait for all async jobs to finish (19896 retries left).
FAILED - RETRYING: Wait for all async jobs to finish (19895 retries left).
FAILED - RETRYING: Wait for all async jobs to finish (19894 retries left).
FAILED - RETRYING: Wait for all async jobs to finish (19893 retries left).
FAILED - RETRYING: Wait for all async jobs to finish (19892 retries left).
FAILED - RETRYING: Wait for all async jobs to finish (19891 retries left).
FAILED - RETRYING: Wait for all async jobs to finish (19890 retries left).
FAILED - RETRYING: Wait for all async jobs to finish (19889 retries left).
FAILED - RETRYING: Wait for all async jobs to finish (19888 retries left).
FAILED - RETRYING: Wait for all async jobs to finish (19887 retries left).
FAILED - RETRYING: Wait for all async jobs to finish (19886 retries left).
FAILED - RETRYING: Wait for all async jobs to finish (19885 retries left).
FAILED - RETRYING: Wait for all async jobs to finish (19884 retries left).
FAILED - RETRYING: Wait for all async jobs to finish (19883 retries left).
FAILED - RETRYING: Wait for all async jobs to finish (19882 retries left).
FAILED - RETRYING: Wait for all async jobs to finish (19881 retries left).
FAILED - RETRYING: Wait for all async jobs to finish (19880 retries left).
FAILED - RETRYING: Wait for all async jobs to finish (19879 retries left).
FAILED - RETRYING: Wait for all async jobs to finish (19878 retries left).
FAILED - RETRYING: Wait for all async jobs to finish (19877 retries left).
FAILED - RETRYING: Wait for all async jobs to finish (19876 retries left).
FAILED - RETRYING: Wait for all async jobs to finish (19875 retries left).
FAILED - RETRYING: Wait for all async jobs to finish (19874 retries left).
FAILED - RETRYING: Wait for all async jobs to finish (19873 retries left).
FAILED - RETRYING: Wait for all async jobs to finish (19872 retries left).
FAILED - RETRYING: Wait for all async jobs to finish (19871 retries left).
FAILED - RETRYING: Wait for all async jobs to finish (19870 retries left).
FAILED - RETRYING: Wait for all async jobs to finish (19869 retries left).
FAILED - RETRYING: Wait for all async jobs to finish (19868 retries left).
FAILED - RETRYING: Wait for all async jobs to finish (19867 retries left).
FAILED - RETRYING: Wait for all async jobs to finish (19866 retries left).
FAILED - RETRYING: Wait for all async jobs to finish (19865 retries left).
FAILED - RETRYING: Wait for all async jobs to finish (19864 retries left).
FAILED - RETRYING: Wait for all async jobs to finish (19863 retries left).
FAILED - RETRYING: Wait for all async jobs to finish (19862 retries left).
changed: [10.100.36.15] => (item={'started': 1, 'finished': 0, 'ansible_job_id': '742626775691.299866', 'results_file': '/home/oracle/.ansible_async/742626775691.299866', 'changed': True, 'failed': False, 'item': 'ADAPT_DATA', 'ansible_loop_var': 'item'})
changed: [10.100.36.15] => (item={'started': 1, 'finished': 0, 'ansible_job_id': '896348874854.300021', 'results_file': '/home/oracle/.ansible_async/896348874854.300021', 'changed': True, 'failed': False, 'item': 'ADAPTINTOUCH', 'ansible_loop_var': 'item'})
changed: [10.100.36.15] => (item={'started': 1, 'finished': 0, 'ansible_job_id': '128300917504.300180', 'results_file': '/home/oracle/.ansible_async/128300917504.300180', 'changed': True, 'failed': False, 'item': 'ADAPT_USERS', 'ansible_loop_var': 'item'})
changed: [10.100.36.15] => (item={'started': 1, 'finished': 0, 'ansible_job_id': '964135494923.300379', 'results_file': '/home/oracle/.ansible_async/964135494923.300379', 'changed': True, 'failed': False, 'item': 'BOISJMSDB', 'ansible_loop_var': 'item'})
changed: [10.100.36.15] => (item={'started': 1, 'finished': 0, 'ansible_job_id': '658343565107.300573', 'results_file': '/home/oracle/.ansible_async/658343565107.300573', 'changed': True, 'failed': False, 'item': 'DHC_ROLLBACK_TRANSIENT', 'ansible_loop_var': 'item'})
changed: [10.100.36.15] => (item={'started': 1, 'finished': 0, 'ansible_job_id': '413489834229.300731', 'results_file': '/home/oracle/.ansible_async/413489834229.300731', 'changed': True, 'failed': False, 'item': 'FUZZY_SEARCH', 'ansible_loop_var': 'item'})
changed: [10.100.36.15] => (item={'started': 1, 'finished': 0, 'ansible_job_id': '827299842093.301106', 'results_file': '/home/oracle/.ansible_async/827299842093.301106', 'changed': True, 'failed': False, 'item': 'OT_SCHD_DATA', 'ansible_loop_var': 'item'})
changed: [10.100.36.15] => (item={'started': 1, 'finished': 0, 'ansible_job_id': '85085692975.301299', 'results_file': '/home/oracle/.ansible_async/85085692975.301299', 'changed': True, 'failed': False, 'item': 'SPMSGBRK_DATA', 'ansible_loop_var': 'item'})
changed: [10.100.36.15] => (item={'started': 1, 'finished': 0, 'ansible_job_id': '813271108000.301535', 'results_file': '/home/oracle/.ansible_async/813271108000.301535', 'changed': True, 'failed': False, 'item': 'WEBINT_DATA', 'ansible_loop_var': 'item'})

TASK [post_mig_check : Display tde_out results msg=Job ID: {{ item.ansible_job_id }}, Output: {{ item.stdout }}] ***
Saturday 23 November 2024  17:30:30 +0000 (2:35:18.546)       2:35:31.498 ***** 
ok: [10.100.36.15] => (item={'cmd': '. /home/oracle/OTCHPDCA.env\necho -e "SET TIME ON TIMING ON\\n alter tablespace ADAPTDOMAIN1_DATA encryption online encrypt;" | /u02/app/oracle/product/19.0.0.0/dbhome_2/bin/sqlplus -s sys/Ocean_Breeze2024#@OTCHPDCA_CAPD as sysdba\n', 'stdout': '\nTablespace altered.\n\nElapsed: 00:00:23.97', 'stderr': '', 'rc': 0, 'start': '2024-11-23 14:55:01.566442', 'end': '2024-11-23 14:55:26.610014', 'delta': '0:00:25.043572', 'changed': True, 'invocation': {'module_args': {'_raw_params': '. /home/oracle/OTCHPDCA.env\necho -e "SET TIME ON TIMING ON\\n alter tablespace ADAPTDOMAIN1_DATA encryption online encrypt;" | /u02/app/oracle/product/19.0.0.0/dbhome_2/bin/sqlplus -s sys/Ocean_Breeze2024#@OTCHPDCA_CAPD as sysdba\n', '_uses_shell': True, 'warn': True, 'stdin_add_newline': True, 'strip_empty_ends': True, 'argv': None, 'chdir': None, 'executable': None, 'creates': None, 'removes': None, 'stdin': None}}, 'finished': 1, 'ansible_job_id': '556296324537.299709', 'stdout_lines': ['', 'Tablespace altered.', '', 'Elapsed: 00:00:23.97'], 'stderr_lines': [], 'failed': False, 'attempts': 2, 'item': {'started': 1, 'finished': 0, 'ansible_job_id': '556296324537.299709', 'results_file': '/home/oracle/.ansible_async/556296324537.299709', 'changed': True, 'ansible_facts': {'discovered_interpreter_python': '/usr/bin/python'}, 'failed': False, 'item': 'ADAPTDOMAIN1_DATA', 'ansible_loop_var': 'item'}, 'ansible_loop_var': 'item'}) => {
    "msg": "Job ID: 556296324537.299709, Output: \nTablespace altered.\n\nElapsed: 00:00:23.97"
}
ok: [10.100.36.15] => (item={'cmd': '. /home/oracle/OTCHPDCA.env\necho -e "SET TIME ON TIMING ON\\n alter tablespace ADAPT_DATA encryption online encrypt;" | /u02/app/oracle/product/19.0.0.0/dbhome_2/bin/sqlplus -s sys/Ocean_Breeze2024#@OTCHPDCA_CAPD as sysdba\n', 'stdout': '\nTablespace altered.\n\nElapsed: 02:34:54.42', 'stderr': '', 'rc': 0, 'start': '2024-11-23 14:55:02.597875', 'end': '2024-11-23 17:29:58.030994', 'delta': '2:34:55.433119', 'changed': True, 'invocation': {'module_args': {'_raw_params': '. /home/oracle/OTCHPDCA.env\necho -e "SET TIME ON TIMING ON\\n alter tablespace ADAPT_DATA encryption online encrypt;" | /u02/app/oracle/product/19.0.0.0/dbhome_2/bin/sqlplus -s sys/Ocean_Breeze2024#@OTCHPDCA_CAPD as sysdba\n', '_uses_shell': True, 'warn': True, 'stdin_add_newline': True, 'strip_empty_ends': True, 'argv': None, 'chdir': None, 'executable': None, 'creates': None, 'removes': None, 'stdin': None}}, 'finished': 1, 'ansible_job_id': '742626775691.299866', 'stdout_lines': ['', 'Tablespace altered.', '', 'Elapsed: 02:34:54.42'], 'stderr_lines': [], 'failed': False, 'attempts': 300, 'item': {'started': 1, 'finished': 0, 'ansible_job_id': '742626775691.299866', 'results_file': '/home/oracle/.ansible_async/742626775691.299866', 'changed': True, 'failed': False, 'item': 'ADAPT_DATA', 'ansible_loop_var': 'item'}, 'ansible_loop_var': 'item'}) => {
    "msg": "Job ID: 742626775691.299866, Output: \nTablespace altered.\n\nElapsed: 02:34:54.42"
}
ok: [10.100.36.15] => (item={'cmd': '. /home/oracle/OTCHPDCA.env\necho -e "SET TIME ON TIMING ON\\n alter tablespace ADAPTINTOUCH encryption online encrypt;" | /u02/app/oracle/product/19.0.0.0/dbhome_2/bin/sqlplus -s sys/Ocean_Breeze2024#@OTCHPDCA_CAPD as sysdba\n', 'stdout': '\nTablespace altered.\n\nElapsed: 00:00:07.22', 'stderr': '', 'rc': 0, 'start': '2024-11-23 14:55:03.698793', 'end': '2024-11-23 14:55:12.046480', 'delta': '0:00:08.347687', 'changed': True, 'invocation': {'module_args': {'_raw_params': '. /home/oracle/OTCHPDCA.env\necho -e "SET TIME ON TIMING ON\\n alter tablespace ADAPTINTOUCH encryption online encrypt;" | /u02/app/oracle/product/19.0.0.0/dbhome_2/bin/sqlplus -s sys/Ocean_Breeze2024#@OTCHPDCA_CAPD as sysdba\n', '_uses_shell': True, 'warn': True, 'stdin_add_newline': True, 'strip_empty_ends': True, 'argv': None, 'chdir': None, 'executable': None, 'creates': None, 'removes': None, 'stdin': None}}, 'finished': 1, 'ansible_job_id': '896348874854.300021', 'stdout_lines': ['', 'Tablespace altered.', '', 'Elapsed: 00:00:07.22'], 'stderr_lines': [], 'failed': False, 'attempts': 1, 'item': {'started': 1, 'finished': 0, 'ansible_job_id': '896348874854.300021', 'results_file': '/home/oracle/.ansible_async/896348874854.300021', 'changed': True, 'failed': False, 'item': 'ADAPTINTOUCH', 'ansible_loop_var': 'item'}, 'ansible_loop_var': 'item'}) => {
    "msg": "Job ID: 896348874854.300021, Output: \nTablespace altered.\n\nElapsed: 00:00:07.22"
}
ok: [10.100.36.15] => (item={'cmd': '. /home/oracle/OTCHPDCA.env\necho -e "SET TIME ON TIMING ON\\n alter tablespace ADAPT_USERS encryption online encrypt;" | /u02/app/oracle/product/19.0.0.0/dbhome_2/bin/sqlplus -s sys/Ocean_Breeze2024#@OTCHPDCA_CAPD as sysdba\n', 'stdout': '\nTablespace altered.\n\nElapsed: 00:00:10.87', 'stderr': '', 'rc': 0, 'start': '2024-11-23 14:55:05.028891', 'end': '2024-11-23 14:55:17.004686', 'delta': '0:00:11.975795', 'changed': True, 'invocation': {'module_args': {'_raw_params': '. /home/oracle/OTCHPDCA.env\necho -e "SET TIME ON TIMING ON\\n alter tablespace ADAPT_USERS encryption online encrypt;" | /u02/app/oracle/product/19.0.0.0/dbhome_2/bin/sqlplus -s sys/Ocean_Breeze2024#@OTCHPDCA_CAPD as sysdba\n', '_uses_shell': True, 'warn': True, 'stdin_add_newline': True, 'strip_empty_ends': True, 'argv': None, 'chdir': None, 'executable': None, 'creates': None, 'removes': None, 'stdin': None}}, 'finished': 1, 'ansible_job_id': '128300917504.300180', 'stdout_lines': ['', 'Tablespace altered.', '', 'Elapsed: 00:00:10.87'], 'stderr_lines': [], 'failed': False, 'attempts': 1, 'item': {'started': 1, 'finished': 0, 'ansible_job_id': '128300917504.300180', 'results_file': '/home/oracle/.ansible_async/128300917504.300180', 'changed': True, 'failed': False, 'item': 'ADAPT_USERS', 'ansible_loop_var': 'item'}, 'ansible_loop_var': 'item'}) => {
    "msg": "Job ID: 128300917504.300180, Output: \nTablespace altered.\n\nElapsed: 00:00:10.87"
}
ok: [10.100.36.15] => (item={'cmd': '. /home/oracle/OTCHPDCA.env\necho -e "SET TIME ON TIMING ON\\n alter tablespace BOISJMSDB encryption online encrypt;" | /u02/app/oracle/product/19.0.0.0/dbhome_2/bin/sqlplus -s sys/Ocean_Breeze2024#@OTCHPDCA_CAPD as sysdba\n', 'stdout': '\nTablespace altered.\n\nElapsed: 00:00:07.54', 'stderr': '', 'rc': 0, 'start': '2024-11-23 14:55:06.345885', 'end': '2024-11-23 14:55:14.938964', 'delta': '0:00:08.593079', 'changed': True, 'invocation': {'module_args': {'_raw_params': '. /home/oracle/OTCHPDCA.env\necho -e "SET TIME ON TIMING ON\\n alter tablespace BOISJMSDB encryption online encrypt;" | /u02/app/oracle/product/19.0.0.0/dbhome_2/bin/sqlplus -s sys/Ocean_Breeze2024#@OTCHPDCA_CAPD as sysdba\n', '_uses_shell': True, 'warn': True, 'stdin_add_newline': True, 'strip_empty_ends': True, 'argv': None, 'chdir': None, 'executable': None, 'creates': None, 'removes': None, 'stdin': None}}, 'finished': 1, 'ansible_job_id': '964135494923.300379', 'stdout_lines': ['', 'Tablespace altered.', '', 'Elapsed: 00:00:07.54'], 'stderr_lines': [], 'failed': False, 'attempts': 1, 'item': {'started': 1, 'finished': 0, 'ansible_job_id': '964135494923.300379', 'results_file': '/home/oracle/.ansible_async/964135494923.300379', 'changed': True, 'failed': False, 'item': 'BOISJMSDB', 'ansible_loop_var': 'item'}, 'ansible_loop_var': 'item'}) => {
    "msg": "Job ID: 964135494923.300379, Output: \nTablespace altered.\n\nElapsed: 00:00:07.54"
}
ok: [10.100.36.15] => (item={'cmd': '. /home/oracle/OTCHPDCA.env\necho -e "SET TIME ON TIMING ON\\n alter tablespace DHC_ROLLBACK_TRANSIENT encryption online encrypt;" | /u02/app/oracle/product/19.0.0.0/dbhome_2/bin/sqlplus -s sys/Ocean_Breeze2024#@OTCHPDCA_CAPD as sysdba\n', 'stdout': '\nTablespace altered.\n\nElapsed: 00:00:57.91', 'stderr': '', 'rc': 0, 'start': '2024-11-23 14:55:07.552011', 'end': '2024-11-23 14:56:06.501037', 'delta': '0:00:58.949026', 'changed': True, 'invocation': {'module_args': {'_raw_params': '. /home/oracle/OTCHPDCA.env\necho -e "SET TIME ON TIMING ON\\n alter tablespace DHC_ROLLBACK_TRANSIENT encryption online encrypt;" | /u02/app/oracle/product/19.0.0.0/dbhome_2/bin/sqlplus -s sys/Ocean_Breeze2024#@OTCHPDCA_CAPD as sysdba\n', '_uses_shell': True, 'warn': True, 'stdin_add_newline': True, 'strip_empty_ends': True, 'argv': None, 'chdir': None, 'executable': None, 'creates': None, 'removes': None, 'stdin': None}}, 'finished': 1, 'ansible_job_id': '658343565107.300573', 'stdout_lines': ['', 'Tablespace altered.', '', 'Elapsed: 00:00:57.91'], 'stderr_lines': [], 'failed': False, 'attempts': 1, 'item': {'started': 1, 'finished': 0, 'ansible_job_id': '658343565107.300573', 'results_file': '/home/oracle/.ansible_async/658343565107.300573', 'changed': True, 'failed': False, 'item': 'DHC_ROLLBACK_TRANSIENT', 'ansible_loop_var': 'item'}, 'ansible_loop_var': 'item'}) => {
    "msg": "Job ID: 658343565107.300573, Output: \nTablespace altered.\n\nElapsed: 00:00:57.91"
}
ok: [10.100.36.15] => (item={'cmd': '. /home/oracle/OTCHPDCA.env\necho -e "SET TIME ON TIMING ON\\n alter tablespace FUZZY_SEARCH encryption online encrypt;" | /u02/app/oracle/product/19.0.0.0/dbhome_2/bin/sqlplus -s sys/Ocean_Breeze2024#@OTCHPDCA_CAPD as sysdba\n', 'stdout': '\nTablespace altered.\n\nElapsed: 00:00:25.97', 'stderr': '', 'rc': 0, 'start': '2024-11-23 14:55:08.822370', 'end': '2024-11-23 14:55:35.939628', 'delta': '0:00:27.117258', 'changed': True, 'invocation': {'module_args': {'_raw_params': '. /home/oracle/OTCHPDCA.env\necho -e "SET TIME ON TIMING ON\\n alter tablespace FUZZY_SEARCH encryption online encrypt;" | /u02/app/oracle/product/19.0.0.0/dbhome_2/bin/sqlplus -s sys/Ocean_Breeze2024#@OTCHPDCA_CAPD as sysdba\n', '_uses_shell': True, 'warn': True, 'stdin_add_newline': True, 'strip_empty_ends': True, 'argv': None, 'chdir': None, 'executable': None, 'creates': None, 'removes': None, 'stdin': None}}, 'finished': 1, 'ansible_job_id': '413489834229.300731', 'stdout_lines': ['', 'Tablespace altered.', '', 'Elapsed: 00:00:25.97'], 'stderr_lines': [], 'failed': False, 'attempts': 1, 'item': {'started': 1, 'finished': 0, 'ansible_job_id': '413489834229.300731', 'results_file': '/home/oracle/.ansible_async/413489834229.300731', 'changed': True, 'failed': False, 'item': 'FUZZY_SEARCH', 'ansible_loop_var': 'item'}, 'ansible_loop_var': 'item'}) => {
    "msg": "Job ID: 413489834229.300731, Output: \nTablespace altered.\n\nElapsed: 00:00:25.97"
}
ok: [10.100.36.15] => (item={'cmd': '. /home/oracle/OTCHPDCA.env\necho -e "SET TIME ON TIMING ON\\n alter tablespace OT_SCHD_DATA encryption online encrypt;" | /u02/app/oracle/product/19.0.0.0/dbhome_2/bin/sqlplus -s sys/Ocean_Breeze2024#@OTCHPDCA_CAPD as sysdba\n', 'stdout': '\nTablespace altered.\n\nElapsed: 00:00:03.80', 'stderr': '', 'rc': 0, 'start': '2024-11-23 14:55:10.029852', 'end': '2024-11-23 14:55:15.085830', 'delta': '0:00:05.055978', 'changed': True, 'invocation': {'module_args': {'_raw_params': '. /home/oracle/OTCHPDCA.env\necho -e "SET TIME ON TIMING ON\\n alter tablespace OT_SCHD_DATA encryption online encrypt;" | /u02/app/oracle/product/19.0.0.0/dbhome_2/bin/sqlplus -s sys/Ocean_Breeze2024#@OTCHPDCA_CAPD as sysdba\n', '_uses_shell': True, 'warn': True, 'stdin_add_newline': True, 'strip_empty_ends': True, 'argv': None, 'chdir': None, 'executable': None, 'creates': None, 'removes': None, 'stdin': None}}, 'finished': 1, 'ansible_job_id': '827299842093.301106', 'stdout_lines': ['', 'Tablespace altered.', '', 'Elapsed: 00:00:03.80'], 'stderr_lines': [], 'failed': False, 'attempts': 1, 'item': {'started': 1, 'finished': 0, 'ansible_job_id': '827299842093.301106', 'results_file': '/home/oracle/.ansible_async/827299842093.301106', 'changed': True, 'failed': False, 'item': 'OT_SCHD_DATA', 'ansible_loop_var': 'item'}, 'ansible_loop_var': 'item'}) => {
    "msg": "Job ID: 827299842093.301106, Output: \nTablespace altered.\n\nElapsed: 00:00:03.80"
}
ok: [10.100.36.15] => (item={'cmd': '. /home/oracle/OTCHPDCA.env\necho -e "SET TIME ON TIMING ON\\n alter tablespace SPMSGBRK_DATA encryption online encrypt;" | /u02/app/oracle/product/19.0.0.0/dbhome_2/bin/sqlplus -s sys/Ocean_Breeze2024#@OTCHPDCA_CAPD as sysdba\n', 'stdout': '\nTablespace altered.\n\nElapsed: 00:00:03.58', 'stderr': '', 'rc': 0, 'start': '2024-11-23 14:55:11.380170', 'end': '2024-11-23 14:55:16.016151', 'delta': '0:00:04.635981', 'changed': True, 'invocation': {'module_args': {'_raw_params': '. /home/oracle/OTCHPDCA.env\necho -e "SET TIME ON TIMING ON\\n alter tablespace SPMSGBRK_DATA encryption online encrypt;" | /u02/app/oracle/product/19.0.0.0/dbhome_2/bin/sqlplus -s sys/Ocean_Breeze2024#@OTCHPDCA_CAPD as sysdba\n', '_uses_shell': True, 'warn': True, 'stdin_add_newline': True, 'strip_empty_ends': True, 'argv': None, 'chdir': None, 'executable': None, 'creates': None, 'removes': None, 'stdin': None}}, 'finished': 1, 'ansible_job_id': '85085692975.301299', 'stdout_lines': ['', 'Tablespace altered.', '', 'Elapsed: 00:00:03.58'], 'stderr_lines': [], 'failed': False, 'attempts': 1, 'item': {'started': 1, 'finished': 0, 'ansible_job_id': '85085692975.301299', 'results_file': '/home/oracle/.ansible_async/85085692975.301299', 'changed': True, 'failed': False, 'item': 'SPMSGBRK_DATA', 'ansible_loop_var': 'item'}, 'ansible_loop_var': 'item'}) => {
    "msg": "Job ID: 85085692975.301299, Output: \nTablespace altered.\n\nElapsed: 00:00:03.58"
}
ok: [10.100.36.15] => (item={'cmd': '. /home/oracle/OTCHPDCA.env\necho -e "SET TIME ON TIMING ON\\n alter tablespace WEBINT_DATA encryption online encrypt;" | /u02/app/oracle/product/19.0.0.0/dbhome_2/bin/sqlplus -s sys/Ocean_Breeze2024#@OTCHPDCA_CAPD as sysdba\n', 'stdout': '\nTablespace altered.\n\nElapsed: 00:05:27.66', 'stderr': '', 'rc': 0, 'start': '2024-11-23 14:55:12.528588', 'end': '2024-11-23 15:00:41.302509', 'delta': '0:05:28.773921', 'changed': True, 'invocation': {'module_args': {'_raw_params': '. /home/oracle/OTCHPDCA.env\necho -e "SET TIME ON TIMING ON\\n alter tablespace WEBINT_DATA encryption online encrypt;" | /u02/app/oracle/product/19.0.0.0/dbhome_2/bin/sqlplus -s sys/Ocean_Breeze2024#@OTCHPDCA_CAPD as sysdba\n', '_uses_shell': True, 'warn': True, 'stdin_add_newline': True, 'strip_empty_ends': True, 'argv': None, 'chdir': None, 'executable': None, 'creates': None, 'removes': None, 'stdin': None}}, 'finished': 1, 'ansible_job_id': '813271108000.301535', 'stdout_lines': ['', 'Tablespace altered.', '', 'Elapsed: 00:05:27.66'], 'stderr_lines': [], 'failed': False, 'attempts': 1, 'item': {'started': 1, 'finished': 0, 'ansible_job_id': '813271108000.301535', 'results_file': '/home/oracle/.ansible_async/813271108000.301535', 'changed': True, 'failed': False, 'item': 'WEBINT_DATA', 'ansible_loop_var': 'item'}, 'ansible_loop_var': 'item'}) => {
    "msg": "Job ID: 813271108000.301535, Output: \nTablespace altered.\n\nElapsed: 00:05:27.66"
}

TASK [post_mig_check : Collect and write the output to a file path={{ target_verification_dir }}/tde_encryption_{{target_db}}_{{target_pdb}}.log, line=Job ID: {{ item.ansible_job_id }}, Output: {{ item.stdout }}, create=True] ***
Saturday 23 November 2024  17:30:31 +0000 (0:00:00.086)       2:35:31.584 ***** 
changed: [10.100.36.15] => (item={'cmd': '. /home/oracle/OTCHPDCA.env\necho -e "SET TIME ON TIMING ON\\n alter tablespace ADAPTDOMAIN1_DATA encryption online encrypt;" | /u02/app/oracle/product/19.0.0.0/dbhome_2/bin/sqlplus -s sys/Ocean_Breeze2024#@OTCHPDCA_CAPD as sysdba\n', 'stdout': '\nTablespace altered.\n\nElapsed: 00:00:23.97', 'stderr': '', 'rc': 0, 'start': '2024-11-23 14:55:01.566442', 'end': '2024-11-23 14:55:26.610014', 'delta': '0:00:25.043572', 'changed': True, 'invocation': {'module_args': {'_raw_params': '. /home/oracle/OTCHPDCA.env\necho -e "SET TIME ON TIMING ON\\n alter tablespace ADAPTDOMAIN1_DATA encryption online encrypt;" | /u02/app/oracle/product/19.0.0.0/dbhome_2/bin/sqlplus -s sys/Ocean_Breeze2024#@OTCHPDCA_CAPD as sysdba\n', '_uses_shell': True, 'warn': True, 'stdin_add_newline': True, 'strip_empty_ends': True, 'argv': None, 'chdir': None, 'executable': None, 'creates': None, 'removes': None, 'stdin': None}}, 'finished': 1, 'ansible_job_id': '556296324537.299709', 'stdout_lines': ['', 'Tablespace altered.', '', 'Elapsed: 00:00:23.97'], 'stderr_lines': [], 'failed': False, 'attempts': 2, 'item': {'started': 1, 'finished': 0, 'ansible_job_id': '556296324537.299709', 'results_file': '/home/oracle/.ansible_async/556296324537.299709', 'changed': True, 'ansible_facts': {'discovered_interpreter_python': '/usr/bin/python'}, 'failed': False, 'item': 'ADAPTDOMAIN1_DATA', 'ansible_loop_var': 'item'}, 'ansible_loop_var': 'item'})
changed: [10.100.36.15] => (item={'cmd': '. /home/oracle/OTCHPDCA.env\necho -e "SET TIME ON TIMING ON\\n alter tablespace ADAPT_DATA encryption online encrypt;" | /u02/app/oracle/product/19.0.0.0/dbhome_2/bin/sqlplus -s sys/Ocean_Breeze2024#@OTCHPDCA_CAPD as sysdba\n', 'stdout': '\nTablespace altered.\n\nElapsed: 02:34:54.42', 'stderr': '', 'rc': 0, 'start': '2024-11-23 14:55:02.597875', 'end': '2024-11-23 17:29:58.030994', 'delta': '2:34:55.433119', 'changed': True, 'invocation': {'module_args': {'_raw_params': '. /home/oracle/OTCHPDCA.env\necho -e "SET TIME ON TIMING ON\\n alter tablespace ADAPT_DATA encryption online encrypt;" | /u02/app/oracle/product/19.0.0.0/dbhome_2/bin/sqlplus -s sys/Ocean_Breeze2024#@OTCHPDCA_CAPD as sysdba\n', '_uses_shell': True, 'warn': True, 'stdin_add_newline': True, 'strip_empty_ends': True, 'argv': None, 'chdir': None, 'executable': None, 'creates': None, 'removes': None, 'stdin': None}}, 'finished': 1, 'ansible_job_id': '742626775691.299866', 'stdout_lines': ['', 'Tablespace altered.', '', 'Elapsed: 02:34:54.42'], 'stderr_lines': [], 'failed': False, 'attempts': 300, 'item': {'started': 1, 'finished': 0, 'ansible_job_id': '742626775691.299866', 'results_file': '/home/oracle/.ansible_async/742626775691.299866', 'changed': True, 'failed': False, 'item': 'ADAPT_DATA', 'ansible_loop_var': 'item'}, 'ansible_loop_var': 'item'})
changed: [10.100.36.15] => (item={'cmd': '. /home/oracle/OTCHPDCA.env\necho -e "SET TIME ON TIMING ON\\n alter tablespace ADAPTINTOUCH encryption online encrypt;" | /u02/app/oracle/product/19.0.0.0/dbhome_2/bin/sqlplus -s sys/Ocean_Breeze2024#@OTCHPDCA_CAPD as sysdba\n', 'stdout': '\nTablespace altered.\n\nElapsed: 00:00:07.22', 'stderr': '', 'rc': 0, 'start': '2024-11-23 14:55:03.698793', 'end': '2024-11-23 14:55:12.046480', 'delta': '0:00:08.347687', 'changed': True, 'invocation': {'module_args': {'_raw_params': '. /home/oracle/OTCHPDCA.env\necho -e "SET TIME ON TIMING ON\\n alter tablespace ADAPTINTOUCH encryption online encrypt;" | /u02/app/oracle/product/19.0.0.0/dbhome_2/bin/sqlplus -s sys/Ocean_Breeze2024#@OTCHPDCA_CAPD as sysdba\n', '_uses_shell': True, 'warn': True, 'stdin_add_newline': True, 'strip_empty_ends': True, 'argv': None, 'chdir': None, 'executable': None, 'creates': None, 'removes': None, 'stdin': None}}, 'finished': 1, 'ansible_job_id': '896348874854.300021', 'stdout_lines': ['', 'Tablespace altered.', '', 'Elapsed: 00:00:07.22'], 'stderr_lines': [], 'failed': False, 'attempts': 1, 'item': {'started': 1, 'finished': 0, 'ansible_job_id': '896348874854.300021', 'results_file': '/home/oracle/.ansible_async/896348874854.300021', 'changed': True, 'failed': False, 'item': 'ADAPTINTOUCH', 'ansible_loop_var': 'item'}, 'ansible_loop_var': 'item'})
changed: [10.100.36.15] => (item={'cmd': '. /home/oracle/OTCHPDCA.env\necho -e "SET TIME ON TIMING ON\\n alter tablespace ADAPT_USERS encryption online encrypt;" | /u02/app/oracle/product/19.0.0.0/dbhome_2/bin/sqlplus -s sys/Ocean_Breeze2024#@OTCHPDCA_CAPD as sysdba\n', 'stdout': '\nTablespace altered.\n\nElapsed: 00:00:10.87', 'stderr': '', 'rc': 0, 'start': '2024-11-23 14:55:05.028891', 'end': '2024-11-23 14:55:17.004686', 'delta': '0:00:11.975795', 'changed': True, 'invocation': {'module_args': {'_raw_params': '. /home/oracle/OTCHPDCA.env\necho -e "SET TIME ON TIMING ON\\n alter tablespace ADAPT_USERS encryption online encrypt;" | /u02/app/oracle/product/19.0.0.0/dbhome_2/bin/sqlplus -s sys/Ocean_Breeze2024#@OTCHPDCA_CAPD as sysdba\n', '_uses_shell': True, 'warn': True, 'stdin_add_newline': True, 'strip_empty_ends': True, 'argv': None, 'chdir': None, 'executable': None, 'creates': None, 'removes': None, 'stdin': None}}, 'finished': 1, 'ansible_job_id': '128300917504.300180', 'stdout_lines': ['', 'Tablespace altered.', '', 'Elapsed: 00:00:10.87'], 'stderr_lines': [], 'failed': False, 'attempts': 1, 'item': {'started': 1, 'finished': 0, 'ansible_job_id': '128300917504.300180', 'results_file': '/home/oracle/.ansible_async/128300917504.300180', 'changed': True, 'failed': False, 'item': 'ADAPT_USERS', 'ansible_loop_var': 'item'}, 'ansible_loop_var': 'item'})
changed: [10.100.36.15] => (item={'cmd': '. /home/oracle/OTCHPDCA.env\necho -e "SET TIME ON TIMING ON\\n alter tablespace BOISJMSDB encryption online encrypt;" | /u02/app/oracle/product/19.0.0.0/dbhome_2/bin/sqlplus -s sys/Ocean_Breeze2024#@OTCHPDCA_CAPD as sysdba\n', 'stdout': '\nTablespace altered.\n\nElapsed: 00:00:07.54', 'stderr': '', 'rc': 0, 'start': '2024-11-23 14:55:06.345885', 'end': '2024-11-23 14:55:14.938964', 'delta': '0:00:08.593079', 'changed': True, 'invocation': {'module_args': {'_raw_params': '. /home/oracle/OTCHPDCA.env\necho -e "SET TIME ON TIMING ON\\n alter tablespace BOISJMSDB encryption online encrypt;" | /u02/app/oracle/product/19.0.0.0/dbhome_2/bin/sqlplus -s sys/Ocean_Breeze2024#@OTCHPDCA_CAPD as sysdba\n', '_uses_shell': True, 'warn': True, 'stdin_add_newline': True, 'strip_empty_ends': True, 'argv': None, 'chdir': None, 'executable': None, 'creates': None, 'removes': None, 'stdin': None}}, 'finished': 1, 'ansible_job_id': '964135494923.300379', 'stdout_lines': ['', 'Tablespace altered.', '', 'Elapsed: 00:00:07.54'], 'stderr_lines': [], 'failed': False, 'attempts': 1, 'item': {'started': 1, 'finished': 0, 'ansible_job_id': '964135494923.300379', 'results_file': '/home/oracle/.ansible_async/964135494923.300379', 'changed': True, 'failed': False, 'item': 'BOISJMSDB', 'ansible_loop_var': 'item'}, 'ansible_loop_var': 'item'})
changed: [10.100.36.15] => (item={'cmd': '. /home/oracle/OTCHPDCA.env\necho -e "SET TIME ON TIMING ON\\n alter tablespace DHC_ROLLBACK_TRANSIENT encryption online encrypt;" | /u02/app/oracle/product/19.0.0.0/dbhome_2/bin/sqlplus -s sys/Ocean_Breeze2024#@OTCHPDCA_CAPD as sysdba\n', 'stdout': '\nTablespace altered.\n\nElapsed: 00:00:57.91', 'stderr': '', 'rc': 0, 'start': '2024-11-23 14:55:07.552011', 'end': '2024-11-23 14:56:06.501037', 'delta': '0:00:58.949026', 'changed': True, 'invocation': {'module_args': {'_raw_params': '. /home/oracle/OTCHPDCA.env\necho -e "SET TIME ON TIMING ON\\n alter tablespace DHC_ROLLBACK_TRANSIENT encryption online encrypt;" | /u02/app/oracle/product/19.0.0.0/dbhome_2/bin/sqlplus -s sys/Ocean_Breeze2024#@OTCHPDCA_CAPD as sysdba\n', '_uses_shell': True, 'warn': True, 'stdin_add_newline': True, 'strip_empty_ends': True, 'argv': None, 'chdir': None, 'executable': None, 'creates': None, 'removes': None, 'stdin': None}}, 'finished': 1, 'ansible_job_id': '658343565107.300573', 'stdout_lines': ['', 'Tablespace altered.', '', 'Elapsed: 00:00:57.91'], 'stderr_lines': [], 'failed': False, 'attempts': 1, 'item': {'started': 1, 'finished': 0, 'ansible_job_id': '658343565107.300573', 'results_file': '/home/oracle/.ansible_async/658343565107.300573', 'changed': True, 'failed': False, 'item': 'DHC_ROLLBACK_TRANSIENT', 'ansible_loop_var': 'item'}, 'ansible_loop_var': 'item'})
changed: [10.100.36.15] => (item={'cmd': '. /home/oracle/OTCHPDCA.env\necho -e "SET TIME ON TIMING ON\\n alter tablespace FUZZY_SEARCH encryption online encrypt;" | /u02/app/oracle/product/19.0.0.0/dbhome_2/bin/sqlplus -s sys/Ocean_Breeze2024#@OTCHPDCA_CAPD as sysdba\n', 'stdout': '\nTablespace altered.\n\nElapsed: 00:00:25.97', 'stderr': '', 'rc': 0, 'start': '2024-11-23 14:55:08.822370', 'end': '2024-11-23 14:55:35.939628', 'delta': '0:00:27.117258', 'changed': True, 'invocation': {'module_args': {'_raw_params': '. /home/oracle/OTCHPDCA.env\necho -e "SET TIME ON TIMING ON\\n alter tablespace FUZZY_SEARCH encryption online encrypt;" | /u02/app/oracle/product/19.0.0.0/dbhome_2/bin/sqlplus -s sys/Ocean_Breeze2024#@OTCHPDCA_CAPD as sysdba\n', '_uses_shell': True, 'warn': True, 'stdin_add_newline': True, 'strip_empty_ends': True, 'argv': None, 'chdir': None, 'executable': None, 'creates': None, 'removes': None, 'stdin': None}}, 'finished': 1, 'ansible_job_id': '413489834229.300731', 'stdout_lines': ['', 'Tablespace altered.', '', 'Elapsed: 00:00:25.97'], 'stderr_lines': [], 'failed': False, 'attempts': 1, 'item': {'started': 1, 'finished': 0, 'ansible_job_id': '413489834229.300731', 'results_file': '/home/oracle/.ansible_async/413489834229.300731', 'changed': True, 'failed': False, 'item': 'FUZZY_SEARCH', 'ansible_loop_var': 'item'}, 'ansible_loop_var': 'item'})
changed: [10.100.36.15] => (item={'cmd': '. /home/oracle/OTCHPDCA.env\necho -e "SET TIME ON TIMING ON\\n alter tablespace OT_SCHD_DATA encryption online encrypt;" | /u02/app/oracle/product/19.0.0.0/dbhome_2/bin/sqlplus -s sys/Ocean_Breeze2024#@OTCHPDCA_CAPD as sysdba\n', 'stdout': '\nTablespace altered.\n\nElapsed: 00:00:03.80', 'stderr': '', 'rc': 0, 'start': '2024-11-23 14:55:10.029852', 'end': '2024-11-23 14:55:15.085830', 'delta': '0:00:05.055978', 'changed': True, 'invocation': {'module_args': {'_raw_params': '. /home/oracle/OTCHPDCA.env\necho -e "SET TIME ON TIMING ON\\n alter tablespace OT_SCHD_DATA encryption online encrypt;" | /u02/app/oracle/product/19.0.0.0/dbhome_2/bin/sqlplus -s sys/Ocean_Breeze2024#@OTCHPDCA_CAPD as sysdba\n', '_uses_shell': True, 'warn': True, 'stdin_add_newline': True, 'strip_empty_ends': True, 'argv': None, 'chdir': None, 'executable': None, 'creates': None, 'removes': None, 'stdin': None}}, 'finished': 1, 'ansible_job_id': '827299842093.301106', 'stdout_lines': ['', 'Tablespace altered.', '', 'Elapsed: 00:00:03.80'], 'stderr_lines': [], 'failed': False, 'attempts': 1, 'item': {'started': 1, 'finished': 0, 'ansible_job_id': '827299842093.301106', 'results_file': '/home/oracle/.ansible_async/827299842093.301106', 'changed': True, 'failed': False, 'item': 'OT_SCHD_DATA', 'ansible_loop_var': 'item'}, 'ansible_loop_var': 'item'})
changed: [10.100.36.15] => (item={'cmd': '. /home/oracle/OTCHPDCA.env\necho -e "SET TIME ON TIMING ON\\n alter tablespace SPMSGBRK_DATA encryption online encrypt;" | /u02/app/oracle/product/19.0.0.0/dbhome_2/bin/sqlplus -s sys/Ocean_Breeze2024#@OTCHPDCA_CAPD as sysdba\n', 'stdout': '\nTablespace altered.\n\nElapsed: 00:00:03.58', 'stderr': '', 'rc': 0, 'start': '2024-11-23 14:55:11.380170', 'end': '2024-11-23 14:55:16.016151', 'delta': '0:00:04.635981', 'changed': True, 'invocation': {'module_args': {'_raw_params': '. /home/oracle/OTCHPDCA.env\necho -e "SET TIME ON TIMING ON\\n alter tablespace SPMSGBRK_DATA encryption online encrypt;" | /u02/app/oracle/product/19.0.0.0/dbhome_2/bin/sqlplus -s sys/Ocean_Breeze2024#@OTCHPDCA_CAPD as sysdba\n', '_uses_shell': True, 'warn': True, 'stdin_add_newline': True, 'strip_empty_ends': True, 'argv': None, 'chdir': None, 'executable': None, 'creates': None, 'removes': None, 'stdin': None}}, 'finished': 1, 'ansible_job_id': '85085692975.301299', 'stdout_lines': ['', 'Tablespace altered.', '', 'Elapsed: 00:00:03.58'], 'stderr_lines': [], 'failed': False, 'attempts': 1, 'item': {'started': 1, 'finished': 0, 'ansible_job_id': '85085692975.301299', 'results_file': '/home/oracle/.ansible_async/85085692975.301299', 'changed': True, 'failed': False, 'item': 'SPMSGBRK_DATA', 'ansible_loop_var': 'item'}, 'ansible_loop_var': 'item'})
changed: [10.100.36.15] => (item={'cmd': '. /home/oracle/OTCHPDCA.env\necho -e "SET TIME ON TIMING ON\\n alter tablespace WEBINT_DATA encryption online encrypt;" | /u02/app/oracle/product/19.0.0.0/dbhome_2/bin/sqlplus -s sys/Ocean_Breeze2024#@OTCHPDCA_CAPD as sysdba\n', 'stdout': '\nTablespace altered.\n\nElapsed: 00:05:27.66', 'stderr': '', 'rc': 0, 'start': '2024-11-23 14:55:12.528588', 'end': '2024-11-23 15:00:41.302509', 'delta': '0:05:28.773921', 'changed': True, 'invocation': {'module_args': {'_raw_params': '. /home/oracle/OTCHPDCA.env\necho -e "SET TIME ON TIMING ON\\n alter tablespace WEBINT_DATA encryption online encrypt;" | /u02/app/oracle/product/19.0.0.0/dbhome_2/bin/sqlplus -s sys/Ocean_Breeze2024#@OTCHPDCA_CAPD as sysdba\n', '_uses_shell': True, 'warn': True, 'stdin_add_newline': True, 'strip_empty_ends': True, 'argv': None, 'chdir': None, 'executable': None, 'creates': None, 'removes': None, 'stdin': None}}, 'finished': 1, 'ansible_job_id': '813271108000.301535', 'stdout_lines': ['', 'Tablespace altered.', '', 'Elapsed: 00:05:27.66'], 'stderr_lines': [], 'failed': False, 'attempts': 1, 'item': {'started': 1, 'finished': 0, 'ansible_job_id': '813271108000.301535', 'results_file': '/home/oracle/.ansible_async/813271108000.301535', 'changed': True, 'failed': False, 'item': 'WEBINT_DATA', 'ansible_loop_var': 'item'}, 'ansible_loop_var': 'item'})

TASK [post_mig_check : validate all the migrated tablespaces have been encrypted on the CAPD _raw_params=. /home/oracle/{{target_db}}.env
echo -e "select tablespace_name, encrypted from dba_tablespaces where tablespace_name='{{item}}';" | {{ target_oracle_home }}/bin/sqlplus -s {{target_conn_str}} as sysdba
] ***
Saturday 23 November 2024  17:30:40 +0000 (0:00:09.689)       2:35:41.273 ***** 
changed: [10.100.36.15] => (item=ADAPTDOMAIN1_DATA)
changed: [10.100.36.15] => (item=ADAPT_DATA)
changed: [10.100.36.15] => (item=ADAPTINTOUCH)
changed: [10.100.36.15] => (item=ADAPT_USERS)
changed: [10.100.36.15] => (item=BOISJMSDB)
changed: [10.100.36.15] => (item=DHC_ROLLBACK_TRANSIENT)
changed: [10.100.36.15] => (item=FUZZY_SEARCH)
changed: [10.100.36.15] => (item=OT_SCHD_DATA)
changed: [10.100.36.15] => (item=SPMSGBRK_DATA)
changed: [10.100.36.15] => (item=WEBINT_DATA)

TASK [post_mig_check : display the encryption status msg={{item.stdout_lines}}] ***
Saturday 23 November 2024  17:31:00 +0000 (0:00:19.540)       2:36:00.813 ***** 
ok: [10.100.36.15] => (item={'cmd': '. /home/oracle/OTCHPDCA.env\necho -e "select tablespace_name, encrypted from dba_tablespaces where tablespace_name=\'ADAPTDOMAIN1_DATA\';" | /u02/app/oracle/product/19.0.0.0/dbhome_2/bin/sqlplus -s sys/Ocean_Breeze2024#@OTCHPDCA_CAPD as sysdba\n', 'stdout': '\nTABLESPACE_NAME \t       ENC\n------------------------------ ---\nADAPTDOMAIN1_DATA\t       YES', 'stderr': '', 'rc': 0, 'start': '2024-11-23 17:30:41.525899', 'end': '2024-11-23 17:30:42.470961', 'delta': '0:00:00.945062', 'changed': True, 'invocation': {'module_args': {'_raw_params': '. /home/oracle/OTCHPDCA.env\necho -e "select tablespace_name, encrypted from dba_tablespaces where tablespace_name=\'ADAPTDOMAIN1_DATA\';" | /u02/app/oracle/product/19.0.0.0/dbhome_2/bin/sqlplus -s sys/Ocean_Breeze2024#@OTCHPDCA_CAPD as sysdba\n', '_uses_shell': True, 'warn': True, 'stdin_add_newline': True, 'strip_empty_ends': True, 'argv': None, 'chdir': None, 'executable': None, 'creates': None, 'removes': None, 'stdin': None}}, 'stdout_lines': ['', 'TABLESPACE_NAME \t       ENC', '------------------------------ ---', 'ADAPTDOMAIN1_DATA\t       YES'], 'stderr_lines': [], 'failed': False, 'item': 'ADAPTDOMAIN1_DATA', 'ansible_loop_var': 'item'}) => {
    "msg": [
        "",
        "TABLESPACE_NAME \t       ENC",
        "------------------------------ ---",
        "ADAPTDOMAIN1_DATA\t       YES"
    ]
}
ok: [10.100.36.15] => (item={'cmd': '. /home/oracle/OTCHPDCA.env\necho -e "select tablespace_name, encrypted from dba_tablespaces where tablespace_name=\'ADAPT_DATA\';" | /u02/app/oracle/product/19.0.0.0/dbhome_2/bin/sqlplus -s sys/Ocean_Breeze2024#@OTCHPDCA_CAPD as sysdba\n', 'stdout': '\nTABLESPACE_NAME \t       ENC\n------------------------------ ---\nADAPT_DATA\t\t       YES', 'stderr': '', 'rc': 0, 'start': '2024-11-23 17:30:43.410334', 'end': '2024-11-23 17:30:44.354826', 'delta': '0:00:00.944492', 'changed': True, 'invocation': {'module_args': {'_raw_params': '. /home/oracle/OTCHPDCA.env\necho -e "select tablespace_name, encrypted from dba_tablespaces where tablespace_name=\'ADAPT_DATA\';" | /u02/app/oracle/product/19.0.0.0/dbhome_2/bin/sqlplus -s sys/Ocean_Breeze2024#@OTCHPDCA_CAPD as sysdba\n', '_uses_shell': True, 'warn': True, 'stdin_add_newline': True, 'strip_empty_ends': True, 'argv': None, 'chdir': None, 'executable': None, 'creates': None, 'removes': None, 'stdin': None}}, 'stdout_lines': ['', 'TABLESPACE_NAME \t       ENC', '------------------------------ ---', 'ADAPT_DATA\t\t       YES'], 'stderr_lines': [], 'failed': False, 'item': 'ADAPT_DATA', 'ansible_loop_var': 'item'}) => {
    "msg": [
        "",
        "TABLESPACE_NAME \t       ENC",
        "------------------------------ ---",
        "ADAPT_DATA\t\t       YES"
    ]
}
ok: [10.100.36.15] => (item={'cmd': '. /home/oracle/OTCHPDCA.env\necho -e "select tablespace_name, encrypted from dba_tablespaces where tablespace_name=\'ADAPTINTOUCH\';" | /u02/app/oracle/product/19.0.0.0/dbhome_2/bin/sqlplus -s sys/Ocean_Breeze2024#@OTCHPDCA_CAPD as sysdba\n', 'stdout': '\nTABLESPACE_NAME \t       ENC\n------------------------------ ---\nADAPTINTOUCH\t\t       YES', 'stderr': '', 'rc': 0, 'start': '2024-11-23 17:30:45.351956', 'end': '2024-11-23 17:30:46.296653', 'delta': '0:00:00.944697', 'changed': True, 'invocation': {'module_args': {'_raw_params': '. /home/oracle/OTCHPDCA.env\necho -e "select tablespace_name, encrypted from dba_tablespaces where tablespace_name=\'ADAPTINTOUCH\';" | /u02/app/oracle/product/19.0.0.0/dbhome_2/bin/sqlplus -s sys/Ocean_Breeze2024#@OTCHPDCA_CAPD as sysdba\n', '_uses_shell': True, 'warn': True, 'stdin_add_newline': True, 'strip_empty_ends': True, 'argv': None, 'chdir': None, 'executable': None, 'creates': None, 'removes': None, 'stdin': None}}, 'stdout_lines': ['', 'TABLESPACE_NAME \t       ENC', '------------------------------ ---', 'ADAPTINTOUCH\t\t       YES'], 'stderr_lines': [], 'failed': False, 'item': 'ADAPTINTOUCH', 'ansible_loop_var': 'item'}) => {
    "msg": [
        "",
        "TABLESPACE_NAME \t       ENC",
        "------------------------------ ---",
        "ADAPTINTOUCH\t\t       YES"
    ]
}
ok: [10.100.36.15] => (item={'cmd': '. /home/oracle/OTCHPDCA.env\necho -e "select tablespace_name, encrypted from dba_tablespaces where tablespace_name=\'ADAPT_USERS\';" | /u02/app/oracle/product/19.0.0.0/dbhome_2/bin/sqlplus -s sys/Ocean_Breeze2024#@OTCHPDCA_CAPD as sysdba\n', 'stdout': '\nTABLESPACE_NAME \t       ENC\n------------------------------ ---\nADAPT_USERS\t\t       YES', 'stderr': '', 'rc': 0, 'start': '2024-11-23 17:30:47.335889', 'end': '2024-11-23 17:30:48.296392', 'delta': '0:00:00.960503', 'changed': True, 'invocation': {'module_args': {'_raw_params': '. /home/oracle/OTCHPDCA.env\necho -e "select tablespace_name, encrypted from dba_tablespaces where tablespace_name=\'ADAPT_USERS\';" | /u02/app/oracle/product/19.0.0.0/dbhome_2/bin/sqlplus -s sys/Ocean_Breeze2024#@OTCHPDCA_CAPD as sysdba\n', '_uses_shell': True, 'warn': True, 'stdin_add_newline': True, 'strip_empty_ends': True, 'argv': None, 'chdir': None, 'executable': None, 'creates': None, 'removes': None, 'stdin': None}}, 'stdout_lines': ['', 'TABLESPACE_NAME \t       ENC', '------------------------------ ---', 'ADAPT_USERS\t\t       YES'], 'stderr_lines': [], 'failed': False, 'item': 'ADAPT_USERS', 'ansible_loop_var': 'item'}) => {
    "msg": [
        "",
        "TABLESPACE_NAME \t       ENC",
        "------------------------------ ---",
        "ADAPT_USERS\t\t       YES"
    ]
}
ok: [10.100.36.15] => (item={'cmd': '. /home/oracle/OTCHPDCA.env\necho -e "select tablespace_name, encrypted from dba_tablespaces where tablespace_name=\'BOISJMSDB\';" | /u02/app/oracle/product/19.0.0.0/dbhome_2/bin/sqlplus -s sys/Ocean_Breeze2024#@OTCHPDCA_CAPD as sysdba\n', 'stdout': '\nTABLESPACE_NAME \t       ENC\n------------------------------ ---\nBOISJMSDB\t\t       YES', 'stderr': '', 'rc': 0, 'start': '2024-11-23 17:30:49.272920', 'end': '2024-11-23 17:30:50.210773', 'delta': '0:00:00.937853', 'changed': True, 'invocation': {'module_args': {'_raw_params': '. /home/oracle/OTCHPDCA.env\necho -e "select tablespace_name, encrypted from dba_tablespaces where tablespace_name=\'BOISJMSDB\';" | /u02/app/oracle/product/19.0.0.0/dbhome_2/bin/sqlplus -s sys/Ocean_Breeze2024#@OTCHPDCA_CAPD as sysdba\n', '_uses_shell': True, 'warn': True, 'stdin_add_newline': True, 'strip_empty_ends': True, 'argv': None, 'chdir': None, 'executable': None, 'creates': None, 'removes': None, 'stdin': None}}, 'stdout_lines': ['', 'TABLESPACE_NAME \t       ENC', '------------------------------ ---', 'BOISJMSDB\t\t       YES'], 'stderr_lines': [], 'failed': False, 'item': 'BOISJMSDB', 'ansible_loop_var': 'item'}) => {
    "msg": [
        "",
        "TABLESPACE_NAME \t       ENC",
        "------------------------------ ---",
        "BOISJMSDB\t\t       YES"
    ]
}
ok: [10.100.36.15] => (item={'cmd': '. /home/oracle/OTCHPDCA.env\necho -e "select tablespace_name, encrypted from dba_tablespaces where tablespace_name=\'DHC_ROLLBACK_TRANSIENT\';" | /u02/app/oracle/product/19.0.0.0/dbhome_2/bin/sqlplus -s sys/Ocean_Breeze2024#@OTCHPDCA_CAPD as sysdba\n', 'stdout': '\nTABLESPACE_NAME \t       ENC\n------------------------------ ---\nDHC_ROLLBACK_TRANSIENT\t       YES', 'stderr': '', 'rc': 0, 'start': '2024-11-23 17:30:51.178295', 'end': '2024-11-23 17:30:52.136512', 'delta': '0:00:00.958217', 'changed': True, 'invocation': {'module_args': {'_raw_params': '. /home/oracle/OTCHPDCA.env\necho -e "select tablespace_name, encrypted from dba_tablespaces where tablespace_name=\'DHC_ROLLBACK_TRANSIENT\';" | /u02/app/oracle/product/19.0.0.0/dbhome_2/bin/sqlplus -s sys/Ocean_Breeze2024#@OTCHPDCA_CAPD as sysdba\n', '_uses_shell': True, 'warn': True, 'stdin_add_newline': True, 'strip_empty_ends': True, 'argv': None, 'chdir': None, 'executable': None, 'creates': None, 'removes': None, 'stdin': None}}, 'stdout_lines': ['', 'TABLESPACE_NAME \t       ENC', '------------------------------ ---', 'DHC_ROLLBACK_TRANSIENT\t       YES'], 'stderr_lines': [], 'failed': False, 'item': 'DHC_ROLLBACK_TRANSIENT', 'ansible_loop_var': 'item'}) => {
    "msg": [
        "",
        "TABLESPACE_NAME \t       ENC",
        "------------------------------ ---",
        "DHC_ROLLBACK_TRANSIENT\t       YES"
    ]
}
ok: [10.100.36.15] => (item={'cmd': '. /home/oracle/OTCHPDCA.env\necho -e "select tablespace_name, encrypted from dba_tablespaces where tablespace_name=\'FUZZY_SEARCH\';" | /u02/app/oracle/product/19.0.0.0/dbhome_2/bin/sqlplus -s sys/Ocean_Breeze2024#@OTCHPDCA_CAPD as sysdba\n', 'stdout': '\nTABLESPACE_NAME \t       ENC\n------------------------------ ---\nFUZZY_SEARCH\t\t       YES', 'stderr': '', 'rc': 0, 'start': '2024-11-23 17:30:53.139160', 'end': '2024-11-23 17:30:54.131227', 'delta': '0:00:00.992067', 'changed': True, 'invocation': {'module_args': {'_raw_params': '. /home/oracle/OTCHPDCA.env\necho -e "select tablespace_name, encrypted from dba_tablespaces where tablespace_name=\'FUZZY_SEARCH\';" | /u02/app/oracle/product/19.0.0.0/dbhome_2/bin/sqlplus -s sys/Ocean_Breeze2024#@OTCHPDCA_CAPD as sysdba\n', '_uses_shell': True, 'warn': True, 'stdin_add_newline': True, 'strip_empty_ends': True, 'argv': None, 'chdir': None, 'executable': None, 'creates': None, 'removes': None, 'stdin': None}}, 'stdout_lines': ['', 'TABLESPACE_NAME \t       ENC', '------------------------------ ---', 'FUZZY_SEARCH\t\t       YES'], 'stderr_lines': [], 'failed': False, 'item': 'FUZZY_SEARCH', 'ansible_loop_var': 'item'}) => {
    "msg": [
        "",
        "TABLESPACE_NAME \t       ENC",
        "------------------------------ ---",
        "FUZZY_SEARCH\t\t       YES"
    ]
}
ok: [10.100.36.15] => (item={'cmd': '. /home/oracle/OTCHPDCA.env\necho -e "select tablespace_name, encrypted from dba_tablespaces where tablespace_name=\'OT_SCHD_DATA\';" | /u02/app/oracle/product/19.0.0.0/dbhome_2/bin/sqlplus -s sys/Ocean_Breeze2024#@OTCHPDCA_CAPD as sysdba\n', 'stdout': '\nTABLESPACE_NAME \t       ENC\n------------------------------ ---\nOT_SCHD_DATA\t\t       YES', 'stderr': '', 'rc': 0, 'start': '2024-11-23 17:30:55.102724', 'end': '2024-11-23 17:30:56.164716', 'delta': '0:00:01.061992', 'changed': True, 'invocation': {'module_args': {'_raw_params': '. /home/oracle/OTCHPDCA.env\necho -e "select tablespace_name, encrypted from dba_tablespaces where tablespace_name=\'OT_SCHD_DATA\';" | /u02/app/oracle/product/19.0.0.0/dbhome_2/bin/sqlplus -s sys/Ocean_Breeze2024#@OTCHPDCA_CAPD as sysdba\n', '_uses_shell': True, 'warn': True, 'stdin_add_newline': True, 'strip_empty_ends': True, 'argv': None, 'chdir': None, 'executable': None, 'creates': None, 'removes': None, 'stdin': None}}, 'stdout_lines': ['', 'TABLESPACE_NAME \t       ENC', '------------------------------ ---', 'OT_SCHD_DATA\t\t       YES'], 'stderr_lines': [], 'failed': False, 'item': 'OT_SCHD_DATA', 'ansible_loop_var': 'item'}) => {
    "msg": [
        "",
        "TABLESPACE_NAME \t       ENC",
        "------------------------------ ---",
        "OT_SCHD_DATA\t\t       YES"
    ]
}
ok: [10.100.36.15] => (item={'cmd': '. /home/oracle/OTCHPDCA.env\necho -e "select tablespace_name, encrypted from dba_tablespaces where tablespace_name=\'SPMSGBRK_DATA\';" | /u02/app/oracle/product/19.0.0.0/dbhome_2/bin/sqlplus -s sys/Ocean_Breeze2024#@OTCHPDCA_CAPD as sysdba\n', 'stdout': '\nTABLESPACE_NAME \t       ENC\n------------------------------ ---\nSPMSGBRK_DATA\t\t       YES', 'stderr': '', 'rc': 0, 'start': '2024-11-23 17:30:57.130811', 'end': '2024-11-23 17:30:58.109365', 'delta': '0:00:00.978554', 'changed': True, 'invocation': {'module_args': {'_raw_params': '. /home/oracle/OTCHPDCA.env\necho -e "select tablespace_name, encrypted from dba_tablespaces where tablespace_name=\'SPMSGBRK_DATA\';" | /u02/app/oracle/product/19.0.0.0/dbhome_2/bin/sqlplus -s sys/Ocean_Breeze2024#@OTCHPDCA_CAPD as sysdba\n', '_uses_shell': True, 'warn': True, 'stdin_add_newline': True, 'strip_empty_ends': True, 'argv': None, 'chdir': None, 'executable': None, 'creates': None, 'removes': None, 'stdin': None}}, 'stdout_lines': ['', 'TABLESPACE_NAME \t       ENC', '------------------------------ ---', 'SPMSGBRK_DATA\t\t       YES'], 'stderr_lines': [], 'failed': False, 'item': 'SPMSGBRK_DATA', 'ansible_loop_var': 'item'}) => {
    "msg": [
        "",
        "TABLESPACE_NAME \t       ENC",
        "------------------------------ ---",
        "SPMSGBRK_DATA\t\t       YES"
    ]
}
ok: [10.100.36.15] => (item={'cmd': '. /home/oracle/OTCHPDCA.env\necho -e "select tablespace_name, encrypted from dba_tablespaces where tablespace_name=\'WEBINT_DATA\';" | /u02/app/oracle/product/19.0.0.0/dbhome_2/bin/sqlplus -s sys/Ocean_Breeze2024#@OTCHPDCA_CAPD as sysdba\n', 'stdout': '\nTABLESPACE_NAME \t       ENC\n------------------------------ ---\nWEBINT_DATA\t\t       YES', 'stderr': '', 'rc': 0, 'start': '2024-11-23 17:30:59.086503', 'end': '2024-11-23 17:31:00.069018', 'delta': '0:00:00.982515', 'changed': True, 'invocation': {'module_args': {'_raw_params': '. /home/oracle/OTCHPDCA.env\necho -e "select tablespace_name, encrypted from dba_tablespaces where tablespace_name=\'WEBINT_DATA\';" | /u02/app/oracle/product/19.0.0.0/dbhome_2/bin/sqlplus -s sys/Ocean_Breeze2024#@OTCHPDCA_CAPD as sysdba\n', '_uses_shell': True, 'warn': True, 'stdin_add_newline': True, 'strip_empty_ends': True, 'argv': None, 'chdir': None, 'executable': None, 'creates': None, 'removes': None, 'stdin': None}}, 'stdout_lines': ['', 'TABLESPACE_NAME \t       ENC', '------------------------------ ---', 'WEBINT_DATA\t\t       YES'], 'stderr_lines': [], 'failed': False, 'item': 'WEBINT_DATA', 'ansible_loop_var': 'item'}) => {
    "msg": [
        "",
        "TABLESPACE_NAME \t       ENC",
        "------------------------------ ---",
        "WEBINT_DATA\t\t       YES"
    ]
}

TASK [post_mig_check : Fail if any tablespace is not encrypted msg=The tablespace {{ item.item }} is not encrypted.] ***
Saturday 23 November 2024  17:31:00 +0000 (0:00:00.081)       2:36:00.895 ***** 
skipping: [10.100.36.15] => (item={'cmd': '. /home/oracle/OTCHPDCA.env\necho -e "select tablespace_name, encrypted from dba_tablespaces where tablespace_name=\'ADAPTDOMAIN1_DATA\';" | /u02/app/oracle/product/19.0.0.0/dbhome_2/bin/sqlplus -s sys/Ocean_Breeze2024#@OTCHPDCA_CAPD as sysdba\n', 'stdout': '\nTABLESPACE_NAME \t       ENC\n------------------------------ ---\nADAPTDOMAIN1_DATA\t       YES', 'stderr': '', 'rc': 0, 'start': '2024-11-23 17:30:41.525899', 'end': '2024-11-23 17:30:42.470961', 'delta': '0:00:00.945062', 'changed': True, 'invocation': {'module_args': {'_raw_params': '. /home/oracle/OTCHPDCA.env\necho -e "select tablespace_name, encrypted from dba_tablespaces where tablespace_name=\'ADAPTDOMAIN1_DATA\';" | /u02/app/oracle/product/19.0.0.0/dbhome_2/bin/sqlplus -s sys/Ocean_Breeze2024#@OTCHPDCA_CAPD as sysdba\n', '_uses_shell': True, 'warn': True, 'stdin_add_newline': True, 'strip_empty_ends': True, 'argv': None, 'chdir': None, 'executable': None, 'creates': None, 'removes': None, 'stdin': None}}, 'stdout_lines': ['', 'TABLESPACE_NAME \t       ENC', '------------------------------ ---', 'ADAPTDOMAIN1_DATA\t       YES'], 'stderr_lines': [], 'failed': False, 'item': 'ADAPTDOMAIN1_DATA', 'ansible_loop_var': 'item'}) 
skipping: [10.100.36.15] => (item={'cmd': '. /home/oracle/OTCHPDCA.env\necho -e "select tablespace_name, encrypted from dba_tablespaces where tablespace_name=\'ADAPT_DATA\';" | /u02/app/oracle/product/19.0.0.0/dbhome_2/bin/sqlplus -s sys/Ocean_Breeze2024#@OTCHPDCA_CAPD as sysdba\n', 'stdout': '\nTABLESPACE_NAME \t       ENC\n------------------------------ ---\nADAPT_DATA\t\t       YES', 'stderr': '', 'rc': 0, 'start': '2024-11-23 17:30:43.410334', 'end': '2024-11-23 17:30:44.354826', 'delta': '0:00:00.944492', 'changed': True, 'invocation': {'module_args': {'_raw_params': '. /home/oracle/OTCHPDCA.env\necho -e "select tablespace_name, encrypted from dba_tablespaces where tablespace_name=\'ADAPT_DATA\';" | /u02/app/oracle/product/19.0.0.0/dbhome_2/bin/sqlplus -s sys/Ocean_Breeze2024#@OTCHPDCA_CAPD as sysdba\n', '_uses_shell': True, 'warn': True, 'stdin_add_newline': True, 'strip_empty_ends': True, 'argv': None, 'chdir': None, 'executable': None, 'creates': None, 'removes': None, 'stdin': None}}, 'stdout_lines': ['', 'TABLESPACE_NAME \t       ENC', '------------------------------ ---', 'ADAPT_DATA\t\t       YES'], 'stderr_lines': [], 'failed': False, 'item': 'ADAPT_DATA', 'ansible_loop_var': 'item'}) 
skipping: [10.100.36.15] => (item={'cmd': '. /home/oracle/OTCHPDCA.env\necho -e "select tablespace_name, encrypted from dba_tablespaces where tablespace_name=\'ADAPTINTOUCH\';" | /u02/app/oracle/product/19.0.0.0/dbhome_2/bin/sqlplus -s sys/Ocean_Breeze2024#@OTCHPDCA_CAPD as sysdba\n', 'stdout': '\nTABLESPACE_NAME \t       ENC\n------------------------------ ---\nADAPTINTOUCH\t\t       YES', 'stderr': '', 'rc': 0, 'start': '2024-11-23 17:30:45.351956', 'end': '2024-11-23 17:30:46.296653', 'delta': '0:00:00.944697', 'changed': True, 'invocation': {'module_args': {'_raw_params': '. /home/oracle/OTCHPDCA.env\necho -e "select tablespace_name, encrypted from dba_tablespaces where tablespace_name=\'ADAPTINTOUCH\';" | /u02/app/oracle/product/19.0.0.0/dbhome_2/bin/sqlplus -s sys/Ocean_Breeze2024#@OTCHPDCA_CAPD as sysdba\n', '_uses_shell': True, 'warn': True, 'stdin_add_newline': True, 'strip_empty_ends': True, 'argv': None, 'chdir': None, 'executable': None, 'creates': None, 'removes': None, 'stdin': None}}, 'stdout_lines': ['', 'TABLESPACE_NAME \t       ENC', '------------------------------ ---', 'ADAPTINTOUCH\t\t       YES'], 'stderr_lines': [], 'failed': False, 'item': 'ADAPTINTOUCH', 'ansible_loop_var': 'item'}) 
skipping: [10.100.36.15] => (item={'cmd': '. /home/oracle/OTCHPDCA.env\necho -e "select tablespace_name, encrypted from dba_tablespaces where tablespace_name=\'ADAPT_USERS\';" | /u02/app/oracle/product/19.0.0.0/dbhome_2/bin/sqlplus -s sys/Ocean_Breeze2024#@OTCHPDCA_CAPD as sysdba\n', 'stdout': '\nTABLESPACE_NAME \t       ENC\n------------------------------ ---\nADAPT_USERS\t\t       YES', 'stderr': '', 'rc': 0, 'start': '2024-11-23 17:30:47.335889', 'end': '2024-11-23 17:30:48.296392', 'delta': '0:00:00.960503', 'changed': True, 'invocation': {'module_args': {'_raw_params': '. /home/oracle/OTCHPDCA.env\necho -e "select tablespace_name, encrypted from dba_tablespaces where tablespace_name=\'ADAPT_USERS\';" | /u02/app/oracle/product/19.0.0.0/dbhome_2/bin/sqlplus -s sys/Ocean_Breeze2024#@OTCHPDCA_CAPD as sysdba\n', '_uses_shell': True, 'warn': True, 'stdin_add_newline': True, 'strip_empty_ends': True, 'argv': None, 'chdir': None, 'executable': None, 'creates': None, 'removes': None, 'stdin': None}}, 'stdout_lines': ['', 'TABLESPACE_NAME \t       ENC', '------------------------------ ---', 'ADAPT_USERS\t\t       YES'], 'stderr_lines': [], 'failed': False, 'item': 'ADAPT_USERS', 'ansible_loop_var': 'item'}) 
skipping: [10.100.36.15] => (item={'cmd': '. /home/oracle/OTCHPDCA.env\necho -e "select tablespace_name, encrypted from dba_tablespaces where tablespace_name=\'BOISJMSDB\';" | /u02/app/oracle/product/19.0.0.0/dbhome_2/bin/sqlplus -s sys/Ocean_Breeze2024#@OTCHPDCA_CAPD as sysdba\n', 'stdout': '\nTABLESPACE_NAME \t       ENC\n------------------------------ ---\nBOISJMSDB\t\t       YES', 'stderr': '', 'rc': 0, 'start': '2024-11-23 17:30:49.272920', 'end': '2024-11-23 17:30:50.210773', 'delta': '0:00:00.937853', 'changed': True, 'invocation': {'module_args': {'_raw_params': '. /home/oracle/OTCHPDCA.env\necho -e "select tablespace_name, encrypted from dba_tablespaces where tablespace_name=\'BOISJMSDB\';" | /u02/app/oracle/product/19.0.0.0/dbhome_2/bin/sqlplus -s sys/Ocean_Breeze2024#@OTCHPDCA_CAPD as sysdba\n', '_uses_shell': True, 'warn': True, 'stdin_add_newline': True, 'strip_empty_ends': True, 'argv': None, 'chdir': None, 'executable': None, 'creates': None, 'removes': None, 'stdin': None}}, 'stdout_lines': ['', 'TABLESPACE_NAME \t       ENC', '------------------------------ ---', 'BOISJMSDB\t\t       YES'], 'stderr_lines': [], 'failed': False, 'item': 'BOISJMSDB', 'ansible_loop_var': 'item'}) 
skipping: [10.100.36.15] => (item={'cmd': '. /home/oracle/OTCHPDCA.env\necho -e "select tablespace_name, encrypted from dba_tablespaces where tablespace_name=\'DHC_ROLLBACK_TRANSIENT\';" | /u02/app/oracle/product/19.0.0.0/dbhome_2/bin/sqlplus -s sys/Ocean_Breeze2024#@OTCHPDCA_CAPD as sysdba\n', 'stdout': '\nTABLESPACE_NAME \t       ENC\n------------------------------ ---\nDHC_ROLLBACK_TRANSIENT\t       YES', 'stderr': '', 'rc': 0, 'start': '2024-11-23 17:30:51.178295', 'end': '2024-11-23 17:30:52.136512', 'delta': '0:00:00.958217', 'changed': True, 'invocation': {'module_args': {'_raw_params': '. /home/oracle/OTCHPDCA.env\necho -e "select tablespace_name, encrypted from dba_tablespaces where tablespace_name=\'DHC_ROLLBACK_TRANSIENT\';" | /u02/app/oracle/product/19.0.0.0/dbhome_2/bin/sqlplus -s sys/Ocean_Breeze2024#@OTCHPDCA_CAPD as sysdba\n', '_uses_shell': True, 'warn': True, 'stdin_add_newline': True, 'strip_empty_ends': True, 'argv': None, 'chdir': None, 'executable': None, 'creates': None, 'removes': None, 'stdin': None}}, 'stdout_lines': ['', 'TABLESPACE_NAME \t       ENC', '------------------------------ ---', 'DHC_ROLLBACK_TRANSIENT\t       YES'], 'stderr_lines': [], 'failed': False, 'item': 'DHC_ROLLBACK_TRANSIENT', 'ansible_loop_var': 'item'}) 
skipping: [10.100.36.15] => (item={'cmd': '. /home/oracle/OTCHPDCA.env\necho -e "select tablespace_name, encrypted from dba_tablespaces where tablespace_name=\'FUZZY_SEARCH\';" | /u02/app/oracle/product/19.0.0.0/dbhome_2/bin/sqlplus -s sys/Ocean_Breeze2024#@OTCHPDCA_CAPD as sysdba\n', 'stdout': '\nTABLESPACE_NAME \t       ENC\n------------------------------ ---\nFUZZY_SEARCH\t\t       YES', 'stderr': '', 'rc': 0, 'start': '2024-11-23 17:30:53.139160', 'end': '2024-11-23 17:30:54.131227', 'delta': '0:00:00.992067', 'changed': True, 'invocation': {'module_args': {'_raw_params': '. /home/oracle/OTCHPDCA.env\necho -e "select tablespace_name, encrypted from dba_tablespaces where tablespace_name=\'FUZZY_SEARCH\';" | /u02/app/oracle/product/19.0.0.0/dbhome_2/bin/sqlplus -s sys/Ocean_Breeze2024#@OTCHPDCA_CAPD as sysdba\n', '_uses_shell': True, 'warn': True, 'stdin_add_newline': True, 'strip_empty_ends': True, 'argv': None, 'chdir': None, 'executable': None, 'creates': None, 'removes': None, 'stdin': None}}, 'stdout_lines': ['', 'TABLESPACE_NAME \t       ENC', '------------------------------ ---', 'FUZZY_SEARCH\t\t       YES'], 'stderr_lines': [], 'failed': False, 'item': 'FUZZY_SEARCH', 'ansible_loop_var': 'item'}) 
skipping: [10.100.36.15] => (item={'cmd': '. /home/oracle/OTCHPDCA.env\necho -e "select tablespace_name, encrypted from dba_tablespaces where tablespace_name=\'OT_SCHD_DATA\';" | /u02/app/oracle/product/19.0.0.0/dbhome_2/bin/sqlplus -s sys/Ocean_Breeze2024#@OTCHPDCA_CAPD as sysdba\n', 'stdout': '\nTABLESPACE_NAME \t       ENC\n------------------------------ ---\nOT_SCHD_DATA\t\t       YES', 'stderr': '', 'rc': 0, 'start': '2024-11-23 17:30:55.102724', 'end': '2024-11-23 17:30:56.164716', 'delta': '0:00:01.061992', 'changed': True, 'invocation': {'module_args': {'_raw_params': '. /home/oracle/OTCHPDCA.env\necho -e "select tablespace_name, encrypted from dba_tablespaces where tablespace_name=\'OT_SCHD_DATA\';" | /u02/app/oracle/product/19.0.0.0/dbhome_2/bin/sqlplus -s sys/Ocean_Breeze2024#@OTCHPDCA_CAPD as sysdba\n', '_uses_shell': True, 'warn': True, 'stdin_add_newline': True, 'strip_empty_ends': True, 'argv': None, 'chdir': None, 'executable': None, 'creates': None, 'removes': None, 'stdin': None}}, 'stdout_lines': ['', 'TABLESPACE_NAME \t       ENC', '------------------------------ ---', 'OT_SCHD_DATA\t\t       YES'], 'stderr_lines': [], 'failed': False, 'item': 'OT_SCHD_DATA', 'ansible_loop_var': 'item'}) 
skipping: [10.100.36.15] => (item={'cmd': '. /home/oracle/OTCHPDCA.env\necho -e "select tablespace_name, encrypted from dba_tablespaces where tablespace_name=\'SPMSGBRK_DATA\';" | /u02/app/oracle/product/19.0.0.0/dbhome_2/bin/sqlplus -s sys/Ocean_Breeze2024#@OTCHPDCA_CAPD as sysdba\n', 'stdout': '\nTABLESPACE_NAME \t       ENC\n------------------------------ ---\nSPMSGBRK_DATA\t\t       YES', 'stderr': '', 'rc': 0, 'start': '2024-11-23 17:30:57.130811', 'end': '2024-11-23 17:30:58.109365', 'delta': '0:00:00.978554', 'changed': True, 'invocation': {'module_args': {'_raw_params': '. /home/oracle/OTCHPDCA.env\necho -e "select tablespace_name, encrypted from dba_tablespaces where tablespace_name=\'SPMSGBRK_DATA\';" | /u02/app/oracle/product/19.0.0.0/dbhome_2/bin/sqlplus -s sys/Ocean_Breeze2024#@OTCHPDCA_CAPD as sysdba\n', '_uses_shell': True, 'warn': True, 'stdin_add_newline': True, 'strip_empty_ends': True, 'argv': None, 'chdir': None, 'executable': None, 'creates': None, 'removes': None, 'stdin': None}}, 'stdout_lines': ['', 'TABLESPACE_NAME \t       ENC', '------------------------------ ---', 'SPMSGBRK_DATA\t\t       YES'], 'stderr_lines': [], 'failed': False, 'item': 'SPMSGBRK_DATA', 'ansible_loop_var': 'item'}) 
skipping: [10.100.36.15] => (item={'cmd': '. /home/oracle/OTCHPDCA.env\necho -e "select tablespace_name, encrypted from dba_tablespaces where tablespace_name=\'WEBINT_DATA\';" | /u02/app/oracle/product/19.0.0.0/dbhome_2/bin/sqlplus -s sys/Ocean_Breeze2024#@OTCHPDCA_CAPD as sysdba\n', 'stdout': '\nTABLESPACE_NAME \t       ENC\n------------------------------ ---\nWEBINT_DATA\t\t       YES', 'stderr': '', 'rc': 0, 'start': '2024-11-23 17:30:59.086503', 'end': '2024-11-23 17:31:00.069018', 'delta': '0:00:00.982515', 'changed': True, 'invocation': {'module_args': {'_raw_params': '. /home/oracle/OTCHPDCA.env\necho -e "select tablespace_name, encrypted from dba_tablespaces where tablespace_name=\'WEBINT_DATA\';" | /u02/app/oracle/product/19.0.0.0/dbhome_2/bin/sqlplus -s sys/Ocean_Breeze2024#@OTCHPDCA_CAPD as sysdba\n', '_uses_shell': True, 'warn': True, 'stdin_add_newline': True, 'strip_empty_ends': True, 'argv': None, 'chdir': None, 'executable': None, 'creates': None, 'removes': None, 'stdin': None}}, 'stdout_lines': ['', 'TABLESPACE_NAME \t       ENC', '------------------------------ ---', 'WEBINT_DATA\t\t       YES'], 'stderr_lines': [], 'failed': False, 'item': 'WEBINT_DATA', 'ansible_loop_var': 'item'}) 

TASK [post_mig_check : retrive tablespaces encrypted status on the CAPD _raw_params=. /home/oracle/{{target_db}}.env
echo -e "select tablespace_name, encrypted from dba_tablespaces;" | {{ target_oracle_home }}/bin/sqlplus -s {{target_conn_str}} as sysdba
] ***
Saturday 23 November 2024  17:31:00 +0000 (0:00:00.073)       2:36:00.968 ***** 
changed: [10.100.36.15]

TASK [post_mig_check : display all tablespaces encrypted status msg={{ tbs_status.stdout_lines }}] ***
Saturday 23 November 2024  17:31:02 +0000 (0:00:02.001)       2:36:02.970 ***** 
ok: [10.100.36.15] => {
    "msg": [
        "",
        "TABLESPACE_NAME \t       ENC",
        "------------------------------ ---",
        "ADAPTDOMAIN1_DATA\t       YES",
        "ADAPTINTOUCH\t\t       YES",
        "ADAPT_DATA\t\t       YES",
        "ADAPT_USERS\t\t       YES",
        "BOISJMSDB\t\t       YES",
        "DHC_ROLLBACK_TRANSIENT\t       YES",
        "FUZZY_SEARCH\t\t       YES",
        "OT_SCHD_DATA\t\t       YES",
        "SPMSGBRK_DATA\t\t       YES",
        "SYSAUX\t\t\t       YES",
        "SYSTEM\t\t\t       YES",
        "",
        "TABLESPACE_NAME \t       ENC",
        "------------------------------ ---",
        "TEMP\t\t\t       YES",
        "UNDOTBS1\t\t       YES",
        "UNDOTBS2\t\t       YES",
        "UNDO_2\t\t\t       YES",
        "USERS\t\t\t       YES",
        "WEBINT_DATA\t\t       YES",
        "",
        "17 rows selected."
    ]
}

TASK [post_mig_check : copy the rman_validate andtde_encryption log files from the source db to Ansible-controller for reconciliation src={{ item }}, dest=/home/ansibleadmin/db_reconciliation/{{target_db}}_{{target_pdb}}/, flat=True] ***
Saturday 23 November 2024  17:31:02 +0000 (0:00:00.015)       2:36:02.985 ***** 
changed: [10.100.36.15] => (item=/home/oracle/version1/CAPD_verification/rman_validate_OTCHPDCA_CAPD.log)
changed: [10.100.36.15] => (item=/home/oracle/version1/CAPD_verification/tde_encryption_OTCHPDCA_CAPD.log)

PLAY RECAP *********************************************************************
10.100.36.15               : ok=9    changed=6    unreachable=0    failed=0    skipped=1    rescued=0    ignored=0   

Saturday 23 November 2024  17:31:04 +0000 (0:00:02.050)       2:36:05.036 ***** 
=============================================================================== 
post_mig_check : Wait for all async jobs to finish ------------------- 9318.55s
post_mig_check : validate all the migrated tablespaces have been encrypted on the CAPD -- 19.54s
post_mig_check : Encrypt the migrated tablespaces in parallel ---------- 12.84s
post_mig_check : Collect and write the output to a file ----------------- 9.69s
post_mig_check : copy the rman_validate andtde_encryption log files from the source db to Ansible-controller for reconciliation --- 2.05s
post_mig_check : retrive tablespaces encrypted status on the CAPD ------- 2.00s
post_mig_check : Display tde_out results -------------------------------- 0.09s
post_mig_check : display the encryption status -------------------------- 0.08s
post_mig_check : Fail if any tablespace is not encrypted ---------------- 0.07s
post_mig_check : display all tablespaces encrypted status --------------- 0.02s
