nohup: ignoring input

PLAY [check the privilege escalation on hrmaxpd2035.emea.hays.loc] *************

TASK [Gathering Facts gather_subset=['all'], gather_timeout=10] ****************
[WARNING]: Using world-readable permissions for temporary files Ansible needs
to create when becoming an unprivileged user. This may be insecure. For
information on securing this, see
https://docs.ansible.com/ansible/become.html#becoming-an-unprivileged-user
[WARNING]: Platform linux on host 10.100.36.15 is using the discovered Python
interpreter at /usr/bin/python, but future installation of another Python
interpreter could change this. See https://docs.ansible.com/ansible/2.9/referen
ce_appendices/interpreter_discovery.html for more information.
ok: [10.100.36.15]
[WARNING]: Platform aix on host 10.190.17.156 is using the discovered Python
interpreter at /usr/bin/python, but future installation of another Python
interpreter could change this. See https://docs.ansible.com/ansible/2.9/referen
ce_appendices/interpreter_discovery.html for more information.
ok: [10.190.17.156]

TASK [shell _raw_params=hostname
whoami
date
python --version
] ****************
changed: [10.100.36.15]
[WARNING]: Using world-readable permissions for temporary files Ansible needs
to create when becoming an unprivileged user. This may be insecure. For
information on securing this, see
https://docs.ansible.com/ansible/become.html#becoming-an-unprivileged-user
changed: [10.190.17.156]

TASK [debug var=output.stdout_lines] *******************************************
ok: [10.190.17.156] => {
    "output.stdout_lines": [
        "hrmaxpd2035",
        "oracle",
        "Thu Nov 14 16:12:29 GMT 2024",
        "Python 3.7.15"
    ]
}
ok: [10.100.36.15] => {
    "output.stdout_lines": [
        "foaukl1pddb-4kxck1",
        "oracle",
        "Thu Nov 14 16:12:26 GMT 2024",
        "Python 3.6.8"
    ]
}

PLAY [do the pre migration checks on hrmaxpd2035.emea.hays.loc] ****************

TASK [Gathering Facts gather_subset=['all'], gather_timeout=10] ****************
[WARNING]: Using world-readable permissions for temporary files Ansible needs
to create when becoming an unprivileged user. This may be insecure. For
information on securing this, see
https://docs.ansible.com/ansible/become.html#becoming-an-unprivileged-user
ok: [10.190.17.156]

TASK [pre_mig_check : crosscheck the tablespaces and users to be migrated, and identify any users whose default tablespace is not included in the tabelsapce list _raw_params=export ORACLE_SID={{source_oracle_sid}}
export ORACLE_HOME={{source_oracle_home}}
printf "SET PAGESIZE 0 VERIFY OFF HEADING OFF ECHO OFF SERVEROUTPUT on FEEDBACK OFF\n 
DECLARE
        CURSOR invalid_tablespaces_cursor IS
            SELECT username, default_tablespace
            FROM dba_users
            WHERE oracle_maintained = 'N'
              AND username IN ({{ db_users | replace(',', "', '") | regex_replace('^', "'") | regex_replace('$', "'") }})
              AND default_tablespace NOT IN ({{ tablespaces | replace(',', "', '") | regex_replace('^', "'") | regex_replace('$', "'") }})
            ORDER BY username;
    BEGIN
        FOR rec IN invalid_tablespaces_cursor LOOP
            DBMS_OUTPUT.PUT_LINE('User: ' || rec.username || ', Default Tablespace: ' || rec.default_tablespace);
        END LOOP;
    END;
    /
    EXIT;" | {{ source_oracle_home }}/bin/sqlplus -s {{source_conn_str}} as sysdba  
] ***
fatal: [10.190.17.156]: FAILED! => {"msg": "The task includes an option with an undefined variable. The error was: 'db_users' is undefined\n\nThe error appears to be in '/home/ansibleadmin/global_ansible_xtts_rsync_noncdb_v3/roles/pre_mig_check/tasks/main.yml': line 6, column 3, but may\nbe elsewhere in the file depending on the exact syntax problem.\n\nThe offending line appears to be:\n\n\n- name: crosscheck the tablespaces and users to be migrated, and identify any users whose default tablespace is not included in the tabelsapce list\n  ^ here\n"}

PLAY RECAP *********************************************************************
10.100.36.15               : ok=3    changed=1    unreachable=0    failed=0    skipped=0    rescued=0    ignored=0   
10.190.17.156              : ok=4    changed=1    unreachable=0    failed=1    skipped=0    rescued=0    ignored=0   

Playbook run took 0 days, 0 hours, 0 minutes, 42 seconds
