nohup: ignoring input

PLAY [check the privilege escalation on hrmaxpd2035.emea.hays.loc] *************

TASK [Gathering Facts gather_subset=['all'], gather_timeout=10] ****************
[WARNING]: Using world-readable permissions for temporary files Ansible needs
to create when becoming an unprivileged user. This may be insecure. For
information on securing this, see
https://docs.ansible.com/ansible/become.html#becoming-an-unprivileged-user
[WARNING]: Platform linux on host 10.100.36.15 is using the discovered Python
interpreter at /usr/bin/python, but future installation of another Python
interpreter could change this. See https://docs.ansible.com/ansible/2.9/referen
ce_appendices/interpreter_discovery.html for more information.
ok: [10.100.36.15]
[WARNING]: Platform aix on host 10.190.17.156 is using the discovered Python
interpreter at /usr/bin/python, but future installation of another Python
interpreter could change this. See https://docs.ansible.com/ansible/2.9/referen
ce_appendices/interpreter_discovery.html for more information.
ok: [10.190.17.156]

TASK [shell _raw_params=hostname
whoami
date
python --version
] ****************
changed: [10.100.36.15]
[WARNING]: Using world-readable permissions for temporary files Ansible needs
to create when becoming an unprivileged user. This may be insecure. For
information on securing this, see
https://docs.ansible.com/ansible/become.html#becoming-an-unprivileged-user
changed: [10.190.17.156]

TASK [debug var=output.stdout_lines] *******************************************
ok: [10.190.17.156] => {
    "output.stdout_lines": [
        "hrmaxpd2035",
        "oracle",
        "Thu Nov 14 17:08:40 GMT 2024",
        "Python 3.7.15"
    ]
}
ok: [10.100.36.15] => {
    "output.stdout_lines": [
        "foaukl1pddb-4kxck1",
        "oracle",
        "Thu Nov 14 17:08:37 GMT 2024",
        "Python 3.6.8"
    ]
}

PLAY [do the pre migration checks on hrmaxpd2035.emea.hays.loc] ****************

TASK [Gathering Facts gather_subset=['all'], gather_timeout=10] ****************
[WARNING]: Using world-readable permissions for temporary files Ansible needs
to create when becoming an unprivileged user. This may be insecure. For
information on securing this, see
https://docs.ansible.com/ansible/become.html#becoming-an-unprivileged-user
ok: [10.190.17.156]

TASK [pre_mig_check : crosscheck the tablespaces and users to be migrated, and identify any users whose default tablespace is not included in the tabelsapce list _raw_params=export ORACLE_SID={{source_oracle_sid}}
export ORACLE_HOME={{source_oracle_home}}
printf "SET PAGESIZE 0 VERIFY OFF HEADING OFF ECHO OFF SERVEROUTPUT on FEEDBACK OFF\n 
DECLARE
        CURSOR invalid_tablespaces_cursor IS
            SELECT username, default_tablespace
            FROM dba_users
            WHERE oracle_maintained = 'N'
              AND username IN ({{ db_users | replace(',', "', '") | regex_replace('^', "'") | regex_replace('$', "'") }})
              AND default_tablespace NOT IN ({{ tablespaces | replace(',', "', '") | regex_replace('^', "'") | regex_replace('$', "'") }})
            ORDER BY username;
    BEGIN
        FOR rec IN invalid_tablespaces_cursor LOOP
            DBMS_OUTPUT.PUT_LINE('User: ' || rec.username || ', Default Tablespace: ' || rec.default_tablespace);
        END LOOP;
    END;
    /
    EXIT;" | {{ source_oracle_home }}/bin/sqlplus -s {{source_conn_str}} as sysdba  
] ***
[WARNING]: Using world-readable permissions for temporary files Ansible needs
to create when becoming an unprivileged user. This may be insecure. For
information on securing this, see
https://docs.ansible.com/ansible/become.html#becoming-an-unprivileged-user
fatal: [10.190.17.156]: FAILED! => {"changed": false, "cmd": "export ORACLE_SID=ARW10PDF1\nexport ORACLE_HOME=/u01/app/oracle/product/19c\nprintf \"SET PAGESIZE 0 VERIFY OFF HEADING OFF ECHO OFF SERVEROUTPUT on FEEDBACK OFF\\n \nDECLARE\n        CURSOR invalid_tablespaces_cursor IS\n            SELECT username, default_tablespace\n            FROM dba_users\n            WHERE oracle_maintained = 'N'\n              AND username IN ('ADAPTDOMAIN1', 'ADAPTINTOUCH', 'ADAPTUSERS', 'BOISJMSDB01', 'DHC_SYSTEM', 'FUZZY_SEARCH', 'OT_SCHD', 'SPMSGBRK', 'WEBINT', 'GLOBAL_BI')\n              AND default_tablespace NOT IN ('ADAPTDOMAIN1_DATA', 'ADAPT_DATA', 'ADAPTINTOUCH', 'ADAPT_USERS', 'BOISJMSDB', 'DHC_ROLLBACK_TRANSIENT', 'FUZZY_SEARCH', 'OT_SCHD_DATA', 'SPMSGBRK_DATA', 'WEBINT_DATA')\n            ORDER BY username;\n    BEGIN\n        FOR rec IN invalid_tablespaces_cursor LOOP\n            DBMS_OUTPUT.PUT_LINE('User: ' || rec.username || ', Default Tablespace: ' || rec.default_tablespace);\n        END LOOP;\n    END;\n    /\n    EXIT;\" | /u01/app/oracle/product/19c/bin/sqlplus -s oci_mig/version1_Oc1_M1g@XTTS_CAPROD as sysdba  \n", "delta": "0:00:00.298887", "end": "2024-11-14 17:09:03.675987", "failed_when_result": true, "msg": "non-zero return code", "rc": 1, "start": "2024-11-14 17:09:03.377100", "stderr": "", "stderr_lines": [], "stdout": "ERROR:\nORA-12154: TNS:could not resolve the connect identifier specified\n\n\nSP2-0306: Invalid option.\nUsage: CONN[ECT] [{logon|/|proxy} [AS {SYSDBA|SYSOPER|SYSASM|SYSBACKUP|SYSDG|SYSKM|SYSRAC}] [edition=value]]\nwhere <logon> ::= <username>[/<password>][@<connect_identifier>]\n      <proxy> ::= <proxyuser>[<username>][/<password>][@<connect_identifier>]\nERROR:\nORA-01017: invalid username/password; logon denied\n\n\nSP2-0157: unable to CONNECT to ORACLE after 3 attempts, exiting SQL*Plus", "stdout_lines": ["ERROR:", "ORA-12154: TNS:could not resolve the connect identifier specified", "", "", "SP2-0306: Invalid option.", "Usage: CONN[ECT] [{logon|/|proxy} [AS {SYSDBA|SYSOPER|SYSASM|SYSBACKUP|SYSDG|SYSKM|SYSRAC}] [edition=value]]", "where <logon> ::= <username>[/<password>][@<connect_identifier>]", "      <proxy> ::= <proxyuser>[<username>][/<password>][@<connect_identifier>]", "ERROR:", "ORA-01017: invalid username/password; logon denied", "", "", "SP2-0157: unable to CONNECT to ORACLE after 3 attempts, exiting SQL*Plus"]}

PLAY RECAP *********************************************************************
10.100.36.15               : ok=3    changed=1    unreachable=0    failed=0    skipped=0    rescued=0    ignored=0   
10.190.17.156              : ok=4    changed=1    unreachable=0    failed=1    skipped=0    rescued=0    ignored=0   

Playbook run took 0 days, 0 hours, 0 minutes, 48 seconds
